
The following have been reloaded with a version change:
  1) cuda/11.2.0 => cuda/12.1.1

Frame size: 640x480

0: 384x640 1 car, 1 bus, 92.0ms
Speed: 4.0ms preprocess, 92.0ms inference, 1.9ms postprocess per image at shape (1, 3, 384, 640)

0: 384x640 (no detections), 7.6ms
Speed: 1.0ms preprocess, 7.6ms inference, 0.6ms postprocess per image at shape (1, 3, 384, 640)
Processed frame 0

0: 384x640 (no detections), 7.5ms
Speed: 0.9ms preprocess, 7.5ms inference, 0.6ms postprocess per image at shape (1, 3, 384, 640)

0: 384x640 (no detections), 7.3ms
Speed: 1.0ms preprocess, 7.3ms inference, 0.5ms postprocess per image at shape (1, 3, 384, 640)

0: 384x640 2 cars, 7.3ms
Speed: 0.9ms preprocess, 7.3ms inference, 0.9ms postprocess per image at shape (1, 3, 384, 640)

0: 384x640 (no detections), 7.3ms
Speed: 1.0ms preprocess, 7.3ms inference, 0.5ms postprocess per image at shape (1, 3, 384, 640)

0: 384x640 1 car, 1 truck, 7.4ms
Speed: 0.9ms preprocess, 7.4ms inference, 0.9ms postprocess per image at shape (1, 3, 384, 640)

0: 384x640 (no detections), 7.3ms
Speed: 1.0ms preprocess, 7.3ms inference, 0.3ms postprocess per image at shape (1, 3, 384, 640)

0: 384x640 (no detections), 7.4ms
Speed: 0.9ms preprocess, 7.4ms inference, 0.6ms postprocess per image at shape (1, 3, 384, 640)

0: 384x640 (no detections), 7.3ms
Speed: 0.9ms preprocess, 7.3ms inference, 0.5ms postprocess per image at shape (1, 3, 384, 640)

0: 384x640 1 car, 1 bus, 1 truck, 7.8ms
Speed: 0.9ms preprocess, 7.8ms inference, 0.9ms postprocess per image at shape (1, 3, 384, 640)

0: 384x640 (no detections), 7.3ms
Speed: 0.9ms preprocess, 7.3ms inference, 0.3ms postprocess per image at shape (1, 3, 384, 640)

0: 384x640 3 cars, 7.3ms
Speed: 0.9ms preprocess, 7.3ms inference, 0.9ms postprocess per image at shape (1, 3, 384, 640)

0: 384x640 (no detections), 7.3ms
Speed: 1.0ms preprocess, 7.3ms inference, 0.3ms postprocess per image at shape (1, 3, 384, 640)

0: 384x640 4 cars, 1 truck, 7.8ms
Speed: 0.9ms preprocess, 7.8ms inference, 0.9ms postprocess per image at shape (1, 3, 384, 640)

0: 384x640 (no detections), 7.3ms
Speed: 0.9ms preprocess, 7.3ms inference, 0.3ms postprocess per image at shape (1, 3, 384, 640)

0: 384x640 (no detections), 7.8ms
Speed: 0.9ms preprocess, 7.8ms inference, 0.6ms postprocess per image at shape (1, 3, 384, 640)

0: 384x640 (no detections), 7.3ms
Speed: 0.9ms preprocess, 7.3ms inference, 0.3ms postprocess per image at shape (1, 3, 384, 640)

0: 384x640 2 cars, 7.7ms
Speed: 0.9ms preprocess, 7.7ms inference, 0.9ms postprocess per image at shape (1, 3, 384, 640)

0: 384x640 (no detections), 7.3ms
Speed: 1.0ms preprocess, 7.3ms inference, 0.5ms postprocess per image at shape (1, 3, 384, 640)

0: 384x640 1 car, 7.6ms
Speed: 0.9ms preprocess, 7.6ms inference, 1.2ms postprocess per image at shape (1, 3, 384, 640)

0: 384x640 (no detections), 7.3ms
Speed: 0.9ms preprocess, 7.3ms inference, 0.5ms postprocess per image at shape (1, 3, 384, 640)
Processed frame 10

0: 384x640 1 car, 7.5ms
Speed: 0.9ms preprocess, 7.5ms inference, 1.0ms postprocess per image at shape (1, 3, 384, 640)

0: 384x640 (no detections), 7.3ms
Speed: 0.9ms preprocess, 7.3ms inference, 0.5ms postprocess per image at shape (1, 3, 384, 640)

0: 384x640 1 car, 7.3ms
Speed: 0.9ms preprocess, 7.3ms inference, 0.9ms postprocess per image at shape (1, 3, 384, 640)

0: 384x640 (no detections), 7.3ms
Speed: 1.0ms preprocess, 7.3ms inference, 0.5ms postprocess per image at shape (1, 3, 384, 640)

0: 384x640 3 cars, 7.7ms
Speed: 0.9ms preprocess, 7.7ms inference, 0.9ms postprocess per image at shape (1, 3, 384, 640)

0: 384x640 (no detections), 7.3ms
Speed: 1.0ms preprocess, 7.3ms inference, 0.3ms postprocess per image at shape (1, 3, 384, 640)

0: 384x640 (no detections), 7.3ms
Speed: 0.9ms preprocess, 7.3ms inference, 0.6ms postprocess per image at shape (1, 3, 384, 640)

0: 384x640 (no detections), 7.3ms
Speed: 1.0ms preprocess, 7.3ms inference, 0.3ms postprocess per image at shape (1, 3, 384, 640)

0: 384x640 2 cars, 7.8ms
Speed: 0.9ms preprocess, 7.8ms inference, 0.9ms postprocess per image at shape (1, 3, 384, 640)

0: 384x640 (no detections), 7.3ms
Speed: 0.9ms preprocess, 7.3ms inference, 0.3ms postprocess per image at shape (1, 3, 384, 640)

0: 384x640 1 car, 7.6ms
Speed: 0.9ms preprocess, 7.6ms inference, 0.9ms postprocess per image at shape (1, 3, 384, 640)

0: 384x640 (no detections), 7.3ms
Speed: 0.9ms preprocess, 7.3ms inference, 0.3ms postprocess per image at shape (1, 3, 384, 640)

0: 384x640 (no detections), 7.3ms
Speed: 0.9ms preprocess, 7.3ms inference, 0.6ms postprocess per image at shape (1, 3, 384, 640)

0: 384x640 (no detections), 7.3ms
Speed: 1.0ms preprocess, 7.3ms inference, 0.5ms postprocess per image at shape (1, 3, 384, 640)

0: 384x640 2 cars, 7.6ms
Speed: 0.9ms preprocess, 7.6ms inference, 0.9ms postprocess per image at shape (1, 3, 384, 640)

0: 384x640 (no detections), 7.3ms
Speed: 1.0ms preprocess, 7.3ms inference, 0.5ms postprocess per image at shape (1, 3, 384, 640)

0: 384x640 1 car, 7.4ms
Speed: 0.9ms preprocess, 7.4ms inference, 0.9ms postprocess per image at shape (1, 3, 384, 640)

0: 384x640 (no detections), 7.3ms
Speed: 1.0ms preprocess, 7.3ms inference, 0.3ms postprocess per image at shape (1, 3, 384, 640)

0: 384x640 1 car, 1 truck, 7.3ms
Speed: 0.9ms preprocess, 7.3ms inference, 0.9ms postprocess per image at shape (1, 3, 384, 640)

0: 384x640 1 truck, 7.3ms
Speed: 1.0ms preprocess, 7.3ms inference, 0.8ms postprocess per image at shape (1, 3, 384, 640)
Processed frame 20

0: 384x640 1 car, 7.4ms
Speed: 0.9ms preprocess, 7.4ms inference, 0.9ms postprocess per image at shape (1, 3, 384, 640)

0: 384x640 1 truck, 7.3ms
Speed: 1.0ms preprocess, 7.3ms inference, 0.8ms postprocess per image at shape (1, 3, 384, 640)

0: 384x640 1 car, 8.3ms
Speed: 0.9ms preprocess, 8.3ms inference, 1.0ms postprocess per image at shape (1, 3, 384, 640)

0: 384x640 1 truck, 7.3ms
Speed: 0.8ms preprocess, 7.3ms inference, 0.8ms postprocess per image at shape (1, 3, 384, 640)

0: 384x640 3 cars, 8.7ms
Speed: 1.2ms preprocess, 8.7ms inference, 0.9ms postprocess per image at shape (1, 3, 384, 640)

0: 384x640 4 trucks, 7.4ms
Speed: 1.0ms preprocess, 7.4ms inference, 0.8ms postprocess per image at shape (1, 3, 384, 640)

0: 384x640 1 car, 9.2ms
Speed: 1.0ms preprocess, 9.2ms inference, 1.0ms postprocess per image at shape (1, 3, 384, 640)

0: 384x640 5 trucks, 7.3ms
Speed: 1.0ms preprocess, 7.3ms inference, 1.0ms postprocess per image at shape (1, 3, 384, 640)

0: 384x640 3 cars, 8.7ms
Speed: 1.0ms preprocess, 8.7ms inference, 1.0ms postprocess per image at shape (1, 3, 384, 640)

0: 384x640 2 trucks, 7.3ms
Speed: 0.9ms preprocess, 7.3ms inference, 0.8ms postprocess per image at shape (1, 3, 384, 640)

0: 384x640 1 car, 2 buss, 1 truck, 7.9ms
Speed: 0.9ms preprocess, 7.9ms inference, 0.9ms postprocess per image at shape (1, 3, 384, 640)

0: 384x640 1 truck, 7.3ms
Speed: 0.9ms preprocess, 7.3ms inference, 0.8ms postprocess per image at shape (1, 3, 384, 640)

0: 384x640 1 car, 2 buss, 8.3ms
Speed: 0.9ms preprocess, 8.3ms inference, 0.9ms postprocess per image at shape (1, 3, 384, 640)

0: 384x640 1 truck, 7.5ms
Speed: 1.0ms preprocess, 7.5ms inference, 0.8ms postprocess per image at shape (1, 3, 384, 640)

0: 384x640 1 car, 1 bus, 8.0ms
Speed: 1.1ms preprocess, 8.0ms inference, 0.9ms postprocess per image at shape (1, 3, 384, 640)

0: 384x640 2 trucks, 7.3ms
Speed: 1.0ms preprocess, 7.3ms inference, 0.8ms postprocess per image at shape (1, 3, 384, 640)

0: 384x640 (no detections), 7.9ms
Speed: 0.9ms preprocess, 7.9ms inference, 0.6ms postprocess per image at shape (1, 3, 384, 640)

0: 384x640 5 trucks, 7.5ms
Speed: 0.9ms preprocess, 7.5ms inference, 0.8ms postprocess per image at shape (1, 3, 384, 640)

0: 384x640 (no detections), 7.7ms
Speed: 0.9ms preprocess, 7.7ms inference, 0.6ms postprocess per image at shape (1, 3, 384, 640)

0: 384x640 (no detections), 7.3ms
Speed: 1.0ms preprocess, 7.3ms inference, 0.5ms postprocess per image at shape (1, 3, 384, 640)
Processed frame 30

0: 384x640 (no detections), 7.8ms
Speed: 0.9ms preprocess, 7.8ms inference, 0.6ms postprocess per image at shape (1, 3, 384, 640)

0: 384x640 (no detections), 7.3ms
Speed: 0.9ms preprocess, 7.3ms inference, 0.5ms postprocess per image at shape (1, 3, 384, 640)

0: 384x640 (no detections), 7.8ms
Speed: 1.0ms preprocess, 7.8ms inference, 0.6ms postprocess per image at shape (1, 3, 384, 640)

0: 384x640 (no detections), 7.3ms
Speed: 1.0ms preprocess, 7.3ms inference, 0.5ms postprocess per image at shape (1, 3, 384, 640)

0: 384x640 (no detections), 7.4ms
Speed: 0.9ms preprocess, 7.4ms inference, 0.6ms postprocess per image at shape (1, 3, 384, 640)

0: 384x640 2 trucks, 7.3ms
Speed: 1.0ms preprocess, 7.3ms inference, 0.9ms postprocess per image at shape (1, 3, 384, 640)

0: 384x640 (no detections), 7.8ms
Speed: 0.9ms preprocess, 7.8ms inference, 0.6ms postprocess per image at shape (1, 3, 384, 640)

0: 384x640 1 truck, 7.3ms
Speed: 0.9ms preprocess, 7.3ms inference, 0.8ms postprocess per image at shape (1, 3, 384, 640)

0: 384x640 (no detections), 7.6ms
Speed: 0.9ms preprocess, 7.6ms inference, 0.6ms postprocess per image at shape (1, 3, 384, 640)

0: 384x640 (no detections), 7.3ms
Speed: 1.0ms preprocess, 7.3ms inference, 0.5ms postprocess per image at shape (1, 3, 384, 640)

0: 384x640 1 car, 7.7ms
Speed: 0.9ms preprocess, 7.7ms inference, 0.9ms postprocess per image at shape (1, 3, 384, 640)

0: 384x640 (no detections), 7.3ms
Speed: 0.9ms preprocess, 7.3ms inference, 0.5ms postprocess per image at shape (1, 3, 384, 640)

0: 384x640 (no detections), 8.0ms
Speed: 1.0ms preprocess, 8.0ms inference, 0.6ms postprocess per image at shape (1, 3, 384, 640)

0: 384x640 (no detections), 7.3ms
Speed: 1.0ms preprocess, 7.3ms inference, 0.5ms postprocess per image at shape (1, 3, 384, 640)

0: 384x640 (no detections), 7.4ms
Speed: 0.9ms preprocess, 7.4ms inference, 0.6ms postprocess per image at shape (1, 3, 384, 640)

0: 384x640 1 truck, 7.3ms
Speed: 1.0ms preprocess, 7.3ms inference, 0.8ms postprocess per image at shape (1, 3, 384, 640)

0: 384x640 (no detections), 7.5ms
Speed: 0.9ms preprocess, 7.5ms inference, 0.6ms postprocess per image at shape (1, 3, 384, 640)

0: 384x640 (no detections), 7.3ms
Speed: 0.9ms preprocess, 7.3ms inference, 0.3ms postprocess per image at shape (1, 3, 384, 640)

0: 384x640 1 car, 7.5ms
Speed: 0.9ms preprocess, 7.5ms inference, 0.9ms postprocess per image at shape (1, 3, 384, 640)

0: 384x640 (no detections), 7.3ms
Speed: 0.9ms preprocess, 7.3ms inference, 0.3ms postprocess per image at shape (1, 3, 384, 640)
Processed frame 40

0: 384x640 (no detections), 7.7ms
Speed: 0.9ms preprocess, 7.7ms inference, 0.6ms postprocess per image at shape (1, 3, 384, 640)

0: 384x640 (no detections), 7.3ms
Speed: 0.9ms preprocess, 7.3ms inference, 0.5ms postprocess per image at shape (1, 3, 384, 640)

0: 384x640 1 car, 1 truck, 7.9ms
Speed: 0.9ms preprocess, 7.9ms inference, 0.9ms postprocess per image at shape (1, 3, 384, 640)

0: 384x640 (no detections), 7.3ms
Speed: 0.9ms preprocess, 7.3ms inference, 0.5ms postprocess per image at shape (1, 3, 384, 640)

0: 384x640 (no detections), 7.4ms
Speed: 0.9ms preprocess, 7.4ms inference, 0.6ms postprocess per image at shape (1, 3, 384, 640)

0: 384x640 (no detections), 7.3ms
Speed: 0.9ms preprocess, 7.3ms inference, 0.3ms postprocess per image at shape (1, 3, 384, 640)

0: 384x640 1 car, 7.4ms
Speed: 0.9ms preprocess, 7.4ms inference, 0.9ms postprocess per image at shape (1, 3, 384, 640)

0: 384x640 (no detections), 7.3ms
Speed: 1.0ms preprocess, 7.3ms inference, 0.5ms postprocess per image at shape (1, 3, 384, 640)

0: 384x640 (no detections), 7.6ms
Speed: 0.9ms preprocess, 7.6ms inference, 0.6ms postprocess per image at shape (1, 3, 384, 640)

0: 384x640 (no detections), 7.3ms
Speed: 0.9ms preprocess, 7.3ms inference, 0.3ms postprocess per image at shape (1, 3, 384, 640)

0: 384x640 1 car, 7.4ms
Speed: 0.9ms preprocess, 7.4ms inference, 0.9ms postprocess per image at shape (1, 3, 384, 640)

0: 384x640 (no detections), 7.3ms
Speed: 0.9ms preprocess, 7.3ms inference, 0.3ms postprocess per image at shape (1, 3, 384, 640)

0: 384x640 (no detections), 7.5ms
Speed: 0.9ms preprocess, 7.5ms inference, 0.6ms postprocess per image at shape (1, 3, 384, 640)

0: 384x640 (no detections), 7.3ms
Speed: 0.9ms preprocess, 7.3ms inference, 0.3ms postprocess per image at shape (1, 3, 384, 640)

0: 384x640 2 cars, 7.4ms
Speed: 0.9ms preprocess, 7.4ms inference, 0.9ms postprocess per image at shape (1, 3, 384, 640)

0: 384x640 (no detections), 7.3ms
Speed: 1.0ms preprocess, 7.3ms inference, 0.3ms postprocess per image at shape (1, 3, 384, 640)

0: 384x640 (no detections), 7.5ms
Speed: 0.9ms preprocess, 7.5ms inference, 0.6ms postprocess per image at shape (1, 3, 384, 640)

0: 384x640 (no detections), 7.3ms
Speed: 0.9ms preprocess, 7.3ms inference, 0.3ms postprocess per image at shape (1, 3, 384, 640)

0: 384x640 (no detections), 8.0ms
Speed: 2.5ms preprocess, 8.0ms inference, 0.6ms postprocess per image at shape (1, 3, 384, 640)

0: 384x640 (no detections), 7.3ms
Speed: 1.0ms preprocess, 7.3ms inference, 0.3ms postprocess per image at shape (1, 3, 384, 640)
Processed frame 50

0: 384x640 2 cars, 7.5ms
Speed: 0.9ms preprocess, 7.5ms inference, 0.9ms postprocess per image at shape (1, 3, 384, 640)

0: 384x640 1 truck, 7.3ms
Speed: 0.9ms preprocess, 7.3ms inference, 0.8ms postprocess per image at shape (1, 3, 384, 640)

0: 384x640 1 car, 7.4ms
Speed: 0.9ms preprocess, 7.4ms inference, 0.9ms postprocess per image at shape (1, 3, 384, 640)

0: 384x640 (no detections), 7.3ms
Speed: 1.0ms preprocess, 7.3ms inference, 0.3ms postprocess per image at shape (1, 3, 384, 640)

0: 384x640 1 car, 7.7ms
Speed: 0.9ms preprocess, 7.7ms inference, 0.9ms postprocess per image at shape (1, 3, 384, 640)

0: 384x640 (no detections), 7.3ms
Speed: 1.0ms preprocess, 7.3ms inference, 0.3ms postprocess per image at shape (1, 3, 384, 640)

0: 384x640 (no detections), 7.4ms
Speed: 0.9ms preprocess, 7.4ms inference, 0.6ms postprocess per image at shape (1, 3, 384, 640)

0: 384x640 (no detections), 7.3ms
Speed: 0.9ms preprocess, 7.3ms inference, 0.3ms postprocess per image at shape (1, 3, 384, 640)

0: 384x640 1 car, 7.6ms
Speed: 0.9ms preprocess, 7.6ms inference, 0.9ms postprocess per image at shape (1, 3, 384, 640)

0: 384x640 (no detections), 7.3ms
Speed: 0.9ms preprocess, 7.3ms inference, 0.3ms postprocess per image at shape (1, 3, 384, 640)

0: 384x640 (no detections), 7.4ms
Speed: 0.9ms preprocess, 7.4ms inference, 0.6ms postprocess per image at shape (1, 3, 384, 640)

0: 384x640 (no detections), 7.3ms
Speed: 1.0ms preprocess, 7.3ms inference, 0.3ms postprocess per image at shape (1, 3, 384, 640)

0: 384x640 2 cars, 1 truck, 7.6ms
Speed: 0.9ms preprocess, 7.6ms inference, 0.9ms postprocess per image at shape (1, 3, 384, 640)

0: 384x640 (no detections), 7.5ms
Speed: 1.0ms preprocess, 7.5ms inference, 0.3ms postprocess per image at shape (1, 3, 384, 640)

0: 384x640 2 cars, 2 buss, 7.7ms
Speed: 0.9ms preprocess, 7.7ms inference, 0.9ms postprocess per image at shape (1, 3, 384, 640)

0: 384x640 (no detections), 7.3ms
Speed: 0.9ms preprocess, 7.3ms inference, 0.3ms postprocess per image at shape (1, 3, 384, 640)

0: 384x640 1 car, 7.4ms
Speed: 0.9ms preprocess, 7.4ms inference, 0.9ms postprocess per image at shape (1, 3, 384, 640)

0: 384x640 (no detections), 7.3ms
Speed: 0.9ms preprocess, 7.3ms inference, 0.3ms postprocess per image at shape (1, 3, 384, 640)

0: 384x640 (no detections), 7.4ms
Speed: 0.9ms preprocess, 7.4ms inference, 0.6ms postprocess per image at shape (1, 3, 384, 640)

0: 384x640 (no detections), 7.3ms
Speed: 1.0ms preprocess, 7.3ms inference, 0.3ms postprocess per image at shape (1, 3, 384, 640)
Processed frame 60

0: 384x640 3 cars, 7.5ms
Speed: 0.9ms preprocess, 7.5ms inference, 0.9ms postprocess per image at shape (1, 3, 384, 640)

0: 384x640 (no detections), 7.3ms
Speed: 1.0ms preprocess, 7.3ms inference, 0.5ms postprocess per image at shape (1, 3, 384, 640)

0: 384x640 1 car, 1 bus, 7.4ms
Speed: 0.9ms preprocess, 7.4ms inference, 0.9ms postprocess per image at shape (1, 3, 384, 640)

0: 384x640 (no detections), 7.3ms
Speed: 0.9ms preprocess, 7.3ms inference, 0.3ms postprocess per image at shape (1, 3, 384, 640)

0: 384x640 1 car, 1 truck, 7.4ms
Speed: 0.9ms preprocess, 7.4ms inference, 0.9ms postprocess per image at shape (1, 3, 384, 640)

0: 384x640 (no detections), 7.3ms
Speed: 1.0ms preprocess, 7.3ms inference, 0.3ms postprocess per image at shape (1, 3, 384, 640)

0: 384x640 (no detections), 7.4ms
Speed: 0.9ms preprocess, 7.4ms inference, 0.5ms postprocess per image at shape (1, 3, 384, 640)

0: 384x640 (no detections), 7.3ms
Speed: 1.0ms preprocess, 7.3ms inference, 0.3ms postprocess per image at shape (1, 3, 384, 640)

0: 384x640 (no detections), 7.3ms
Speed: 0.9ms preprocess, 7.3ms inference, 0.6ms postprocess per image at shape (1, 3, 384, 640)

0: 384x640 (no detections), 7.3ms
Speed: 1.0ms preprocess, 7.3ms inference, 0.3ms postprocess per image at shape (1, 3, 384, 640)

0: 384x640 1 car, 7.3ms
Speed: 0.9ms preprocess, 7.3ms inference, 0.9ms postprocess per image at shape (1, 3, 384, 640)

0: 384x640 (no detections), 7.3ms
Speed: 1.0ms preprocess, 7.3ms inference, 0.3ms postprocess per image at shape (1, 3, 384, 640)

0: 384x640 (no detections), 7.3ms
Speed: 0.9ms preprocess, 7.3ms inference, 0.6ms postprocess per image at shape (1, 3, 384, 640)

0: 384x640 (no detections), 7.3ms
Speed: 1.0ms preprocess, 7.3ms inference, 0.3ms postprocess per image at shape (1, 3, 384, 640)

0: 384x640 1 car, 7.3ms
Speed: 0.9ms preprocess, 7.3ms inference, 0.9ms postprocess per image at shape (1, 3, 384, 640)

0: 384x640 (no detections), 7.3ms
Speed: 1.0ms preprocess, 7.3ms inference, 0.3ms postprocess per image at shape (1, 3, 384, 640)

0: 384x640 3 cars, 1 bus, 2 trucks, 7.4ms
Speed: 0.9ms preprocess, 7.4ms inference, 0.9ms postprocess per image at shape (1, 3, 384, 640)

0: 384x640 (no detections), 7.3ms
Speed: 1.0ms preprocess, 7.3ms inference, 0.3ms postprocess per image at shape (1, 3, 384, 640)

0: 384x640 (no detections), 7.3ms
Speed: 0.9ms preprocess, 7.3ms inference, 0.6ms postprocess per image at shape (1, 3, 384, 640)

0: 384x640 (no detections), 7.3ms
Speed: 1.0ms preprocess, 7.3ms inference, 0.3ms postprocess per image at shape (1, 3, 384, 640)
Processed frame 70

0: 384x640 1 car, 7.7ms
Speed: 0.9ms preprocess, 7.7ms inference, 0.9ms postprocess per image at shape (1, 3, 384, 640)

0: 384x640 (no detections), 7.3ms
Speed: 1.0ms preprocess, 7.3ms inference, 0.3ms postprocess per image at shape (1, 3, 384, 640)

0: 384x640 3 cars, 1 bus, 7.4ms
Speed: 0.9ms preprocess, 7.4ms inference, 0.9ms postprocess per image at shape (1, 3, 384, 640)

0: 384x640 (no detections), 7.3ms
Speed: 1.0ms preprocess, 7.3ms inference, 0.5ms postprocess per image at shape (1, 3, 384, 640)

0: 384x640 (no detections), 7.3ms
Speed: 0.9ms preprocess, 7.3ms inference, 0.6ms postprocess per image at shape (1, 3, 384, 640)

0: 384x640 (no detections), 7.3ms
Speed: 1.0ms preprocess, 7.3ms inference, 0.5ms postprocess per image at shape (1, 3, 384, 640)

0: 384x640 (no detections), 7.4ms
Speed: 0.9ms preprocess, 7.4ms inference, 0.6ms postprocess per image at shape (1, 3, 384, 640)

0: 384x640 (no detections), 7.3ms
Speed: 1.0ms preprocess, 7.3ms inference, 0.3ms postprocess per image at shape (1, 3, 384, 640)

0: 384x640 1 car, 7.6ms
Speed: 0.9ms preprocess, 7.6ms inference, 0.9ms postprocess per image at shape (1, 3, 384, 640)

0: 384x640 (no detections), 7.5ms
Speed: 1.0ms preprocess, 7.5ms inference, 0.5ms postprocess per image at shape (1, 3, 384, 640)

0: 384x640 (no detections), 7.3ms
Speed: 0.9ms preprocess, 7.3ms inference, 0.6ms postprocess per image at shape (1, 3, 384, 640)

0: 384x640 (no detections), 7.3ms
Speed: 1.0ms preprocess, 7.3ms inference, 0.3ms postprocess per image at shape (1, 3, 384, 640)

0: 384x640 1 car, 7.3ms
Speed: 0.9ms preprocess, 7.3ms inference, 0.9ms postprocess per image at shape (1, 3, 384, 640)

0: 384x640 (no detections), 7.3ms
Speed: 1.0ms preprocess, 7.3ms inference, 0.3ms postprocess per image at shape (1, 3, 384, 640)

0: 384x640 (no detections), 7.3ms
Speed: 0.9ms preprocess, 7.3ms inference, 0.6ms postprocess per image at shape (1, 3, 384, 640)

0: 384x640 (no detections), 7.3ms
Speed: 1.0ms preprocess, 7.3ms inference, 0.3ms postprocess per image at shape (1, 3, 384, 640)

0: 384x640 2 cars, 7.3ms
Speed: 0.9ms preprocess, 7.3ms inference, 0.9ms postprocess per image at shape (1, 3, 384, 640)

0: 384x640 (no detections), 7.3ms
Speed: 1.0ms preprocess, 7.3ms inference, 0.5ms postprocess per image at shape (1, 3, 384, 640)

0: 384x640 1 car, 10.2ms
Speed: 1.3ms preprocess, 10.2ms inference, 1.1ms postprocess per image at shape (1, 3, 384, 640)

0: 384x640 (no detections), 8.4ms
Speed: 2.2ms preprocess, 8.4ms inference, 0.4ms postprocess per image at shape (1, 3, 384, 640)
Processed frame 80

0: 384x640 (no detections), 8.1ms
Speed: 0.9ms preprocess, 8.1ms inference, 0.6ms postprocess per image at shape (1, 3, 384, 640)

0: 384x640 (no detections), 7.3ms
Speed: 1.0ms preprocess, 7.3ms inference, 0.3ms postprocess per image at shape (1, 3, 384, 640)

0: 384x640 5 cars, 8.1ms
Speed: 1.0ms preprocess, 8.1ms inference, 1.0ms postprocess per image at shape (1, 3, 384, 640)

0: 384x640 (no detections), 7.3ms
Speed: 1.0ms preprocess, 7.3ms inference, 0.3ms postprocess per image at shape (1, 3, 384, 640)

0: 384x640 1 car, 1 truck, 8.0ms
Speed: 0.9ms preprocess, 8.0ms inference, 1.0ms postprocess per image at shape (1, 3, 384, 640)

0: 384x640 (no detections), 7.3ms
Speed: 1.0ms preprocess, 7.3ms inference, 0.6ms postprocess per image at shape (1, 3, 384, 640)

0: 384x640 2 cars, 7.8ms
Speed: 0.8ms preprocess, 7.8ms inference, 0.9ms postprocess per image at shape (1, 3, 384, 640)

0: 384x640 (no detections), 7.3ms
Speed: 0.9ms preprocess, 7.3ms inference, 0.3ms postprocess per image at shape (1, 3, 384, 640)

0: 384x640 2 cars, 9.4ms
Speed: 1.6ms preprocess, 9.4ms inference, 1.2ms postprocess per image at shape (1, 3, 384, 640)

0: 384x640 (no detections), 8.0ms
Speed: 1.6ms preprocess, 8.0ms inference, 0.6ms postprocess per image at shape (1, 3, 384, 640)

0: 384x640 1 car, 8.0ms
Speed: 0.9ms preprocess, 8.0ms inference, 1.0ms postprocess per image at shape (1, 3, 384, 640)

0: 384x640 (no detections), 7.3ms
Speed: 0.9ms preprocess, 7.3ms inference, 0.6ms postprocess per image at shape (1, 3, 384, 640)

0: 384x640 2 cars, 7.6ms
Speed: 0.9ms preprocess, 7.6ms inference, 0.9ms postprocess per image at shape (1, 3, 384, 640)

0: 384x640 (no detections), 7.3ms
Speed: 0.9ms preprocess, 7.3ms inference, 0.3ms postprocess per image at shape (1, 3, 384, 640)

0: 384x640 1 car, 1 truck, 7.7ms
Speed: 0.8ms preprocess, 7.7ms inference, 0.9ms postprocess per image at shape (1, 3, 384, 640)

0: 384x640 (no detections), 7.3ms
Speed: 0.9ms preprocess, 7.3ms inference, 0.3ms postprocess per image at shape (1, 3, 384, 640)

0: 384x640 2 cars, 7.9ms
Speed: 0.9ms preprocess, 7.9ms inference, 1.0ms postprocess per image at shape (1, 3, 384, 640)

0: 384x640 (no detections), 7.3ms
Speed: 0.9ms preprocess, 7.3ms inference, 0.6ms postprocess per image at shape (1, 3, 384, 640)

0: 384x640 3 cars, 7.9ms
Speed: 0.9ms preprocess, 7.9ms inference, 1.0ms postprocess per image at shape (1, 3, 384, 640)

0: 384x640 (no detections), 7.3ms
Speed: 0.9ms preprocess, 7.3ms inference, 0.3ms postprocess per image at shape (1, 3, 384, 640)
Processed frame 90

0: 384x640 (no detections), 7.9ms
Speed: 0.9ms preprocess, 7.9ms inference, 0.6ms postprocess per image at shape (1, 3, 384, 640)

0: 384x640 (no detections), 7.3ms
Speed: 0.9ms preprocess, 7.3ms inference, 0.3ms postprocess per image at shape (1, 3, 384, 640)

0: 384x640 2 cars, 7.8ms
Speed: 0.8ms preprocess, 7.8ms inference, 1.0ms postprocess per image at shape (1, 3, 384, 640)

0: 384x640 (no detections), 7.3ms
Speed: 0.9ms preprocess, 7.3ms inference, 0.5ms postprocess per image at shape (1, 3, 384, 640)

0: 384x640 2 cars, 8.0ms
Speed: 1.0ms preprocess, 8.0ms inference, 1.0ms postprocess per image at shape (1, 3, 384, 640)

0: 384x640 (no detections), 7.3ms
Speed: 0.9ms preprocess, 7.3ms inference, 0.3ms postprocess per image at shape (1, 3, 384, 640)

0: 384x640 2 cars, 7.8ms
Speed: 0.8ms preprocess, 7.8ms inference, 0.9ms postprocess per image at shape (1, 3, 384, 640)

0: 384x640 (no detections), 7.3ms
Speed: 0.9ms preprocess, 7.3ms inference, 0.5ms postprocess per image at shape (1, 3, 384, 640)

0: 384x640 3 cars, 8.0ms
Speed: 0.9ms preprocess, 8.0ms inference, 1.0ms postprocess per image at shape (1, 3, 384, 640)

0: 384x640 (no detections), 7.3ms
Speed: 0.9ms preprocess, 7.3ms inference, 0.6ms postprocess per image at shape (1, 3, 384, 640)

0: 384x640 4 cars, 1 truck, 7.9ms
Speed: 0.9ms preprocess, 7.9ms inference, 1.0ms postprocess per image at shape (1, 3, 384, 640)

0: 384x640 (no detections), 7.3ms
Speed: 0.9ms preprocess, 7.3ms inference, 0.5ms postprocess per image at shape (1, 3, 384, 640)

0: 384x640 2 cars, 7.8ms
Speed: 0.9ms preprocess, 7.8ms inference, 1.0ms postprocess per image at shape (1, 3, 384, 640)

0: 384x640 (no detections), 7.3ms
Speed: 0.9ms preprocess, 7.3ms inference, 0.5ms postprocess per image at shape (1, 3, 384, 640)

0: 384x640 (no detections), 8.0ms
Speed: 0.9ms preprocess, 8.0ms inference, 0.6ms postprocess per image at shape (1, 3, 384, 640)

0: 384x640 (no detections), 7.3ms
Speed: 0.9ms preprocess, 7.3ms inference, 0.3ms postprocess per image at shape (1, 3, 384, 640)

0: 384x640 (no detections), 8.0ms
Speed: 1.0ms preprocess, 8.0ms inference, 0.6ms postprocess per image at shape (1, 3, 384, 640)

0: 384x640 (no detections), 7.3ms
Speed: 0.9ms preprocess, 7.3ms inference, 0.3ms postprocess per image at shape (1, 3, 384, 640)

0: 384x640 2 cars, 8.2ms
Speed: 2.0ms preprocess, 8.2ms inference, 1.0ms postprocess per image at shape (1, 3, 384, 640)

0: 384x640 (no detections), 7.3ms
Speed: 0.9ms preprocess, 7.3ms inference, 0.3ms postprocess per image at shape (1, 3, 384, 640)
Processed frame 100

0: 384x640 (no detections), 8.4ms
Speed: 0.9ms preprocess, 8.4ms inference, 0.6ms postprocess per image at shape (1, 3, 384, 640)

0: 384x640 (no detections), 7.3ms
Speed: 1.0ms preprocess, 7.3ms inference, 0.4ms postprocess per image at shape (1, 3, 384, 640)

0: 384x640 3 cars, 1 bus, 8.0ms
Speed: 1.0ms preprocess, 8.0ms inference, 1.0ms postprocess per image at shape (1, 3, 384, 640)

0: 384x640 (no detections), 7.4ms
Speed: 1.0ms preprocess, 7.4ms inference, 0.3ms postprocess per image at shape (1, 3, 384, 640)

0: 384x640 (no detections), 8.0ms
Speed: 1.0ms preprocess, 8.0ms inference, 0.6ms postprocess per image at shape (1, 3, 384, 640)

0: 384x640 (no detections), 7.4ms
Speed: 1.0ms preprocess, 7.4ms inference, 0.3ms postprocess per image at shape (1, 3, 384, 640)

0: 384x640 2 cars, 8.0ms
Speed: 1.0ms preprocess, 8.0ms inference, 1.0ms postprocess per image at shape (1, 3, 384, 640)

0: 384x640 (no detections), 7.4ms
Speed: 1.0ms preprocess, 7.4ms inference, 0.3ms postprocess per image at shape (1, 3, 384, 640)

0: 384x640 3 cars, 8.0ms
Speed: 0.9ms preprocess, 8.0ms inference, 1.0ms postprocess per image at shape (1, 3, 384, 640)

0: 384x640 (no detections), 7.4ms
Speed: 1.0ms preprocess, 7.4ms inference, 0.3ms postprocess per image at shape (1, 3, 384, 640)

0: 384x640 2 cars, 1 truck, 8.1ms
Speed: 0.9ms preprocess, 8.1ms inference, 1.0ms postprocess per image at shape (1, 3, 384, 640)

0: 384x640 (no detections), 7.4ms
Speed: 1.0ms preprocess, 7.4ms inference, 0.3ms postprocess per image at shape (1, 3, 384, 640)

0: 384x640 1 car, 1 truck, 8.3ms
Speed: 1.0ms preprocess, 8.3ms inference, 1.0ms postprocess per image at shape (1, 3, 384, 640)

0: 384x640 (no detections), 7.3ms
Speed: 0.9ms preprocess, 7.3ms inference, 0.3ms postprocess per image at shape (1, 3, 384, 640)

0: 384x640 4 cars, 2 buss, 8.0ms
Speed: 0.9ms preprocess, 8.0ms inference, 1.0ms postprocess per image at shape (1, 3, 384, 640)

0: 384x640 (no detections), 7.3ms
Speed: 0.9ms preprocess, 7.3ms inference, 0.3ms postprocess per image at shape (1, 3, 384, 640)

0: 384x640 3 cars, 2 buss, 2 trucks, 8.0ms
Speed: 1.0ms preprocess, 8.0ms inference, 1.0ms postprocess per image at shape (1, 3, 384, 640)

0: 384x640 (no detections), 7.3ms
Speed: 0.9ms preprocess, 7.3ms inference, 0.3ms postprocess per image at shape (1, 3, 384, 640)

0: 384x640 2 cars, 7.8ms
Speed: 0.9ms preprocess, 7.8ms inference, 0.9ms postprocess per image at shape (1, 3, 384, 640)

0: 384x640 (no detections), 7.3ms
Speed: 0.9ms preprocess, 7.3ms inference, 0.3ms postprocess per image at shape (1, 3, 384, 640)
Processed frame 110

0: 384x640 (no detections), 7.8ms
Speed: 0.9ms preprocess, 7.8ms inference, 0.6ms postprocess per image at shape (1, 3, 384, 640)

0: 384x640 (no detections), 7.3ms
Speed: 0.9ms preprocess, 7.3ms inference, 0.3ms postprocess per image at shape (1, 3, 384, 640)

0: 384x640 1 car, 1 bus, 7.8ms
Speed: 0.9ms preprocess, 7.8ms inference, 0.9ms postprocess per image at shape (1, 3, 384, 640)

0: 384x640 (no detections), 7.3ms
Speed: 0.9ms preprocess, 7.3ms inference, 0.3ms postprocess per image at shape (1, 3, 384, 640)

0: 384x640 (no detections), 8.0ms
Speed: 0.9ms preprocess, 8.0ms inference, 0.6ms postprocess per image at shape (1, 3, 384, 640)

0: 384x640 (no detections), 7.3ms
Speed: 0.9ms preprocess, 7.3ms inference, 0.3ms postprocess per image at shape (1, 3, 384, 640)

0: 384x640 (no detections), 10.1ms
Speed: 1.1ms preprocess, 10.1ms inference, 0.8ms postprocess per image at shape (1, 3, 384, 640)

0: 384x640 (no detections), 7.3ms
Speed: 0.9ms preprocess, 7.3ms inference, 0.4ms postprocess per image at shape (1, 3, 384, 640)

0: 384x640 1 car, 7.8ms
Speed: 0.9ms preprocess, 7.8ms inference, 1.0ms postprocess per image at shape (1, 3, 384, 640)

0: 384x640 (no detections), 7.3ms
Speed: 0.9ms preprocess, 7.3ms inference, 0.3ms postprocess per image at shape (1, 3, 384, 640)

0: 384x640 1 car, 7.9ms
Speed: 0.9ms preprocess, 7.9ms inference, 1.0ms postprocess per image at shape (1, 3, 384, 640)

0: 384x640 (no detections), 7.3ms
Speed: 0.9ms preprocess, 7.3ms inference, 0.5ms postprocess per image at shape (1, 3, 384, 640)

0: 384x640 (no detections), 7.9ms
Speed: 0.9ms preprocess, 7.9ms inference, 0.6ms postprocess per image at shape (1, 3, 384, 640)

0: 384x640 (no detections), 7.3ms
Speed: 0.9ms preprocess, 7.3ms inference, 0.3ms postprocess per image at shape (1, 3, 384, 640)

0: 384x640 (no detections), 14.7ms
Speed: 1.9ms preprocess, 14.7ms inference, 1.7ms postprocess per image at shape (1, 3, 384, 640)

0: 384x640 (no detections), 8.1ms
Speed: 1.3ms preprocess, 8.1ms inference, 0.4ms postprocess per image at shape (1, 3, 384, 640)

0: 384x640 1 bus, 8.5ms
Speed: 1.3ms preprocess, 8.5ms inference, 1.1ms postprocess per image at shape (1, 3, 384, 640)

0: 384x640 (no detections), 7.7ms
Speed: 1.3ms preprocess, 7.7ms inference, 0.6ms postprocess per image at shape (1, 3, 384, 640)

0: 384x640 2 buss, 8.3ms
Speed: 1.3ms preprocess, 8.3ms inference, 1.0ms postprocess per image at shape (1, 3, 384, 640)

0: 384x640 (no detections), 7.6ms
Speed: 1.2ms preprocess, 7.6ms inference, 0.6ms postprocess per image at shape (1, 3, 384, 640)
Processed frame 120

0: 384x640 1 truck, 8.6ms
Speed: 1.2ms preprocess, 8.6ms inference, 1.0ms postprocess per image at shape (1, 3, 384, 640)

0: 384x640 (no detections), 7.9ms
Speed: 1.3ms preprocess, 7.9ms inference, 0.4ms postprocess per image at shape (1, 3, 384, 640)

0: 384x640 1 truck, 8.6ms
Speed: 1.4ms preprocess, 8.6ms inference, 1.0ms postprocess per image at shape (1, 3, 384, 640)

0: 384x640 (no detections), 7.6ms
Speed: 1.2ms preprocess, 7.6ms inference, 0.3ms postprocess per image at shape (1, 3, 384, 640)

0: 384x640 (no detections), 8.6ms
Speed: 1.2ms preprocess, 8.6ms inference, 0.6ms postprocess per image at shape (1, 3, 384, 640)

0: 384x640 (no detections), 8.1ms
Speed: 1.3ms preprocess, 8.1ms inference, 0.6ms postprocess per image at shape (1, 3, 384, 640)

0: 384x640 (no detections), 8.2ms
Speed: 0.8ms preprocess, 8.2ms inference, 0.7ms postprocess per image at shape (1, 3, 384, 640)

0: 384x640 (no detections), 7.3ms
Speed: 0.8ms preprocess, 7.3ms inference, 0.4ms postprocess per image at shape (1, 3, 384, 640)

0: 384x640 (no detections), 7.7ms
Speed: 0.8ms preprocess, 7.7ms inference, 0.6ms postprocess per image at shape (1, 3, 384, 640)

0: 384x640 (no detections), 7.4ms
Speed: 0.8ms preprocess, 7.4ms inference, 0.4ms postprocess per image at shape (1, 3, 384, 640)

0: 384x640 1 bus, 1 truck, 9.0ms
Speed: 1.0ms preprocess, 9.0ms inference, 0.9ms postprocess per image at shape (1, 3, 384, 640)

0: 384x640 (no detections), 7.3ms
Speed: 0.8ms preprocess, 7.3ms inference, 0.3ms postprocess per image at shape (1, 3, 384, 640)

0: 384x640 1 truck, 16.3ms
Speed: 1.5ms preprocess, 16.3ms inference, 2.0ms postprocess per image at shape (1, 3, 384, 640)

0: 384x640 (no detections), 7.3ms
Speed: 1.0ms preprocess, 7.3ms inference, 0.3ms postprocess per image at shape (1, 3, 384, 640)

0: 384x640 1 bus, 2 trucks, 8.4ms
Speed: 0.9ms preprocess, 8.4ms inference, 1.0ms postprocess per image at shape (1, 3, 384, 640)

0: 384x640 (no detections), 7.3ms
Speed: 1.0ms preprocess, 7.3ms inference, 0.3ms postprocess per image at shape (1, 3, 384, 640)

0: 384x640 2 cars, 1 bus, 8.3ms
Speed: 1.0ms preprocess, 8.3ms inference, 0.9ms postprocess per image at shape (1, 3, 384, 640)

0: 384x640 (no detections), 7.3ms
Speed: 1.0ms preprocess, 7.3ms inference, 0.3ms postprocess per image at shape (1, 3, 384, 640)

0: 384x640 1 car, 1 bus, 7.9ms
Speed: 0.9ms preprocess, 7.9ms inference, 0.9ms postprocess per image at shape (1, 3, 384, 640)

0: 384x640 (no detections), 7.3ms
Speed: 1.0ms preprocess, 7.3ms inference, 0.3ms postprocess per image at shape (1, 3, 384, 640)
Processed frame 130

0: 384x640 1 car, 7.9ms
Speed: 1.0ms preprocess, 7.9ms inference, 1.0ms postprocess per image at shape (1, 3, 384, 640)

0: 384x640 (no detections), 7.5ms
Speed: 1.0ms preprocess, 7.5ms inference, 0.3ms postprocess per image at shape (1, 3, 384, 640)

0: 384x640 2 cars, 7.6ms
Speed: 0.9ms preprocess, 7.6ms inference, 0.9ms postprocess per image at shape (1, 3, 384, 640)

0: 384x640 (no detections), 7.3ms
Speed: 1.0ms preprocess, 7.3ms inference, 0.3ms postprocess per image at shape (1, 3, 384, 640)

0: 384x640 3 cars, 1 bus, 7.9ms
Speed: 0.9ms preprocess, 7.9ms inference, 0.9ms postprocess per image at shape (1, 3, 384, 640)

0: 384x640 (no detections), 7.3ms
Speed: 1.0ms preprocess, 7.3ms inference, 0.3ms postprocess per image at shape (1, 3, 384, 640)

0: 384x640 1 car, 1 truck, 7.5ms
Speed: 0.9ms preprocess, 7.5ms inference, 0.9ms postprocess per image at shape (1, 3, 384, 640)

0: 384x640 (no detections), 7.3ms
Speed: 1.0ms preprocess, 7.3ms inference, 0.3ms postprocess per image at shape (1, 3, 384, 640)

0: 384x640 2 cars, 1 bus, 7.3ms
Speed: 0.9ms preprocess, 7.3ms inference, 0.9ms postprocess per image at shape (1, 3, 384, 640)

0: 384x640 (no detections), 7.3ms
Speed: 1.0ms preprocess, 7.3ms inference, 0.3ms postprocess per image at shape (1, 3, 384, 640)

0: 384x640 4 cars, 2 buss, 1 truck, 7.9ms
Speed: 0.9ms preprocess, 7.9ms inference, 0.9ms postprocess per image at shape (1, 3, 384, 640)

0: 384x640 (no detections), 7.3ms
Speed: 1.0ms preprocess, 7.3ms inference, 0.3ms postprocess per image at shape (1, 3, 384, 640)

0: 384x640 1 car, 1 truck, 7.6ms
Speed: 1.1ms preprocess, 7.6ms inference, 0.9ms postprocess per image at shape (1, 3, 384, 640)

0: 384x640 (no detections), 7.3ms
Speed: 1.0ms preprocess, 7.3ms inference, 0.3ms postprocess per image at shape (1, 3, 384, 640)

0: 384x640 2 cars, 1 bus, 1 truck, 7.5ms
Speed: 0.9ms preprocess, 7.5ms inference, 0.9ms postprocess per image at shape (1, 3, 384, 640)

0: 384x640 (no detections), 7.3ms
Speed: 1.0ms preprocess, 7.3ms inference, 0.3ms postprocess per image at shape (1, 3, 384, 640)

0: 384x640 (no detections), 7.3ms
Speed: 0.9ms preprocess, 7.3ms inference, 0.6ms postprocess per image at shape (1, 3, 384, 640)

0: 384x640 (no detections), 7.3ms
Speed: 1.0ms preprocess, 7.3ms inference, 0.3ms postprocess per image at shape (1, 3, 384, 640)

0: 384x640 (no detections), 8.2ms
Speed: 0.9ms preprocess, 8.2ms inference, 0.6ms postprocess per image at shape (1, 3, 384, 640)

0: 384x640 (no detections), 7.4ms
Speed: 1.0ms preprocess, 7.4ms inference, 0.4ms postprocess per image at shape (1, 3, 384, 640)
Processed frame 140

0: 384x640 1 car, 8.6ms
Speed: 1.0ms preprocess, 8.6ms inference, 1.0ms postprocess per image at shape (1, 3, 384, 640)

0: 384x640 (no detections), 7.4ms
Speed: 1.0ms preprocess, 7.4ms inference, 0.3ms postprocess per image at shape (1, 3, 384, 640)

0: 384x640 (no detections), 8.5ms
Speed: 1.0ms preprocess, 8.5ms inference, 0.7ms postprocess per image at shape (1, 3, 384, 640)

0: 384x640 (no detections), 7.4ms
Speed: 1.0ms preprocess, 7.4ms inference, 0.4ms postprocess per image at shape (1, 3, 384, 640)

0: 384x640 (no detections), 8.5ms
Speed: 1.3ms preprocess, 8.5ms inference, 0.8ms postprocess per image at shape (1, 3, 384, 640)

0: 384x640 (no detections), 7.5ms
Speed: 1.0ms preprocess, 7.5ms inference, 0.4ms postprocess per image at shape (1, 3, 384, 640)

0: 384x640 3 cars, 8.3ms
Speed: 0.9ms preprocess, 8.3ms inference, 1.1ms postprocess per image at shape (1, 3, 384, 640)

0: 384x640 (no detections), 7.3ms
Speed: 0.9ms preprocess, 7.3ms inference, 0.6ms postprocess per image at shape (1, 3, 384, 640)

0: 384x640 1 car, 9.3ms
Speed: 1.5ms preprocess, 9.3ms inference, 1.2ms postprocess per image at shape (1, 3, 384, 640)

0: 384x640 (no detections), 7.9ms
Speed: 1.7ms preprocess, 7.9ms inference, 0.4ms postprocess per image at shape (1, 3, 384, 640)

0: 384x640 (no detections), 7.9ms
Speed: 0.9ms preprocess, 7.9ms inference, 0.6ms postprocess per image at shape (1, 3, 384, 640)

0: 384x640 (no detections), 7.3ms
Speed: 0.9ms preprocess, 7.3ms inference, 0.4ms postprocess per image at shape (1, 3, 384, 640)

0: 384x640 (no detections), 7.9ms
Speed: 1.0ms preprocess, 7.9ms inference, 0.6ms postprocess per image at shape (1, 3, 384, 640)

0: 384x640 (no detections), 7.3ms
Speed: 0.9ms preprocess, 7.3ms inference, 0.3ms postprocess per image at shape (1, 3, 384, 640)

0: 384x640 1 car, 8.1ms
Speed: 1.0ms preprocess, 8.1ms inference, 1.1ms postprocess per image at shape (1, 3, 384, 640)

0: 384x640 (no detections), 7.3ms
Speed: 0.9ms preprocess, 7.3ms inference, 0.3ms postprocess per image at shape (1, 3, 384, 640)

0: 384x640 3 cars, 9.4ms
Speed: 1.0ms preprocess, 9.4ms inference, 1.0ms postprocess per image at shape (1, 3, 384, 640)

0: 384x640 (no detections), 7.3ms
Speed: 0.9ms preprocess, 7.3ms inference, 0.3ms postprocess per image at shape (1, 3, 384, 640)

0: 384x640 (no detections), 8.5ms
Speed: 2.4ms preprocess, 8.5ms inference, 0.8ms postprocess per image at shape (1, 3, 384, 640)

0: 384x640 (no detections), 7.3ms
Speed: 0.9ms preprocess, 7.3ms inference, 0.6ms postprocess per image at shape (1, 3, 384, 640)
Processed frame 150

0: 384x640 2 cars, 1 bus, 9.1ms
Speed: 1.0ms preprocess, 9.1ms inference, 1.1ms postprocess per image at shape (1, 3, 384, 640)

0: 384x640 (no detections), 7.3ms
Speed: 0.9ms preprocess, 7.3ms inference, 0.3ms postprocess per image at shape (1, 3, 384, 640)

0: 384x640 3 cars, 7.5ms
Speed: 0.8ms preprocess, 7.5ms inference, 0.9ms postprocess per image at shape (1, 3, 384, 640)

0: 384x640 (no detections), 7.3ms
Speed: 0.9ms preprocess, 7.3ms inference, 0.3ms postprocess per image at shape (1, 3, 384, 640)

0: 384x640 2 cars, 9.5ms
Speed: 1.0ms preprocess, 9.5ms inference, 1.1ms postprocess per image at shape (1, 3, 384, 640)

0: 384x640 (no detections), 7.3ms
Speed: 0.9ms preprocess, 7.3ms inference, 0.5ms postprocess per image at shape (1, 3, 384, 640)

0: 384x640 1 car, 13.4ms
Speed: 1.5ms preprocess, 13.4ms inference, 2.0ms postprocess per image at shape (1, 3, 384, 640)

0: 384x640 (no detections), 7.4ms
Speed: 1.3ms preprocess, 7.4ms inference, 0.6ms postprocess per image at shape (1, 3, 384, 640)

0: 384x640 1 car, 1 bus, 2 trucks, 7.9ms
Speed: 1.1ms preprocess, 7.9ms inference, 1.0ms postprocess per image at shape (1, 3, 384, 640)

0: 384x640 (no detections), 7.3ms
Speed: 1.3ms preprocess, 7.3ms inference, 0.5ms postprocess per image at shape (1, 3, 384, 640)

0: 384x640 (no detections), 7.7ms
Speed: 1.1ms preprocess, 7.7ms inference, 0.6ms postprocess per image at shape (1, 3, 384, 640)

0: 384x640 (no detections), 7.3ms
Speed: 1.2ms preprocess, 7.3ms inference, 0.6ms postprocess per image at shape (1, 3, 384, 640)

0: 384x640 2 cars, 8.3ms
Speed: 1.1ms preprocess, 8.3ms inference, 1.0ms postprocess per image at shape (1, 3, 384, 640)

0: 384x640 (no detections), 7.7ms
Speed: 1.3ms preprocess, 7.7ms inference, 0.3ms postprocess per image at shape (1, 3, 384, 640)

0: 384x640 (no detections), 7.9ms
Speed: 1.1ms preprocess, 7.9ms inference, 0.6ms postprocess per image at shape (1, 3, 384, 640)

0: 384x640 (no detections), 7.3ms
Speed: 1.2ms preprocess, 7.3ms inference, 0.6ms postprocess per image at shape (1, 3, 384, 640)

0: 384x640 1 car, 3 buss, 7.9ms
Speed: 1.1ms preprocess, 7.9ms inference, 1.0ms postprocess per image at shape (1, 3, 384, 640)

0: 384x640 (no detections), 7.5ms
Speed: 1.3ms preprocess, 7.5ms inference, 0.5ms postprocess per image at shape (1, 3, 384, 640)

0: 384x640 (no detections), 8.0ms
Speed: 1.1ms preprocess, 8.0ms inference, 0.6ms postprocess per image at shape (1, 3, 384, 640)

0: 384x640 (no detections), 7.5ms
Speed: 1.2ms preprocess, 7.5ms inference, 0.3ms postprocess per image at shape (1, 3, 384, 640)
Processed frame 160

0: 384x640 1 car, 7.9ms
Speed: 1.1ms preprocess, 7.9ms inference, 1.0ms postprocess per image at shape (1, 3, 384, 640)

0: 384x640 (no detections), 7.5ms
Speed: 1.3ms preprocess, 7.5ms inference, 0.3ms postprocess per image at shape (1, 3, 384, 640)

0: 384x640 1 car, 7.8ms
Speed: 1.1ms preprocess, 7.8ms inference, 0.9ms postprocess per image at shape (1, 3, 384, 640)

0: 384x640 (no detections), 7.5ms
Speed: 1.2ms preprocess, 7.5ms inference, 0.3ms postprocess per image at shape (1, 3, 384, 640)

0: 384x640 (no detections), 8.0ms
Speed: 1.1ms preprocess, 8.0ms inference, 0.6ms postprocess per image at shape (1, 3, 384, 640)

0: 384x640 (no detections), 7.3ms
Speed: 1.3ms preprocess, 7.3ms inference, 0.3ms postprocess per image at shape (1, 3, 384, 640)

0: 384x640 4 cars, 4 buss, 2 trucks, 8.3ms
Speed: 1.1ms preprocess, 8.3ms inference, 1.0ms postprocess per image at shape (1, 3, 384, 640)

0: 384x640 (no detections), 7.5ms
Speed: 1.2ms preprocess, 7.5ms inference, 0.6ms postprocess per image at shape (1, 3, 384, 640)

0: 384x640 1 car, 1 truck, 8.2ms
Speed: 1.1ms preprocess, 8.2ms inference, 1.0ms postprocess per image at shape (1, 3, 384, 640)

0: 384x640 (no detections), 7.5ms
Speed: 1.5ms preprocess, 7.5ms inference, 0.3ms postprocess per image at shape (1, 3, 384, 640)

0: 384x640 3 cars, 8.1ms
Speed: 1.1ms preprocess, 8.1ms inference, 1.0ms postprocess per image at shape (1, 3, 384, 640)

0: 384x640 (no detections), 7.7ms
Speed: 1.2ms preprocess, 7.7ms inference, 0.3ms postprocess per image at shape (1, 3, 384, 640)

0: 384x640 1 car, 5 trucks, 7.6ms
Speed: 1.1ms preprocess, 7.6ms inference, 0.9ms postprocess per image at shape (1, 3, 384, 640)

0: 384x640 (no detections), 7.3ms
Speed: 1.2ms preprocess, 7.3ms inference, 0.3ms postprocess per image at shape (1, 3, 384, 640)

0: 384x640 1 car, 1 truck, 7.7ms
Speed: 1.1ms preprocess, 7.7ms inference, 0.9ms postprocess per image at shape (1, 3, 384, 640)

0: 384x640 (no detections), 7.3ms
Speed: 1.2ms preprocess, 7.3ms inference, 0.3ms postprocess per image at shape (1, 3, 384, 640)

0: 384x640 (no detections), 7.9ms
Speed: 1.1ms preprocess, 7.9ms inference, 0.6ms postprocess per image at shape (1, 3, 384, 640)

0: 384x640 (no detections), 7.5ms
Speed: 1.5ms preprocess, 7.5ms inference, 0.3ms postprocess per image at shape (1, 3, 384, 640)

0: 384x640 2 cars, 8.0ms
Speed: 1.1ms preprocess, 8.0ms inference, 1.0ms postprocess per image at shape (1, 3, 384, 640)

0: 384x640 (no detections), 7.3ms
Speed: 1.2ms preprocess, 7.3ms inference, 0.3ms postprocess per image at shape (1, 3, 384, 640)
Processed frame 170

0: 384x640 (no detections), 7.6ms
Speed: 1.1ms preprocess, 7.6ms inference, 0.6ms postprocess per image at shape (1, 3, 384, 640)

0: 384x640 (no detections), 7.3ms
Speed: 1.3ms preprocess, 7.3ms inference, 0.3ms postprocess per image at shape (1, 3, 384, 640)

0: 384x640 (no detections), 7.9ms
Speed: 1.1ms preprocess, 7.9ms inference, 0.6ms postprocess per image at shape (1, 3, 384, 640)

0: 384x640 (no detections), 7.3ms
Speed: 1.2ms preprocess, 7.3ms inference, 0.3ms postprocess per image at shape (1, 3, 384, 640)

0: 384x640 1 car, 8.0ms
Speed: 1.1ms preprocess, 8.0ms inference, 0.9ms postprocess per image at shape (1, 3, 384, 640)

0: 384x640 (no detections), 7.3ms
Speed: 1.5ms preprocess, 7.3ms inference, 0.3ms postprocess per image at shape (1, 3, 384, 640)

0: 384x640 1 car, 7.6ms
Speed: 1.1ms preprocess, 7.6ms inference, 0.9ms postprocess per image at shape (1, 3, 384, 640)

0: 384x640 (no detections), 7.3ms
Speed: 1.2ms preprocess, 7.3ms inference, 0.3ms postprocess per image at shape (1, 3, 384, 640)

0: 384x640 1 car, 8.2ms
Speed: 1.1ms preprocess, 8.2ms inference, 1.0ms postprocess per image at shape (1, 3, 384, 640)

0: 384x640 (no detections), 7.3ms
Speed: 1.5ms preprocess, 7.3ms inference, 0.3ms postprocess per image at shape (1, 3, 384, 640)

0: 384x640 (no detections), 7.7ms
Speed: 1.1ms preprocess, 7.7ms inference, 0.6ms postprocess per image at shape (1, 3, 384, 640)

0: 384x640 (no detections), 7.5ms
Speed: 1.2ms preprocess, 7.5ms inference, 0.4ms postprocess per image at shape (1, 3, 384, 640)

0: 384x640 (no detections), 7.7ms
Speed: 1.1ms preprocess, 7.7ms inference, 0.6ms postprocess per image at shape (1, 3, 384, 640)

0: 384x640 (no detections), 7.3ms
Speed: 1.3ms preprocess, 7.3ms inference, 0.3ms postprocess per image at shape (1, 3, 384, 640)

0: 384x640 (no detections), 7.6ms
Speed: 1.1ms preprocess, 7.6ms inference, 0.6ms postprocess per image at shape (1, 3, 384, 640)

0: 384x640 (no detections), 7.3ms
Speed: 1.2ms preprocess, 7.3ms inference, 0.3ms postprocess per image at shape (1, 3, 384, 640)

0: 384x640 1 car, 7.8ms
Speed: 1.1ms preprocess, 7.8ms inference, 1.0ms postprocess per image at shape (1, 3, 384, 640)

0: 384x640 (no detections), 7.7ms
Speed: 1.3ms preprocess, 7.7ms inference, 0.3ms postprocess per image at shape (1, 3, 384, 640)

0: 384x640 (no detections), 7.6ms
Speed: 1.1ms preprocess, 7.6ms inference, 0.6ms postprocess per image at shape (1, 3, 384, 640)

0: 384x640 (no detections), 7.3ms
Speed: 1.2ms preprocess, 7.3ms inference, 0.3ms postprocess per image at shape (1, 3, 384, 640)
Processed frame 180

0: 384x640 (no detections), 8.0ms
Speed: 1.1ms preprocess, 8.0ms inference, 0.6ms postprocess per image at shape (1, 3, 384, 640)

0: 384x640 (no detections), 7.3ms
Speed: 1.3ms preprocess, 7.3ms inference, 0.3ms postprocess per image at shape (1, 3, 384, 640)

0: 384x640 (no detections), 8.0ms
Speed: 1.1ms preprocess, 8.0ms inference, 0.6ms postprocess per image at shape (1, 3, 384, 640)

0: 384x640 (no detections), 7.7ms
Speed: 1.2ms preprocess, 7.7ms inference, 0.3ms postprocess per image at shape (1, 3, 384, 640)

0: 384x640 (no detections), 7.9ms
Speed: 1.1ms preprocess, 7.9ms inference, 0.6ms postprocess per image at shape (1, 3, 384, 640)

0: 384x640 (no detections), 7.3ms
Speed: 1.3ms preprocess, 7.3ms inference, 0.4ms postprocess per image at shape (1, 3, 384, 640)

0: 384x640 (no detections), 7.9ms
Speed: 1.1ms preprocess, 7.9ms inference, 0.6ms postprocess per image at shape (1, 3, 384, 640)

0: 384x640 (no detections), 7.7ms
Speed: 1.3ms preprocess, 7.7ms inference, 0.3ms postprocess per image at shape (1, 3, 384, 640)

0: 384x640 (no detections), 7.9ms
Speed: 1.1ms preprocess, 7.9ms inference, 0.6ms postprocess per image at shape (1, 3, 384, 640)

0: 384x640 (no detections), 7.7ms
Speed: 1.3ms preprocess, 7.7ms inference, 0.3ms postprocess per image at shape (1, 3, 384, 640)

0: 384x640 (no detections), 8.1ms
Speed: 1.2ms preprocess, 8.1ms inference, 0.7ms postprocess per image at shape (1, 3, 384, 640)

0: 384x640 (no detections), 7.3ms
Speed: 1.2ms preprocess, 7.3ms inference, 0.3ms postprocess per image at shape (1, 3, 384, 640)

0: 384x640 (no detections), 7.9ms
Speed: 1.1ms preprocess, 7.9ms inference, 0.6ms postprocess per image at shape (1, 3, 384, 640)

0: 384x640 (no detections), 7.7ms
Speed: 1.3ms preprocess, 7.7ms inference, 0.3ms postprocess per image at shape (1, 3, 384, 640)

0: 384x640 2 cars, 7.6ms
Speed: 1.1ms preprocess, 7.6ms inference, 1.0ms postprocess per image at shape (1, 3, 384, 640)

0: 384x640 (no detections), 7.3ms
Speed: 1.2ms preprocess, 7.3ms inference, 0.3ms postprocess per image at shape (1, 3, 384, 640)

0: 384x640 (no detections), 7.8ms
Speed: 1.1ms preprocess, 7.8ms inference, 0.6ms postprocess per image at shape (1, 3, 384, 640)

0: 384x640 (no detections), 7.5ms
Speed: 1.3ms preprocess, 7.5ms inference, 0.3ms postprocess per image at shape (1, 3, 384, 640)

0: 384x640 1 car, 7.7ms
Speed: 1.1ms preprocess, 7.7ms inference, 1.0ms postprocess per image at shape (1, 3, 384, 640)

0: 384x640 (no detections), 7.5ms
Speed: 1.2ms preprocess, 7.5ms inference, 0.3ms postprocess per image at shape (1, 3, 384, 640)
Processed frame 190

0: 384x640 (no detections), 7.6ms
Speed: 1.1ms preprocess, 7.6ms inference, 0.6ms postprocess per image at shape (1, 3, 384, 640)

0: 384x640 (no detections), 7.3ms
Speed: 1.3ms preprocess, 7.3ms inference, 0.5ms postprocess per image at shape (1, 3, 384, 640)

0: 384x640 (no detections), 7.7ms
Speed: 1.1ms preprocess, 7.7ms inference, 0.6ms postprocess per image at shape (1, 3, 384, 640)

0: 384x640 (no detections), 7.5ms
Speed: 1.2ms preprocess, 7.5ms inference, 0.3ms postprocess per image at shape (1, 3, 384, 640)

0: 384x640 (no detections), 7.9ms
Speed: 1.1ms preprocess, 7.9ms inference, 0.6ms postprocess per image at shape (1, 3, 384, 640)

0: 384x640 (no detections), 7.3ms
Speed: 1.5ms preprocess, 7.3ms inference, 0.3ms postprocess per image at shape (1, 3, 384, 640)

0: 384x640 (no detections), 7.6ms
Speed: 1.1ms preprocess, 7.6ms inference, 0.6ms postprocess per image at shape (1, 3, 384, 640)

0: 384x640 (no detections), 7.3ms
Speed: 1.2ms preprocess, 7.3ms inference, 0.6ms postprocess per image at shape (1, 3, 384, 640)

0: 384x640 (no detections), 7.6ms
Speed: 1.1ms preprocess, 7.6ms inference, 0.6ms postprocess per image at shape (1, 3, 384, 640)

0: 384x640 (no detections), 7.3ms
Speed: 1.3ms preprocess, 7.3ms inference, 0.5ms postprocess per image at shape (1, 3, 384, 640)

0: 384x640 (no detections), 7.6ms
Speed: 1.1ms preprocess, 7.6ms inference, 0.6ms postprocess per image at shape (1, 3, 384, 640)

0: 384x640 (no detections), 7.3ms
Speed: 1.2ms preprocess, 7.3ms inference, 0.5ms postprocess per image at shape (1, 3, 384, 640)

0: 384x640 (no detections), 7.6ms
Speed: 1.1ms preprocess, 7.6ms inference, 0.6ms postprocess per image at shape (1, 3, 384, 640)

0: 384x640 (no detections), 7.3ms
Speed: 1.3ms preprocess, 7.3ms inference, 0.6ms postprocess per image at shape (1, 3, 384, 640)

0: 384x640 2 cars, 7.6ms
Speed: 1.1ms preprocess, 7.6ms inference, 1.0ms postprocess per image at shape (1, 3, 384, 640)

0: 384x640 (no detections), 10.7ms
Speed: 1.2ms preprocess, 10.7ms inference, 0.6ms postprocess per image at shape (1, 3, 384, 640)

0: 384x640 (no detections), 8.2ms
Speed: 1.1ms preprocess, 8.2ms inference, 0.6ms postprocess per image at shape (1, 3, 384, 640)

0: 384x640 (no detections), 7.7ms
Speed: 1.3ms preprocess, 7.7ms inference, 0.5ms postprocess per image at shape (1, 3, 384, 640)

0: 384x640 (no detections), 8.2ms
Speed: 2.4ms preprocess, 8.2ms inference, 0.6ms postprocess per image at shape (1, 3, 384, 640)

0: 384x640 (no detections), 7.7ms
Speed: 1.2ms preprocess, 7.7ms inference, 0.6ms postprocess per image at shape (1, 3, 384, 640)
Processed frame 200

0: 384x640 2 cars, 7.6ms
Speed: 1.1ms preprocess, 7.6ms inference, 0.9ms postprocess per image at shape (1, 3, 384, 640)

0: 384x640 (no detections), 7.3ms
Speed: 1.2ms preprocess, 7.3ms inference, 0.5ms postprocess per image at shape (1, 3, 384, 640)

0: 384x640 (no detections), 8.2ms
Speed: 1.1ms preprocess, 8.2ms inference, 0.6ms postprocess per image at shape (1, 3, 384, 640)

0: 384x640 (no detections), 7.7ms
Speed: 1.2ms preprocess, 7.7ms inference, 0.6ms postprocess per image at shape (1, 3, 384, 640)

0: 384x640 1 car, 7.9ms
Speed: 1.1ms preprocess, 7.9ms inference, 0.9ms postprocess per image at shape (1, 3, 384, 640)

0: 384x640 (no detections), 7.3ms
Speed: 1.5ms preprocess, 7.3ms inference, 0.5ms postprocess per image at shape (1, 3, 384, 640)

0: 384x640 1 car, 7.7ms
Speed: 1.1ms preprocess, 7.7ms inference, 0.9ms postprocess per image at shape (1, 3, 384, 640)

0: 384x640 (no detections), 7.3ms
Speed: 1.2ms preprocess, 7.3ms inference, 0.3ms postprocess per image at shape (1, 3, 384, 640)

0: 384x640 1 truck, 7.9ms
Speed: 1.1ms preprocess, 7.9ms inference, 0.9ms postprocess per image at shape (1, 3, 384, 640)

0: 384x640 (no detections), 7.7ms
Speed: 1.3ms preprocess, 7.7ms inference, 0.3ms postprocess per image at shape (1, 3, 384, 640)

0: 384x640 1 car, 7.7ms
Speed: 1.1ms preprocess, 7.7ms inference, 1.0ms postprocess per image at shape (1, 3, 384, 640)

0: 384x640 (no detections), 7.3ms
Speed: 1.2ms preprocess, 7.3ms inference, 0.3ms postprocess per image at shape (1, 3, 384, 640)

0: 384x640 (no detections), 8.0ms
Speed: 1.1ms preprocess, 8.0ms inference, 0.6ms postprocess per image at shape (1, 3, 384, 640)

0: 384x640 (no detections), 7.7ms
Speed: 1.3ms preprocess, 7.7ms inference, 0.6ms postprocess per image at shape (1, 3, 384, 640)

0: 384x640 (no detections), 7.8ms
Speed: 1.1ms preprocess, 7.8ms inference, 0.6ms postprocess per image at shape (1, 3, 384, 640)

0: 384x640 (no detections), 7.6ms
Speed: 1.3ms preprocess, 7.6ms inference, 0.3ms postprocess per image at shape (1, 3, 384, 640)

0: 384x640 (no detections), 7.5ms
Speed: 1.1ms preprocess, 7.5ms inference, 0.6ms postprocess per image at shape (1, 3, 384, 640)

0: 384x640 (no detections), 7.3ms
Speed: 1.2ms preprocess, 7.3ms inference, 0.3ms postprocess per image at shape (1, 3, 384, 640)

0: 384x640 1 car, 7.5ms
Speed: 1.1ms preprocess, 7.5ms inference, 0.9ms postprocess per image at shape (1, 3, 384, 640)

0: 384x640 (no detections), 7.3ms
Speed: 1.2ms preprocess, 7.3ms inference, 0.3ms postprocess per image at shape (1, 3, 384, 640)
Processed frame 210

0: 384x640 (no detections), 7.5ms
Speed: 1.1ms preprocess, 7.5ms inference, 0.6ms postprocess per image at shape (1, 3, 384, 640)

0: 384x640 (no detections), 7.3ms
Speed: 1.2ms preprocess, 7.3ms inference, 0.3ms postprocess per image at shape (1, 3, 384, 640)

0: 384x640 (no detections), 8.0ms
Speed: 1.1ms preprocess, 8.0ms inference, 0.6ms postprocess per image at shape (1, 3, 384, 640)

0: 384x640 (no detections), 7.3ms
Speed: 1.2ms preprocess, 7.3ms inference, 0.3ms postprocess per image at shape (1, 3, 384, 640)

0: 384x640 (no detections), 8.2ms
Speed: 1.2ms preprocess, 8.2ms inference, 0.7ms postprocess per image at shape (1, 3, 384, 640)

0: 384x640 (no detections), 7.3ms
Speed: 1.3ms preprocess, 7.3ms inference, 0.3ms postprocess per image at shape (1, 3, 384, 640)

0: 384x640 2 cars, 7.8ms
Speed: 1.1ms preprocess, 7.8ms inference, 1.0ms postprocess per image at shape (1, 3, 384, 640)

0: 384x640 (no detections), 7.6ms
Speed: 1.2ms preprocess, 7.6ms inference, 0.5ms postprocess per image at shape (1, 3, 384, 640)

0: 384x640 1 car, 7.7ms
Speed: 1.1ms preprocess, 7.7ms inference, 0.9ms postprocess per image at shape (1, 3, 384, 640)

0: 384x640 (no detections), 7.7ms
Speed: 1.3ms preprocess, 7.7ms inference, 0.3ms postprocess per image at shape (1, 3, 384, 640)

0: 384x640 (no detections), 7.9ms
Speed: 1.1ms preprocess, 7.9ms inference, 0.6ms postprocess per image at shape (1, 3, 384, 640)

0: 384x640 (no detections), 7.5ms
Speed: 1.2ms preprocess, 7.5ms inference, 0.3ms postprocess per image at shape (1, 3, 384, 640)

0: 384x640 1 car, 1 truck, 7.8ms
Speed: 1.1ms preprocess, 7.8ms inference, 0.9ms postprocess per image at shape (1, 3, 384, 640)

0: 384x640 (no detections), 7.7ms
Speed: 1.3ms preprocess, 7.7ms inference, 0.5ms postprocess per image at shape (1, 3, 384, 640)

0: 384x640 (no detections), 7.8ms
Speed: 1.1ms preprocess, 7.8ms inference, 0.6ms postprocess per image at shape (1, 3, 384, 640)

0: 384x640 (no detections), 7.5ms
Speed: 1.2ms preprocess, 7.5ms inference, 0.5ms postprocess per image at shape (1, 3, 384, 640)

0: 384x640 1 car, 2 trucks, 7.8ms
Speed: 1.1ms preprocess, 7.8ms inference, 0.9ms postprocess per image at shape (1, 3, 384, 640)

0: 384x640 (no detections), 7.7ms
Speed: 1.3ms preprocess, 7.7ms inference, 0.5ms postprocess per image at shape (1, 3, 384, 640)

0: 384x640 (no detections), 7.9ms
Speed: 1.1ms preprocess, 7.9ms inference, 0.6ms postprocess per image at shape (1, 3, 384, 640)

0: 384x640 (no detections), 7.5ms
Speed: 1.2ms preprocess, 7.5ms inference, 0.3ms postprocess per image at shape (1, 3, 384, 640)
Processed frame 220

0: 384x640 1 car, 7.8ms
Speed: 1.1ms preprocess, 7.8ms inference, 0.9ms postprocess per image at shape (1, 3, 384, 640)

0: 384x640 (no detections), 7.5ms
Speed: 1.3ms preprocess, 7.5ms inference, 0.3ms postprocess per image at shape (1, 3, 384, 640)

0: 384x640 1 car, 7.8ms
Speed: 1.1ms preprocess, 7.8ms inference, 0.9ms postprocess per image at shape (1, 3, 384, 640)

0: 384x640 (no detections), 7.7ms
Speed: 1.2ms preprocess, 7.7ms inference, 0.3ms postprocess per image at shape (1, 3, 384, 640)

0: 384x640 (no detections), 7.9ms
Speed: 1.1ms preprocess, 7.9ms inference, 0.6ms postprocess per image at shape (1, 3, 384, 640)

0: 384x640 (no detections), 7.7ms
Speed: 1.3ms preprocess, 7.7ms inference, 0.3ms postprocess per image at shape (1, 3, 384, 640)

0: 384x640 (no detections), 7.8ms
Speed: 1.1ms preprocess, 7.8ms inference, 0.6ms postprocess per image at shape (1, 3, 384, 640)

0: 384x640 (no detections), 7.7ms
Speed: 1.3ms preprocess, 7.7ms inference, 0.3ms postprocess per image at shape (1, 3, 384, 640)

0: 384x640 2 cars, 7.7ms
Speed: 1.1ms preprocess, 7.7ms inference, 1.0ms postprocess per image at shape (1, 3, 384, 640)

0: 384x640 (no detections), 7.3ms
Speed: 1.3ms preprocess, 7.3ms inference, 0.6ms postprocess per image at shape (1, 3, 384, 640)

0: 384x640 (no detections), 7.5ms
Speed: 1.1ms preprocess, 7.5ms inference, 0.6ms postprocess per image at shape (1, 3, 384, 640)

0: 384x640 (no detections), 7.3ms
Speed: 1.2ms preprocess, 7.3ms inference, 0.3ms postprocess per image at shape (1, 3, 384, 640)

0: 384x640 (no detections), 8.0ms
Speed: 1.1ms preprocess, 8.0ms inference, 0.6ms postprocess per image at shape (1, 3, 384, 640)

0: 384x640 (no detections), 7.5ms
Speed: 1.2ms preprocess, 7.5ms inference, 0.3ms postprocess per image at shape (1, 3, 384, 640)

0: 384x640 2 cars, 2 trucks, 7.5ms
Speed: 1.1ms preprocess, 7.5ms inference, 0.9ms postprocess per image at shape (1, 3, 384, 640)

0: 384x640 (no detections), 7.5ms
Speed: 1.2ms preprocess, 7.5ms inference, 0.6ms postprocess per image at shape (1, 3, 384, 640)

0: 384x640 1 car, 7.9ms
Speed: 1.1ms preprocess, 7.9ms inference, 0.9ms postprocess per image at shape (1, 3, 384, 640)

0: 384x640 (no detections), 7.5ms
Speed: 1.3ms preprocess, 7.5ms inference, 0.5ms postprocess per image at shape (1, 3, 384, 640)

0: 384x640 (no detections), 7.5ms
Speed: 1.1ms preprocess, 7.5ms inference, 0.6ms postprocess per image at shape (1, 3, 384, 640)

0: 384x640 (no detections), 7.3ms
Speed: 1.2ms preprocess, 7.3ms inference, 0.5ms postprocess per image at shape (1, 3, 384, 640)
Processed frame 230

0: 384x640 4 cars, 7.8ms
Speed: 1.1ms preprocess, 7.8ms inference, 0.9ms postprocess per image at shape (1, 3, 384, 640)

0: 384x640 (no detections), 7.5ms
Speed: 1.3ms preprocess, 7.5ms inference, 0.5ms postprocess per image at shape (1, 3, 384, 640)

0: 384x640 (no detections), 7.8ms
Speed: 1.1ms preprocess, 7.8ms inference, 0.6ms postprocess per image at shape (1, 3, 384, 640)

0: 384x640 (no detections), 7.3ms
Speed: 1.2ms preprocess, 7.3ms inference, 0.5ms postprocess per image at shape (1, 3, 384, 640)

0: 384x640 1 bus, 2 trucks, 7.6ms
Speed: 1.1ms preprocess, 7.6ms inference, 0.9ms postprocess per image at shape (1, 3, 384, 640)

0: 384x640 (no detections), 7.3ms
Speed: 1.3ms preprocess, 7.3ms inference, 0.5ms postprocess per image at shape (1, 3, 384, 640)

0: 384x640 2 cars, 7.6ms
Speed: 1.1ms preprocess, 7.6ms inference, 0.9ms postprocess per image at shape (1, 3, 384, 640)

0: 384x640 (no detections), 7.3ms
Speed: 1.2ms preprocess, 7.3ms inference, 0.5ms postprocess per image at shape (1, 3, 384, 640)

0: 384x640 (no detections), 7.6ms
Speed: 1.1ms preprocess, 7.6ms inference, 0.6ms postprocess per image at shape (1, 3, 384, 640)

0: 384x640 (no detections), 7.3ms
Speed: 1.2ms preprocess, 7.3ms inference, 0.5ms postprocess per image at shape (1, 3, 384, 640)

0: 384x640 1 car, 7.9ms
Speed: 1.1ms preprocess, 7.9ms inference, 0.9ms postprocess per image at shape (1, 3, 384, 640)

0: 384x640 (no detections), 7.5ms
Speed: 1.2ms preprocess, 7.5ms inference, 0.5ms postprocess per image at shape (1, 3, 384, 640)

0: 384x640 1 car, 7.6ms
Speed: 1.1ms preprocess, 7.6ms inference, 0.9ms postprocess per image at shape (1, 3, 384, 640)

0: 384x640 (no detections), 7.3ms
Speed: 1.2ms preprocess, 7.3ms inference, 0.6ms postprocess per image at shape (1, 3, 384, 640)

0: 384x640 2 cars, 12.5ms
Speed: 1.8ms preprocess, 12.5ms inference, 1.0ms postprocess per image at shape (1, 3, 384, 640)

0: 384x640 (no detections), 7.3ms
Speed: 1.2ms preprocess, 7.3ms inference, 0.5ms postprocess per image at shape (1, 3, 384, 640)

0: 384x640 2 cars, 7.8ms
Speed: 1.1ms preprocess, 7.8ms inference, 0.9ms postprocess per image at shape (1, 3, 384, 640)

0: 384x640 (no detections), 7.3ms
Speed: 1.4ms preprocess, 7.3ms inference, 0.5ms postprocess per image at shape (1, 3, 384, 640)

0: 384x640 (no detections), 7.6ms
Speed: 1.1ms preprocess, 7.6ms inference, 0.6ms postprocess per image at shape (1, 3, 384, 640)

0: 384x640 (no detections), 7.5ms
Speed: 1.2ms preprocess, 7.5ms inference, 0.5ms postprocess per image at shape (1, 3, 384, 640)
Processed frame 240

0: 384x640 (no detections), 7.8ms
Speed: 1.1ms preprocess, 7.8ms inference, 0.6ms postprocess per image at shape (1, 3, 384, 640)

0: 384x640 (no detections), 7.3ms
Speed: 1.3ms preprocess, 7.3ms inference, 0.6ms postprocess per image at shape (1, 3, 384, 640)

0: 384x640 1 car, 7.5ms
Speed: 1.1ms preprocess, 7.5ms inference, 0.9ms postprocess per image at shape (1, 3, 384, 640)

0: 384x640 (no detections), 7.5ms
Speed: 1.2ms preprocess, 7.5ms inference, 0.5ms postprocess per image at shape (1, 3, 384, 640)

0: 384x640 1 car, 2 buss, 7.6ms
Speed: 1.1ms preprocess, 7.6ms inference, 0.9ms postprocess per image at shape (1, 3, 384, 640)

0: 384x640 (no detections), 7.3ms
Speed: 1.3ms preprocess, 7.3ms inference, 0.5ms postprocess per image at shape (1, 3, 384, 640)

0: 384x640 (no detections), 7.5ms
Speed: 1.1ms preprocess, 7.5ms inference, 0.6ms postprocess per image at shape (1, 3, 384, 640)

0: 384x640 (no detections), 7.3ms
Speed: 1.2ms preprocess, 7.3ms inference, 0.5ms postprocess per image at shape (1, 3, 384, 640)

0: 384x640 (no detections), 10.3ms
Speed: 1.1ms preprocess, 10.3ms inference, 0.6ms postprocess per image at shape (1, 3, 384, 640)

0: 384x640 (no detections), 7.3ms
Speed: 1.3ms preprocess, 7.3ms inference, 0.6ms postprocess per image at shape (1, 3, 384, 640)

0: 384x640 (no detections), 8.0ms
Speed: 1.1ms preprocess, 8.0ms inference, 0.6ms postprocess per image at shape (1, 3, 384, 640)

0: 384x640 (no detections), 7.5ms
Speed: 1.4ms preprocess, 7.5ms inference, 0.6ms postprocess per image at shape (1, 3, 384, 640)

0: 384x640 1 car, 7.9ms
Speed: 1.1ms preprocess, 7.9ms inference, 1.0ms postprocess per image at shape (1, 3, 384, 640)

0: 384x640 (no detections), 7.5ms
Speed: 1.5ms preprocess, 7.5ms inference, 0.5ms postprocess per image at shape (1, 3, 384, 640)

0: 384x640 (no detections), 8.0ms
Speed: 1.1ms preprocess, 8.0ms inference, 0.6ms postprocess per image at shape (1, 3, 384, 640)

0: 384x640 (no detections), 7.5ms
Speed: 1.4ms preprocess, 7.5ms inference, 0.6ms postprocess per image at shape (1, 3, 384, 640)

0: 384x640 1 car, 7.6ms
Speed: 1.1ms preprocess, 7.6ms inference, 0.9ms postprocess per image at shape (1, 3, 384, 640)

0: 384x640 (no detections), 7.3ms
Speed: 1.3ms preprocess, 7.3ms inference, 0.5ms postprocess per image at shape (1, 3, 384, 640)

0: 384x640 2 cars, 8.4ms
Speed: 2.4ms preprocess, 8.4ms inference, 1.0ms postprocess per image at shape (1, 3, 384, 640)

0: 384x640 (no detections), 7.5ms
Speed: 1.4ms preprocess, 7.5ms inference, 0.6ms postprocess per image at shape (1, 3, 384, 640)
Processed frame 250

0: 384x640 (no detections), 7.8ms
Speed: 1.1ms preprocess, 7.8ms inference, 0.6ms postprocess per image at shape (1, 3, 384, 640)

0: 384x640 (no detections), 7.3ms
Speed: 1.2ms preprocess, 7.3ms inference, 0.6ms postprocess per image at shape (1, 3, 384, 640)

0: 384x640 1 bus, 7.6ms
Speed: 1.1ms preprocess, 7.6ms inference, 0.9ms postprocess per image at shape (1, 3, 384, 640)

0: 384x640 (no detections), 7.3ms
Speed: 1.2ms preprocess, 7.3ms inference, 0.3ms postprocess per image at shape (1, 3, 384, 640)

0: 384x640 1 car, 7.7ms
Speed: 1.1ms preprocess, 7.7ms inference, 1.0ms postprocess per image at shape (1, 3, 384, 640)

0: 384x640 (no detections), 7.3ms
Speed: 1.2ms preprocess, 7.3ms inference, 0.6ms postprocess per image at shape (1, 3, 384, 640)

0: 384x640 1 car, 7.6ms
Speed: 1.1ms preprocess, 7.6ms inference, 0.9ms postprocess per image at shape (1, 3, 384, 640)

0: 384x640 (no detections), 7.3ms
Speed: 1.2ms preprocess, 7.3ms inference, 0.5ms postprocess per image at shape (1, 3, 384, 640)

0: 384x640 1 car, 7.8ms
Speed: 1.1ms preprocess, 7.8ms inference, 0.9ms postprocess per image at shape (1, 3, 384, 640)

0: 384x640 (no detections), 7.3ms
Speed: 1.5ms preprocess, 7.3ms inference, 0.5ms postprocess per image at shape (1, 3, 384, 640)

0: 384x640 2 cars, 7.7ms
Speed: 1.1ms preprocess, 7.7ms inference, 1.0ms postprocess per image at shape (1, 3, 384, 640)

0: 384x640 (no detections), 7.3ms
Speed: 1.2ms preprocess, 7.3ms inference, 0.5ms postprocess per image at shape (1, 3, 384, 640)

0: 384x640 1 car, 7.7ms
Speed: 1.1ms preprocess, 7.7ms inference, 0.9ms postprocess per image at shape (1, 3, 384, 640)

0: 384x640 (no detections), 7.3ms
Speed: 1.2ms preprocess, 7.3ms inference, 0.5ms postprocess per image at shape (1, 3, 384, 640)

0: 384x640 1 car, 7.8ms
Speed: 1.1ms preprocess, 7.8ms inference, 0.9ms postprocess per image at shape (1, 3, 384, 640)

0: 384x640 (no detections), 7.3ms
Speed: 1.2ms preprocess, 7.3ms inference, 0.5ms postprocess per image at shape (1, 3, 384, 640)

0: 384x640 (no detections), 7.9ms
Speed: 1.1ms preprocess, 7.9ms inference, 0.6ms postprocess per image at shape (1, 3, 384, 640)

0: 384x640 (no detections), 7.7ms
Speed: 1.3ms preprocess, 7.7ms inference, 0.6ms postprocess per image at shape (1, 3, 384, 640)

0: 384x640 2 cars, 7.8ms
Speed: 1.1ms preprocess, 7.8ms inference, 1.0ms postprocess per image at shape (1, 3, 384, 640)

0: 384x640 (no detections), 7.7ms
Speed: 1.2ms preprocess, 7.7ms inference, 0.6ms postprocess per image at shape (1, 3, 384, 640)
Processed frame 260

0: 384x640 2 cars, 8.0ms
Speed: 1.1ms preprocess, 8.0ms inference, 1.0ms postprocess per image at shape (1, 3, 384, 640)

0: 384x640 (no detections), 7.5ms
Speed: 1.3ms preprocess, 7.5ms inference, 0.6ms postprocess per image at shape (1, 3, 384, 640)

0: 384x640 1 car, 7.6ms
Speed: 1.1ms preprocess, 7.6ms inference, 0.9ms postprocess per image at shape (1, 3, 384, 640)

0: 384x640 (no detections), 7.3ms
Speed: 1.2ms preprocess, 7.3ms inference, 0.5ms postprocess per image at shape (1, 3, 384, 640)

0: 384x640 1 car, 7.8ms
Speed: 1.1ms preprocess, 7.8ms inference, 0.9ms postprocess per image at shape (1, 3, 384, 640)

0: 384x640 (no detections), 7.5ms
Speed: 1.5ms preprocess, 7.5ms inference, 0.5ms postprocess per image at shape (1, 3, 384, 640)

0: 384x640 2 cars, 1 bus, 7.6ms
Speed: 1.1ms preprocess, 7.6ms inference, 0.9ms postprocess per image at shape (1, 3, 384, 640)

0: 384x640 (no detections), 7.3ms
Speed: 1.2ms preprocess, 7.3ms inference, 0.5ms postprocess per image at shape (1, 3, 384, 640)

0: 384x640 (no detections), 7.6ms
Speed: 1.1ms preprocess, 7.6ms inference, 0.6ms postprocess per image at shape (1, 3, 384, 640)

0: 384x640 (no detections), 7.3ms
Speed: 1.3ms preprocess, 7.3ms inference, 0.5ms postprocess per image at shape (1, 3, 384, 640)

0: 384x640 1 car, 8.0ms
Speed: 1.1ms preprocess, 8.0ms inference, 0.9ms postprocess per image at shape (1, 3, 384, 640)

0: 384x640 (no detections), 7.3ms
Speed: 1.2ms preprocess, 7.3ms inference, 0.5ms postprocess per image at shape (1, 3, 384, 640)

0: 384x640 1 car, 1 bus, 7.6ms
Speed: 1.1ms preprocess, 7.6ms inference, 1.0ms postprocess per image at shape (1, 3, 384, 640)

0: 384x640 (no detections), 7.3ms
Speed: 1.2ms preprocess, 7.3ms inference, 0.5ms postprocess per image at shape (1, 3, 384, 640)

0: 384x640 3 cars, 7.8ms
Speed: 1.1ms preprocess, 7.8ms inference, 0.9ms postprocess per image at shape (1, 3, 384, 640)

0: 384x640 (no detections), 7.7ms
Speed: 1.2ms preprocess, 7.7ms inference, 0.5ms postprocess per image at shape (1, 3, 384, 640)

0: 384x640 1 car, 7.8ms
Speed: 1.1ms preprocess, 7.8ms inference, 0.9ms postprocess per image at shape (1, 3, 384, 640)

0: 384x640 (no detections), 7.5ms
Speed: 1.5ms preprocess, 7.5ms inference, 0.5ms postprocess per image at shape (1, 3, 384, 640)

0: 384x640 (no detections), 7.6ms
Speed: 1.1ms preprocess, 7.6ms inference, 0.6ms postprocess per image at shape (1, 3, 384, 640)

0: 384x640 (no detections), 7.3ms
Speed: 1.2ms preprocess, 7.3ms inference, 0.5ms postprocess per image at shape (1, 3, 384, 640)
Processed frame 270

0: 384x640 1 car, 7.9ms
Speed: 1.1ms preprocess, 7.9ms inference, 0.9ms postprocess per image at shape (1, 3, 384, 640)

0: 384x640 (no detections), 7.3ms
Speed: 1.2ms preprocess, 7.3ms inference, 0.3ms postprocess per image at shape (1, 3, 384, 640)

0: 384x640 (no detections), 7.6ms
Speed: 1.1ms preprocess, 7.6ms inference, 0.6ms postprocess per image at shape (1, 3, 384, 640)

0: 384x640 (no detections), 7.3ms
Speed: 1.2ms preprocess, 7.3ms inference, 0.3ms postprocess per image at shape (1, 3, 384, 640)

0: 384x640 1 car, 1 bus, 8.1ms
Speed: 1.1ms preprocess, 8.1ms inference, 0.9ms postprocess per image at shape (1, 3, 384, 640)

0: 384x640 (no detections), 7.5ms
Speed: 1.3ms preprocess, 7.5ms inference, 0.3ms postprocess per image at shape (1, 3, 384, 640)

0: 384x640 (no detections), 7.6ms
Speed: 1.1ms preprocess, 7.6ms inference, 0.6ms postprocess per image at shape (1, 3, 384, 640)

0: 384x640 (no detections), 7.3ms
Speed: 1.2ms preprocess, 7.3ms inference, 0.3ms postprocess per image at shape (1, 3, 384, 640)

0: 384x640 4 cars, 1 bus, 7.9ms
Speed: 1.1ms preprocess, 7.9ms inference, 0.9ms postprocess per image at shape (1, 3, 384, 640)

0: 384x640 (no detections), 7.7ms
Speed: 1.3ms preprocess, 7.7ms inference, 0.3ms postprocess per image at shape (1, 3, 384, 640)

0: 384x640 1 car, 7.9ms
Speed: 1.1ms preprocess, 7.9ms inference, 1.0ms postprocess per image at shape (1, 3, 384, 640)

0: 384x640 (no detections), 7.5ms
Speed: 1.3ms preprocess, 7.5ms inference, 0.3ms postprocess per image at shape (1, 3, 384, 640)

0: 384x640 (no detections), 7.9ms
Speed: 1.1ms preprocess, 7.9ms inference, 0.6ms postprocess per image at shape (1, 3, 384, 640)

0: 384x640 (no detections), 7.5ms
Speed: 1.4ms preprocess, 7.5ms inference, 0.3ms postprocess per image at shape (1, 3, 384, 640)

0: 384x640 (no detections), 7.9ms
Speed: 1.1ms preprocess, 7.9ms inference, 0.6ms postprocess per image at shape (1, 3, 384, 640)

0: 384x640 (no detections), 7.7ms
Speed: 1.2ms preprocess, 7.7ms inference, 0.3ms postprocess per image at shape (1, 3, 384, 640)

0: 384x640 1 car, 7.8ms
Speed: 1.1ms preprocess, 7.8ms inference, 1.0ms postprocess per image at shape (1, 3, 384, 640)

0: 384x640 (no detections), 7.3ms
Speed: 1.2ms preprocess, 7.3ms inference, 0.3ms postprocess per image at shape (1, 3, 384, 640)

0: 384x640 3 cars, 1 bus, 7.9ms
Speed: 1.1ms preprocess, 7.9ms inference, 1.0ms postprocess per image at shape (1, 3, 384, 640)

0: 384x640 (no detections), 7.5ms
Speed: 1.3ms preprocess, 7.5ms inference, 0.3ms postprocess per image at shape (1, 3, 384, 640)
Processed frame 280

0: 384x640 1 bus, 7.9ms
Speed: 1.1ms preprocess, 7.9ms inference, 0.9ms postprocess per image at shape (1, 3, 384, 640)

0: 384x640 (no detections), 7.7ms
Speed: 1.3ms preprocess, 7.7ms inference, 0.3ms postprocess per image at shape (1, 3, 384, 640)

0: 384x640 2 cars, 7.7ms
Speed: 1.1ms preprocess, 7.7ms inference, 1.0ms postprocess per image at shape (1, 3, 384, 640)

0: 384x640 (no detections), 7.3ms
Speed: 1.2ms preprocess, 7.3ms inference, 0.3ms postprocess per image at shape (1, 3, 384, 640)

0: 384x640 (no detections), 8.0ms
Speed: 1.1ms preprocess, 8.0ms inference, 0.6ms postprocess per image at shape (1, 3, 384, 640)

0: 384x640 (no detections), 7.3ms
Speed: 1.5ms preprocess, 7.3ms inference, 0.3ms postprocess per image at shape (1, 3, 384, 640)

0: 384x640 (no detections), 7.9ms
Speed: 1.1ms preprocess, 7.9ms inference, 0.6ms postprocess per image at shape (1, 3, 384, 640)

0: 384x640 (no detections), 7.7ms
Speed: 1.3ms preprocess, 7.7ms inference, 0.6ms postprocess per image at shape (1, 3, 384, 640)

0: 384x640 (no detections), 7.6ms
Speed: 1.1ms preprocess, 7.6ms inference, 0.6ms postprocess per image at shape (1, 3, 384, 640)

0: 384x640 (no detections), 7.3ms
Speed: 1.3ms preprocess, 7.3ms inference, 0.6ms postprocess per image at shape (1, 3, 384, 640)

0: 384x640 1 car, 1 bus, 7.9ms
Speed: 1.1ms preprocess, 7.9ms inference, 0.9ms postprocess per image at shape (1, 3, 384, 640)

0: 384x640 (no detections), 7.7ms
Speed: 1.2ms preprocess, 7.7ms inference, 0.5ms postprocess per image at shape (1, 3, 384, 640)

0: 384x640 1 car, 8.3ms
Speed: 1.1ms preprocess, 8.3ms inference, 0.9ms postprocess per image at shape (1, 3, 384, 640)

0: 384x640 (no detections), 7.3ms
Speed: 1.3ms preprocess, 7.3ms inference, 0.3ms postprocess per image at shape (1, 3, 384, 640)

0: 384x640 (no detections), 7.5ms
Speed: 1.1ms preprocess, 7.5ms inference, 0.6ms postprocess per image at shape (1, 3, 384, 640)

0: 384x640 (no detections), 7.3ms
Speed: 1.2ms preprocess, 7.3ms inference, 0.5ms postprocess per image at shape (1, 3, 384, 640)

0: 384x640 1 car, 7.7ms
Speed: 1.1ms preprocess, 7.7ms inference, 0.9ms postprocess per image at shape (1, 3, 384, 640)

0: 384x640 (no detections), 7.7ms
Speed: 1.3ms preprocess, 7.7ms inference, 0.5ms postprocess per image at shape (1, 3, 384, 640)

0: 384x640 5 cars, 7.9ms
Speed: 1.1ms preprocess, 7.9ms inference, 0.9ms postprocess per image at shape (1, 3, 384, 640)

0: 384x640 (no detections), 7.7ms
Speed: 1.3ms preprocess, 7.7ms inference, 0.3ms postprocess per image at shape (1, 3, 384, 640)
Processed frame 290

0: 384x640 1 car, 1 bus, 7.8ms
Speed: 1.1ms preprocess, 7.8ms inference, 1.0ms postprocess per image at shape (1, 3, 384, 640)

0: 384x640 (no detections), 7.7ms
Speed: 1.2ms preprocess, 7.7ms inference, 0.3ms postprocess per image at shape (1, 3, 384, 640)

0: 384x640 1 car, 7.5ms
Speed: 1.1ms preprocess, 7.5ms inference, 0.9ms postprocess per image at shape (1, 3, 384, 640)

0: 384x640 (no detections), 7.3ms
Speed: 1.2ms preprocess, 7.3ms inference, 0.3ms postprocess per image at shape (1, 3, 384, 640)

0: 384x640 1 truck, 7.8ms
Speed: 1.1ms preprocess, 7.8ms inference, 0.9ms postprocess per image at shape (1, 3, 384, 640)

0: 384x640 (no detections), 7.7ms
Speed: 1.2ms preprocess, 7.7ms inference, 0.5ms postprocess per image at shape (1, 3, 384, 640)

0: 384x640 1 car, 7.9ms
Speed: 1.1ms preprocess, 7.9ms inference, 1.0ms postprocess per image at shape (1, 3, 384, 640)

0: 384x640 (no detections), 7.7ms
Speed: 1.2ms preprocess, 7.7ms inference, 0.3ms postprocess per image at shape (1, 3, 384, 640)

0: 384x640 1 car, 7.6ms
Speed: 1.1ms preprocess, 7.6ms inference, 0.9ms postprocess per image at shape (1, 3, 384, 640)

0: 384x640 (no detections), 7.3ms
Speed: 1.2ms preprocess, 7.3ms inference, 0.3ms postprocess per image at shape (1, 3, 384, 640)

0: 384x640 1 car, 7.6ms
Speed: 1.1ms preprocess, 7.6ms inference, 0.9ms postprocess per image at shape (1, 3, 384, 640)

0: 384x640 (no detections), 7.3ms
Speed: 1.2ms preprocess, 7.3ms inference, 0.3ms postprocess per image at shape (1, 3, 384, 640)

0: 384x640 2 cars, 7.7ms
Speed: 1.1ms preprocess, 7.7ms inference, 0.9ms postprocess per image at shape (1, 3, 384, 640)

0: 384x640 (no detections), 7.5ms
Speed: 1.2ms preprocess, 7.5ms inference, 0.3ms postprocess per image at shape (1, 3, 384, 640)

0: 384x640 2 cars, 7.8ms
Speed: 1.1ms preprocess, 7.8ms inference, 0.9ms postprocess per image at shape (1, 3, 384, 640)

0: 384x640 (no detections), 7.7ms
Speed: 1.2ms preprocess, 7.7ms inference, 0.5ms postprocess per image at shape (1, 3, 384, 640)

0: 384x640 5 cars, 2 trucks, 7.5ms
Speed: 1.1ms preprocess, 7.5ms inference, 0.9ms postprocess per image at shape (1, 3, 384, 640)

0: 384x640 (no detections), 7.5ms
Speed: 1.2ms preprocess, 7.5ms inference, 0.3ms postprocess per image at shape (1, 3, 384, 640)

0: 384x640 2 cars, 8.3ms
Speed: 2.4ms preprocess, 8.3ms inference, 1.0ms postprocess per image at shape (1, 3, 384, 640)

0: 384x640 (no detections), 7.7ms
Speed: 1.2ms preprocess, 7.7ms inference, 0.5ms postprocess per image at shape (1, 3, 384, 640)
Processed frame 300

0: 384x640 2 cars, 7.9ms
Speed: 1.1ms preprocess, 7.9ms inference, 1.0ms postprocess per image at shape (1, 3, 384, 640)

0: 384x640 (no detections), 7.7ms
Speed: 1.2ms preprocess, 7.7ms inference, 0.3ms postprocess per image at shape (1, 3, 384, 640)

0: 384x640 3 cars, 7.5ms
Speed: 1.1ms preprocess, 7.5ms inference, 0.9ms postprocess per image at shape (1, 3, 384, 640)

0: 384x640 (no detections), 7.3ms
Speed: 1.2ms preprocess, 7.3ms inference, 0.3ms postprocess per image at shape (1, 3, 384, 640)

0: 384x640 3 cars, 7.8ms
Speed: 1.2ms preprocess, 7.8ms inference, 0.9ms postprocess per image at shape (1, 3, 384, 640)

0: 384x640 (no detections), 7.7ms
Speed: 1.2ms preprocess, 7.7ms inference, 0.3ms postprocess per image at shape (1, 3, 384, 640)

0: 384x640 1 car, 7.6ms
Speed: 1.1ms preprocess, 7.6ms inference, 0.9ms postprocess per image at shape (1, 3, 384, 640)

0: 384x640 (no detections), 7.3ms
Speed: 1.2ms preprocess, 7.3ms inference, 0.3ms postprocess per image at shape (1, 3, 384, 640)

0: 384x640 2 cars, 7.8ms
Speed: 1.2ms preprocess, 7.8ms inference, 0.9ms postprocess per image at shape (1, 3, 384, 640)

0: 384x640 (no detections), 7.3ms
Speed: 1.5ms preprocess, 7.3ms inference, 0.3ms postprocess per image at shape (1, 3, 384, 640)

0: 384x640 (no detections), 7.7ms
Speed: 1.1ms preprocess, 7.7ms inference, 0.6ms postprocess per image at shape (1, 3, 384, 640)

0: 384x640 (no detections), 7.7ms
Speed: 1.2ms preprocess, 7.7ms inference, 0.5ms postprocess per image at shape (1, 3, 384, 640)

0: 384x640 (no detections), 7.5ms
Speed: 1.1ms preprocess, 7.5ms inference, 0.6ms postprocess per image at shape (1, 3, 384, 640)

0: 384x640 (no detections), 7.3ms
Speed: 1.2ms preprocess, 7.3ms inference, 0.5ms postprocess per image at shape (1, 3, 384, 640)

0: 384x640 3 cars, 1 truck, 7.5ms
Speed: 1.1ms preprocess, 7.5ms inference, 0.9ms postprocess per image at shape (1, 3, 384, 640)

0: 384x640 (no detections), 7.3ms
Speed: 1.2ms preprocess, 7.3ms inference, 0.5ms postprocess per image at shape (1, 3, 384, 640)

0: 384x640 2 cars, 8.0ms
Speed: 1.1ms preprocess, 8.0ms inference, 1.0ms postprocess per image at shape (1, 3, 384, 640)

0: 384x640 (no detections), 7.5ms
Speed: 1.2ms preprocess, 7.5ms inference, 0.6ms postprocess per image at shape (1, 3, 384, 640)

0: 384x640 (no detections), 7.9ms
Speed: 1.1ms preprocess, 7.9ms inference, 0.6ms postprocess per image at shape (1, 3, 384, 640)

0: 384x640 (no detections), 7.5ms
Speed: 1.4ms preprocess, 7.5ms inference, 0.3ms postprocess per image at shape (1, 3, 384, 640)
Processed frame 310

0: 384x640 1 truck, 7.5ms
Speed: 1.1ms preprocess, 7.5ms inference, 0.9ms postprocess per image at shape (1, 3, 384, 640)

0: 384x640 (no detections), 7.3ms
Speed: 1.2ms preprocess, 7.3ms inference, 0.3ms postprocess per image at shape (1, 3, 384, 640)

0: 384x640 1 bus, 7.5ms
Speed: 1.1ms preprocess, 7.5ms inference, 0.9ms postprocess per image at shape (1, 3, 384, 640)

0: 384x640 (no detections), 7.3ms
Speed: 1.2ms preprocess, 7.3ms inference, 0.3ms postprocess per image at shape (1, 3, 384, 640)

0: 384x640 (no detections), 7.8ms
Speed: 1.2ms preprocess, 7.8ms inference, 0.6ms postprocess per image at shape (1, 3, 384, 640)

0: 384x640 (no detections), 7.5ms
Speed: 1.4ms preprocess, 7.5ms inference, 0.3ms postprocess per image at shape (1, 3, 384, 640)

0: 384x640 (no detections), 7.5ms
Speed: 1.1ms preprocess, 7.5ms inference, 0.6ms postprocess per image at shape (1, 3, 384, 640)

0: 384x640 (no detections), 7.3ms
Speed: 1.2ms preprocess, 7.3ms inference, 0.3ms postprocess per image at shape (1, 3, 384, 640)

0: 384x640 (no detections), 7.9ms
Speed: 1.1ms preprocess, 7.9ms inference, 0.6ms postprocess per image at shape (1, 3, 384, 640)

0: 384x640 (no detections), 7.5ms
Speed: 1.3ms preprocess, 7.5ms inference, 0.3ms postprocess per image at shape (1, 3, 384, 640)

0: 384x640 (no detections), 8.2ms
Speed: 1.1ms preprocess, 8.2ms inference, 0.6ms postprocess per image at shape (1, 3, 384, 640)

0: 384x640 (no detections), 7.5ms
Speed: 1.5ms preprocess, 7.5ms inference, 0.3ms postprocess per image at shape (1, 3, 384, 640)

0: 384x640 1 car, 7.7ms
Speed: 1.2ms preprocess, 7.7ms inference, 0.9ms postprocess per image at shape (1, 3, 384, 640)

0: 384x640 (no detections), 7.3ms
Speed: 1.2ms preprocess, 7.3ms inference, 0.3ms postprocess per image at shape (1, 3, 384, 640)

0: 384x640 1 car, 1 truck, 7.8ms
Speed: 1.1ms preprocess, 7.8ms inference, 1.0ms postprocess per image at shape (1, 3, 384, 640)

0: 384x640 (no detections), 7.5ms
Speed: 1.4ms preprocess, 7.5ms inference, 0.3ms postprocess per image at shape (1, 3, 384, 640)

0: 384x640 1 car, 8.0ms
Speed: 1.1ms preprocess, 8.0ms inference, 1.0ms postprocess per image at shape (1, 3, 384, 640)

0: 384x640 (no detections), 7.5ms
Speed: 1.4ms preprocess, 7.5ms inference, 0.3ms postprocess per image at shape (1, 3, 384, 640)

0: 384x640 (no detections), 7.6ms
Speed: 1.1ms preprocess, 7.6ms inference, 0.6ms postprocess per image at shape (1, 3, 384, 640)

0: 384x640 1 truck, 7.3ms
Speed: 1.2ms preprocess, 7.3ms inference, 0.9ms postprocess per image at shape (1, 3, 384, 640)
Processed frame 320

0: 384x640 1 car, 7.8ms
Speed: 1.1ms preprocess, 7.8ms inference, 0.9ms postprocess per image at shape (1, 3, 384, 640)

0: 384x640 1 truck, 7.3ms
Speed: 1.4ms preprocess, 7.3ms inference, 0.8ms postprocess per image at shape (1, 3, 384, 640)

0: 384x640 (no detections), 7.9ms
Speed: 1.1ms preprocess, 7.9ms inference, 0.6ms postprocess per image at shape (1, 3, 384, 640)

0: 384x640 1 truck, 7.3ms
Speed: 1.4ms preprocess, 7.3ms inference, 0.9ms postprocess per image at shape (1, 3, 384, 640)

0: 384x640 (no detections), 7.9ms
Speed: 1.1ms preprocess, 7.9ms inference, 0.6ms postprocess per image at shape (1, 3, 384, 640)

0: 384x640 1 truck, 7.3ms
Speed: 1.4ms preprocess, 7.3ms inference, 0.9ms postprocess per image at shape (1, 3, 384, 640)

0: 384x640 (no detections), 7.5ms
Speed: 1.1ms preprocess, 7.5ms inference, 0.6ms postprocess per image at shape (1, 3, 384, 640)

0: 384x640 (no detections), 7.3ms
Speed: 1.2ms preprocess, 7.3ms inference, 0.3ms postprocess per image at shape (1, 3, 384, 640)

0: 384x640 (no detections), 7.5ms
Speed: 1.1ms preprocess, 7.5ms inference, 0.6ms postprocess per image at shape (1, 3, 384, 640)

0: 384x640 (no detections), 7.5ms
Speed: 1.2ms preprocess, 7.5ms inference, 0.3ms postprocess per image at shape (1, 3, 384, 640)

0: 384x640 (no detections), 7.6ms
Speed: 1.1ms preprocess, 7.6ms inference, 0.6ms postprocess per image at shape (1, 3, 384, 640)

0: 384x640 (no detections), 7.3ms
Speed: 1.2ms preprocess, 7.3ms inference, 0.3ms postprocess per image at shape (1, 3, 384, 640)

0: 384x640 1 car, 7.9ms
Speed: 1.1ms preprocess, 7.9ms inference, 1.0ms postprocess per image at shape (1, 3, 384, 640)

0: 384x640 (no detections), 7.5ms
Speed: 1.5ms preprocess, 7.5ms inference, 0.3ms postprocess per image at shape (1, 3, 384, 640)

0: 384x640 (no detections), 7.9ms
Speed: 1.1ms preprocess, 7.9ms inference, 0.6ms postprocess per image at shape (1, 3, 384, 640)

0: 384x640 (no detections), 7.5ms
Speed: 1.4ms preprocess, 7.5ms inference, 0.5ms postprocess per image at shape (1, 3, 384, 640)

0: 384x640 (no detections), 7.8ms
Speed: 1.1ms preprocess, 7.8ms inference, 0.6ms postprocess per image at shape (1, 3, 384, 640)

0: 384x640 (no detections), 7.5ms
Speed: 1.2ms preprocess, 7.5ms inference, 0.3ms postprocess per image at shape (1, 3, 384, 640)

0: 384x640 (no detections), 9.9ms
Speed: 1.1ms preprocess, 9.9ms inference, 0.6ms postprocess per image at shape (1, 3, 384, 640)

0: 384x640 (no detections), 7.3ms
Speed: 1.2ms preprocess, 7.3ms inference, 0.3ms postprocess per image at shape (1, 3, 384, 640)
Processed frame 330

0: 384x640 1 car, 7.7ms
Speed: 1.1ms preprocess, 7.7ms inference, 0.9ms postprocess per image at shape (1, 3, 384, 640)

0: 384x640 (no detections), 7.5ms
Speed: 1.2ms preprocess, 7.5ms inference, 0.3ms postprocess per image at shape (1, 3, 384, 640)

0: 384x640 1 car, 7.6ms
Speed: 1.1ms preprocess, 7.6ms inference, 0.9ms postprocess per image at shape (1, 3, 384, 640)

0: 384x640 (no detections), 7.3ms
Speed: 1.2ms preprocess, 7.3ms inference, 0.3ms postprocess per image at shape (1, 3, 384, 640)

0: 384x640 1 truck, 7.5ms
Speed: 1.1ms preprocess, 7.5ms inference, 0.9ms postprocess per image at shape (1, 3, 384, 640)

0: 384x640 (no detections), 7.3ms
Speed: 1.2ms preprocess, 7.3ms inference, 0.3ms postprocess per image at shape (1, 3, 384, 640)

0: 384x640 1 car, 7.8ms
Speed: 1.1ms preprocess, 7.8ms inference, 0.9ms postprocess per image at shape (1, 3, 384, 640)

0: 384x640 (no detections), 7.5ms
Speed: 1.2ms preprocess, 7.5ms inference, 0.3ms postprocess per image at shape (1, 3, 384, 640)

0: 384x640 1 bus, 7.5ms
Speed: 1.1ms preprocess, 7.5ms inference, 0.9ms postprocess per image at shape (1, 3, 384, 640)

0: 384x640 (no detections), 7.3ms
Speed: 1.2ms preprocess, 7.3ms inference, 0.3ms postprocess per image at shape (1, 3, 384, 640)

0: 384x640 1 truck, 7.5ms
Speed: 1.1ms preprocess, 7.5ms inference, 0.9ms postprocess per image at shape (1, 3, 384, 640)

0: 384x640 (no detections), 7.3ms
Speed: 1.2ms preprocess, 7.3ms inference, 0.5ms postprocess per image at shape (1, 3, 384, 640)

0: 384x640 1 car, 7.9ms
Speed: 1.1ms preprocess, 7.9ms inference, 0.9ms postprocess per image at shape (1, 3, 384, 640)

0: 384x640 (no detections), 7.7ms
Speed: 1.2ms preprocess, 7.7ms inference, 0.5ms postprocess per image at shape (1, 3, 384, 640)

0: 384x640 1 car, 1 bus, 7.6ms
Speed: 1.1ms preprocess, 7.6ms inference, 0.9ms postprocess per image at shape (1, 3, 384, 640)

0: 384x640 (no detections), 7.3ms
Speed: 1.2ms preprocess, 7.3ms inference, 0.6ms postprocess per image at shape (1, 3, 384, 640)

0: 384x640 2 cars, 2 trucks, 7.7ms
Speed: 1.1ms preprocess, 7.7ms inference, 0.9ms postprocess per image at shape (1, 3, 384, 640)

0: 384x640 (no detections), 7.3ms
Speed: 1.4ms preprocess, 7.3ms inference, 0.5ms postprocess per image at shape (1, 3, 384, 640)

0: 384x640 1 car, 7.5ms
Speed: 1.1ms preprocess, 7.5ms inference, 0.9ms postprocess per image at shape (1, 3, 384, 640)

0: 384x640 (no detections), 7.3ms
Speed: 1.2ms preprocess, 7.3ms inference, 0.5ms postprocess per image at shape (1, 3, 384, 640)
Processed frame 340

0: 384x640 1 car, 7.5ms
Speed: 1.1ms preprocess, 7.5ms inference, 0.9ms postprocess per image at shape (1, 3, 384, 640)

0: 384x640 (no detections), 7.3ms
Speed: 1.2ms preprocess, 7.3ms inference, 0.5ms postprocess per image at shape (1, 3, 384, 640)

0: 384x640 1 car, 1 bus, 1 truck, 7.9ms
Speed: 1.1ms preprocess, 7.9ms inference, 0.9ms postprocess per image at shape (1, 3, 384, 640)

0: 384x640 (no detections), 7.7ms
Speed: 1.2ms preprocess, 7.7ms inference, 0.6ms postprocess per image at shape (1, 3, 384, 640)

0: 384x640 1 car, 7.9ms
Speed: 1.1ms preprocess, 7.9ms inference, 0.9ms postprocess per image at shape (1, 3, 384, 640)

0: 384x640 (no detections), 7.5ms
Speed: 1.2ms preprocess, 7.5ms inference, 0.6ms postprocess per image at shape (1, 3, 384, 640)
