
The following have been reloaded with a version change:
  1) cuda/11.2.0 => cuda/12.1.1

Training LSTM for offset 0
Epoch [1/50], Train Loss: 104.0971, Test Loss: 98.5909
Epoch [2/50], Train Loss: 91.1638, Test Loss: 82.1579
Epoch [3/50], Train Loss: 79.3186, Test Loss: 73.6127
Epoch [4/50], Train Loss: 72.3510, Test Loss: 69.2302
Epoch [5/50], Train Loss: 68.3326, Test Loss: 65.6704
Epoch [6/50], Train Loss: 64.8474, Test Loss: 62.4635
Epoch [7/50], Train Loss: 61.6639, Test Loss: 59.5052
Epoch [8/50], Train Loss: 58.7158, Test Loss: 56.7597
Epoch [9/50], Train Loss: 55.9803, Test Loss: 54.2140
Epoch [10/50], Train Loss: 53.4467, Test Loss: 51.8588
Epoch [11/50], Train Loss: 51.1051, Test Loss: 49.6851
Epoch [12/50], Train Loss: 48.9464, Test Loss: 47.6842
Epoch [13/50], Train Loss: 46.9621, Test Loss: 45.8484
Epoch [14/50], Train Loss: 45.1445, Test Loss: 44.1705
Epoch [15/50], Train Loss: 43.4863, Test Loss: 42.6435
Epoch [16/50], Train Loss: 41.9804, Test Loss: 41.2606
Epoch [17/50], Train Loss: 40.6199, Test Loss: 40.0148
Epoch [18/50], Train Loss: 39.3972, Test Loss: 38.8990
Epoch [19/50], Train Loss: 38.3050, Test Loss: 37.9058
Epoch [20/50], Train Loss: 37.3354, Test Loss: 37.0270
Epoch [21/50], Train Loss: 36.4799, Test Loss: 36.2546
Epoch [22/50], Train Loss: 35.7299, Test Loss: 35.5798
Epoch [23/50], Train Loss: 35.0766, Test Loss: 34.9936
Epoch [24/50], Train Loss: 34.5107, Test Loss: 34.4871
Epoch [25/50], Train Loss: 34.0232, Test Loss: 34.0510
Epoch [26/50], Train Loss: 33.6052, Test Loss: 33.6768
Epoch [27/50], Train Loss: 33.2479, Test Loss: 33.3561
Epoch [28/50], Train Loss: 32.9433, Test Loss: 33.0811
Epoch [29/50], Train Loss: 32.6839, Test Loss: 32.8450
Epoch [30/50], Train Loss: 32.4629, Test Loss: 32.6414
Epoch [31/50], Train Loss: 32.2743, Test Loss: 32.4652
Epoch [32/50], Train Loss: 32.1127, Test Loss: 32.3117
Epoch [33/50], Train Loss: 31.9737, Test Loss: 32.1773
Epoch [34/50], Train Loss: 31.8533, Test Loss: 32.0587
Epoch [35/50], Train Loss: 31.7481, Test Loss: 31.9535
Epoch [36/50], Train Loss: 31.6556, Test Loss: 31.8596
Epoch [37/50], Train Loss: 31.5734, Test Loss: 31.7755
Epoch [38/50], Train Loss: 31.4997, Test Loss: 31.6997
Epoch [39/50], Train Loss: 31.4332, Test Loss: 31.6313
Epoch [40/50], Train Loss: 31.3728, Test Loss: 31.5691
Epoch [41/50], Train Loss: 31.3175, Test Loss: 31.5124
Epoch [42/50], Train Loss: 31.2668, Test Loss: 31.4605
Epoch [43/50], Train Loss: 31.2200, Test Loss: 31.4126
Epoch [44/50], Train Loss: 31.1767, Test Loss: 31.3684
Epoch [45/50], Train Loss: 31.1366, Test Loss: 31.3274
Epoch [46/50], Train Loss: 31.0993, Test Loss: 31.2891
Epoch [47/50], Train Loss: 31.0645, Test Loss: 31.2534
Epoch [48/50], Train Loss: 31.0320, Test Loss: 31.2199
Epoch [49/50], Train Loss: 31.0017, Test Loss: 31.1884
Epoch [50/50], Train Loss: 30.9733, Test Loss: 31.1587
Training LSTM for offset 1
Epoch [1/50], Train Loss: 104.3095, Test Loss: 96.7664
Epoch [2/50], Train Loss: 91.2900, Test Loss: 80.3571
Epoch [3/50], Train Loss: 79.5832, Test Loss: 71.8404
Epoch [4/50], Train Loss: 72.7754, Test Loss: 67.5238
Epoch [5/50], Train Loss: 68.7955, Test Loss: 63.9837
Epoch [6/50], Train Loss: 65.3348, Test Loss: 60.7953
Epoch [7/50], Train Loss: 62.1756, Test Loss: 57.8580
Epoch [8/50], Train Loss: 59.2513, Test Loss: 55.1362
Epoch [9/50], Train Loss: 56.5395, Test Loss: 52.6187
Epoch [10/50], Train Loss: 54.0304, Test Loss: 50.2977
Epoch [11/50], Train Loss: 51.7147, Test Loss: 48.1645
Epoch [12/50], Train Loss: 49.5830, Test Loss: 46.2105
Epoch [13/50], Train Loss: 47.6269, Test Loss: 44.4278
Epoch [14/50], Train Loss: 45.8389, Test Loss: 42.8087
Epoch [15/50], Train Loss: 44.2115, Test Loss: 41.3452
Epoch [16/50], Train Loss: 42.7375, Test Loss: 40.0298
Epoch [17/50], Train Loss: 41.4096, Test Loss: 38.8544
Epoch [18/50], Train Loss: 40.2203, Test Loss: 37.8109
Epoch [19/50], Train Loss: 39.1619, Test Loss: 36.8909
Epoch [20/50], Train Loss: 38.2261, Test Loss: 36.0855
Epoch [21/50], Train Loss: 37.4043, Test Loss: 35.3855
Epoch [22/50], Train Loss: 36.6876, Test Loss: 34.7813
Epoch [23/50], Train Loss: 36.0667, Test Loss: 34.2635
Epoch [24/50], Train Loss: 35.5321, Test Loss: 33.8223
Epoch [25/50], Train Loss: 35.0743, Test Loss: 33.4485
Epoch [26/50], Train Loss: 34.6842, Test Loss: 33.1330
Epoch [27/50], Train Loss: 34.3529, Test Loss: 32.8674
Epoch [28/50], Train Loss: 34.0722, Test Loss: 32.6441
Epoch [29/50], Train Loss: 33.8345, Test Loss: 32.4561
Epoch [30/50], Train Loss: 33.6332, Test Loss: 32.2975
Epoch [31/50], Train Loss: 33.4623, Test Loss: 32.1629
Epoch [32/50], Train Loss: 33.3168, Test Loss: 32.0480
Epoch [33/50], Train Loss: 33.1923, Test Loss: 31.9492
Epoch [34/50], Train Loss: 33.0851, Test Loss: 31.8634
Epoch [35/50], Train Loss: 32.9920, Test Loss: 31.7882
Epoch [36/50], Train Loss: 32.9107, Test Loss: 31.7217
Epoch [37/50], Train Loss: 32.8389, Test Loss: 31.6623
Epoch [38/50], Train Loss: 32.7750, Test Loss: 31.6088
Epoch [39/50], Train Loss: 32.7177, Test Loss: 31.5603
Epoch [40/50], Train Loss: 32.6659, Test Loss: 31.5161
Epoch [41/50], Train Loss: 32.6187, Test Loss: 31.4755
Epoch [42/50], Train Loss: 32.5756, Test Loss: 31.4382
Epoch [43/50], Train Loss: 32.5360, Test Loss: 31.4037
Epoch [44/50], Train Loss: 32.4993, Test Loss: 31.3717
Epoch [45/50], Train Loss: 32.4654, Test Loss: 31.3420
Epoch [46/50], Train Loss: 32.4338, Test Loss: 31.3144
Epoch [47/50], Train Loss: 32.4044, Test Loss: 31.2886
Epoch [48/50], Train Loss: 32.3768, Test Loss: 31.2646
Epoch [49/50], Train Loss: 32.3510, Test Loss: 31.2422
Epoch [50/50], Train Loss: 32.3268, Test Loss: 31.2212
Training LSTM for offset 2
Epoch [1/50], Train Loss: 104.3832, Test Loss: 96.3569
Epoch [2/50], Train Loss: 91.4218, Test Loss: 80.1593
Epoch [3/50], Train Loss: 79.5039, Test Loss: 71.7092
Epoch [4/50], Train Loss: 72.8155, Test Loss: 67.5326
Epoch [5/50], Train Loss: 68.8657, Test Loss: 64.0575
Epoch [6/50], Train Loss: 65.4199, Test Loss: 60.9269
Epoch [7/50], Train Loss: 62.2733, Test Loss: 58.0416
Epoch [8/50], Train Loss: 59.3594, Test Loss: 55.3672
Epoch [9/50], Train Loss: 56.6569, Test Loss: 52.8928
Epoch [10/50], Train Loss: 54.1573, Test Loss: 50.6111
Epoch [11/50], Train Loss: 51.8521, Test Loss: 48.5139
Epoch [12/50], Train Loss: 49.7326, Test Loss: 46.5924
Epoch [13/50], Train Loss: 47.7903, Test Loss: 44.8387
Epoch [14/50], Train Loss: 46.0173, Test Loss: 43.2450
Epoch [15/50], Train Loss: 44.4061, Test Loss: 41.8037
Epoch [16/50], Train Loss: 42.9492, Test Loss: 40.5071
Epoch [17/50], Train Loss: 41.6389, Test Loss: 39.3478
Epoch [18/50], Train Loss: 40.4676, Test Loss: 38.3181
Epoch [19/50], Train Loss: 39.4272, Test Loss: 37.4098
Epoch [20/50], Train Loss: 38.5096, Test Loss: 36.6148
Epoch [21/50], Train Loss: 37.7059, Test Loss: 35.9243
Epoch [22/50], Train Loss: 37.0072, Test Loss: 35.3291
Epoch [23/50], Train Loss: 36.4040, Test Loss: 34.8199
Epoch [24/50], Train Loss: 35.8867, Test Loss: 34.3871
Epoch [25/50], Train Loss: 35.4460, Test Loss: 34.0216
Epoch [26/50], Train Loss: 35.0724, Test Loss: 33.7143
Epoch [27/50], Train Loss: 34.7570, Test Loss: 33.4567
Epoch [28/50], Train Loss: 34.4914, Test Loss: 33.2413
Epoch [29/50], Train Loss: 34.2681, Test Loss: 33.0611
Epoch [30/50], Train Loss: 34.0802, Test Loss: 32.9101
Epoch [31/50], Train Loss: 33.9218, Test Loss: 32.7831
Epoch [32/50], Train Loss: 33.7880, Test Loss: 32.6756
Epoch [33/50], Train Loss: 33.6743, Test Loss: 32.5841
Epoch [34/50], Train Loss: 33.5773, Test Loss: 32.5054
Epoch [35/50], Train Loss: 33.4939, Test Loss: 32.4371
Epoch [36/50], Train Loss: 33.4216, Test Loss: 32.3771
Epoch [37/50], Train Loss: 33.3586, Test Loss: 32.3238
Epoch [38/50], Train Loss: 33.3031, Test Loss: 32.2760
Epoch [39/50], Train Loss: 33.2537, Test Loss: 32.2326
Epoch [40/50], Train Loss: 33.2095, Test Loss: 32.1929
Epoch [41/50], Train Loss: 33.1694, Test Loss: 32.1563
Epoch [42/50], Train Loss: 33.1329, Test Loss: 32.1222
Epoch [43/50], Train Loss: 33.0993, Test Loss: 32.0904
Epoch [44/50], Train Loss: 33.0683, Test Loss: 32.0606
Epoch [45/50], Train Loss: 33.0393, Test Loss: 32.0325
Epoch [46/50], Train Loss: 33.0122, Test Loss: 32.0059
Epoch [47/50], Train Loss: 32.9867, Test Loss: 31.9808
Epoch [48/50], Train Loss: 32.9626, Test Loss: 31.9569
Epoch [49/50], Train Loss: 32.9397, Test Loss: 31.9343
Epoch [50/50], Train Loss: 32.9179, Test Loss: 31.9128
Training LSTM for offset 3
Epoch [1/50], Train Loss: 103.1365, Test Loss: 101.1705
Epoch [2/50], Train Loss: 90.2091, Test Loss: 84.4499
Epoch [3/50], Train Loss: 78.5196, Test Loss: 75.7042
Epoch [4/50], Train Loss: 71.9511, Test Loss: 71.3820
Epoch [5/50], Train Loss: 68.0754, Test Loss: 67.7734
Epoch [6/50], Train Loss: 64.6943, Test Loss: 64.5262
Epoch [7/50], Train Loss: 61.6150, Test Loss: 61.5330
Epoch [8/50], Train Loss: 58.7679, Test Loss: 58.7565
Epoch [9/50], Train Loss: 56.1309, Test Loss: 56.1844
Epoch [10/50], Train Loss: 53.6955, Test Loss: 53.8097
Epoch [11/50], Train Loss: 51.4538, Test Loss: 51.6247
Epoch [12/50], Train Loss: 49.3966, Test Loss: 49.6211
Epoch [13/50], Train Loss: 47.5152, Test Loss: 47.7910
Epoch [14/50], Train Loss: 45.8013, Test Loss: 46.1269
Epoch [15/50], Train Loss: 44.2468, Test Loss: 44.6209
Epoch [16/50], Train Loss: 42.8437, Test Loss: 43.2652
Epoch [17/50], Train Loss: 41.5840, Test Loss: 42.0517
Epoch [18/50], Train Loss: 40.4596, Test Loss: 40.9720
Epoch [19/50], Train Loss: 39.4621, Test Loss: 40.0176
Epoch [20/50], Train Loss: 38.5827, Test Loss: 39.1795
Epoch [21/50], Train Loss: 37.8126, Test Loss: 38.4482
Epoch [22/50], Train Loss: 37.1424, Test Loss: 37.8144
Epoch [23/50], Train Loss: 36.5628, Test Loss: 37.2682
Epoch [24/50], Train Loss: 36.0644, Test Loss: 36.8002
Epoch [25/50], Train Loss: 35.6380, Test Loss: 36.4009
Epoch [26/50], Train Loss: 35.2746, Test Loss: 36.0614
Epoch [27/50], Train Loss: 34.9660, Test Loss: 35.7734
Epoch [28/50], Train Loss: 34.7044, Test Loss: 35.5293
Epoch [29/50], Train Loss: 34.4831, Test Loss: 35.3224
Epoch [30/50], Train Loss: 34.2958, Test Loss: 35.1467
Epoch [31/50], Train Loss: 34.1374, Test Loss: 34.9971
Epoch [32/50], Train Loss: 34.0031, Test Loss: 34.8692
Epoch [33/50], Train Loss: 33.8890, Test Loss: 34.7593
Epoch [34/50], Train Loss: 33.7919, Test Loss: 34.6644
Epoch [35/50], Train Loss: 33.7089, Test Loss: 34.5819
Epoch [36/50], Train Loss: 33.6377, Test Loss: 34.5098
Epoch [37/50], Train Loss: 33.5762, Test Loss: 34.4461
Epoch [38/50], Train Loss: 33.5228, Test Loss: 34.3894
Epoch [39/50], Train Loss: 33.4761, Test Loss: 34.3385
Epoch [40/50], Train Loss: 33.4350, Test Loss: 34.2925
Epoch [41/50], Train Loss: 33.3985, Test Loss: 34.2504
Epoch [42/50], Train Loss: 33.3658, Test Loss: 34.2117
Epoch [43/50], Train Loss: 33.3364, Test Loss: 34.1758
Epoch [44/50], Train Loss: 33.3096, Test Loss: 34.1423
Epoch [45/50], Train Loss: 33.2852, Test Loss: 34.1108
Epoch [46/50], Train Loss: 33.2627, Test Loss: 34.0810
Epoch [47/50], Train Loss: 33.2418, Test Loss: 34.0527
Epoch [48/50], Train Loss: 33.2223, Test Loss: 34.0257
Epoch [49/50], Train Loss: 33.2040, Test Loss: 33.9999
Epoch [50/50], Train Loss: 33.1868, Test Loss: 33.9752
Training LSTM for offset 4
Epoch [1/50], Train Loss: 103.3766, Test Loss: 100.3106
Epoch [2/50], Train Loss: 90.4872, Test Loss: 83.7483
Epoch [3/50], Train Loss: 78.7348, Test Loss: 75.0757
Epoch [4/50], Train Loss: 72.1903, Test Loss: 70.7990
Epoch [5/50], Train Loss: 68.3226, Test Loss: 67.2254
Epoch [6/50], Train Loss: 64.9531, Test Loss: 64.0087
Epoch [7/50], Train Loss: 61.8854, Test Loss: 61.0422
Epoch [8/50], Train Loss: 59.0497, Test Loss: 58.2879
Epoch [9/50], Train Loss: 56.4230, Test Loss: 55.7338
Epoch [10/50], Train Loss: 53.9960, Test Loss: 53.3738
Epoch [11/50], Train Loss: 51.7615, Test Loss: 51.2010
Epoch [12/50], Train Loss: 49.7116, Test Loss: 49.2077
Epoch [13/50], Train Loss: 47.8378, Test Loss: 47.3861
Epoch [14/50], Train Loss: 46.1321, Test Loss: 45.7287
Epoch [15/50], Train Loss: 44.5865, Test Loss: 44.2281
Epoch [16/50], Train Loss: 43.1929, Test Loss: 42.8765
Epoch [17/50], Train Loss: 41.9434, Test Loss: 41.6660
Epoch [18/50], Train Loss: 40.8296, Test Loss: 40.5884
Epoch [19/50], Train Loss: 39.8430, Test Loss: 39.6352
Epoch [20/50], Train Loss: 38.9749, Test Loss: 38.7976
Epoch [21/50], Train Loss: 38.2161, Test Loss: 38.0664
Epoch [22/50], Train Loss: 37.5575, Test Loss: 37.4322
Epoch [23/50], Train Loss: 36.9896, Test Loss: 36.8855
Epoch [24/50], Train Loss: 36.5030, Test Loss: 36.4169
Epoch [25/50], Train Loss: 36.0882, Test Loss: 36.0172
Epoch [26/50], Train Loss: 35.7365, Test Loss: 35.6777
Epoch [27/50], Train Loss: 35.4392, Test Loss: 35.3900
Epoch [28/50], Train Loss: 35.1886, Test Loss: 35.1467
Epoch [29/50], Train Loss: 34.9776, Test Loss: 34.9410
Epoch [30/50], Train Loss: 34.7999, Test Loss: 34.7670
Epoch [31/50], Train Loss: 34.6502, Test Loss: 34.6196
Epoch [32/50], Train Loss: 34.5238, Test Loss: 34.4942
Epoch [33/50], Train Loss: 34.4168, Test Loss: 34.3872
Epoch [34/50], Train Loss: 34.3258, Test Loss: 34.2953
Epoch [35/50], Train Loss: 34.2481, Test Loss: 34.2159
Epoch [36/50], Train Loss: 34.1813, Test Loss: 34.1468
Epoch [37/50], Train Loss: 34.1235, Test Loss: 34.0862
Epoch [38/50], Train Loss: 34.0731, Test Loss: 34.0325
Epoch [39/50], Train Loss: 34.0287, Test Loss: 33.9847
Epoch [40/50], Train Loss: 33.9893, Test Loss: 33.9417
Epoch [41/50], Train Loss: 33.9540, Test Loss: 33.9027
Epoch [42/50], Train Loss: 33.9221, Test Loss: 33.8672
Epoch [43/50], Train Loss: 33.8931, Test Loss: 33.8344
Epoch [44/50], Train Loss: 33.8663, Test Loss: 33.8042
Epoch [45/50], Train Loss: 33.8416, Test Loss: 33.7760
Epoch [46/50], Train Loss: 33.8185, Test Loss: 33.7496
Epoch [47/50], Train Loss: 33.7969, Test Loss: 33.7248
Epoch [48/50], Train Loss: 33.7764, Test Loss: 33.7014
Epoch [49/50], Train Loss: 33.7570, Test Loss: 33.6792
Epoch [50/50], Train Loss: 33.7385, Test Loss: 33.6581
Training LSTM for offset 5
Epoch [1/50], Train Loss: 103.1650, Test Loss: 101.1633
Epoch [2/50], Train Loss: 90.2798, Test Loss: 84.5285
Epoch [3/50], Train Loss: 78.5909, Test Loss: 75.7956
Epoch [4/50], Train Loss: 72.0887, Test Loss: 71.5103
Epoch [5/50], Train Loss: 68.2460, Test Loss: 67.9040
Epoch [6/50], Train Loss: 64.8925, Test Loss: 64.6662
Epoch [7/50], Train Loss: 61.8421, Test Loss: 61.6840
Epoch [8/50], Train Loss: 59.0225, Test Loss: 58.9178
Epoch [9/50], Train Loss: 56.4103, Test Loss: 56.3548
Epoch [10/50], Train Loss: 53.9960, Test Loss: 53.9883
Epoch [11/50], Train Loss: 51.7726, Test Loss: 51.8118
Epoch [12/50], Train Loss: 49.7328, Test Loss: 49.8172
Epoch [13/50], Train Loss: 47.8687, Test Loss: 47.9963
Epoch [14/50], Train Loss: 46.1725, Test Loss: 46.3409
Epoch [15/50], Train Loss: 44.6365, Test Loss: 44.8429
Epoch [16/50], Train Loss: 43.2532, Test Loss: 43.4942
Epoch [17/50], Train Loss: 42.0146, Test Loss: 42.2867
Epoch [18/50], Train Loss: 40.9126, Test Loss: 41.2120
Epoch [19/50], Train Loss: 39.9386, Test Loss: 40.2615
Epoch [20/50], Train Loss: 39.0838, Test Loss: 39.4264
Epoch [21/50], Train Loss: 38.3389, Test Loss: 38.6977
Epoch [22/50], Train Loss: 37.6946, Test Loss: 38.0659
Epoch [23/50], Train Loss: 37.1410, Test Loss: 37.5218
Epoch [24/50], Train Loss: 36.6684, Test Loss: 37.0558
Epoch [25/50], Train Loss: 36.2673, Test Loss: 36.6589
Epoch [26/50], Train Loss: 35.9284, Test Loss: 36.3221
Epoch [27/50], Train Loss: 35.6431, Test Loss: 36.0372
Epoch [28/50], Train Loss: 35.4035, Test Loss: 35.7968
Epoch [29/50], Train Loss: 35.2024, Test Loss: 35.5939
Epoch [30/50], Train Loss: 35.0335, Test Loss: 35.4227
Epoch [31/50], Train Loss: 34.8916, Test Loss: 35.2779
Epoch [32/50], Train Loss: 34.7718, Test Loss: 35.1552
Epoch [33/50], Train Loss: 34.6705, Test Loss: 35.0508
Epoch [34/50], Train Loss: 34.5844, Test Loss: 34.9616
Epoch [35/50], Train Loss: 34.5109, Test Loss: 34.8850
Epoch [36/50], Train Loss: 34.4478, Test Loss: 34.8187
Epoch [37/50], Train Loss: 34.3934, Test Loss: 34.7612
Epoch [38/50], Train Loss: 34.3462, Test Loss: 34.7107
Epoch [39/50], Train Loss: 34.3051, Test Loss: 34.6663
Epoch [40/50], Train Loss: 34.2690, Test Loss: 34.6267
Epoch [41/50], Train Loss: 34.2372, Test Loss: 34.5912
Epoch [42/50], Train Loss: 34.2090, Test Loss: 34.5592
Epoch [43/50], Train Loss: 34.1839, Test Loss: 34.5300
Epoch [44/50], Train Loss: 34.1614, Test Loss: 34.5031
Epoch [45/50], Train Loss: 34.1411, Test Loss: 34.4783
Epoch [46/50], Train Loss: 34.1226, Test Loss: 34.4552
Epoch [47/50], Train Loss: 34.1058, Test Loss: 34.4336
Epoch [48/50], Train Loss: 34.0903, Test Loss: 34.4132
Epoch [49/50], Train Loss: 34.0760, Test Loss: 34.3939
Epoch [50/50], Train Loss: 34.0628, Test Loss: 34.3756
Training LSTM for offset 6
Epoch [1/50], Train Loss: 103.5433, Test Loss: 99.7704
Epoch [2/50], Train Loss: 90.6845, Test Loss: 83.2165
Epoch [3/50], Train Loss: 78.9808, Test Loss: 74.5707
Epoch [4/50], Train Loss: 72.4978, Test Loss: 70.3162
Epoch [5/50], Train Loss: 68.6738, Test Loss: 66.7463
Epoch [6/50], Train Loss: 65.3350, Test Loss: 63.5497
Epoch [7/50], Train Loss: 62.2967, Test Loss: 60.6088
Epoch [8/50], Train Loss: 59.4880, Test Loss: 57.8839
Epoch [9/50], Train Loss: 56.8852, Test Loss: 55.3595
Epoch [10/50], Train Loss: 54.4775, Test Loss: 53.0273
Epoch [11/50], Train Loss: 52.2586, Test Loss: 50.8815
Epoch [12/50], Train Loss: 50.2226, Test Loss: 48.9150
Epoch [13/50], Train Loss: 48.3621, Test Loss: 47.1198
Epoch [14/50], Train Loss: 46.6688, Test Loss: 45.4873
Epoch [15/50], Train Loss: 45.1345, Test Loss: 44.0095
Epoch [16/50], Train Loss: 43.7511, Test Loss: 42.6782
Epoch [17/50], Train Loss: 42.5102, Test Loss: 41.4852
Epoch [18/50], Train Loss: 41.4035, Test Loss: 40.4224
Epoch [19/50], Train Loss: 40.4225, Test Loss: 39.4812
Epoch [20/50], Train Loss: 39.5584, Test Loss: 38.6530
Epoch [21/50], Train Loss: 38.8023, Test Loss: 37.9289
Epoch [22/50], Train Loss: 38.1449, Test Loss: 37.2998
Epoch [23/50], Train Loss: 37.5770, Test Loss: 36.7565
Epoch [24/50], Train Loss: 37.0894, Test Loss: 36.2898
Epoch [25/50], Train Loss: 36.6729, Test Loss: 35.8907
Epoch [26/50], Train Loss: 36.3187, Test Loss: 35.5506
Epoch [27/50], Train Loss: 36.0186, Test Loss: 35.2613
Epoch [28/50], Train Loss: 35.7649, Test Loss: 35.0156
Epoch [29/50], Train Loss: 35.5506, Test Loss: 34.8068
Epoch [30/50], Train Loss: 35.3696, Test Loss: 34.6290
Epoch [31/50], Train Loss: 35.2166, Test Loss: 34.4773
Epoch [32/50], Train Loss: 35.0868, Test Loss: 34.3473
Epoch [33/50], Train Loss: 34.9764, Test Loss: 34.2355
Epoch [34/50], Train Loss: 34.8821, Test Loss: 34.1387
Epoch [35/50], Train Loss: 34.8012, Test Loss: 34.0546
Epoch [36/50], Train Loss: 34.7315, Test Loss: 33.9811
Epoch [37/50], Train Loss: 34.6710, Test Loss: 33.9165
Epoch [38/50], Train Loss: 34.6183, Test Loss: 33.8594
Epoch [39/50], Train Loss: 34.5720, Test Loss: 33.8086
Epoch [40/50], Train Loss: 34.5313, Test Loss: 33.7631
Epoch [41/50], Train Loss: 34.4951, Test Loss: 33.7222
Epoch [42/50], Train Loss: 34.4629, Test Loss: 33.6853
Epoch [43/50], Train Loss: 34.4339, Test Loss: 33.6516
Epoch [44/50], Train Loss: 34.4078, Test Loss: 33.6208
Epoch [45/50], Train Loss: 34.3841, Test Loss: 33.5925
Epoch [46/50], Train Loss: 34.3625, Test Loss: 33.5663
Epoch [47/50], Train Loss: 34.3426, Test Loss: 33.5421
Epoch [48/50], Train Loss: 34.3243, Test Loss: 33.5195
Epoch [49/50], Train Loss: 34.3074, Test Loss: 33.4984
Epoch [50/50], Train Loss: 34.2917, Test Loss: 33.4786
Training LSTM for offset 7
Epoch [1/50], Train Loss: 104.9856, Test Loss: 94.0959
Epoch [2/50], Train Loss: 92.0340, Test Loss: 78.3271
Epoch [3/50], Train Loss: 80.0348, Test Loss: 70.1381
Epoch [4/50], Train Loss: 73.5398, Test Loss: 66.1866
Epoch [5/50], Train Loss: 69.6658, Test Loss: 62.8237
Epoch [6/50], Train Loss: 66.2611, Test Loss: 59.8258
Epoch [7/50], Train Loss: 63.1625, Test Loss: 57.0730
Epoch [8/50], Train Loss: 60.2976, Test Loss: 54.5294
Epoch [9/50], Train Loss: 57.6436, Test Loss: 52.1802
Epoch [10/50], Train Loss: 55.1878, Test Loss: 50.0151
Epoch [11/50], Train Loss: 52.9216, Test Loss: 48.0284
Epoch [12/50], Train Loss: 50.8394, Test Loss: 46.2152
Epoch [13/50], Train Loss: 48.9350, Test Loss: 44.5687
Epoch [14/50], Train Loss: 47.2004, Test Loss: 43.0809
Epoch [15/50], Train Loss: 45.6275, Test Loss: 41.7438
Epoch [16/50], Train Loss: 44.2081, Test Loss: 40.5492
Epoch [17/50], Train Loss: 42.9341, Test Loss: 39.4888
Epoch [18/50], Train Loss: 41.7975, Test Loss: 38.5543
Epoch [19/50], Train Loss: 40.7898, Test Loss: 37.7369
Epoch [20/50], Train Loss: 39.9027, Test Loss: 37.0280
Epoch [21/50], Train Loss: 39.1271, Test Loss: 36.4184
Epoch [22/50], Train Loss: 38.4542, Test Loss: 35.8991
Epoch [23/50], Train Loss: 37.8745, Test Loss: 35.4605
Epoch [24/50], Train Loss: 37.3786, Test Loss: 35.0934
Epoch [25/50], Train Loss: 36.9570, Test Loss: 34.7886
Epoch [26/50], Train Loss: 36.6007, Test Loss: 34.5376
Epoch [27/50], Train Loss: 36.3007, Test Loss: 34.3321
Epoch [28/50], Train Loss: 36.0491, Test Loss: 34.1647
Epoch [29/50], Train Loss: 35.8382, Test Loss: 34.0290
Epoch [30/50], Train Loss: 35.6615, Test Loss: 33.9191
Epoch [31/50], Train Loss: 35.5133, Test Loss: 33.8301
Epoch [32/50], Train Loss: 35.3885, Test Loss: 33.7579
Epoch [33/50], Train Loss: 35.2831, Test Loss: 33.6992
Epoch [34/50], Train Loss: 35.1935, Test Loss: 33.6512
Epoch [35/50], Train Loss: 35.1168, Test Loss: 33.6117
Epoch [36/50], Train Loss: 35.0509, Test Loss: 33.5788
Epoch [37/50], Train Loss: 34.9938, Test Loss: 33.5513
Epoch [38/50], Train Loss: 34.9440, Test Loss: 33.5280
Epoch [39/50], Train Loss: 34.9003, Test Loss: 33.5080
Epoch [40/50], Train Loss: 34.8615, Test Loss: 33.4906
Epoch [41/50], Train Loss: 34.8269, Test Loss: 33.4753
Epoch [42/50], Train Loss: 34.7958, Test Loss: 33.4617
Epoch [43/50], Train Loss: 34.7676, Test Loss: 33.4494
Epoch [44/50], Train Loss: 34.7418, Test Loss: 33.4382
Epoch [45/50], Train Loss: 34.7181, Test Loss: 33.4279
Epoch [46/50], Train Loss: 34.6961, Test Loss: 33.4185
Epoch [47/50], Train Loss: 34.6757, Test Loss: 33.4097
Epoch [48/50], Train Loss: 34.6565, Test Loss: 33.4015
Epoch [49/50], Train Loss: 34.6385, Test Loss: 33.3938
Epoch [50/50], Train Loss: 34.6215, Test Loss: 33.3866
Training LSTM for offset 8
Epoch [1/50], Train Loss: 103.6664, Test Loss: 98.9341
Epoch [2/50], Train Loss: 90.7388, Test Loss: 82.6587
Epoch [3/50], Train Loss: 78.8484, Test Loss: 74.1797
Epoch [4/50], Train Loss: 72.5172, Test Loss: 70.1367
Epoch [5/50], Train Loss: 68.7170, Test Loss: 66.6757
Epoch [6/50], Train Loss: 65.3763, Test Loss: 63.5747
Epoch [7/50], Train Loss: 62.3410, Test Loss: 60.7205
Epoch [8/50], Train Loss: 59.5372, Test Loss: 58.0766
Epoch [9/50], Train Loss: 56.9416, Test Loss: 55.6290
Epoch [10/50], Train Loss: 54.5415, Test Loss: 53.3685
Epoch [11/50], Train Loss: 52.3293, Test Loss: 51.2899
Epoch [12/50], Train Loss: 50.2994, Test Loss: 49.3877
Epoch [13/50], Train Loss: 48.4452, Test Loss: 47.6540
Epoch [14/50], Train Loss: 46.7584, Test Loss: 46.0808
Epoch [15/50], Train Loss: 45.2308, Test Loss: 44.6597
Epoch [16/50], Train Loss: 43.8541, Test Loss: 43.3828
Epoch [17/50], Train Loss: 42.6199, Test Loss: 42.2416
Epoch [18/50], Train Loss: 41.5198, Test Loss: 41.2281
Epoch [19/50], Train Loss: 40.5451, Test Loss: 40.3336
Epoch [20/50], Train Loss: 39.6870, Test Loss: 39.5494
Epoch [21/50], Train Loss: 38.9363, Test Loss: 38.8668
Epoch [22/50], Train Loss: 38.2840, Test Loss: 38.2768
Epoch [23/50], Train Loss: 37.7208, Test Loss: 37.7703
Epoch [24/50], Train Loss: 37.2375, Test Loss: 37.3382
Epoch [25/50], Train Loss: 36.8250, Test Loss: 36.9716
Epoch [26/50], Train Loss: 36.4747, Test Loss: 36.6621
Epoch [27/50], Train Loss: 36.1783, Test Loss: 36.4017
Epoch [28/50], Train Loss: 35.9282, Test Loss: 36.1831
Epoch [29/50], Train Loss: 35.7176, Test Loss: 35.9997
Epoch [30/50], Train Loss: 35.5403, Test Loss: 35.8456
Epoch [31/50], Train Loss: 35.3909, Test Loss: 35.7160
Epoch [32/50], Train Loss: 35.2648, Test Loss: 35.6065
Epoch [33/50], Train Loss: 35.1581, Test Loss: 35.5134
Epoch [34/50], Train Loss: 35.0674, Test Loss: 35.4338
Epoch [35/50], Train Loss: 34.9901, Test Loss: 35.3651
Epoch [36/50], Train Loss: 34.9237, Test Loss: 35.3054
Epoch [37/50], Train Loss: 34.8664, Test Loss: 35.2530
Epoch [38/50], Train Loss: 34.8168, Test Loss: 35.2066
Epoch [39/50], Train Loss: 34.7735, Test Loss: 35.1650
Epoch [40/50], Train Loss: 34.7355, Test Loss: 35.1276
Epoch [41/50], Train Loss: 34.7021, Test Loss: 35.0935
Epoch [42/50], Train Loss: 34.6724, Test Loss: 35.0624
Epoch [43/50], Train Loss: 34.6460, Test Loss: 35.0337
Epoch [44/50], Train Loss: 34.6223, Test Loss: 35.0071
Epoch [45/50], Train Loss: 34.6010, Test Loss: 34.9824
Epoch [46/50], Train Loss: 34.5816, Test Loss: 34.9593
Epoch [47/50], Train Loss: 34.5639, Test Loss: 34.9376
Epoch [48/50], Train Loss: 34.5476, Test Loss: 34.9172
Epoch [49/50], Train Loss: 34.5325, Test Loss: 34.8979
Epoch [50/50], Train Loss: 34.5185, Test Loss: 34.8795
Training LSTM for offset 9
Epoch [1/50], Train Loss: 102.8832, Test Loss: 101.7893
Epoch [2/50], Train Loss: 89.9550, Test Loss: 85.2243
Epoch [3/50], Train Loss: 78.2510, Test Loss: 76.5411
Epoch [4/50], Train Loss: 71.9545, Test Loss: 72.3632
Epoch [5/50], Train Loss: 68.1762, Test Loss: 68.7802
Epoch [6/50], Train Loss: 64.8588, Test Loss: 65.5629
Epoch [7/50], Train Loss: 61.8450, Test Loss: 62.5970
Epoch [8/50], Train Loss: 59.0612, Test Loss: 59.8429
Epoch [9/50], Train Loss: 56.4837, Test Loss: 57.2863
Epoch [10/50], Train Loss: 54.1005, Test Loss: 54.9185
Epoch [11/50], Train Loss: 51.9042, Test Loss: 52.7342
Epoch [12/50], Train Loss: 49.8899, Test Loss: 50.7285
Epoch [13/50], Train Loss: 48.0513, Test Loss: 48.8939
Epoch [14/50], Train Loss: 46.3806, Test Loss: 47.2225
Epoch [15/50], Train Loss: 44.8696, Test Loss: 45.7066
Epoch [16/50], Train Loss: 43.5103, Test Loss: 44.3382
Epoch [17/50], Train Loss: 42.2946, Test Loss: 43.1098
Epoch [18/50], Train Loss: 41.2141, Test Loss: 42.0134
Epoch [19/50], Train Loss: 40.2603, Test Loss: 41.0409
Epoch [20/50], Train Loss: 39.4244, Test Loss: 40.1840
Epoch [21/50], Train Loss: 38.6974, Test Loss: 39.4338
Epoch [22/50], Train Loss: 38.0698, Test Loss: 38.7816
Epoch [23/50], Train Loss: 37.5323, Test Loss: 38.2179
Epoch [24/50], Train Loss: 37.0753, Test Loss: 37.7337
Epoch [25/50], Train Loss: 36.6894, Test Loss: 37.3196
Epoch [26/50], Train Loss: 36.3655, Test Loss: 36.9670
Epoch [27/50], Train Loss: 36.0951, Test Loss: 36.6675
Epoch [28/50], Train Loss: 35.8700, Test Loss: 36.4136
Epoch [29/50], Train Loss: 35.6832, Test Loss: 36.1982
Epoch [30/50], Train Loss: 35.5284, Test Loss: 36.0154
Epoch [31/50], Train Loss: 35.4000, Test Loss: 35.8599
Epoch [32/50], Train Loss: 35.2934, Test Loss: 35.7271
Epoch [33/50], Train Loss: 35.2046, Test Loss: 35.6132
Epoch [34/50], Train Loss: 35.1303, Test Loss: 35.5151
Epoch [35/50], Train Loss: 35.0680, Test Loss: 35.4301
Epoch [36/50], Train Loss: 35.0153, Test Loss: 35.3561
Epoch [37/50], Train Loss: 34.9706, Test Loss: 35.2912
Epoch [38/50], Train Loss: 34.9324, Test Loss: 35.2341
Epoch [39/50], Train Loss: 34.8995, Test Loss: 35.1834
Epoch [40/50], Train Loss: 34.8709, Test Loss: 35.1382
Epoch [41/50], Train Loss: 34.8459, Test Loss: 35.0976
Epoch [42/50], Train Loss: 34.8238, Test Loss: 35.0610
Epoch [43/50], Train Loss: 34.8040, Test Loss: 35.0278
Epoch [44/50], Train Loss: 34.7863, Test Loss: 34.9974
Epoch [45/50], Train Loss: 34.7702, Test Loss: 34.9695
Epoch [46/50], Train Loss: 34.7554, Test Loss: 34.9437
Epoch [47/50], Train Loss: 34.7417, Test Loss: 34.9199
Epoch [48/50], Train Loss: 34.7289, Test Loss: 34.8976
Epoch [49/50], Train Loss: 34.7169, Test Loss: 34.8768
Epoch [50/50], Train Loss: 34.7055, Test Loss: 34.8573
Training LSTM for offset 10
Epoch [1/50], Train Loss: 103.1454, Test Loss: 100.6212
Epoch [2/50], Train Loss: 90.3487, Test Loss: 84.1052
Epoch [3/50], Train Loss: 78.4828, Test Loss: 75.4107
Epoch [4/50], Train Loss: 72.2526, Test Loss: 71.2914
Epoch [5/50], Train Loss: 68.4941, Test Loss: 67.7349
Epoch [6/50], Train Loss: 65.1838, Test Loss: 64.5436
Epoch [7/50], Train Loss: 62.1754, Test Loss: 61.6025
Epoch [8/50], Train Loss: 59.3954, Test Loss: 58.8743
Epoch [9/50], Train Loss: 56.8205, Test Loss: 56.3439
Epoch [10/50], Train Loss: 54.4378, Test Loss: 54.0006
Epoch [11/50], Train Loss: 52.2392, Test Loss: 51.8388
Epoch [12/50], Train Loss: 50.2200, Test Loss: 49.8552
Epoch [13/50], Train Loss: 48.3755, Test Loss: 48.0447
Epoch [14/50], Train Loss: 46.6987, Test Loss: 46.4003
Epoch [15/50], Train Loss: 45.1814, Test Loss: 44.9142
Epoch [16/50], Train Loss: 43.8156, Test Loss: 43.5788
Epoch [17/50], Train Loss: 42.5927, Test Loss: 42.3858
Epoch [18/50], Train Loss: 41.5045, Test Loss: 41.3270
Epoch [19/50], Train Loss: 40.5424, Test Loss: 40.3936
Epoch [20/50], Train Loss: 39.6975, Test Loss: 39.5767
Epoch [21/50], Train Loss: 38.9609, Test Loss: 38.8667
Epoch [22/50], Train Loss: 38.3235, Test Loss: 38.2542
Epoch [23/50], Train Loss: 37.7758, Test Loss: 37.7292
Epoch [24/50], Train Loss: 37.3086, Test Loss: 37.2822
Epoch [25/50], Train Loss: 36.9126, Test Loss: 36.9035
Epoch [26/50], Train Loss: 36.5786, Test Loss: 36.5842
Epoch [27/50], Train Loss: 36.2983, Test Loss: 36.3157
Epoch [28/50], Train Loss: 36.0636, Test Loss: 36.0904
Epoch [29/50], Train Loss: 35.8675, Test Loss: 35.9012
Epoch [30/50], Train Loss: 35.7036, Test Loss: 35.7423
Epoch [31/50], Train Loss: 35.5664, Test Loss: 35.6084
Epoch [32/50], Train Loss: 35.4511, Test Loss: 35.4952
Epoch [33/50], Train Loss: 35.3539, Test Loss: 35.3990
Epoch [34/50], Train Loss: 35.2715, Test Loss: 35.3168
Epoch [35/50], Train Loss: 35.2012, Test Loss: 35.2461
Epoch [36/50], Train Loss: 35.1407, Test Loss: 35.1849
Epoch [37/50], Train Loss: 35.0884, Test Loss: 35.1317
Epoch [38/50], Train Loss: 35.0429, Test Loss: 35.0849
Epoch [39/50], Train Loss: 35.0030, Test Loss: 35.0436
Epoch [40/50], Train Loss: 34.9679, Test Loss: 35.0069
Epoch [41/50], Train Loss: 34.9367, Test Loss: 34.9739
Epoch [42/50], Train Loss: 34.9089, Test Loss: 34.9441
Epoch [43/50], Train Loss: 34.8839, Test Loss: 34.9170
Epoch [44/50], Train Loss: 34.8613, Test Loss: 34.8920
Epoch [45/50], Train Loss: 34.8408, Test Loss: 34.8688
Epoch [46/50], Train Loss: 34.8220, Test Loss: 34.8471
Epoch [47/50], Train Loss: 34.8046, Test Loss: 34.8268
Epoch [48/50], Train Loss: 34.7884, Test Loss: 34.8075
Epoch [49/50], Train Loss: 34.7733, Test Loss: 34.7892
Epoch [50/50], Train Loss: 34.7592, Test Loss: 34.7716
Training LSTM for offset 11
Epoch [1/50], Train Loss: 103.5287, Test Loss: 99.2113
Epoch [2/50], Train Loss: 90.6485, Test Loss: 82.7931
Epoch [3/50], Train Loss: 78.8601, Test Loss: 74.1792
Epoch [4/50], Train Loss: 72.5074, Test Loss: 70.0618
Epoch [5/50], Train Loss: 68.7011, Test Loss: 66.5409
Epoch [6/50], Train Loss: 65.3552, Test Loss: 63.3819
Epoch [7/50], Train Loss: 62.3098, Test Loss: 60.4742
Epoch [8/50], Train Loss: 59.4923, Test Loss: 57.7817
Epoch [9/50], Train Loss: 56.8803, Test Loss: 55.2897
Epoch [10/50], Train Loss: 54.4615, Test Loss: 52.9881
Epoch [11/50], Train Loss: 52.2281, Test Loss: 50.8710
Epoch [12/50], Train Loss: 50.1756, Test Loss: 48.9344
Epoch [13/50], Train Loss: 48.2994, Test Loss: 47.1723
Epoch [14/50], Train Loss: 46.5924, Test Loss: 45.5769
Epoch [15/50], Train Loss: 45.0468, Test Loss: 44.1402
Epoch [16/50], Train Loss: 43.6549, Test Loss: 42.8540
Epoch [17/50], Train Loss: 42.4087, Test Loss: 41.7102
Epoch [18/50], Train Loss: 41.3002, Test Loss: 40.7003
Epoch [19/50], Train Loss: 40.3211, Test Loss: 39.8155
Epoch [20/50], Train Loss: 39.4628, Test Loss: 39.0468
Epoch [21/50], Train Loss: 38.7160, Test Loss: 38.3846
Epoch [22/50], Train Loss: 38.0715, Test Loss: 37.8192
Epoch [23/50], Train Loss: 37.5193, Test Loss: 37.3406
Epoch [24/50], Train Loss: 37.0498, Test Loss: 36.9389
Epoch [25/50], Train Loss: 36.6530, Test Loss: 36.6041
Epoch [26/50], Train Loss: 36.3196, Test Loss: 36.3271
Epoch [27/50], Train Loss: 36.0405, Test Loss: 36.0991
Epoch [28/50], Train Loss: 35.8075, Test Loss: 35.9122
Epoch [29/50], Train Loss: 35.6131, Test Loss: 35.7595
Epoch [30/50], Train Loss: 35.4509, Test Loss: 35.6350
Epoch [31/50], Train Loss: 35.3151, Test Loss: 35.5334
Epoch [32/50], Train Loss: 35.2011, Test Loss: 35.4506
Epoch [33/50], Train Loss: 35.1048, Test Loss: 35.3830
Epoch [34/50], Train Loss: 35.0232, Test Loss: 35.3275
Epoch [35/50], Train Loss: 34.9534, Test Loss: 35.2819
Epoch [36/50], Train Loss: 34.8935, Test Loss: 35.2441
Epoch [37/50], Train Loss: 34.8415, Test Loss: 35.2126
Epoch [38/50], Train Loss: 34.7961, Test Loss: 35.1860
Epoch [39/50], Train Loss: 34.7562, Test Loss: 35.1634
Epoch [40/50], Train Loss: 34.7208, Test Loss: 35.1439
Epoch [41/50], Train Loss: 34.6892, Test Loss: 35.1270
Epoch [42/50], Train Loss: 34.6608, Test Loss: 35.1121
Epoch [43/50], Train Loss: 34.6350, Test Loss: 35.0988
Epoch [44/50], Train Loss: 34.6116, Test Loss: 35.0868
Epoch [45/50], Train Loss: 34.5901, Test Loss: 35.0759
Epoch [46/50], Train Loss: 34.5703, Test Loss: 35.0658
Epoch [47/50], Train Loss: 34.5520, Test Loss: 35.0565
Epoch [48/50], Train Loss: 34.5349, Test Loss: 35.0478
Epoch [49/50], Train Loss: 34.5191, Test Loss: 35.0396
Epoch [50/50], Train Loss: 34.5042, Test Loss: 35.0317
Training LSTM for offset 12
Epoch [1/50], Train Loss: 103.3283, Test Loss: 100.1859
Epoch [2/50], Train Loss: 90.5328, Test Loss: 83.7451
Epoch [3/50], Train Loss: 78.7443, Test Loss: 75.1555
Epoch [4/50], Train Loss: 72.3995, Test Loss: 71.0630
Epoch [5/50], Train Loss: 68.6249, Test Loss: 67.5557
Epoch [6/50], Train Loss: 65.3074, Test Loss: 64.4189
Epoch [7/50], Train Loss: 62.2954, Test Loss: 61.5335
Epoch [8/50], Train Loss: 59.5125, Test Loss: 58.8603
Epoch [9/50], Train Loss: 56.9346, Test Loss: 56.3846
Epoch [10/50], Train Loss: 54.5486, Test Loss: 54.0963
Epoch [11/50], Train Loss: 52.3458, Test Loss: 51.9890
Epoch [12/50], Train Loss: 50.3209, Test Loss: 50.0585
Epoch [13/50], Train Loss: 48.4691, Test Loss: 48.2986
Epoch [14/50], Train Loss: 46.7834, Test Loss: 46.7014
Epoch [15/50], Train Loss: 45.2561, Test Loss: 45.2585
Epoch [16/50], Train Loss: 43.8792, Test Loss: 43.9619
Epoch [17/50], Train Loss: 42.6448, Test Loss: 42.8030
Epoch [18/50], Train Loss: 41.5446, Test Loss: 41.7735
Epoch [19/50], Train Loss: 40.5704, Test Loss: 40.8648
Epoch [20/50], Train Loss: 39.7133, Test Loss: 40.0680
Epoch [21/50], Train Loss: 38.9646, Test Loss: 39.3740
Epoch [22/50], Train Loss: 38.3151, Test Loss: 38.7738
Epoch [23/50], Train Loss: 37.7556, Test Loss: 38.2581
Epoch [24/50], Train Loss: 37.2766, Test Loss: 37.8179
Epoch [25/50], Train Loss: 36.8692, Test Loss: 37.4441
Epoch [26/50], Train Loss: 36.5243, Test Loss: 37.1283
Epoch [27/50], Train Loss: 36.2336, Test Loss: 36.8624
Epoch [28/50], Train Loss: 35.9893, Test Loss: 36.6391
Epoch [29/50], Train Loss: 35.7844, Test Loss: 36.4517
Epoch [30/50], Train Loss: 35.6127, Test Loss: 36.2943
Epoch [31/50], Train Loss: 35.4688, Test Loss: 36.1619
Epoch [32/50], Train Loss: 35.3478, Test Loss: 36.0501
Epoch [33/50], Train Loss: 35.2460, Test Loss: 35.9553
Epoch [34/50], Train Loss: 35.1601, Test Loss: 35.8744
Epoch [35/50], Train Loss: 35.0872, Test Loss: 35.8050
Epoch [36/50], Train Loss: 35.0252, Test Loss: 35.7450
Epoch [37/50], Train Loss: 34.9722, Test Loss: 35.6927
Epoch [38/50], Train Loss: 34.9266, Test Loss: 35.6468
Epoch [39/50], Train Loss: 34.8872, Test Loss: 35.6061
Epoch [40/50], Train Loss: 34.8529, Test Loss: 35.5697
Epoch [41/50], Train Loss: 34.8228, Test Loss: 35.5368
Epoch [42/50], Train Loss: 34.7960, Test Loss: 35.5067
Epoch [43/50], Train Loss: 34.7721, Test Loss: 35.4790
Epoch [44/50], Train Loss: 34.7504, Test Loss: 35.4533
Epoch [45/50], Train Loss: 34.7307, Test Loss: 35.4292
Epoch [46/50], Train Loss: 34.7125, Test Loss: 35.4065
Epoch [47/50], Train Loss: 34.6956, Test Loss: 35.3851
Epoch [48/50], Train Loss: 34.6798, Test Loss: 35.3646
Epoch [49/50], Train Loss: 34.6648, Test Loss: 35.3451
Epoch [50/50], Train Loss: 34.6507, Test Loss: 35.3263
Training LSTM for offset 13
Epoch [1/50], Train Loss: 102.8320, Test Loss: 101.8860
Epoch [2/50], Train Loss: 90.0493, Test Loss: 85.3913
Epoch [3/50], Train Loss: 78.2710, Test Loss: 76.6961
Epoch [4/50], Train Loss: 72.0277, Test Loss: 72.5685
Epoch [5/50], Train Loss: 68.2989, Test Loss: 68.9990
Epoch [6/50], Train Loss: 65.0033, Test Loss: 65.8138
Epoch [7/50], Train Loss: 62.0129, Test Loss: 62.8824
Epoch [8/50], Train Loss: 59.2486, Test Loss: 60.1661
Epoch [9/50], Train Loss: 56.6878, Test Loss: 57.6501
Epoch [10/50], Train Loss: 54.3180, Test Loss: 55.3233
Epoch [11/50], Train Loss: 52.1301, Test Loss: 53.1786
Epoch [12/50], Train Loss: 50.1187, Test Loss: 51.2119
Epoch [13/50], Train Loss: 48.2797, Test Loss: 49.4183
Epoch [14/50], Train Loss: 46.6070, Test Loss: 47.7908
Epoch [15/50], Train Loss: 45.0931, Test Loss: 46.3212
Epoch [16/50], Train Loss: 43.7299, Test Loss: 45.0013
Epoch [17/50], Train Loss: 42.5095, Test Loss: 43.8227
Epoch [18/50], Train Loss: 41.4237, Test Loss: 42.7767
Epoch [19/50], Train Loss: 40.4640, Test Loss: 41.8546
Epoch [20/50], Train Loss: 39.6214, Test Loss: 41.0472
Epoch [21/50], Train Loss: 38.8871, Test Loss: 40.3452
Epoch [22/50], Train Loss: 38.2516, Test Loss: 39.7391
Epoch [23/50], Train Loss: 37.7054, Test Loss: 39.2192
Epoch [24/50], Train Loss: 37.2392, Test Loss: 38.7763
Epoch [25/50], Train Loss: 36.8437, Test Loss: 38.4010
Epoch [26/50], Train Loss: 36.5100, Test Loss: 38.0844
Epoch [27/50], Train Loss: 36.2294, Test Loss: 37.8184
Epoch [28/50], Train Loss: 35.9944, Test Loss: 37.5953
Epoch [29/50], Train Loss: 35.7978, Test Loss: 37.4085
Epoch [30/50], Train Loss: 35.6334, Test Loss: 37.2519
Epoch [31/50], Train Loss: 35.4959, Test Loss: 37.1206
Epoch [32/50], Train Loss: 35.3806, Test Loss: 37.0101
Epoch [33/50], Train Loss: 35.2836, Test Loss: 36.9168
Epoch [34/50], Train Loss: 35.2017, Test Loss: 36.8378
Epoch [35/50], Train Loss: 35.1323, Test Loss: 36.7705
Epoch [36/50], Train Loss: 35.0729, Test Loss: 36.7129
Epoch [37/50], Train Loss: 35.0220, Test Loss: 36.6631
Epoch [38/50], Train Loss: 34.9778, Test Loss: 36.6198
Epoch [39/50], Train Loss: 34.9391, Test Loss: 36.5817
Epoch [40/50], Train Loss: 34.9049, Test Loss: 36.5479
Epoch [41/50], Train Loss: 34.8743, Test Loss: 36.5175
Epoch [42/50], Train Loss: 34.8466, Test Loss: 36.4898
Epoch [43/50], Train Loss: 34.8214, Test Loss: 36.4643
Epoch [44/50], Train Loss: 34.7981, Test Loss: 36.4406
Epoch [45/50], Train Loss: 34.7765, Test Loss: 36.4184
Epoch [46/50], Train Loss: 34.7562, Test Loss: 36.3972
Epoch [47/50], Train Loss: 34.7370, Test Loss: 36.3770
Epoch [48/50], Train Loss: 34.7188, Test Loss: 36.3576
Epoch [49/50], Train Loss: 34.7014, Test Loss: 36.3388
Epoch [50/50], Train Loss: 34.6848, Test Loss: 36.3205
Training LSTM for offset 14
Epoch [1/50], Train Loss: 103.6673, Test Loss: 98.7490
Epoch [2/50], Train Loss: 90.8434, Test Loss: 82.5230
Epoch [3/50], Train Loss: 78.9196, Test Loss: 74.0227
Epoch [4/50], Train Loss: 72.6534, Test Loss: 70.0219
Epoch [5/50], Train Loss: 68.8803, Test Loss: 66.5709
Epoch [6/50], Train Loss: 65.5497, Test Loss: 63.4932
Epoch [7/50], Train Loss: 62.5239, Test Loss: 60.6657
Epoch [8/50], Train Loss: 59.7276, Test Loss: 58.0512
Epoch [9/50], Train Loss: 57.1390, Test Loss: 55.6345
Epoch [10/50], Train Loss: 54.7455, Test Loss: 53.4041
Epoch [11/50], Train Loss: 52.5382, Test Loss: 51.3534
Epoch [12/50], Train Loss: 50.5124, Test Loss: 49.4778
Epoch [13/50], Train Loss: 48.6638, Test Loss: 47.7717
Epoch [14/50], Train Loss: 46.9857, Test Loss: 46.2271
Epoch [15/50], Train Loss: 45.4701, Test Loss: 44.8360
Epoch [16/50], Train Loss: 44.1085, Test Loss: 43.5902
Epoch [17/50], Train Loss: 42.8925, Test Loss: 42.4815
Epoch [18/50], Train Loss: 41.8135, Test Loss: 41.5010
Epoch [19/50], Train Loss: 40.8626, Test Loss: 40.6402
Epoch [20/50], Train Loss: 40.0304, Test Loss: 39.8896
Epoch [21/50], Train Loss: 39.3076, Test Loss: 39.2399
Epoch [22/50], Train Loss: 38.6841, Test Loss: 38.6814
Epoch [23/50], Train Loss: 38.1500, Test Loss: 38.2045
Epoch [24/50], Train Loss: 37.6956, Test Loss: 37.7997
Epoch [25/50], Train Loss: 37.3111, Test Loss: 37.4578
Epoch [26/50], Train Loss: 36.9872, Test Loss: 37.1700
Epoch [27/50], Train Loss: 36.7153, Test Loss: 36.9284
Epoch [28/50], Train Loss: 36.4876, Test Loss: 36.7257
Epoch [29/50], Train Loss: 36.2972, Test Loss: 36.5558
Epoch [30/50], Train Loss: 36.1377, Test Loss: 36.4130
Epoch [31/50], Train Loss: 36.0041, Test Loss: 36.2927
Epoch [32/50], Train Loss: 35.8918, Test Loss: 36.1909
Epoch [33/50], Train Loss: 35.7971, Test Loss: 36.1043
Epoch [34/50], Train Loss: 35.7167, Test Loss: 36.0302
Epoch [35/50], Train Loss: 35.6481, Test Loss: 35.9663
Epoch [36/50], Train Loss: 35.5890, Test Loss: 35.9106
Epoch [37/50], Train Loss: 35.5378, Test Loss: 35.8618
Epoch [38/50], Train Loss: 35.4929, Test Loss: 35.8185
Epoch [39/50], Train Loss: 35.4533, Test Loss: 35.7799
Epoch [40/50], Train Loss: 35.4179, Test Loss: 35.7450
Epoch [41/50], Train Loss: 35.3860, Test Loss: 35.7134
Epoch [42/50], Train Loss: 35.3571, Test Loss: 35.6844
Epoch [43/50], Train Loss: 35.3306, Test Loss: 35.6577
Epoch [44/50], Train Loss: 35.3062, Test Loss: 35.6330
Epoch [45/50], Train Loss: 35.2835, Test Loss: 35.6099
Epoch [46/50], Train Loss: 35.2623, Test Loss: 35.5883
Epoch [47/50], Train Loss: 35.2425, Test Loss: 35.5679
Epoch [48/50], Train Loss: 35.2237, Test Loss: 35.5486
Epoch [49/50], Train Loss: 35.2059, Test Loss: 35.5302
Epoch [50/50], Train Loss: 35.1889, Test Loss: 35.5127
Training LSTM for offset 15
Epoch [1/50], Train Loss: 103.6995, Test Loss: 98.6068
Epoch [2/50], Train Loss: 90.9074, Test Loss: 82.3062
Epoch [3/50], Train Loss: 79.0626, Test Loss: 73.7426
Epoch [4/50], Train Loss: 72.7679, Test Loss: 69.6991
Epoch [5/50], Train Loss: 69.0327, Test Loss: 66.2158
Epoch [6/50], Train Loss: 65.7311, Test Loss: 63.1056
Epoch [7/50], Train Loss: 62.7344, Test Loss: 60.2461
Epoch [8/50], Train Loss: 59.9657, Test Loss: 57.5975
Epoch [9/50], Train Loss: 57.4024, Test Loss: 55.1461
Epoch [10/50], Train Loss: 55.0327, Test Loss: 52.8817
Epoch [11/50], Train Loss: 52.8466, Test Loss: 50.7960
Epoch [12/50], Train Loss: 50.8368, Test Loss: 48.8844
Epoch [13/50], Train Loss: 48.9988, Test Loss: 47.1429
Epoch [14/50], Train Loss: 47.3273, Test Loss: 45.5654
Epoch [15/50], Train Loss: 45.8151, Test Loss: 44.1441
Epoch [16/50], Train Loss: 44.4542, Test Loss: 42.8708
Epoch [17/50], Train Loss: 43.2365, Test Loss: 41.7372
Epoch [18/50], Train Loss: 42.1538, Test Loss: 40.7346
Epoch [19/50], Train Loss: 41.1975, Test Loss: 39.8543
Epoch [20/50], Train Loss: 40.3590, Test Loss: 39.0869
Epoch [21/50], Train Loss: 39.6289, Test Loss: 38.4230
Epoch [22/50], Train Loss: 38.9978, Test Loss: 37.8528
Epoch [23/50], Train Loss: 38.4563, Test Loss: 37.3666
Epoch [24/50], Train Loss: 37.9947, Test Loss: 36.9548
Epoch [25/50], Train Loss: 37.6037, Test Loss: 36.6082
Epoch [26/50], Train Loss: 37.2740, Test Loss: 36.3178
Epoch [27/50], Train Loss: 36.9973, Test Loss: 36.0756
Epoch [28/50], Train Loss: 36.7656, Test Loss: 35.8741
Epoch [29/50], Train Loss: 36.5719, Test Loss: 35.7066
Epoch [30/50], Train Loss: 36.4099, Test Loss: 35.5675
Epoch [31/50], Train Loss: 36.2743, Test Loss: 35.4518
Epoch [32/50], Train Loss: 36.1604, Test Loss: 35.3554
Epoch [33/50], Train Loss: 36.0644, Test Loss: 35.2747
Epoch [34/50], Train Loss: 35.9830, Test Loss: 35.2069
Epoch [35/50], Train Loss: 35.9136, Test Loss: 35.1495
Epoch [36/50], Train Loss: 35.8540, Test Loss: 35.1006
Epoch [37/50], Train Loss: 35.8024, Test Loss: 35.0586
Epoch [38/50], Train Loss: 35.7575, Test Loss: 35.0221
Epoch [39/50], Train Loss: 35.7180, Test Loss: 34.9900
Epoch [40/50], Train Loss: 35.6831, Test Loss: 34.9617
Epoch [41/50], Train Loss: 35.6518, Test Loss: 34.9362
Epoch [42/50], Train Loss: 35.6237, Test Loss: 34.9131
Epoch [43/50], Train Loss: 35.5982, Test Loss: 34.8920
Epoch [44/50], Train Loss: 35.5748, Test Loss: 34.8724
Epoch [45/50], Train Loss: 35.5533, Test Loss: 34.8542
Epoch [46/50], Train Loss: 35.5333, Test Loss: 34.8371
Epoch [47/50], Train Loss: 35.5146, Test Loss: 34.8210
Epoch [48/50], Train Loss: 35.4970, Test Loss: 34.8058
Epoch [49/50], Train Loss: 35.4804, Test Loss: 34.7912
Epoch [50/50], Train Loss: 35.4647, Test Loss: 34.7774
Training LSTM for offset 16
Epoch [1/50], Train Loss: 102.6713, Test Loss: 102.6322
Epoch [2/50], Train Loss: 89.8682, Test Loss: 86.0383
Epoch [3/50], Train Loss: 78.1590, Test Loss: 77.3043
Epoch [4/50], Train Loss: 71.8910, Test Loss: 73.1852
Epoch [5/50], Train Loss: 68.1725, Test Loss: 69.6223
Epoch [6/50], Train Loss: 64.8875, Test Loss: 66.4255
Epoch [7/50], Train Loss: 61.9050, Test Loss: 63.4824
Epoch [8/50], Train Loss: 59.1485, Test Loss: 60.7534
Epoch [9/50], Train Loss: 56.5957, Test Loss: 58.2249
Epoch [10/50], Train Loss: 54.2346, Test Loss: 55.8861
Epoch [11/50], Train Loss: 52.0565, Test Loss: 53.7303
Epoch [12/50], Train Loss: 50.0564, Test Loss: 51.7537
Epoch [13/50], Train Loss: 48.2305, Test Loss: 49.9515
Epoch [14/50], Train Loss: 46.5726, Test Loss: 48.3166
Epoch [15/50], Train Loss: 45.0749, Test Loss: 46.8411
Epoch [16/50], Train Loss: 43.7295, Test Loss: 45.5173
Epoch [17/50], Train Loss: 42.5286, Test Loss: 44.3370
Epoch [18/50], Train Loss: 41.4638, Test Loss: 43.2919
Epoch [19/50], Train Loss: 40.5266, Test Loss: 42.3732
Epoch [20/50], Train Loss: 39.7081, Test Loss: 41.5717
Epoch [21/50], Train Loss: 38.9989, Test Loss: 40.8778
Epoch [22/50], Train Loss: 38.3896, Test Loss: 40.2816
Epoch [23/50], Train Loss: 37.8701, Test Loss: 39.7732
Epoch [24/50], Train Loss: 37.4307, Test Loss: 39.3424
Epoch [25/50], Train Loss: 37.0616, Test Loss: 38.9796
Epoch [26/50], Train Loss: 36.7535, Test Loss: 38.6754
Epoch [27/50], Train Loss: 36.4975, Test Loss: 38.4212
Epoch [28/50], Train Loss: 36.2857, Test Loss: 38.2092
Epoch [29/50], Train Loss: 36.1107, Test Loss: 38.0323
Epoch [30/50], Train Loss: 35.9662, Test Loss: 37.8845
Epoch [31/50], Train Loss: 35.8469, Test Loss: 37.7608
Epoch [32/50], Train Loss: 35.7482, Test Loss: 37.6566
Epoch [33/50], Train Loss: 35.6662, Test Loss: 37.5685
Epoch [34/50], Train Loss: 35.5978, Test Loss: 37.4935
Epoch [35/50], Train Loss: 35.5405, Test Loss: 37.4293
Epoch [36/50], Train Loss: 35.4923, Test Loss: 37.3738
Epoch [37/50], Train Loss: 35.4513, Test Loss: 37.3254
Epoch [38/50], Train Loss: 35.4163, Test Loss: 37.2830
Epoch [39/50], Train Loss: 35.3861, Test Loss: 37.2455
Epoch [40/50], Train Loss: 35.3598, Test Loss: 37.2120
Epoch [41/50], Train Loss: 35.3368, Test Loss: 37.1819
Epoch [42/50], Train Loss: 35.3163, Test Loss: 37.1544
Epoch [43/50], Train Loss: 35.2979, Test Loss: 37.1293
Epoch [44/50], Train Loss: 35.2811, Test Loss: 37.1060
Epoch [45/50], Train Loss: 35.2657, Test Loss: 37.0843
Epoch [46/50], Train Loss: 35.2514, Test Loss: 37.0639
Epoch [47/50], Train Loss: 35.2380, Test Loss: 37.0446
Epoch [48/50], Train Loss: 35.2253, Test Loss: 37.0262
Epoch [49/50], Train Loss: 35.2131, Test Loss: 37.0085
Epoch [50/50], Train Loss: 35.2014, Test Loss: 36.9916
Training LSTM for offset 17
Epoch [1/50], Train Loss: 102.8273, Test Loss: 102.2276
Epoch [2/50], Train Loss: 90.0630, Test Loss: 85.7761
Epoch [3/50], Train Loss: 78.2994, Test Loss: 77.0791
Epoch [4/50], Train Loss: 72.0453, Test Loss: 72.9910
Epoch [5/50], Train Loss: 68.3311, Test Loss: 69.4772
Epoch [6/50], Train Loss: 65.0534, Test Loss: 66.3206
Epoch [7/50], Train Loss: 62.0801, Test Loss: 63.4132
Epoch [8/50], Train Loss: 59.3346, Test Loss: 60.7157
Epoch [9/50], Train Loss: 56.7942, Test Loss: 58.2140
Epoch [10/50], Train Loss: 54.4466, Test Loss: 55.8984
Epoch [11/50], Train Loss: 52.2831, Test Loss: 53.7623
Epoch [12/50], Train Loss: 50.2981, Test Loss: 51.8017
Epoch [13/50], Train Loss: 48.4871, Test Loss: 50.0118
Epoch [14/50], Train Loss: 46.8437, Test Loss: 48.3857
Epoch [15/50], Train Loss: 45.3598, Test Loss: 46.9152
Epoch [16/50], Train Loss: 44.0269, Test Loss: 45.5925
Epoch [17/50], Train Loss: 42.8364, Test Loss: 44.4092
Epoch [18/50], Train Loss: 41.7796, Test Loss: 43.3571
Epoch [19/50], Train Loss: 40.8476, Test Loss: 42.4273
Epoch [20/50], Train Loss: 40.0313, Test Loss: 41.6109
Epoch [21/50], Train Loss: 39.3211, Test Loss: 40.8987
Epoch [22/50], Train Loss: 38.7075, Test Loss: 40.2813
Epoch [23/50], Train Loss: 38.1808, Test Loss: 39.7494
Epoch [24/50], Train Loss: 37.7316, Test Loss: 39.2938
Epoch [25/50], Train Loss: 37.3505, Test Loss: 38.9055
Epoch [26/50], Train Loss: 37.0286, Test Loss: 38.5759
Epoch [27/50], Train Loss: 36.7575, Test Loss: 38.2970
Epoch [28/50], Train Loss: 36.5298, Test Loss: 38.0617
Epoch [29/50], Train Loss: 36.3385, Test Loss: 37.8632
Epoch [30/50], Train Loss: 36.1778, Test Loss: 37.6960
Epoch [31/50], Train Loss: 36.0424, Test Loss: 37.5550
Epoch [32/50], Train Loss: 35.9281, Test Loss: 37.4359
Epoch [33/50], Train Loss: 35.8311, Test Loss: 37.3351
Epoch [34/50], Train Loss: 35.7484, Test Loss: 37.2497
Epoch [35/50], Train Loss: 35.6777, Test Loss: 37.1771
Epoch [36/50], Train Loss: 35.6168, Test Loss: 37.1152
Epoch [37/50], Train Loss: 35.5641, Test Loss: 37.0622
Epoch [38/50], Train Loss: 35.5183, Test Loss: 37.0168
Epoch [39/50], Train Loss: 35.4782, Test Loss: 36.9777
Epoch [40/50], Train Loss: 35.4430, Test Loss: 36.9438
Epoch [41/50], Train Loss: 35.4118, Test Loss: 36.9142
Epoch [42/50], Train Loss: 35.3839, Test Loss: 36.8881
Epoch [43/50], Train Loss: 35.3588, Test Loss: 36.8650
Epoch [44/50], Train Loss: 35.3361, Test Loss: 36.8442
Epoch [45/50], Train Loss: 35.3153, Test Loss: 36.8255
Epoch [46/50], Train Loss: 35.2962, Test Loss: 36.8083
Epoch [47/50], Train Loss: 35.2784, Test Loss: 36.7925
Epoch [48/50], Train Loss: 35.2618, Test Loss: 36.7777
Epoch [49/50], Train Loss: 35.2462, Test Loss: 36.7639
Epoch [50/50], Train Loss: 35.2315, Test Loss: 36.7508
Training LSTM for offset 18
Epoch [1/50], Train Loss: 103.8880, Test Loss: 97.8263
Epoch [2/50], Train Loss: 91.1991, Test Loss: 81.7885
Epoch [3/50], Train Loss: 79.2501, Test Loss: 73.3314
Epoch [4/50], Train Loss: 72.9766, Test Loss: 69.4139
Epoch [5/50], Train Loss: 69.2482, Test Loss: 66.0161
Epoch [6/50], Train Loss: 65.9469, Test Loss: 62.9880
Epoch [7/50], Train Loss: 62.9541, Test Loss: 60.2093
Epoch [8/50], Train Loss: 60.1916, Test Loss: 57.6410
Epoch [9/50], Train Loss: 57.6352, Test Loss: 55.2670
Epoch [10/50], Train Loss: 55.2723, Test Loss: 53.0766
Epoch [11/50], Train Loss: 53.0940, Test Loss: 51.0618
Epoch [12/50], Train Loss: 51.0940, Test Loss: 49.2174
Epoch [13/50], Train Loss: 49.2682, Test Loss: 47.5381
Epoch [14/50], Train Loss: 47.6109, Test Loss: 46.0161
Epoch [15/50], Train Loss: 46.1142, Test Loss: 44.6430
Epoch [16/50], Train Loss: 44.7695, Test Loss: 43.4105
Epoch [17/50], Train Loss: 43.5682, Test Loss: 42.3102
Epoch [18/50], Train Loss: 42.5016, Test Loss: 41.3338
Epoch [19/50], Train Loss: 41.5608, Test Loss: 40.4730
Epoch [20/50], Train Loss: 40.7364, Test Loss: 39.7189
Epoch [21/50], Train Loss: 40.0191, Test Loss: 39.0628
Epoch [22/50], Train Loss: 39.3991, Test Loss: 38.4956
Epoch [23/50], Train Loss: 38.8667, Test Loss: 38.0083
Epoch [24/50], Train Loss: 38.4122, Test Loss: 37.5919
Epoch [25/50], Train Loss: 38.0263, Test Loss: 37.2379
Epoch [26/50], Train Loss: 37.7001, Test Loss: 36.9380
Epoch [27/50], Train Loss: 37.4253, Test Loss: 36.6845
Epoch [28/50], Train Loss: 37.1942, Test Loss: 36.4706
Epoch [29/50], Train Loss: 37.0000, Test Loss: 36.2902
Epoch [30/50], Train Loss: 36.8368, Test Loss: 36.1377
Epoch [31/50], Train Loss: 36.6995, Test Loss: 36.0087
Epoch [32/50], Train Loss: 36.5836, Test Loss: 35.8991
Epoch [33/50], Train Loss: 36.4854, Test Loss: 35.8057
Epoch [34/50], Train Loss: 36.4019, Test Loss: 35.7258
Epoch [35/50], Train Loss: 36.3305, Test Loss: 35.6570
Epoch [36/50], Train Loss: 36.2691, Test Loss: 35.5976
Epoch [37/50], Train Loss: 36.2160, Test Loss: 35.5461
Epoch [38/50], Train Loss: 36.1698, Test Loss: 35.5012
Epoch [39/50], Train Loss: 36.1294, Test Loss: 35.4620
Epoch [40/50], Train Loss: 36.0938, Test Loss: 35.4275
Epoch [41/50], Train Loss: 36.0622, Test Loss: 35.3972
Epoch [42/50], Train Loss: 36.0341, Test Loss: 35.3705
Epoch [43/50], Train Loss: 36.0090, Test Loss: 35.3467
Epoch [44/50], Train Loss: 35.9863, Test Loss: 35.3256
Epoch [45/50], Train Loss: 35.9657, Test Loss: 35.3067
Epoch [46/50], Train Loss: 35.9469, Test Loss: 35.2897
Epoch [47/50], Train Loss: 35.9297, Test Loss: 35.2743
Epoch [48/50], Train Loss: 35.9137, Test Loss: 35.2603
Epoch [49/50], Train Loss: 35.8988, Test Loss: 35.2475
Epoch [50/50], Train Loss: 35.8849, Test Loss: 35.2356
Training LSTM for offset 19
Epoch [1/50], Train Loss: 103.3025, Test Loss: 99.7532
Epoch [2/50], Train Loss: 90.5192, Test Loss: 83.4159
Epoch [3/50], Train Loss: 78.6955, Test Loss: 74.8321
Epoch [4/50], Train Loss: 72.5281, Test Loss: 70.8248
Epoch [5/50], Train Loss: 68.8261, Test Loss: 67.3454
Epoch [6/50], Train Loss: 65.5470, Test Loss: 64.2421
Epoch [7/50], Train Loss: 62.5746, Test Loss: 61.3921
Epoch [8/50], Train Loss: 59.8300, Test Loss: 58.7568
Epoch [9/50], Train Loss: 57.2897, Test Loss: 56.3206
Epoch [10/50], Train Loss: 54.9408, Test Loss: 54.0732
Epoch [11/50], Train Loss: 52.7739, Test Loss: 52.0061
Epoch [12/50], Train Loss: 50.7820, Test Loss: 50.1139
Epoch [13/50], Train Loss: 48.9605, Test Loss: 48.3927
Epoch [14/50], Train Loss: 47.3048, Test Loss: 46.8366
Epoch [15/50], Train Loss: 45.8082, Test Loss: 45.4378
Epoch [16/50], Train Loss: 44.4625, Test Loss: 44.1880
Epoch [17/50], Train Loss: 43.2594, Test Loss: 43.0787
Epoch [18/50], Train Loss: 42.1905, Test Loss: 42.1011
Epoch [19/50], Train Loss: 41.2470, Test Loss: 41.2462
Epoch [20/50], Train Loss: 40.4200, Test Loss: 40.5047
Epoch [21/50], Train Loss: 39.7004, Test Loss: 39.8669
Epoch [22/50], Train Loss: 39.0785, Test Loss: 39.3229
Epoch [23/50], Train Loss: 38.5450, Test Loss: 38.8626
Epoch [24/50], Train Loss: 38.0901, Test Loss: 38.4762
Epoch [25/50], Train Loss: 37.7046, Test Loss: 38.1541
Epoch [26/50], Train Loss: 37.3794, Test Loss: 37.8871
Epoch [27/50], Train Loss: 37.1061, Test Loss: 37.6669
Epoch [28/50], Train Loss: 36.8770, Test Loss: 37.4859
Epoch [29/50], Train Loss: 36.6850, Test Loss: 37.3374
Epoch [30/50], Train Loss: 36.5241, Test Loss: 37.2155
Epoch [31/50], Train Loss: 36.3890, Test Loss: 37.1155
Epoch [32/50], Train Loss: 36.2753, Test Loss: 37.0331
Epoch [33/50], Train Loss: 36.1792, Test Loss: 36.9650
Epoch [34/50], Train Loss: 36.0975, Test Loss: 36.9085
Epoch [35/50], Train Loss: 36.0277, Test Loss: 36.8614
Epoch [36/50], Train Loss: 35.9678, Test Loss: 36.8218
Epoch [37/50], Train Loss: 35.9160, Test Loss: 36.7884
Epoch [38/50], Train Loss: 35.8709, Test Loss: 36.7600
Epoch [39/50], Train Loss: 35.8314, Test Loss: 36.7356
Epoch [40/50], Train Loss: 35.7965, Test Loss: 36.7145
Epoch [41/50], Train Loss: 35.7654, Test Loss: 36.6960
Epoch [42/50], Train Loss: 35.7375, Test Loss: 36.6796
Epoch [43/50], Train Loss: 35.7122, Test Loss: 36.6648
Epoch [44/50], Train Loss: 35.6891, Test Loss: 36.6514
Epoch [45/50], Train Loss: 35.6678, Test Loss: 36.6391
Epoch [46/50], Train Loss: 35.6480, Test Loss: 36.6275
Epoch [47/50], Train Loss: 35.6295, Test Loss: 36.6166
Epoch [48/50], Train Loss: 35.6121, Test Loss: 36.6062
Epoch [49/50], Train Loss: 35.5956, Test Loss: 36.5962
Epoch [50/50], Train Loss: 35.5800, Test Loss: 36.5864
Training LSTM for offset 24
Epoch [1/50], Train Loss: 103.1040, Test Loss: 100.5875
Epoch [2/50], Train Loss: 90.3482, Test Loss: 84.2545
Epoch [3/50], Train Loss: 78.5555, Test Loss: 75.7051
Epoch [4/50], Train Loss: 72.4392, Test Loss: 71.8216
Epoch [5/50], Train Loss: 68.7966, Test Loss: 68.4077
Epoch [6/50], Train Loss: 65.5448, Test Loss: 65.3360
Epoch [7/50], Train Loss: 62.6022, Test Loss: 62.5152
Epoch [8/50], Train Loss: 59.8866, Test Loss: 59.9008
Epoch [9/50], Train Loss: 57.3738, Test Loss: 57.4779
Epoch [10/50], Train Loss: 55.0527, Test Loss: 55.2389
Epoch [11/50], Train Loss: 52.9162, Test Loss: 53.1775
Epoch [12/50], Train Loss: 50.9570, Test Loss: 51.2863
Epoch [13/50], Train Loss: 49.1677, Test Loss: 49.5587
Epoch [14/50], Train Loss: 47.5422, Test Loss: 47.9899
Epoch [15/50], Train Loss: 46.0752, Test Loss: 46.5751
Epoch [16/50], Train Loss: 44.7602, Test Loss: 45.3074
Epoch [17/50], Train Loss: 43.5887, Test Loss: 44.1785
Epoch [18/50], Train Loss: 42.5518, Test Loss: 43.1798
Epoch [19/50], Train Loss: 41.6399, Test Loss: 42.3025
Epoch [20/50], Train Loss: 40.8437, Test Loss: 41.5375
Epoch [21/50], Train Loss: 40.1533, Test Loss: 40.8755
Epoch [22/50], Train Loss: 39.5590, Test Loss: 40.3069
Epoch [23/50], Train Loss: 39.0508, Test Loss: 39.8221
Epoch [24/50], Train Loss: 38.6189, Test Loss: 39.4118
Epoch [25/50], Train Loss: 38.2539, Test Loss: 39.0667
Epoch [26/50], Train Loss: 37.9467, Test Loss: 38.7781
Epoch [27/50], Train Loss: 37.6890, Test Loss: 38.5378
Epoch [28/50], Train Loss: 37.4730, Test Loss: 38.3385
Epoch [29/50], Train Loss: 37.2921, Test Loss: 38.1734
Epoch [30/50], Train Loss: 37.1403, Test Loss: 38.0368
Epoch [31/50], Train Loss: 37.0127, Test Loss: 37.9237
Epoch [32/50], Train Loss: 36.9049, Test Loss: 37.8297
Epoch [33/50], Train Loss: 36.8135, Test Loss: 37.7513
Epoch [34/50], Train Loss: 36.7355, Test Loss: 37.6854
Epoch [35/50], Train Loss: 36.6686, Test Loss: 37.6298
Epoch [36/50], Train Loss: 36.6108, Test Loss: 37.5824
Epoch [37/50], Train Loss: 36.5606, Test Loss: 37.5417
Epoch [38/50], Train Loss: 36.5168, Test Loss: 37.5064
Epoch [39/50], Train Loss: 36.4782, Test Loss: 37.4755
Epoch [40/50], Train Loss: 36.4442, Test Loss: 37.4484
Epoch [41/50], Train Loss: 36.4139, Test Loss: 37.4242
Epoch [42/50], Train Loss: 36.3869, Test Loss: 37.4025
Epoch [43/50], Train Loss: 36.3627, Test Loss: 37.3829
Epoch [44/50], Train Loss: 36.3407, Test Loss: 37.3649
Epoch [45/50], Train Loss: 36.3208, Test Loss: 37.3484
Epoch [46/50], Train Loss: 36.3026, Test Loss: 37.3330
Epoch [47/50], Train Loss: 36.2859, Test Loss: 37.3186
Epoch [48/50], Train Loss: 36.2703, Test Loss: 37.3050
Epoch [49/50], Train Loss: 36.2558, Test Loss: 37.2921
Epoch [50/50], Train Loss: 36.2423, Test Loss: 37.2798
Training LSTM for offset 29
Epoch [1/50], Train Loss: 102.3121, Test Loss: 103.3787
Epoch [2/50], Train Loss: 89.6870, Test Loss: 86.8497
Epoch [3/50], Train Loss: 77.9958, Test Loss: 78.0468
Epoch [4/50], Train Loss: 71.8666, Test Loss: 74.0394
Epoch [5/50], Train Loss: 68.2588, Test Loss: 70.5245
Epoch [6/50], Train Loss: 65.0398, Test Loss: 67.3772
Epoch [7/50], Train Loss: 62.1298, Test Loss: 64.4881
Epoch [8/50], Train Loss: 59.4466, Test Loss: 61.8131
Epoch [9/50], Train Loss: 56.9669, Test Loss: 59.3391
Epoch [10/50], Train Loss: 54.6810, Test Loss: 57.0573
Epoch [11/50], Train Loss: 52.5810, Test Loss: 54.9594
Epoch [12/50], Train Loss: 50.6585, Test Loss: 53.0364
Epoch [13/50], Train Loss: 48.9048, Test Loss: 51.2800
Epoch [14/50], Train Loss: 47.3121, Test Loss: 49.6829
Epoch [15/50], Train Loss: 45.8741, Test Loss: 48.2395
Epoch [16/50], Train Loss: 44.5851, Test Loss: 46.9432
Epoch [17/50], Train Loss: 43.4377, Test Loss: 45.7859
Epoch [18/50], Train Loss: 42.4234, Test Loss: 44.7587
Epoch [19/50], Train Loss: 41.5326, Test Loss: 43.8523
Epoch [20/50], Train Loss: 40.7559, Test Loss: 43.0574
Epoch [21/50], Train Loss: 40.0835, Test Loss: 42.3645
Epoch [22/50], Train Loss: 39.5058, Test Loss: 41.7640
Epoch [23/50], Train Loss: 39.0128, Test Loss: 41.2466
Epoch [24/50], Train Loss: 38.5950, Test Loss: 40.8029
Epoch [25/50], Train Loss: 38.2431, Test Loss: 40.4239
Epoch [26/50], Train Loss: 37.9483, Test Loss: 40.1012
Epoch [27/50], Train Loss: 37.7024, Test Loss: 39.8270
Epoch [28/50], Train Loss: 37.4978, Test Loss: 39.5939
Epoch [29/50], Train Loss: 37.3280, Test Loss: 39.3959
Epoch [30/50], Train Loss: 37.1870, Test Loss: 39.2271
Epoch [31/50], Train Loss: 37.0699, Test Loss: 39.0830
Epoch [32/50], Train Loss: 36.9725, Test Loss: 38.9593
Epoch [33/50], Train Loss: 36.8912, Test Loss: 38.8528
Epoch [34/50], Train Loss: 36.8230, Test Loss: 38.7605
Epoch [35/50], Train Loss: 36.7656, Test Loss: 38.6801
Epoch [36/50], Train Loss: 36.7170, Test Loss: 38.6098
Epoch [37/50], Train Loss: 36.6756, Test Loss: 38.5479
Epoch [38/50], Train Loss: 36.6402, Test Loss: 38.4931
Epoch [39/50], Train Loss: 36.6096, Test Loss: 38.4445
Epoch [40/50], Train Loss: 36.5831, Test Loss: 38.4010
Epoch [41/50], Train Loss: 36.5599, Test Loss: 38.3620
Epoch [42/50], Train Loss: 36.5396, Test Loss: 38.3268
Epoch [43/50], Train Loss: 36.5215, Test Loss: 38.2949
Epoch [44/50], Train Loss: 36.5053, Test Loss: 38.2660
Epoch [45/50], Train Loss: 36.4908, Test Loss: 38.2395
Epoch [46/50], Train Loss: 36.4776, Test Loss: 38.2152
Epoch [47/50], Train Loss: 36.4654, Test Loss: 38.1927
Epoch [48/50], Train Loss: 36.4542, Test Loss: 38.1719
Epoch [49/50], Train Loss: 36.4438, Test Loss: 38.1524
Epoch [50/50], Train Loss: 36.4340, Test Loss: 38.1342
Training LSTM for offset 34
Epoch [1/50], Train Loss: 102.8538, Test Loss: 101.0314
Epoch [2/50], Train Loss: 90.2274, Test Loss: 84.6204
Epoch [3/50], Train Loss: 78.5041, Test Loss: 75.9108
Epoch [4/50], Train Loss: 72.4568, Test Loss: 71.9922
Epoch [5/50], Train Loss: 68.8957, Test Loss: 68.5083
Epoch [6/50], Train Loss: 65.6902, Test Loss: 65.3964
Epoch [7/50], Train Loss: 62.7982, Test Loss: 62.5433
Epoch [8/50], Train Loss: 60.1325, Test Loss: 59.9020
Epoch [9/50], Train Loss: 57.6669, Test Loss: 57.4566
Epoch [10/50], Train Loss: 55.3902, Test Loss: 55.1996
Epoch [11/50], Train Loss: 53.2969, Test Loss: 53.1251
Epoch [12/50], Train Loss: 51.3816, Test Loss: 51.2264
Epoch [13/50], Train Loss: 49.6373, Test Loss: 49.4959
Epoch [14/50], Train Loss: 48.0564, Test Loss: 47.9257
Epoch [15/50], Train Loss: 46.6309, Test Loss: 46.5080
Epoch [16/50], Train Loss: 45.3528, Test Loss: 45.2351
Epoch [17/50], Train Loss: 44.2140, Test Loss: 44.0991
Epoch [18/50], Train Loss: 43.2060, Test Loss: 43.0920
Epoch [19/50], Train Loss: 42.3205, Test Loss: 42.2059
Epoch [20/50], Train Loss: 41.5491, Test Loss: 41.4324
Epoch [21/50], Train Loss: 40.8828, Test Loss: 40.7624
Epoch [22/50], Train Loss: 40.3123, Test Loss: 40.1865
Epoch [23/50], Train Loss: 39.8275, Test Loss: 39.6947
Epoch [24/50], Train Loss: 39.4185, Test Loss: 39.2770
Epoch [25/50], Train Loss: 39.0755, Test Loss: 38.9241
Epoch [26/50], Train Loss: 38.7893, Test Loss: 38.6268
Epoch [27/50], Train Loss: 38.5514, Test Loss: 38.3769
Epoch [28/50], Train Loss: 38.3540, Test Loss: 38.1671
Epoch [29/50], Train Loss: 38.1904, Test Loss: 37.9907
Epoch [30/50], Train Loss: 38.0546, Test Loss: 37.8423
Epoch [31/50], Train Loss: 37.9418, Test Loss: 37.7170
Epoch [32/50], Train Loss: 37.8475, Test Loss: 37.6108
Epoch [33/50], Train Loss: 37.7685, Test Loss: 37.5204
Epoch [34/50], Train Loss: 37.7017, Test Loss: 37.4430
Epoch [35/50], Train Loss: 37.6450, Test Loss: 37.3763
Epoch [36/50], Train Loss: 37.5964, Test Loss: 37.3187
Epoch [37/50], Train Loss: 37.5545, Test Loss: 37.2685
Epoch [38/50], Train Loss: 37.5179, Test Loss: 37.2246
Epoch [39/50], Train Loss: 37.4859, Test Loss: 37.1860
Epoch [40/50], Train Loss: 37.4576, Test Loss: 37.1519
Epoch [41/50], Train Loss: 37.4323, Test Loss: 37.1216
Epoch [42/50], Train Loss: 37.4095, Test Loss: 37.0946
Epoch [43/50], Train Loss: 37.3889, Test Loss: 37.0704
Epoch [44/50], Train Loss: 37.3701, Test Loss: 37.0486
Epoch [45/50], Train Loss: 37.3526, Test Loss: 37.0288
Epoch [46/50], Train Loss: 37.3364, Test Loss: 37.0107
Epoch [47/50], Train Loss: 37.3212, Test Loss: 36.9941
Epoch [48/50], Train Loss: 37.3068, Test Loss: 36.9787
Epoch [49/50], Train Loss: 37.2930, Test Loss: 36.9643
Epoch [50/50], Train Loss: 37.2798, Test Loss: 36.9507
Training LSTM for offset 39
Epoch [1/50], Train Loss: 103.2978, Test Loss: 99.2273
Epoch [2/50], Train Loss: 90.6552, Test Loss: 83.1231
Epoch [3/50], Train Loss: 78.7757, Test Loss: 74.6088
Epoch [4/50], Train Loss: 72.7707, Test Loss: 70.8493
Epoch [5/50], Train Loss: 69.2298, Test Loss: 67.4754
Epoch [6/50], Train Loss: 66.0285, Test Loss: 64.4527
Epoch [7/50], Train Loss: 63.1411, Test Loss: 61.6841
Epoch [8/50], Train Loss: 60.4801, Test Loss: 59.1193
Epoch [9/50], Train Loss: 58.0176, Test Loss: 56.7436
Epoch [10/50], Train Loss: 55.7426, Test Loss: 54.5506
Epoch [11/50], Train Loss: 53.6495, Test Loss: 52.5356
Epoch [12/50], Train Loss: 51.7325, Test Loss: 50.6925
Epoch [13/50], Train Loss: 49.9843, Test Loss: 49.0140
Epoch [14/50], Train Loss: 48.3971, Test Loss: 47.4926
Epoch [15/50], Train Loss: 46.9627, Test Loss: 46.1205
Epoch [16/50], Train Loss: 45.6730, Test Loss: 44.8901
Epoch [17/50], Train Loss: 44.5204, Test Loss: 43.7940
Epoch [18/50], Train Loss: 43.4974, Test Loss: 42.8251
Epoch [19/50], Train Loss: 42.5961, Test Loss: 41.9754
Epoch [20/50], Train Loss: 41.8083, Test Loss: 41.2361
Epoch [21/50], Train Loss: 41.1245, Test Loss: 40.5975
Epoch [22/50], Train Loss: 40.5351, Test Loss: 40.0498
Epoch [23/50], Train Loss: 40.0306, Test Loss: 39.5832
Epoch [24/50], Train Loss: 39.6012, Test Loss: 39.1881
Epoch [25/50], Train Loss: 39.2380, Test Loss: 38.8555
Epoch [26/50], Train Loss: 38.9322, Test Loss: 38.5767
Epoch [27/50], Train Loss: 38.6758, Test Loss: 38.3441
Epoch [28/50], Train Loss: 38.4614, Test Loss: 38.1505
Epoch [29/50], Train Loss: 38.2825, Test Loss: 37.9895
Epoch [30/50], Train Loss: 38.1332, Test Loss: 37.8559
Epoch [31/50], Train Loss: 38.0085, Test Loss: 37.7448
Epoch [32/50], Train Loss: 37.9043, Test Loss: 37.6524
Epoch [33/50], Train Loss: 37.8168, Test Loss: 37.5751
Epoch [34/50], Train Loss: 37.7430, Test Loss: 37.5103
Epoch [35/50], Train Loss: 37.6805, Test Loss: 37.4557
Epoch [36/50], Train Loss: 37.6272, Test Loss: 37.4094
Epoch [37/50], Train Loss: 37.5815, Test Loss: 37.3698
Epoch [38/50], Train Loss: 37.5419, Test Loss: 37.3357
Epoch [39/50], Train Loss: 37.5074, Test Loss: 37.3061
Epoch [40/50], Train Loss: 37.4770, Test Loss: 37.2801
Epoch [41/50], Train Loss: 37.4501, Test Loss: 37.2570
Epoch [42/50], Train Loss: 37.4260, Test Loss: 37.2364
Epoch [43/50], Train Loss: 37.4042, Test Loss: 37.2178
Epoch [44/50], Train Loss: 37.3844, Test Loss: 37.2008
Epoch [45/50], Train Loss: 37.3662, Test Loss: 37.1851
Epoch [46/50], Train Loss: 37.3494, Test Loss: 37.1706
Epoch [47/50], Train Loss: 37.3337, Test Loss: 37.1570
Epoch [48/50], Train Loss: 37.3189, Test Loss: 37.1442
Epoch [49/50], Train Loss: 37.3049, Test Loss: 37.1321
Epoch [50/50], Train Loss: 37.2915, Test Loss: 37.1205
Training LSTM for offset 44
Epoch [1/50], Train Loss: 102.7065, Test Loss: 101.5920
Epoch [2/50], Train Loss: 90.1579, Test Loss: 85.1365
Epoch [3/50], Train Loss: 78.3784, Test Loss: 76.3494
Epoch [4/50], Train Loss: 72.3361, Test Loss: 72.4707
Epoch [5/50], Train Loss: 68.8032, Test Loss: 69.0300
Epoch [6/50], Train Loss: 65.6269, Test Loss: 65.9480
Epoch [7/50], Train Loss: 62.7602, Test Loss: 63.1273
Epoch [8/50], Train Loss: 60.1187, Test Loss: 60.5195
Epoch [9/50], Train Loss: 57.6756, Test Loss: 58.1091
Epoch [10/50], Train Loss: 55.4199, Test Loss: 55.8884
Epoch [11/50], Train Loss: 53.3458, Test Loss: 53.8513
Epoch [12/50], Train Loss: 51.4466, Test Loss: 51.9896
Epoch [13/50], Train Loss: 49.7144, Test Loss: 50.2948
Epoch [14/50], Train Loss: 48.1415, Test Loss: 48.7596
Epoch [15/50], Train Loss: 46.7221, Test Loss: 47.3783
Epoch [16/50], Train Loss: 45.4508, Test Loss: 46.1447
Epoch [17/50], Train Loss: 44.3207, Test Loss: 45.0505
Epoch [18/50], Train Loss: 43.3228, Test Loss: 44.0861
Epoch [19/50], Train Loss: 42.4477, Test Loss: 43.2415
Epoch [20/50], Train Loss: 41.6857, Test Loss: 42.5069
Epoch [21/50], Train Loss: 41.0269, Test Loss: 41.8722
Epoch [22/50], Train Loss: 40.4615, Test Loss: 41.3272
Epoch [23/50], Train Loss: 39.9795, Test Loss: 40.8622
Epoch [24/50], Train Loss: 39.5713, Test Loss: 40.4672
Epoch [25/50], Train Loss: 39.2274, Test Loss: 40.1332
Epoch [26/50], Train Loss: 38.9391, Test Loss: 39.8516
Epoch [27/50], Train Loss: 38.6981, Test Loss: 39.6144
Epoch [28/50], Train Loss: 38.4970, Test Loss: 39.4147
Epoch [29/50], Train Loss: 38.3292, Test Loss: 39.2463
Epoch [30/50], Train Loss: 38.1890, Test Loss: 39.1040
Epoch [31/50], Train Loss: 38.0715, Test Loss: 38.9831
Epoch [32/50], Train Loss: 37.9727, Test Loss: 38.8801
Epoch [33/50], Train Loss: 37.8892, Test Loss: 38.7918
Epoch [34/50], Train Loss: 37.8182, Test Loss: 38.7157
Epoch [35/50], Train Loss: 37.7574, Test Loss: 38.6497
Epoch [36/50], Train Loss: 37.7050, Test Loss: 38.5922
Epoch [37/50], Train Loss: 37.6595, Test Loss: 38.5417
Epoch [38/50], Train Loss: 37.6199, Test Loss: 38.4972
Epoch [39/50], Train Loss: 37.5851, Test Loss: 38.4577
Epoch [40/50], Train Loss: 37.5544, Test Loss: 38.4226
Epoch [41/50], Train Loss: 37.5271, Test Loss: 38.3910
Epoch [42/50], Train Loss: 37.5028, Test Loss: 38.3625
Epoch [43/50], Train Loss: 37.4810, Test Loss: 38.3366
Epoch [44/50], Train Loss: 37.4613, Test Loss: 38.3129
Epoch [45/50], Train Loss: 37.4434, Test Loss: 38.2910
Epoch [46/50], Train Loss: 37.4271, Test Loss: 38.2707
Epoch [47/50], Train Loss: 37.4119, Test Loss: 38.2516
Epoch [48/50], Train Loss: 37.3979, Test Loss: 38.2337
Epoch [49/50], Train Loss: 37.3847, Test Loss: 38.2166
Epoch [50/50], Train Loss: 37.3723, Test Loss: 38.2003
Training LSTM for offset 49
Epoch [1/50], Train Loss: 103.5361, Test Loss: 98.6680
Epoch [2/50], Train Loss: 90.9477, Test Loss: 82.6539
Epoch [3/50], Train Loss: 79.1089, Test Loss: 74.1556
Epoch [4/50], Train Loss: 73.0346, Test Loss: 70.4084
Epoch [5/50], Train Loss: 69.5034, Test Loss: 67.0384
Epoch [6/50], Train Loss: 66.3143, Test Loss: 64.0359
Epoch [7/50], Train Loss: 63.4429, Test Loss: 61.2920
Epoch [8/50], Train Loss: 60.7994, Test Loss: 58.7522
Epoch [9/50], Train Loss: 58.3559, Test Loss: 56.4033
Epoch [10/50], Train Loss: 56.1013, Test Loss: 54.2367
Epoch [11/50], Train Loss: 54.0278, Test Loss: 52.2462
Epoch [12/50], Train Loss: 52.1287, Test Loss: 50.4252
Epoch [13/50], Train Loss: 50.3966, Test Loss: 48.7662
Epoch [14/50], Train Loss: 48.8238, Test Loss: 47.2617
Epoch [15/50], Train Loss: 47.4023, Test Loss: 45.9040
Epoch [16/50], Train Loss: 46.1246, Test Loss: 44.6861
Epoch [17/50], Train Loss: 44.9835, Test Loss: 43.6012
Epoch [18/50], Train Loss: 43.9720, Test Loss: 42.6425
Epoch [19/50], Train Loss: 43.0824, Test Loss: 41.8017
Epoch [20/50], Train Loss: 42.3058, Test Loss: 41.0697
Epoch [21/50], Train Loss: 41.6327, Test Loss: 40.4368
Epoch [22/50], Train Loss: 41.0533, Test Loss: 39.8932
Epoch [23/50], Train Loss: 40.5578, Test Loss: 39.4293
Epoch [24/50], Train Loss: 40.1368, Test Loss: 39.0358
Epoch [25/50], Train Loss: 39.7810, Test Loss: 38.7039
Epoch [26/50], Train Loss: 39.4820, Test Loss: 38.4250
Epoch [27/50], Train Loss: 39.2315, Test Loss: 38.1917
Epoch [28/50], Train Loss: 39.0224, Test Loss: 37.9970
Epoch [29/50], Train Loss: 38.8481, Test Loss: 37.8347
Epoch [30/50], Train Loss: 38.7029, Test Loss: 37.6996
Epoch [31/50], Train Loss: 38.5819, Test Loss: 37.5870
Epoch [32/50], Train Loss: 38.4808, Test Loss: 37.4931
Epoch [33/50], Train Loss: 38.3961, Test Loss: 37.4147
Epoch [34/50], Train Loss: 38.3249, Test Loss: 37.3490
Epoch [35/50], Train Loss: 38.2648, Test Loss: 37.2938
Epoch [36/50], Train Loss: 38.2138, Test Loss: 37.2473
Epoch [37/50], Train Loss: 38.1702, Test Loss: 37.2080
Epoch [38/50], Train Loss: 38.1328, Test Loss: 37.1747
Epoch [39/50], Train Loss: 38.1005, Test Loss: 37.1464
Epoch [40/50], Train Loss: 38.0726, Test Loss: 37.1222
Epoch [41/50], Train Loss: 38.0481, Test Loss: 37.1014
Epoch [42/50], Train Loss: 38.0267, Test Loss: 37.0836
Epoch [43/50], Train Loss: 38.0077, Test Loss: 37.0682
Epoch [44/50], Train Loss: 37.9907, Test Loss: 37.0547
Epoch [45/50], Train Loss: 37.9755, Test Loss: 37.0430
Epoch [46/50], Train Loss: 37.9617, Test Loss: 37.0326
Epoch [47/50], Train Loss: 37.9491, Test Loss: 37.0233
Epoch [48/50], Train Loss: 37.9374, Test Loss: 37.0149
Epoch [49/50], Train Loss: 37.9264, Test Loss: 37.0074
Epoch [50/50], Train Loss: 37.9161, Test Loss: 37.0004
Training LSTM for offset 54
Epoch [1/50], Train Loss: 102.7034, Test Loss: 101.7280
Epoch [2/50], Train Loss: 90.1994, Test Loss: 85.3858
Epoch [3/50], Train Loss: 78.4344, Test Loss: 76.6611
Epoch [4/50], Train Loss: 72.3855, Test Loss: 72.8232
Epoch [5/50], Train Loss: 68.8760, Test Loss: 69.4058
Epoch [6/50], Train Loss: 65.7061, Test Loss: 66.3451
Epoch [7/50], Train Loss: 62.8514, Test Loss: 63.5455
Epoch [8/50], Train Loss: 60.2236, Test Loss: 60.9560
Epoch [9/50], Train Loss: 57.7943, Test Loss: 58.5603
Epoch [10/50], Train Loss: 55.5517, Test Loss: 56.3508
Epoch [11/50], Train Loss: 53.4898, Test Loss: 54.3224
Epoch [12/50], Train Loss: 51.6027, Test Loss: 52.4684
Epoch [13/50], Train Loss: 49.8835, Test Loss: 50.7814
Epoch [14/50], Train Loss: 48.3248, Test Loss: 49.2533
Epoch [15/50], Train Loss: 46.9190, Test Loss: 47.8764
Epoch [16/50], Train Loss: 45.6583, Test Loss: 46.6425
Epoch [17/50], Train Loss: 44.5348, Test Loss: 45.5435
Epoch [18/50], Train Loss: 43.5402, Test Loss: 44.5711
Epoch [19/50], Train Loss: 42.6660, Test Loss: 43.7168
Epoch [20/50], Train Loss: 41.9038, Test Loss: 42.9719
Epoch [21/50], Train Loss: 41.2445, Test Loss: 42.3272
Epoch [22/50], Train Loss: 40.6786, Test Loss: 41.7733
Epoch [23/50], Train Loss: 40.1965, Test Loss: 41.3002
Epoch [24/50], Train Loss: 39.7882, Test Loss: 40.8984
Epoch [25/50], Train Loss: 39.4443, Test Loss: 40.5585
Epoch [26/50], Train Loss: 39.1559, Test Loss: 40.2719
Epoch [27/50], Train Loss: 38.9147, Test Loss: 40.0307
Epoch [28/50], Train Loss: 38.7134, Test Loss: 39.8278
Epoch [29/50], Train Loss: 38.5455, Test Loss: 39.6571
Epoch [30/50], Train Loss: 38.4053, Test Loss: 39.5132
Epoch [31/50], Train Loss: 38.2879, Test Loss: 39.3914
Epoch [32/50], Train Loss: 38.1894, Test Loss: 39.2881
Epoch [33/50], Train Loss: 38.1062, Test Loss: 39.1999
Epoch [34/50], Train Loss: 38.0356, Test Loss: 39.1242
Epoch [35/50], Train Loss: 37.9753, Test Loss: 39.0589
Epoch [36/50], Train Loss: 37.9234, Test Loss: 39.0022
Epoch [37/50], Train Loss: 37.8784, Test Loss: 38.9527
Epoch [38/50], Train Loss: 37.8390, Test Loss: 38.9091
Epoch [39/50], Train Loss: 37.8042, Test Loss: 38.8706
Epoch [40/50], Train Loss: 37.7733, Test Loss: 38.8363
Epoch [41/50], Train Loss: 37.7456, Test Loss: 38.8057
Epoch [42/50], Train Loss: 37.7206, Test Loss: 38.7782
Epoch [43/50], Train Loss: 37.6980, Test Loss: 38.7534
Epoch [44/50], Train Loss: 37.6773, Test Loss: 38.7310
Epoch [45/50], Train Loss: 37.6583, Test Loss: 38.7105
Epoch [46/50], Train Loss: 37.6408, Test Loss: 38.6919
Epoch [47/50], Train Loss: 37.6247, Test Loss: 38.6748
Epoch [48/50], Train Loss: 37.6097, Test Loss: 38.6591
Epoch [49/50], Train Loss: 37.5956, Test Loss: 38.6446
Epoch [50/50], Train Loss: 37.5825, Test Loss: 38.6310
Training LSTM for offset 59
Epoch [1/50], Train Loss: 103.0315, Test Loss: 99.9992
Epoch [2/50], Train Loss: 90.4488, Test Loss: 83.9438
Epoch [3/50], Train Loss: 78.6119, Test Loss: 75.3855
Epoch [4/50], Train Loss: 72.6130, Test Loss: 71.6498
Epoch [5/50], Train Loss: 69.1073, Test Loss: 68.2726
Epoch [6/50], Train Loss: 65.9090, Test Loss: 65.2628
Epoch [7/50], Train Loss: 63.0290, Test Loss: 62.5173
Epoch [8/50], Train Loss: 60.3761, Test Loss: 59.9838
Epoch [9/50], Train Loss: 57.9202, Test Loss: 57.6441
Epoch [10/50], Train Loss: 55.6493, Test Loss: 55.4912
Epoch [11/50], Train Loss: 53.5596, Test Loss: 53.5212
Epoch [12/50], Train Loss: 51.6470, Test Loss: 51.7277
Epoch [13/50], Train Loss: 49.9052, Test Loss: 50.1032
Epoch [14/50], Train Loss: 48.3274, Test Loss: 48.6395
Epoch [15/50], Train Loss: 46.9059, Test Loss: 47.3281
Epoch [16/50], Train Loss: 45.6330, Test Loss: 46.1602
Epoch [17/50], Train Loss: 44.5002, Test Loss: 45.1270
Epoch [18/50], Train Loss: 43.4992, Test Loss: 44.2197
Epoch [19/50], Train Loss: 42.6210, Test Loss: 43.4288
Epoch [20/50], Train Loss: 41.8563, Test Loss: 42.7449
Epoch [21/50], Train Loss: 41.1955, Test Loss: 42.1585
Epoch [22/50], Train Loss: 40.6289, Test Loss: 41.6597
Epoch [23/50], Train Loss: 40.1466, Test Loss: 41.2389
Epoch [24/50], Train Loss: 39.7386, Test Loss: 40.8867
Epoch [25/50], Train Loss: 39.3957, Test Loss: 40.5938
Epoch [26/50], Train Loss: 39.1088, Test Loss: 40.3519
Epoch [27/50], Train Loss: 38.8696, Test Loss: 40.1530
Epoch [28/50], Train Loss: 38.6706, Test Loss: 39.9900
Epoch [29/50], Train Loss: 38.5051, Test Loss: 39.8569
Epoch [30/50], Train Loss: 38.3675, Test Loss: 39.7482
Epoch [31/50], Train Loss: 38.2526, Test Loss: 39.6593
Epoch [32/50], Train Loss: 38.1565, Test Loss: 39.5865
Epoch [33/50], Train Loss: 38.0756, Test Loss: 39.5267
Epoch [34/50], Train Loss: 38.0071, Test Loss: 39.4772
Epoch [35/50], Train Loss: 37.9486, Test Loss: 39.4360
Epoch [36/50], Train Loss: 37.8984, Test Loss: 39.4014
Epoch [37/50], Train Loss: 37.8549, Test Loss: 39.3722
Epoch [38/50], Train Loss: 37.8169, Test Loss: 39.3471
Epoch [39/50], Train Loss: 37.7834, Test Loss: 39.3255
Epoch [40/50], Train Loss: 37.7536, Test Loss: 39.3066
Epoch [41/50], Train Loss: 37.7269, Test Loss: 39.2898
Epoch [42/50], Train Loss: 37.7027, Test Loss: 39.2748
Epoch [43/50], Train Loss: 37.6807, Test Loss: 39.2612
Epoch [44/50], Train Loss: 37.6605, Test Loss: 39.2486
Epoch [45/50], Train Loss: 37.6419, Test Loss: 39.2369
Epoch [46/50], Train Loss: 37.6244, Test Loss: 39.2258
Epoch [47/50], Train Loss: 37.6081, Test Loss: 39.2151
Epoch [48/50], Train Loss: 37.5926, Test Loss: 39.2048
Epoch [49/50], Train Loss: 37.5778, Test Loss: 39.1946
Epoch [50/50], Train Loss: 37.5636, Test Loss: 39.1846
Training LSTM for offset 64
Epoch [1/50], Train Loss: 103.0602, Test Loss: 100.3639
Epoch [2/50], Train Loss: 90.4314, Test Loss: 84.2539
Epoch [3/50], Train Loss: 78.6091, Test Loss: 75.7107
Epoch [4/50], Train Loss: 72.6366, Test Loss: 71.9968
Epoch [5/50], Train Loss: 69.1642, Test Loss: 68.6086
Epoch [6/50], Train Loss: 65.9957, Test Loss: 65.6052
Epoch [7/50], Train Loss: 63.1479, Test Loss: 62.8651
Epoch [8/50], Train Loss: 60.5284, Test Loss: 60.3339
Epoch [9/50], Train Loss: 58.1042, Test Loss: 57.9915
Epoch [10/50], Train Loss: 55.8624, Test Loss: 55.8307
Epoch [11/50], Train Loss: 53.7989, Test Loss: 53.8487
Epoch [12/50], Train Loss: 51.9103, Test Loss: 52.0405
Epoch [13/50], Train Loss: 50.1906, Test Loss: 50.3996
Epoch [14/50], Train Loss: 48.6328, Test Loss: 48.9185
Epoch [15/50], Train Loss: 47.2292, Test Loss: 47.5895
Epoch [16/50], Train Loss: 45.9718, Test Loss: 46.4048
Epoch [17/50], Train Loss: 44.8525, Test Loss: 45.3558
Epoch [18/50], Train Loss: 43.8625, Test Loss: 44.4339
Epoch [19/50], Train Loss: 42.9931, Test Loss: 43.6300
Epoch [20/50], Train Loss: 42.2349, Test Loss: 42.9346
Epoch [21/50], Train Loss: 41.5784, Test Loss: 42.3378
Epoch [22/50], Train Loss: 41.0140, Test Loss: 41.8299
Epoch [23/50], Train Loss: 40.5320, Test Loss: 41.4008
Epoch [24/50], Train Loss: 40.1229, Test Loss: 41.0409
Epoch [25/50], Train Loss: 39.7774, Test Loss: 40.7408
Epoch [26/50], Train Loss: 39.4869, Test Loss: 40.4918
Epoch [27/50], Train Loss: 39.2434, Test Loss: 40.2861
Epoch [28/50], Train Loss: 39.0396, Test Loss: 40.1165
Epoch [29/50], Train Loss: 38.8691, Test Loss: 39.9767
Epoch [30/50], Train Loss: 38.7262, Test Loss: 39.8615
Epoch [31/50], Train Loss: 38.6063, Test Loss: 39.7662
Epoch [32/50], Train Loss: 38.5052, Test Loss: 39.6873
Epoch [33/50], Train Loss: 38.4196, Test Loss: 39.6214
Epoch [34/50], Train Loss: 38.3467, Test Loss: 39.5662
Epoch [35/50], Train Loss: 38.2841, Test Loss: 39.5196
Epoch [36/50], Train Loss: 38.2301, Test Loss: 39.4799
Epoch [37/50], Train Loss: 38.1830, Test Loss: 39.4459
Epoch [38/50], Train Loss: 38.1416, Test Loss: 39.4163
Epoch [39/50], Train Loss: 38.1050, Test Loss: 39.3904
Epoch [40/50], Train Loss: 38.0722, Test Loss: 39.3674
Epoch [41/50], Train Loss: 38.0427, Test Loss: 39.3468
Epoch [42/50], Train Loss: 38.0159, Test Loss: 39.3280
Epoch [43/50], Train Loss: 37.9913, Test Loss: 39.3107
Epoch [44/50], Train Loss: 37.9685, Test Loss: 39.2947
Epoch [45/50], Train Loss: 37.9473, Test Loss: 39.2795
Epoch [46/50], Train Loss: 37.9274, Test Loss: 39.2650
Epoch [47/50], Train Loss: 37.9085, Test Loss: 39.2511
Epoch [48/50], Train Loss: 37.8905, Test Loss: 39.2376
Epoch [49/50], Train Loss: 37.8732, Test Loss: 39.2244
Epoch [50/50], Train Loss: 37.8564, Test Loss: 39.2115
Training LSTM for offset 69
Epoch [1/50], Train Loss: 103.0803, Test Loss: 100.1632
Epoch [2/50], Train Loss: 90.5509, Test Loss: 84.1429
Epoch [3/50], Train Loss: 78.6815, Test Loss: 75.6043
Epoch [4/50], Train Loss: 72.7770, Test Loss: 71.9893
Epoch [5/50], Train Loss: 69.3631, Test Loss: 68.7051
Epoch [6/50], Train Loss: 66.2223, Test Loss: 65.7553
Epoch [7/50], Train Loss: 63.3958, Test Loss: 63.0628
Epoch [8/50], Train Loss: 60.7917, Test Loss: 60.5703
Epoch [9/50], Train Loss: 58.3787, Test Loss: 58.2602
Epoch [10/50], Train Loss: 56.1461, Test Loss: 56.1262
Epoch [11/50], Train Loss: 54.0910, Test Loss: 54.1653
Epoch [12/50], Train Loss: 52.2099, Test Loss: 52.3719
Epoch [13/50], Train Loss: 50.4963, Test Loss: 50.7387
Epoch [14/50], Train Loss: 48.9427, Test Loss: 49.2584
Epoch [15/50], Train Loss: 47.5412, Test Loss: 47.9233
Epoch [16/50], Train Loss: 46.2838, Test Loss: 46.7256
Epoch [17/50], Train Loss: 45.1623, Test Loss: 45.6577
Epoch [18/50], Train Loss: 44.1684, Test Loss: 44.7111
Epoch [19/50], Train Loss: 43.2935, Test Loss: 43.8776
Epoch [20/50], Train Loss: 42.5287, Test Loss: 43.1482
Epoch [21/50], Train Loss: 41.8647, Test Loss: 42.5138
Epoch [22/50], Train Loss: 41.2923, Test Loss: 41.9655
Epoch [23/50], Train Loss: 40.8020, Test Loss: 41.4942
Epoch [24/50], Train Loss: 40.3847, Test Loss: 41.0909
Epoch [25/50], Train Loss: 40.0313, Test Loss: 40.7474
Epoch [26/50], Train Loss: 39.7334, Test Loss: 40.4556
Epoch [27/50], Train Loss: 39.4833, Test Loss: 40.2084
Epoch [28/50], Train Loss: 39.2738, Test Loss: 39.9990
Epoch [29/50], Train Loss: 39.0985, Test Loss: 39.8216
Epoch [30/50], Train Loss: 38.9520, Test Loss: 39.6711
Epoch [31/50], Train Loss: 38.8293, Test Loss: 39.5430
Epoch [32/50], Train Loss: 38.7264, Test Loss: 39.4336
Epoch [33/50], Train Loss: 38.6397, Test Loss: 39.3397
Epoch [34/50], Train Loss: 38.5665, Test Loss: 39.2586
Epoch [35/50], Train Loss: 38.5042, Test Loss: 39.1880
Epoch [36/50], Train Loss: 38.4510, Test Loss: 39.1262
Epoch [37/50], Train Loss: 38.4051, Test Loss: 39.0716
Epoch [38/50], Train Loss: 38.3652, Test Loss: 39.0231
Epoch [39/50], Train Loss: 38.3303, Test Loss: 38.9796
Epoch [40/50], Train Loss: 38.2994, Test Loss: 38.9404
Epoch [41/50], Train Loss: 38.2719, Test Loss: 38.9048
Epoch [42/50], Train Loss: 38.2471, Test Loss: 38.8723
Epoch [43/50], Train Loss: 38.2246, Test Loss: 38.8424
Epoch [44/50], Train Loss: 38.2040, Test Loss: 38.8149
Epoch [45/50], Train Loss: 38.1850, Test Loss: 38.7895
Epoch [46/50], Train Loss: 38.1673, Test Loss: 38.7658
Epoch [47/50], Train Loss: 38.1508, Test Loss: 38.7439
Epoch [48/50], Train Loss: 38.1351, Test Loss: 38.7234
Epoch [49/50], Train Loss: 38.1202, Test Loss: 38.7043
Epoch [50/50], Train Loss: 38.1060, Test Loss: 38.6863
Training LSTM for offset 74
Epoch [1/50], Train Loss: 102.7918, Test Loss: 101.0491
Epoch [2/50], Train Loss: 90.2070, Test Loss: 84.9407
Epoch [3/50], Train Loss: 78.3778, Test Loss: 76.3940
Epoch [4/50], Train Loss: 72.4775, Test Loss: 72.7540
Epoch [5/50], Train Loss: 69.0562, Test Loss: 69.4098
Epoch [6/50], Train Loss: 65.8969, Test Loss: 66.4107
Epoch [7/50], Train Loss: 63.0578, Test Loss: 63.6743
Epoch [8/50], Train Loss: 60.4462, Test Loss: 61.1409
Epoch [9/50], Train Loss: 58.0282, Test Loss: 58.7914
Epoch [10/50], Train Loss: 55.7910, Test Loss: 56.6195
Epoch [11/50], Train Loss: 53.7317, Test Loss: 54.6232
Epoch [12/50], Train Loss: 51.8475, Test Loss: 52.7988
Epoch [13/50], Train Loss: 50.1333, Test Loss: 51.1400
Epoch [14/50], Train Loss: 48.5821, Test Loss: 49.6396
Epoch [15/50], Train Loss: 47.1862, Test Loss: 48.2898
Epoch [16/50], Train Loss: 45.9375, Test Loss: 47.0824
Epoch [17/50], Train Loss: 44.8276, Test Loss: 46.0090
Epoch [18/50], Train Loss: 43.8478, Test Loss: 45.0609
Epoch [19/50], Train Loss: 42.9891, Test Loss: 44.2289
Epoch [20/50], Train Loss: 42.2421, Test Loss: 43.5038
Epoch [21/50], Train Loss: 41.5971, Test Loss: 42.8762
Epoch [22/50], Train Loss: 41.0444, Test Loss: 42.3364
Epoch [23/50], Train Loss: 40.5741, Test Loss: 41.8752
Epoch [24/50], Train Loss: 40.1767, Test Loss: 41.4833
Epoch [25/50], Train Loss: 39.8427, Test Loss: 41.1519
Epoch [26/50], Train Loss: 39.5636, Test Loss: 40.8729
Epoch [27/50], Train Loss: 39.3311, Test Loss: 40.6388
Epoch [28/50], Train Loss: 39.1381, Test Loss: 40.4426
Epoch [29/50], Train Loss: 38.9780, Test Loss: 40.2785
Epoch [30/50], Train Loss: 38.8453, Test Loss: 40.1411
Epoch [31/50], Train Loss: 38.7352, Test Loss: 40.0259
Epoch [32/50], Train Loss: 38.6435, Test Loss: 39.9292
Epoch [33/50], Train Loss: 38.5669, Test Loss: 39.8477
Epoch [34/50], Train Loss: 38.5026, Test Loss: 39.7787
Epoch [35/50], Train Loss: 38.4482, Test Loss: 39.7200
Epoch [36/50], Train Loss: 38.4020, Test Loss: 39.6700
Epoch [37/50], Train Loss: 38.3624, Test Loss: 39.6269
Epoch [38/50], Train Loss: 38.3281, Test Loss: 39.5898
Epoch [39/50], Train Loss: 38.2981, Test Loss: 39.5575
Epoch [40/50], Train Loss: 38.2717, Test Loss: 39.5293
Epoch [41/50], Train Loss: 38.2481, Test Loss: 39.5045
Epoch [42/50], Train Loss: 38.2269, Test Loss: 39.4826
Epoch [43/50], Train Loss: 38.2075, Test Loss: 39.4631
Epoch [44/50], Train Loss: 38.1898, Test Loss: 39.4458
Epoch [45/50], Train Loss: 38.1732, Test Loss: 39.4302
Epoch [46/50], Train Loss: 38.1577, Test Loss: 39.4162
Epoch [47/50], Train Loss: 38.1430, Test Loss: 39.4035
Epoch [48/50], Train Loss: 38.1288, Test Loss: 39.3920
Epoch [49/50], Train Loss: 38.1152, Test Loss: 39.3815
Epoch [50/50], Train Loss: 38.1018, Test Loss: 39.3719
Training LSTM for offset 79
Epoch [1/50], Train Loss: 103.9711, Test Loss: 96.9067
Epoch [2/50], Train Loss: 91.4189, Test Loss: 81.0639
Epoch [3/50], Train Loss: 79.5427, Test Loss: 72.6639
Epoch [4/50], Train Loss: 73.5677, Test Loss: 69.1169
Epoch [5/50], Train Loss: 70.1607, Test Loss: 65.9053
Epoch [6/50], Train Loss: 67.0180, Test Loss: 63.0245
Epoch [7/50], Train Loss: 64.1881, Test Loss: 60.4033
Epoch [8/50], Train Loss: 61.5843, Test Loss: 57.9841
Epoch [9/50], Train Loss: 59.1715, Test Loss: 55.7463
Epoch [10/50], Train Loss: 56.9359, Test Loss: 53.6825
Epoch [11/50], Train Loss: 54.8746, Test Loss: 51.7903
Epoch [12/50], Train Loss: 52.9852, Test Loss: 50.0657
Epoch [13/50], Train Loss: 51.2626, Test Loss: 48.5025
Epoch [14/50], Train Loss: 49.7001, Test Loss: 47.0934
Epoch [15/50], Train Loss: 48.2897, Test Loss: 45.8306
Epoch [16/50], Train Loss: 47.0235, Test Loss: 44.7063
Epoch [17/50], Train Loss: 45.8932, Test Loss: 43.7119
Epoch [18/50], Train Loss: 44.8903, Test Loss: 42.8389
Epoch [19/50], Train Loss: 44.0061, Test Loss: 42.0783
Epoch [20/50], Train Loss: 43.2317, Test Loss: 41.4209
Epoch [21/50], Train Loss: 42.5579, Test Loss: 40.8570
Epoch [22/50], Train Loss: 41.9757, Test Loss: 40.3774
Epoch [23/50], Train Loss: 41.4756, Test Loss: 39.9725
Epoch [24/50], Train Loss: 41.0487, Test Loss: 39.6332
Epoch [25/50], Train Loss: 40.6861, Test Loss: 39.3508
Epoch [26/50], Train Loss: 40.3796, Test Loss: 39.1172
Epoch [27/50], Train Loss: 40.1214, Test Loss: 38.9250
Epoch [28/50], Train Loss: 39.9045, Test Loss: 38.7674
Epoch [29/50], Train Loss: 39.7226, Test Loss: 38.6386
Epoch [30/50], Train Loss: 39.5701, Test Loss: 38.5334
Epoch [31/50], Train Loss: 39.4421, Test Loss: 38.4475
Epoch [32/50], Train Loss: 39.3346, Test Loss: 38.3772
Epoch [33/50], Train Loss: 39.2440, Test Loss: 38.3195
Epoch [34/50], Train Loss: 39.1673, Test Loss: 38.2718
Epoch [35/50], Train Loss: 39.1022, Test Loss: 38.2320
Epoch [36/50], Train Loss: 39.0465, Test Loss: 38.1986
Epoch [37/50], Train Loss: 38.9987, Test Loss: 38.1701
Epoch [38/50], Train Loss: 38.9572, Test Loss: 38.1455
Epoch [39/50], Train Loss: 38.9210, Test Loss: 38.1239
Epoch [40/50], Train Loss: 38.8891, Test Loss: 38.1046
Epoch [41/50], Train Loss: 38.8608, Test Loss: 38.0872
Epoch [42/50], Train Loss: 38.8354, Test Loss: 38.0711
Epoch [43/50], Train Loss: 38.8124, Test Loss: 38.0560
Epoch [44/50], Train Loss: 38.7915, Test Loss: 38.0416
Epoch [45/50], Train Loss: 38.7722, Test Loss: 38.0278
Epoch [46/50], Train Loss: 38.7543, Test Loss: 38.0144
Epoch [47/50], Train Loss: 38.7375, Test Loss: 38.0012
Epoch [48/50], Train Loss: 38.7216, Test Loss: 37.9881
Epoch [49/50], Train Loss: 38.7065, Test Loss: 37.9751
Epoch [50/50], Train Loss: 38.6920, Test Loss: 37.9620
Training LSTM for offset 84
Epoch [1/50], Train Loss: 103.1070, Test Loss: 100.0673
Epoch [2/50], Train Loss: 90.5677, Test Loss: 84.0023
Epoch [3/50], Train Loss: 78.8390, Test Loss: 75.4974
Epoch [4/50], Train Loss: 72.8199, Test Loss: 71.8338
Epoch [5/50], Train Loss: 69.4067, Test Loss: 68.4980
Epoch [6/50], Train Loss: 66.2641, Test Loss: 65.5150
Epoch [7/50], Train Loss: 63.4382, Test Loss: 62.7957
Epoch [8/50], Train Loss: 60.8400, Test Loss: 60.2803
Epoch [9/50], Train Loss: 58.4334, Test Loss: 57.9476
Epoch [10/50], Train Loss: 56.2043, Test Loss: 55.7906
Epoch [11/50], Train Loss: 54.1495, Test Loss: 53.8076
Epoch [12/50], Train Loss: 52.2663, Test Loss: 51.9948
Epoch [13/50], Train Loss: 50.5499, Test Loss: 50.3465
Epoch [14/50], Train Loss: 48.9936, Test Loss: 48.8552
Epoch [15/50], Train Loss: 47.5898, Test Loss: 47.5134
Epoch [16/50], Train Loss: 46.3308, Test Loss: 46.3131
Epoch [17/50], Train Loss: 45.2083, Test Loss: 45.2459
Epoch [18/50], Train Loss: 44.2135, Test Loss: 44.3031
Epoch [19/50], Train Loss: 43.3378, Test Loss: 43.4760
Epoch [20/50], Train Loss: 42.5719, Test Loss: 42.7553
Epoch [21/50], Train Loss: 41.9066, Test Loss: 42.1317
Epoch [22/50], Train Loss: 41.3324, Test Loss: 41.5955
Epoch [23/50], Train Loss: 40.8401, Test Loss: 41.1375
Epoch [24/50], Train Loss: 40.4205, Test Loss: 40.7483
Epoch [25/50], Train Loss: 40.0647, Test Loss: 40.4190
Epoch [26/50], Train Loss: 39.7644, Test Loss: 40.1415
Epoch [27/50], Train Loss: 39.5119, Test Loss: 39.9081
Epoch [28/50], Train Loss: 39.3000, Test Loss: 39.7120
Epoch [29/50], Train Loss: 39.1225, Test Loss: 39.5472
Epoch [30/50], Train Loss: 38.9738, Test Loss: 39.4086
Epoch [31/50], Train Loss: 38.8491, Test Loss: 39.2915
Epoch [32/50], Train Loss: 38.7443, Test Loss: 39.1924
Epoch [33/50], Train Loss: 38.6559, Test Loss: 39.1079
Epoch [34/50], Train Loss: 38.5810, Test Loss: 39.0356
Epoch [35/50], Train Loss: 38.5172, Test Loss: 38.9733
Epoch [36/50], Train Loss: 38.4626, Test Loss: 38.9192
Epoch [37/50], Train Loss: 38.4154, Test Loss: 38.8718
Epoch [38/50], Train Loss: 38.3743, Test Loss: 38.8300
Epoch [39/50], Train Loss: 38.3383, Test Loss: 38.7929
Epoch [40/50], Train Loss: 38.3065, Test Loss: 38.7597
Epoch [41/50], Train Loss: 38.2782, Test Loss: 38.7298
Epoch [42/50], Train Loss: 38.2528, Test Loss: 38.7025
Epoch [43/50], Train Loss: 38.2297, Test Loss: 38.6776
Epoch [44/50], Train Loss: 38.2087, Test Loss: 38.6547
Epoch [45/50], Train Loss: 38.1893, Test Loss: 38.6334
Epoch [46/50], Train Loss: 38.1714, Test Loss: 38.6136
Epoch [47/50], Train Loss: 38.1547, Test Loss: 38.5951
Epoch [48/50], Train Loss: 38.1391, Test Loss: 38.5776
Epoch [49/50], Train Loss: 38.1244, Test Loss: 38.5611
Epoch [50/50], Train Loss: 38.1105, Test Loss: 38.5454
Training LSTM for offset 89
Epoch [1/50], Train Loss: 102.6167, Test Loss: 101.9901
Epoch [2/50], Train Loss: 90.0081, Test Loss: 85.7272
Epoch [3/50], Train Loss: 78.3021, Test Loss: 77.0835
Epoch [4/50], Train Loss: 72.3938, Test Loss: 73.3913
Epoch [5/50], Train Loss: 69.0226, Test Loss: 69.9798
Epoch [6/50], Train Loss: 65.9040, Test Loss: 66.9071
Epoch [7/50], Train Loss: 63.0955, Test Loss: 64.1096
Epoch [8/50], Train Loss: 60.5155, Test Loss: 61.5201
Epoch [9/50], Train Loss: 58.1272, Test Loss: 59.1191
Epoch [10/50], Train Loss: 55.9171, Test Loss: 56.8996
Epoch [11/50], Train Loss: 53.8817, Test Loss: 54.8605
Epoch [12/50], Train Loss: 52.0191, Test Loss: 52.9981
Epoch [13/50], Train Loss: 50.3241, Test Loss: 51.3057
Epoch [14/50], Train Loss: 48.7898, Test Loss: 49.7757
Epoch [15/50], Train Loss: 47.4084, Test Loss: 48.3997
Epoch [16/50], Train Loss: 46.1717, Test Loss: 47.1692
Epoch [17/50], Train Loss: 45.0713, Test Loss: 46.0754
Epoch [18/50], Train Loss: 44.0985, Test Loss: 45.1094
Epoch [19/50], Train Loss: 43.2447, Test Loss: 44.2619
Epoch [20/50], Train Loss: 42.5005, Test Loss: 43.5234
Epoch [21/50], Train Loss: 41.8567, Test Loss: 42.8841
Epoch [22/50], Train Loss: 41.3037, Test Loss: 42.3342
Epoch [23/50], Train Loss: 40.8320, Test Loss: 41.8639
Epoch [24/50], Train Loss: 40.4322, Test Loss: 41.4640
Epoch [25/50], Train Loss: 40.0953, Test Loss: 41.1252
Epoch [26/50], Train Loss: 39.8127, Test Loss: 40.8393
Epoch [27/50], Train Loss: 39.5766, Test Loss: 40.5984
Epoch [28/50], Train Loss: 39.3798, Test Loss: 40.3958
Epoch [29/50], Train Loss: 39.2160, Test Loss: 40.2252
Epoch [30/50], Train Loss: 39.0796, Test Loss: 40.0813
Epoch [31/50], Train Loss: 38.9659, Test Loss: 39.9597
Epoch [32/50], Train Loss: 38.8709, Test Loss: 39.8566
Epoch [33/50], Train Loss: 38.7912, Test Loss: 39.7686
Epoch [34/50], Train Loss: 38.7241, Test Loss: 39.6931
Epoch [35/50], Train Loss: 38.6673, Test Loss: 39.6280
Epoch [36/50], Train Loss: 38.6189, Test Loss: 39.5714
Epoch [37/50], Train Loss: 38.5773, Test Loss: 39.5219
Epoch [38/50], Train Loss: 38.5414, Test Loss: 39.4783
Epoch [39/50], Train Loss: 38.5101, Test Loss: 39.4396
Epoch [40/50], Train Loss: 38.4826, Test Loss: 39.4049
Epoch [41/50], Train Loss: 38.4583, Test Loss: 39.3737
Epoch [42/50], Train Loss: 38.4366, Test Loss: 39.3453
Epoch [43/50], Train Loss: 38.4171, Test Loss: 39.3195
Epoch [44/50], Train Loss: 38.3994, Test Loss: 39.2956
Epoch [45/50], Train Loss: 38.3832, Test Loss: 39.2736
Epoch [46/50], Train Loss: 38.3683, Test Loss: 39.2531
Epoch [47/50], Train Loss: 38.3545, Test Loss: 39.2339
Epoch [48/50], Train Loss: 38.3416, Test Loss: 39.2158
Epoch [49/50], Train Loss: 38.3295, Test Loss: 39.1987
Epoch [50/50], Train Loss: 38.3181, Test Loss: 39.1824
Training LSTM for offset 94
Epoch [1/50], Train Loss: 103.9440, Test Loss: 97.1034
Epoch [2/50], Train Loss: 91.4142, Test Loss: 81.2081
Epoch [3/50], Train Loss: 79.5086, Test Loss: 72.7781
Epoch [4/50], Train Loss: 73.5448, Test Loss: 69.2199
Epoch [5/50], Train Loss: 70.1255, Test Loss: 65.9499
Epoch [6/50], Train Loss: 66.9598, Test Loss: 63.0289
Epoch [7/50], Train Loss: 64.1185, Test Loss: 60.3710
Epoch [8/50], Train Loss: 61.5050, Test Loss: 57.9161
Epoch [9/50], Train Loss: 59.0824, Test Loss: 55.6420
Epoch [10/50], Train Loss: 56.8368, Test Loss: 53.5412
Epoch [11/50], Train Loss: 54.7645, Test Loss: 51.6121
Epoch [12/50], Train Loss: 52.8633, Test Loss: 49.8512
Epoch [13/50], Train Loss: 51.1284, Test Loss: 48.2529
Epoch [14/50], Train Loss: 49.5533, Test Loss: 46.8099
Epoch [15/50], Train Loss: 48.1309, Test Loss: 45.5146
Epoch [16/50], Train Loss: 46.8535, Test Loss: 44.3591
Epoch [17/50], Train Loss: 45.7134, Test Loss: 43.3350
Epoch [18/50], Train Loss: 44.7024, Test Loss: 42.4336
Epoch [19/50], Train Loss: 43.8118, Test Loss: 41.6458
Epoch [20/50], Train Loss: 43.0329, Test Loss: 40.9624
Epoch [21/50], Train Loss: 42.3565, Test Loss: 40.3742
Epoch [22/50], Train Loss: 41.7732, Test Loss: 39.8715
Epoch [23/50], Train Loss: 41.2737, Test Loss: 39.4451
Epoch [24/50], Train Loss: 40.8487, Test Loss: 39.0858
Epoch [25/50], Train Loss: 40.4891, Test Loss: 38.7849
Epoch [26/50], Train Loss: 40.1865, Test Loss: 38.5341
Epoch [27/50], Train Loss: 39.9328, Test Loss: 38.3260
Epoch [28/50], Train Loss: 39.7207, Test Loss: 38.1537
Epoch [29/50], Train Loss: 39.5437, Test Loss: 38.0112
Epoch [30/50], Train Loss: 39.3960, Test Loss: 37.8933
Epoch [31/50], Train Loss: 39.2727, Test Loss: 37.7956
Epoch [32/50], Train Loss: 39.1695, Test Loss: 37.7143
Epoch [33/50], Train Loss: 39.0828, Test Loss: 37.6464
Epoch [34/50], Train Loss: 39.0096, Test Loss: 37.5892
Epoch [35/50], Train Loss: 38.9473, Test Loss: 37.5407
Epoch [36/50], Train Loss: 38.8940, Test Loss: 37.4992
Epoch [37/50], Train Loss: 38.8480, Test Loss: 37.4632
Epoch [38/50], Train Loss: 38.8078, Test Loss: 37.4316
Epoch [39/50], Train Loss: 38.7723, Test Loss: 37.4036
Epoch [40/50], Train Loss: 38.7407, Test Loss: 37.3785
Epoch [41/50], Train Loss: 38.7122, Test Loss: 37.3556
Epoch [42/50], Train Loss: 38.6863, Test Loss: 37.3345
Epoch [43/50], Train Loss: 38.6623, Test Loss: 37.3148
Epoch [44/50], Train Loss: 38.6401, Test Loss: 37.2963
Epoch [45/50], Train Loss: 38.6191, Test Loss: 37.2787
Epoch [46/50], Train Loss: 38.5993, Test Loss: 37.2619
Epoch [47/50], Train Loss: 38.5805, Test Loss: 37.2457
Epoch [48/50], Train Loss: 38.5624, Test Loss: 37.2301
Epoch [49/50], Train Loss: 38.5449, Test Loss: 37.2149
Epoch [50/50], Train Loss: 38.5281, Test Loss: 37.2002
Training LSTM for offset 99
Epoch [1/50], Train Loss: 103.4883, Test Loss: 98.8979
Epoch [2/50], Train Loss: 90.9388, Test Loss: 82.8979
Epoch [3/50], Train Loss: 79.1676, Test Loss: 74.4046
Epoch [4/50], Train Loss: 73.1689, Test Loss: 70.8039
Epoch [5/50], Train Loss: 69.7679, Test Loss: 67.5161
Epoch [6/50], Train Loss: 66.6027, Test Loss: 64.5605
Epoch [7/50], Train Loss: 63.7603, Test Loss: 61.8723
Epoch [8/50], Train Loss: 61.1484, Test Loss: 59.3875
Epoch [9/50], Train Loss: 58.7279, Test Loss: 57.0830
Epoch [10/50], Train Loss: 56.4845, Test Loss: 54.9520
Epoch [11/50], Train Loss: 54.4155, Test Loss: 52.9938
Epoch [12/50], Train Loss: 52.5193, Test Loss: 51.2054
Epoch [13/50], Train Loss: 50.7910, Test Loss: 49.5811
Epoch [14/50], Train Loss: 49.2242, Test Loss: 48.1140
Epoch [15/50], Train Loss: 47.8116, Test Loss: 46.7965
Epoch [16/50], Train Loss: 46.5455, Test Loss: 45.6208
Epoch [17/50], Train Loss: 45.4179, Test Loss: 44.5785
Epoch [18/50], Train Loss: 44.4203, Test Loss: 43.6612
Epoch [19/50], Train Loss: 43.5439, Test Loss: 42.8598
Epoch [20/50], Train Loss: 42.7797, Test Loss: 42.1650
Epoch [21/50], Train Loss: 42.1181, Test Loss: 41.5674
Epoch [22/50], Train Loss: 41.5495, Test Loss: 41.0571
Epoch [23/50], Train Loss: 41.0642, Test Loss: 40.6247
Epoch [24/50], Train Loss: 40.6525, Test Loss: 40.2606
Epoch [25/50], Train Loss: 40.3052, Test Loss: 39.9560
Epoch [26/50], Train Loss: 40.0135, Test Loss: 39.7024
Epoch [27/50], Train Loss: 39.7693, Test Loss: 39.4921
Epoch [28/50], Train Loss: 39.5651, Test Loss: 39.3183
Epoch [29/50], Train Loss: 39.3944, Test Loss: 39.1750
Epoch [30/50], Train Loss: 39.2516, Test Loss: 39.0569
Epoch [31/50], Train Loss: 39.1318, Test Loss: 38.9596
Epoch [32/50], Train Loss: 39.0308, Test Loss: 38.8794
Epoch [33/50], Train Loss: 38.9453, Test Loss: 38.8132
Epoch [34/50], Train Loss: 38.8724, Test Loss: 38.7585
Epoch [35/50], Train Loss: 38.8098, Test Loss: 38.7131
Epoch [36/50], Train Loss: 38.7556, Test Loss: 38.6755
Epoch [37/50], Train Loss: 38.7085, Test Loss: 38.6441
Epoch [38/50], Train Loss: 38.6670, Test Loss: 38.6179
Epoch [39/50], Train Loss: 38.6302, Test Loss: 38.5959
Epoch [40/50], Train Loss: 38.5974, Test Loss: 38.5775
Epoch [41/50], Train Loss: 38.5679, Test Loss: 38.5619
Epoch [42/50], Train Loss: 38.5411, Test Loss: 38.5487
Epoch [43/50], Train Loss: 38.5167, Test Loss: 38.5375
Epoch [44/50], Train Loss: 38.4942, Test Loss: 38.5279
Epoch [45/50], Train Loss: 38.4735, Test Loss: 38.5196
Epoch [46/50], Train Loss: 38.4541, Test Loss: 38.5124
Epoch [47/50], Train Loss: 38.4361, Test Loss: 38.5060
Epoch [48/50], Train Loss: 38.4191, Test Loss: 38.5002
Epoch [49/50], Train Loss: 38.4031, Test Loss: 38.4950
Epoch [50/50], Train Loss: 38.3878, Test Loss: 38.4901
