
The following have been reloaded with a version change:
  1) cuda/11.2.0 => cuda/12.1.1

Training LSTM for offset 0
Epoch [1/50], Train Loss: 100.1803, Test Loss: 87.9556
Epoch [2/50], Train Loss: 83.3679, Test Loss: 74.0182
Epoch [3/50], Train Loss: 73.5360, Test Loss: 66.8601
Epoch [4/50], Train Loss: 66.8003, Test Loss: 60.7748
Epoch [5/50], Train Loss: 60.9194, Test Loss: 55.4445
Epoch [6/50], Train Loss: 55.7832, Test Loss: 50.8150
Epoch [7/50], Train Loss: 51.3101, Test Loss: 46.8075
Epoch [8/50], Train Loss: 47.4397, Test Loss: 43.3694
Epoch [9/50], Train Loss: 44.1271, Test Loss: 40.4558
Epoch [10/50], Train Loss: 41.3315, Test Loss: 38.0241
Epoch [11/50], Train Loss: 39.0114, Test Loss: 36.0307
Epoch [12/50], Train Loss: 37.1223, Test Loss: 34.4285
Epoch [13/50], Train Loss: 35.6145, Test Loss: 33.1663
Epoch [14/50], Train Loss: 34.4339, Test Loss: 32.1908
Epoch [15/50], Train Loss: 33.5242, Test Loss: 31.4490
Epoch [16/50], Train Loss: 32.8303, Test Loss: 30.8907
Epoch [17/50], Train Loss: 32.3003, Test Loss: 30.4714
Epoch [18/50], Train Loss: 31.8903, Test Loss: 30.1553
Epoch [19/50], Train Loss: 31.5695, Test Loss: 29.9140
Epoch [20/50], Train Loss: 31.3177, Test Loss: 29.7248
Epoch [21/50], Train Loss: 31.1182, Test Loss: 29.5725
Epoch [22/50], Train Loss: 30.9580, Test Loss: 29.4481
Epoch [23/50], Train Loss: 30.8275, Test Loss: 29.3454
Epoch [24/50], Train Loss: 30.7196, Test Loss: 29.2601
Epoch [25/50], Train Loss: 30.6293, Test Loss: 29.1889
Epoch [26/50], Train Loss: 30.5529, Test Loss: 29.1288
Epoch [27/50], Train Loss: 30.4875, Test Loss: 29.0776
Epoch [28/50], Train Loss: 30.4306, Test Loss: 29.0337
Epoch [29/50], Train Loss: 30.3803, Test Loss: 28.9958
Epoch [30/50], Train Loss: 30.3352, Test Loss: 28.9628
Epoch [31/50], Train Loss: 30.2945, Test Loss: 28.9339
Epoch [32/50], Train Loss: 30.2576, Test Loss: 28.9083
Epoch [33/50], Train Loss: 30.2243, Test Loss: 28.8854
Epoch [34/50], Train Loss: 30.1944, Test Loss: 28.8648
Epoch [35/50], Train Loss: 30.1675, Test Loss: 28.8462
Epoch [36/50], Train Loss: 30.1434, Test Loss: 28.8295
Epoch [37/50], Train Loss: 30.1218, Test Loss: 28.8144
Epoch [38/50], Train Loss: 30.1024, Test Loss: 28.8008
Epoch [39/50], Train Loss: 30.0849, Test Loss: 28.7885
Epoch [40/50], Train Loss: 30.0691, Test Loss: 28.7774
Epoch [41/50], Train Loss: 30.0547, Test Loss: 28.7673
Epoch [42/50], Train Loss: 30.0416, Test Loss: 28.7582
Epoch [43/50], Train Loss: 30.0296, Test Loss: 28.7499
Epoch [44/50], Train Loss: 30.0187, Test Loss: 28.7423
Epoch [45/50], Train Loss: 30.0086, Test Loss: 28.7355
Epoch [46/50], Train Loss: 29.9993, Test Loss: 28.7292
Epoch [47/50], Train Loss: 29.9907, Test Loss: 28.7234
Epoch [48/50], Train Loss: 29.9828, Test Loss: 28.7182
Epoch [49/50], Train Loss: 29.9755, Test Loss: 28.7134
Epoch [50/50], Train Loss: 29.9686, Test Loss: 28.7090
Traceback (most recent call last):
  File "/home/apiasecz/programming/MultiTask_RemoteInference_Code/src/LSTM_train.py", line 156, in <module>
    train_lstm_model(csv_files, window_size, prediction_offset, data_dir, output_dir, SEED)
  File "/home/apiasecz/programming/MultiTask_RemoteInference_Code/src/LSTM_train.py", line 140, in train_lstm_model
    model, scaler = train_lstm(data_list, window_size, prediction_offset, data_dir)
                    ^^^^^^^^^^^^^^^^^^^^^^^^^^^^^^^^^^^^^^^^^^^^^^^^^^^^^^^^^^^^^^^
  File "/home/apiasecz/programming/MultiTask_RemoteInference_Code/src/LSTM_train.py", line 125, in train_lstm
    return model, scaler
                  ^^^^^^
NameError: name 'scaler' is not defined
