
The following have been reloaded with a version change:
  1) cuda/11.2.0 => cuda/12.1.1

Training LSTM for offset 0
Epoch [1/50], Train Loss: 99.7381, Test Loss: 96.0149
Epoch [2/50], Train Loss: 83.9987, Test Loss: 80.1539
Epoch [3/50], Train Loss: 72.6408, Test Loss: 72.6547
Epoch [4/50], Train Loss: 66.5916, Test Loss: 66.8991
Epoch [5/50], Train Loss: 61.3894, Test Loss: 61.8208
Epoch [6/50], Train Loss: 56.8208, Test Loss: 57.3563
Epoch [7/50], Train Loss: 52.8188, Test Loss: 53.4387
Epoch [8/50], Train Loss: 49.3081, Test Loss: 49.9975
Epoch [9/50], Train Loss: 46.2420, Test Loss: 47.0064
Epoch [10/50], Train Loss: 43.5999, Test Loss: 44.4467
Epoch [11/50], Train Loss: 41.3598, Test Loss: 42.2924
Epoch [12/50], Train Loss: 39.4911, Test Loss: 40.5084
Epoch [13/50], Train Loss: 37.9566, Test Loss: 39.0547
Epoch [14/50], Train Loss: 36.7162, Test Loss: 37.8892
Epoch [15/50], Train Loss: 35.7296, Test Loss: 36.9697
Epoch [16/50], Train Loss: 34.9574, Test Loss: 36.2551
Epoch [17/50], Train Loss: 34.3616, Test Loss: 35.7062
Epoch [18/50], Train Loss: 33.9073, Test Loss: 35.2879
Epoch [19/50], Train Loss: 33.5636, Test Loss: 34.9701
Epoch [20/50], Train Loss: 33.3043, Test Loss: 34.7279
Epoch [21/50], Train Loss: 33.1082, Test Loss: 34.5419
Epoch [22/50], Train Loss: 32.9588, Test Loss: 34.3972
Epoch [23/50], Train Loss: 32.8437, Test Loss: 34.2830
Epoch [24/50], Train Loss: 32.7535, Test Loss: 34.1911
Epoch [25/50], Train Loss: 32.6816, Test Loss: 34.1157
Epoch [26/50], Train Loss: 32.6231, Test Loss: 34.0525
Epoch [27/50], Train Loss: 32.5744, Test Loss: 33.9985
Epoch [28/50], Train Loss: 32.5328, Test Loss: 33.9512
Epoch [29/50], Train Loss: 32.4966, Test Loss: 33.9089
Epoch [30/50], Train Loss: 32.4640, Test Loss: 33.8701
Epoch [31/50], Train Loss: 32.4341, Test Loss: 33.8337
Epoch [32/50], Train Loss: 32.4058, Test Loss: 33.7990
Epoch [33/50], Train Loss: 32.3786, Test Loss: 33.7656
Epoch [34/50], Train Loss: 32.3523, Test Loss: 33.7337
Epoch [35/50], Train Loss: 32.3269, Test Loss: 33.7035
Epoch [36/50], Train Loss: 32.3026, Test Loss: 33.6754
Epoch [37/50], Train Loss: 32.2795, Test Loss: 33.6494
Epoch [38/50], Train Loss: 32.2579, Test Loss: 33.6255
Epoch [39/50], Train Loss: 32.2376, Test Loss: 33.6035
Epoch [40/50], Train Loss: 32.2188, Test Loss: 33.5831
Epoch [41/50], Train Loss: 32.2013, Test Loss: 33.5643
Epoch [42/50], Train Loss: 32.1850, Test Loss: 33.5468
Epoch [43/50], Train Loss: 32.1699, Test Loss: 33.5305
Epoch [44/50], Train Loss: 32.1559, Test Loss: 33.5152
Epoch [45/50], Train Loss: 32.1429, Test Loss: 33.5009
Epoch [46/50], Train Loss: 32.1308, Test Loss: 33.4875
Epoch [47/50], Train Loss: 32.1195, Test Loss: 33.4749
Epoch [48/50], Train Loss: 32.1090, Test Loss: 33.4629
Epoch [49/50], Train Loss: 32.0991, Test Loss: 33.4516
Epoch [50/50], Train Loss: 32.0899, Test Loss: 33.4409
Training LSTM for offset 1
Epoch [1/50], Train Loss: 101.0785, Test Loss: 91.8009
Epoch [2/50], Train Loss: 85.1549, Test Loss: 76.4769
Epoch [3/50], Train Loss: 73.7102, Test Loss: 69.5547
Epoch [4/50], Train Loss: 67.7299, Test Loss: 64.3372
Epoch [5/50], Train Loss: 62.5977, Test Loss: 59.7380
Epoch [6/50], Train Loss: 58.0932, Test Loss: 55.6791
Epoch [7/50], Train Loss: 54.1436, Test Loss: 52.1222
Epoch [8/50], Train Loss: 50.6831, Test Loss: 49.0058
Epoch [9/50], Train Loss: 47.6624, Test Loss: 46.3004
Epoch [10/50], Train Loss: 45.0578, Test Loss: 43.9884
Epoch [11/50], Train Loss: 42.8479, Test Loss: 42.0472
Epoch [12/50], Train Loss: 41.0040, Test Loss: 40.4455
Epoch [13/50], Train Loss: 39.4903, Test Loss: 39.1460
Epoch [14/50], Train Loss: 38.2677, Test Loss: 38.1093
Epoch [15/50], Train Loss: 37.2962, Test Loss: 37.2957
Epoch [16/50], Train Loss: 36.5365, Test Loss: 36.6672
Epoch [17/50], Train Loss: 35.9509, Test Loss: 36.1881
Epoch [18/50], Train Loss: 35.5048, Test Loss: 35.8267
Epoch [19/50], Train Loss: 35.1678, Test Loss: 35.5554
Epoch [20/50], Train Loss: 34.9141, Test Loss: 35.3521
Epoch [21/50], Train Loss: 34.7228, Test Loss: 35.1989
Epoch [22/50], Train Loss: 34.5779, Test Loss: 35.0823
Epoch [23/50], Train Loss: 34.4669, Test Loss: 34.9924
Epoch [24/50], Train Loss: 34.3808, Test Loss: 34.9218
Epoch [25/50], Train Loss: 34.3129, Test Loss: 34.8651
Epoch [26/50], Train Loss: 34.2581, Test Loss: 34.8184
Epoch [27/50], Train Loss: 34.2131, Test Loss: 34.7789
Epoch [28/50], Train Loss: 34.1749, Test Loss: 34.7445
Epoch [29/50], Train Loss: 34.1416, Test Loss: 34.7137
Epoch [30/50], Train Loss: 34.1116, Test Loss: 34.6853
Epoch [31/50], Train Loss: 34.0837, Test Loss: 34.6585
Epoch [32/50], Train Loss: 34.0573, Test Loss: 34.6330
Epoch [33/50], Train Loss: 34.0318, Test Loss: 34.6087
Epoch [34/50], Train Loss: 34.0075, Test Loss: 34.5856
Epoch [35/50], Train Loss: 33.9843, Test Loss: 34.5636
Epoch [36/50], Train Loss: 33.9624, Test Loss: 34.5426
Epoch [37/50], Train Loss: 33.9419, Test Loss: 34.5228
Epoch [38/50], Train Loss: 33.9229, Test Loss: 34.5039
Epoch [39/50], Train Loss: 33.9052, Test Loss: 34.4859
Epoch [40/50], Train Loss: 33.8887, Test Loss: 34.4689
Epoch [41/50], Train Loss: 33.8735, Test Loss: 34.4528
Epoch [42/50], Train Loss: 33.8593, Test Loss: 34.4376
Epoch [43/50], Train Loss: 33.8462, Test Loss: 34.4231
Epoch [44/50], Train Loss: 33.8340, Test Loss: 34.4094
Epoch [45/50], Train Loss: 33.8227, Test Loss: 34.3964
Epoch [46/50], Train Loss: 33.8121, Test Loss: 34.3841
Epoch [47/50], Train Loss: 33.8023, Test Loss: 34.3723
Epoch [48/50], Train Loss: 33.7932, Test Loss: 34.3612
Epoch [49/50], Train Loss: 33.7846, Test Loss: 34.3506
Epoch [50/50], Train Loss: 33.7766, Test Loss: 34.3404
Training LSTM for offset 2
Epoch [1/50], Train Loss: 101.2487, Test Loss: 89.9139
Epoch [2/50], Train Loss: 85.2564, Test Loss: 74.5732
Epoch [3/50], Train Loss: 73.9778, Test Loss: 67.6754
Epoch [4/50], Train Loss: 68.0551, Test Loss: 62.4749
Epoch [5/50], Train Loss: 62.9644, Test Loss: 57.9036
Epoch [6/50], Train Loss: 58.4890, Test Loss: 53.8770
Epoch [7/50], Train Loss: 54.5626, Test Loss: 50.3615
Epoch [8/50], Train Loss: 51.1273, Test Loss: 47.2935
Epoch [9/50], Train Loss: 48.1330, Test Loss: 44.6441
Epoch [10/50], Train Loss: 45.5576, Test Loss: 42.3967
Epoch [11/50], Train Loss: 43.3806, Test Loss: 40.5283
Epoch [12/50], Train Loss: 41.5725, Test Loss: 39.0059
Epoch [13/50], Train Loss: 40.0958, Test Loss: 37.7895
Epoch [14/50], Train Loss: 38.9091, Test Loss: 36.8363
Epoch [15/50], Train Loss: 37.9706, Test Loss: 36.1035
Epoch [16/50], Train Loss: 37.2398, Test Loss: 35.5504
Epoch [17/50], Train Loss: 36.6787, Test Loss: 35.1397
Epoch [18/50], Train Loss: 36.2527, Test Loss: 34.8386
Epoch [19/50], Train Loss: 35.9319, Test Loss: 34.6199
Epoch [20/50], Train Loss: 35.6910, Test Loss: 34.4615
Epoch [21/50], Train Loss: 35.5099, Test Loss: 34.3465
Epoch [22/50], Train Loss: 35.3730, Test Loss: 34.2622
Epoch [23/50], Train Loss: 35.2683, Test Loss: 34.1994
Epoch [24/50], Train Loss: 35.1871, Test Loss: 34.1516
Epoch [25/50], Train Loss: 35.1231, Test Loss: 34.1142
Epoch [26/50], Train Loss: 35.0714, Test Loss: 34.0837
Epoch [27/50], Train Loss: 35.0288, Test Loss: 34.0581
Epoch [28/50], Train Loss: 34.9927, Test Loss: 34.0356
Epoch [29/50], Train Loss: 34.9615, Test Loss: 34.0154
Epoch [30/50], Train Loss: 34.9341, Test Loss: 33.9968
Epoch [31/50], Train Loss: 34.9098, Test Loss: 33.9795
Epoch [32/50], Train Loss: 34.8878, Test Loss: 33.9631
Epoch [33/50], Train Loss: 34.8677, Test Loss: 33.9473
Epoch [34/50], Train Loss: 34.8487, Test Loss: 33.9317
Epoch [35/50], Train Loss: 34.8305, Test Loss: 33.9161
Epoch [36/50], Train Loss: 34.8129, Test Loss: 33.9006
Epoch [37/50], Train Loss: 34.7957, Test Loss: 33.8851
Epoch [38/50], Train Loss: 34.7789, Test Loss: 33.8698
Epoch [39/50], Train Loss: 34.7624, Test Loss: 33.8549
Epoch [40/50], Train Loss: 34.7465, Test Loss: 33.8406
Epoch [41/50], Train Loss: 34.7310, Test Loss: 33.8271
Epoch [42/50], Train Loss: 34.7161, Test Loss: 33.8143
Epoch [43/50], Train Loss: 34.7017, Test Loss: 33.8023
Epoch [44/50], Train Loss: 34.6879, Test Loss: 33.7912
Epoch [45/50], Train Loss: 34.6747, Test Loss: 33.7809
Epoch [46/50], Train Loss: 34.6620, Test Loss: 33.7714
Epoch [47/50], Train Loss: 34.6500, Test Loss: 33.7626
Epoch [48/50], Train Loss: 34.6386, Test Loss: 33.7546
Epoch [49/50], Train Loss: 34.6277, Test Loss: 33.7473
Epoch [50/50], Train Loss: 34.6174, Test Loss: 33.7406
Training LSTM for offset 3
Epoch [1/50], Train Loss: 101.3658, Test Loss: 89.6461
Epoch [2/50], Train Loss: 85.3618, Test Loss: 74.4057
Epoch [3/50], Train Loss: 74.0391, Test Loss: 67.6511
Epoch [4/50], Train Loss: 68.1824, Test Loss: 62.5291
Epoch [5/50], Train Loss: 63.1173, Test Loss: 57.9791
Epoch [6/50], Train Loss: 58.6591, Test Loss: 53.9748
Epoch [7/50], Train Loss: 54.7542, Test Loss: 50.4847
Epoch [8/50], Train Loss: 51.3383, Test Loss: 47.4375
Epoch [9/50], Train Loss: 48.3583, Test Loss: 44.8038
Epoch [10/50], Train Loss: 45.7937, Test Loss: 42.5684
Epoch [11/50], Train Loss: 43.6273, Test Loss: 40.7099
Epoch [12/50], Train Loss: 41.8325, Test Loss: 39.1961
Epoch [13/50], Train Loss: 40.3734, Test Loss: 37.9869
Epoch [14/50], Train Loss: 39.2085, Test Loss: 37.0391
Epoch [15/50], Train Loss: 38.2944, Test Loss: 36.3095
Epoch [16/50], Train Loss: 37.5890, Test Loss: 35.7576
Epoch [17/50], Train Loss: 37.0529, Test Loss: 35.3461
Epoch [18/50], Train Loss: 36.6503, Test Loss: 35.0426
Epoch [19/50], Train Loss: 36.3505, Test Loss: 34.8200
Epoch [20/50], Train Loss: 36.1281, Test Loss: 34.6567
Epoch [21/50], Train Loss: 35.9630, Test Loss: 34.5360
Epoch [22/50], Train Loss: 35.8395, Test Loss: 34.4457
Epoch [23/50], Train Loss: 35.7463, Test Loss: 34.3770
Epoch [24/50], Train Loss: 35.6750, Test Loss: 34.3235
Epoch [25/50], Train Loss: 35.6194, Test Loss: 34.2809
Epoch [26/50], Train Loss: 35.5753, Test Loss: 34.2460
Epoch [27/50], Train Loss: 35.5396, Test Loss: 34.2166
Epoch [28/50], Train Loss: 35.5101, Test Loss: 34.1912
Epoch [29/50], Train Loss: 35.4850, Test Loss: 34.1687
Epoch [30/50], Train Loss: 35.4632, Test Loss: 34.1480
Epoch [31/50], Train Loss: 35.4436, Test Loss: 34.1285
Epoch [32/50], Train Loss: 35.4256, Test Loss: 34.1099
Epoch [33/50], Train Loss: 35.4086, Test Loss: 34.0921
Epoch [34/50], Train Loss: 35.3926, Test Loss: 34.0750
Epoch [35/50], Train Loss: 35.3773, Test Loss: 34.0586
Epoch [36/50], Train Loss: 35.3624, Test Loss: 34.0428
Epoch [37/50], Train Loss: 35.3477, Test Loss: 34.0274
Epoch [38/50], Train Loss: 35.3332, Test Loss: 34.0125
Epoch [39/50], Train Loss: 35.3188, Test Loss: 33.9983
Epoch [40/50], Train Loss: 35.3045, Test Loss: 33.9850
Epoch [41/50], Train Loss: 35.2907, Test Loss: 33.9726
Epoch [42/50], Train Loss: 35.2772, Test Loss: 33.9611
Epoch [43/50], Train Loss: 35.2642, Test Loss: 33.9506
Epoch [44/50], Train Loss: 35.2518, Test Loss: 33.9408
Epoch [45/50], Train Loss: 35.2399, Test Loss: 33.9318
Epoch [46/50], Train Loss: 35.2285, Test Loss: 33.9234
Epoch [47/50], Train Loss: 35.2177, Test Loss: 33.9156
Epoch [48/50], Train Loss: 35.2074, Test Loss: 33.9083
Epoch [49/50], Train Loss: 35.1976, Test Loss: 33.9016
Epoch [50/50], Train Loss: 35.1883, Test Loss: 33.8953
Training LSTM for offset 4
Epoch [1/50], Train Loss: 100.1352, Test Loss: 94.2491
Epoch [2/50], Train Loss: 84.2535, Test Loss: 78.4857
Epoch [3/50], Train Loss: 73.1021, Test Loss: 71.4567
Epoch [4/50], Train Loss: 67.3785, Test Loss: 66.1645
Epoch [5/50], Train Loss: 62.4475, Test Loss: 61.4602
Epoch [6/50], Train Loss: 58.1055, Test Loss: 57.3145
Epoch [7/50], Train Loss: 54.2992, Test Loss: 53.7003
Epoch [8/50], Train Loss: 50.9828, Test Loss: 50.5485
Epoch [9/50], Train Loss: 48.0994, Test Loss: 47.8240
Epoch [10/50], Train Loss: 45.6254, Test Loss: 45.5093
Epoch [11/50], Train Loss: 43.5418, Test Loss: 43.5822
Epoch [12/50], Train Loss: 41.8215, Test Loss: 42.0096
Epoch [13/50], Train Loss: 40.4279, Test Loss: 40.7503
Epoch [14/50], Train Loss: 39.3190, Test Loss: 39.7595
Epoch [15/50], Train Loss: 38.4515, Test Loss: 38.9924
Epoch [16/50], Train Loss: 37.7834, Test Loss: 38.4066
Epoch [17/50], Train Loss: 37.2758, Test Loss: 37.9638
Epoch [18/50], Train Loss: 36.8943, Test Loss: 37.6312
Epoch [19/50], Train Loss: 36.6095, Test Loss: 37.3814
Epoch [20/50], Train Loss: 36.3973, Test Loss: 37.1929
Epoch [21/50], Train Loss: 36.2388, Test Loss: 37.0490
Epoch [22/50], Train Loss: 36.1196, Test Loss: 36.9376
Epoch [23/50], Train Loss: 36.0289, Test Loss: 36.8496
Epoch [24/50], Train Loss: 35.9590, Test Loss: 36.7786
Epoch [25/50], Train Loss: 35.9040, Test Loss: 36.7202
Epoch [26/50], Train Loss: 35.8600, Test Loss: 36.6709
Epoch [27/50], Train Loss: 35.8241, Test Loss: 36.6287
Epoch [28/50], Train Loss: 35.7941, Test Loss: 36.5916
Epoch [29/50], Train Loss: 35.7685, Test Loss: 36.5586
Epoch [30/50], Train Loss: 35.7461, Test Loss: 36.5286
Epoch [31/50], Train Loss: 35.7260, Test Loss: 36.5010
Epoch [32/50], Train Loss: 35.7077, Test Loss: 36.4753
Epoch [33/50], Train Loss: 35.6906, Test Loss: 36.4512
Epoch [34/50], Train Loss: 35.6745, Test Loss: 36.4285
Epoch [35/50], Train Loss: 35.6591, Test Loss: 36.4073
Epoch [36/50], Train Loss: 35.6444, Test Loss: 36.3875
Epoch [37/50], Train Loss: 35.6303, Test Loss: 36.3690
Epoch [38/50], Train Loss: 35.6169, Test Loss: 36.3519
Epoch [39/50], Train Loss: 35.6041, Test Loss: 36.3359
Epoch [40/50], Train Loss: 35.5919, Test Loss: 36.3211
Epoch [41/50], Train Loss: 35.5802, Test Loss: 36.3072
Epoch [42/50], Train Loss: 35.5691, Test Loss: 36.2943
Epoch [43/50], Train Loss: 35.5586, Test Loss: 36.2821
Epoch [44/50], Train Loss: 35.5487, Test Loss: 36.2708
Epoch [45/50], Train Loss: 35.5393, Test Loss: 36.2602
Epoch [46/50], Train Loss: 35.5305, Test Loss: 36.2504
Epoch [47/50], Train Loss: 35.5222, Test Loss: 36.2411
Epoch [48/50], Train Loss: 35.5143, Test Loss: 36.2326
Epoch [49/50], Train Loss: 35.5069, Test Loss: 36.2245
Epoch [50/50], Train Loss: 35.4999, Test Loss: 36.2169
Training LSTM for offset 5
Epoch [1/50], Train Loss: 100.3270, Test Loss: 93.3730
Epoch [2/50], Train Loss: 84.3828, Test Loss: 77.7423
Epoch [3/50], Train Loss: 73.2662, Test Loss: 70.8527
Epoch [4/50], Train Loss: 67.5769, Test Loss: 65.6638
Epoch [5/50], Train Loss: 62.6661, Test Loss: 61.0461
Epoch [6/50], Train Loss: 58.3478, Test Loss: 56.9657
Epoch [7/50], Train Loss: 54.5697, Test Loss: 53.3972
Epoch [8/50], Train Loss: 51.2801, Test Loss: 50.2732
Epoch [9/50], Train Loss: 48.4215, Test Loss: 47.5578
Epoch [10/50], Train Loss: 45.9687, Test Loss: 45.2345
Epoch [11/50], Train Loss: 43.9025, Test Loss: 43.2851
Epoch [12/50], Train Loss: 42.1967, Test Loss: 41.6816
Epoch [13/50], Train Loss: 40.8161, Test Loss: 40.3874
Epoch [14/50], Train Loss: 39.7191, Test Loss: 39.3610
Epoch [15/50], Train Loss: 38.8625, Test Loss: 38.5602
Epoch [16/50], Train Loss: 38.2039, Test Loss: 37.9441
Epoch [17/50], Train Loss: 37.7045, Test Loss: 37.4756
Epoch [18/50], Train Loss: 37.3300, Test Loss: 37.1224
Epoch [19/50], Train Loss: 37.0512, Test Loss: 36.8573
Epoch [20/50], Train Loss: 36.8444, Test Loss: 36.6585
Epoch [21/50], Train Loss: 36.6909, Test Loss: 36.5089
Epoch [22/50], Train Loss: 36.5764, Test Loss: 36.3957
Epoch [23/50], Train Loss: 36.4903, Test Loss: 36.3093
Epoch [24/50], Train Loss: 36.4247, Test Loss: 36.2426
Epoch [25/50], Train Loss: 36.3741, Test Loss: 36.1904
Epoch [26/50], Train Loss: 36.3343, Test Loss: 36.1490
Epoch [27/50], Train Loss: 36.3024, Test Loss: 36.1157
Epoch [28/50], Train Loss: 36.2762, Test Loss: 36.0883
Epoch [29/50], Train Loss: 36.2542, Test Loss: 36.0653
Epoch [30/50], Train Loss: 36.2353, Test Loss: 36.0458
Epoch [31/50], Train Loss: 36.2190, Test Loss: 36.0290
Epoch [32/50], Train Loss: 36.2046, Test Loss: 36.0143
Epoch [33/50], Train Loss: 36.1919, Test Loss: 36.0014
Epoch [34/50], Train Loss: 36.1806, Test Loss: 35.9897
Epoch [35/50], Train Loss: 36.1702, Test Loss: 35.9790
Epoch [36/50], Train Loss: 36.1605, Test Loss: 35.9690
Epoch [37/50], Train Loss: 36.1513, Test Loss: 35.9594
Epoch [38/50], Train Loss: 36.1423, Test Loss: 35.9500
Epoch [39/50], Train Loss: 36.1333, Test Loss: 35.9406
Epoch [40/50], Train Loss: 36.1241, Test Loss: 35.9308
Epoch [41/50], Train Loss: 36.1147, Test Loss: 35.9206
Epoch [42/50], Train Loss: 36.1050, Test Loss: 35.9099
Epoch [43/50], Train Loss: 36.0949, Test Loss: 35.8986
Epoch [44/50], Train Loss: 36.0847, Test Loss: 35.8868
Epoch [45/50], Train Loss: 36.0744, Test Loss: 35.8748
Epoch [46/50], Train Loss: 36.0641, Test Loss: 35.8627
Epoch [47/50], Train Loss: 36.0541, Test Loss: 35.8507
Epoch [48/50], Train Loss: 36.0444, Test Loss: 35.8390
Epoch [49/50], Train Loss: 36.0350, Test Loss: 35.8277
Epoch [50/50], Train Loss: 36.0260, Test Loss: 35.8168
Training LSTM for offset 6
Epoch [1/50], Train Loss: 100.1378, Test Loss: 94.2358
Epoch [2/50], Train Loss: 84.1633, Test Loss: 78.3786
Epoch [3/50], Train Loss: 73.1059, Test Loss: 71.4794
Epoch [4/50], Train Loss: 67.4866, Test Loss: 66.2499
Epoch [5/50], Train Loss: 62.5921, Test Loss: 61.5785
Epoch [6/50], Train Loss: 58.2797, Test Loss: 57.4681
Epoch [7/50], Train Loss: 54.5059, Test Loss: 53.8891
Epoch [8/50], Train Loss: 51.2175, Test Loss: 50.7640
Epoch [9/50], Train Loss: 48.3553, Test Loss: 48.0557
Epoch [10/50], Train Loss: 45.8959, Test Loss: 45.7464
Epoch [11/50], Train Loss: 43.8223, Test Loss: 43.8154
Epoch [12/50], Train Loss: 42.1100, Test Loss: 42.2313
Epoch [13/50], Train Loss: 40.7244, Test Loss: 40.9546
Epoch [14/50], Train Loss: 39.6244, Test Loss: 39.9418
Epoch [15/50], Train Loss: 38.7669, Test Loss: 39.1499
Epoch [16/50], Train Loss: 38.1096, Test Loss: 38.5385
Epoch [17/50], Train Loss: 37.6134, Test Loss: 38.0713
Epoch [18/50], Train Loss: 37.2433, Test Loss: 37.7169
Epoch [19/50], Train Loss: 36.9696, Test Loss: 37.4488
Epoch [20/50], Train Loss: 36.7682, Test Loss: 37.2460
Epoch [21/50], Train Loss: 36.6199, Test Loss: 37.0918
Epoch [22/50], Train Loss: 36.5103, Test Loss: 36.9738
Epoch [23/50], Train Loss: 36.4286, Test Loss: 36.8824
Epoch [24/50], Train Loss: 36.3670, Test Loss: 36.8109
Epoch [25/50], Train Loss: 36.3199, Test Loss: 36.7539
Epoch [26/50], Train Loss: 36.2833, Test Loss: 36.7078
Epoch [27/50], Train Loss: 36.2542, Test Loss: 36.6697
Epoch [28/50], Train Loss: 36.2306, Test Loss: 36.6376
Epoch [29/50], Train Loss: 36.2109, Test Loss: 36.6099
Epoch [30/50], Train Loss: 36.1940, Test Loss: 36.5858
Epoch [31/50], Train Loss: 36.1794, Test Loss: 36.5648
Epoch [32/50], Train Loss: 36.1664, Test Loss: 36.5466
Epoch [33/50], Train Loss: 36.1549, Test Loss: 36.5309
Epoch [34/50], Train Loss: 36.1445, Test Loss: 36.5170
Epoch [35/50], Train Loss: 36.1348, Test Loss: 36.5045
Epoch [36/50], Train Loss: 36.1256, Test Loss: 36.4930
Epoch [37/50], Train Loss: 36.1167, Test Loss: 36.4822
Epoch [38/50], Train Loss: 36.1080, Test Loss: 36.4718
Epoch [39/50], Train Loss: 36.0994, Test Loss: 36.4618
Epoch [40/50], Train Loss: 36.0909, Test Loss: 36.4518
Epoch [41/50], Train Loss: 36.0826, Test Loss: 36.4418
Epoch [42/50], Train Loss: 36.0744, Test Loss: 36.4318
Epoch [43/50], Train Loss: 36.0664, Test Loss: 36.4217
Epoch [44/50], Train Loss: 36.0586, Test Loss: 36.4115
Epoch [45/50], Train Loss: 36.0509, Test Loss: 36.4013
Epoch [46/50], Train Loss: 36.0435, Test Loss: 36.3910
Epoch [47/50], Train Loss: 36.0364, Test Loss: 36.3808
Epoch [48/50], Train Loss: 36.0294, Test Loss: 36.3706
Epoch [49/50], Train Loss: 36.0227, Test Loss: 36.3605
Epoch [50/50], Train Loss: 36.0162, Test Loss: 36.3505
Training LSTM for offset 7
Epoch [1/50], Train Loss: 100.6063, Test Loss: 93.0203
Epoch [2/50], Train Loss: 84.6185, Test Loss: 77.1800
Epoch [3/50], Train Loss: 73.5346, Test Loss: 70.3585
Epoch [4/50], Train Loss: 67.9695, Test Loss: 65.2188
Epoch [5/50], Train Loss: 63.1086, Test Loss: 60.6082
Epoch [6/50], Train Loss: 58.8140, Test Loss: 56.5631
Epoch [7/50], Train Loss: 55.0654, Test Loss: 53.0396
Epoch [8/50], Train Loss: 51.7994, Test Loss: 49.9569
Epoch [9/50], Train Loss: 48.9541, Test Loss: 47.2778
Epoch [10/50], Train Loss: 46.5063, Test Loss: 44.9856
Epoch [11/50], Train Loss: 44.4402, Test Loss: 43.0626
Epoch [12/50], Train Loss: 42.7332, Test Loss: 41.4810
Epoch [13/50], Train Loss: 41.3519, Test Loss: 40.2033
Epoch [14/50], Train Loss: 40.2553, Test Loss: 39.1873
Epoch [15/50], Train Loss: 39.3995, Test Loss: 38.3900
Epoch [16/50], Train Loss: 38.7417, Test Loss: 37.7714
Epoch [17/50], Train Loss: 38.2426, Test Loss: 37.2954
Epoch [18/50], Train Loss: 37.8677, Test Loss: 36.9309
Epoch [19/50], Train Loss: 37.5879, Test Loss: 36.6521
Epoch [20/50], Train Loss: 37.3796, Test Loss: 36.4384
Epoch [21/50], Train Loss: 37.2243, Test Loss: 36.2736
Epoch [22/50], Train Loss: 37.1077, Test Loss: 36.1453
Epoch [23/50], Train Loss: 37.0194, Test Loss: 36.0443
Epoch [24/50], Train Loss: 36.9517, Test Loss: 35.9637
Epoch [25/50], Train Loss: 36.8988, Test Loss: 35.8986
Epoch [26/50], Train Loss: 36.8569, Test Loss: 35.8452
Epoch [27/50], Train Loss: 36.8230, Test Loss: 35.8008
Epoch [28/50], Train Loss: 36.7951, Test Loss: 35.7636
Epoch [29/50], Train Loss: 36.7718, Test Loss: 35.7320
Epoch [30/50], Train Loss: 36.7520, Test Loss: 35.7049
Epoch [31/50], Train Loss: 36.7349, Test Loss: 35.6814
Epoch [32/50], Train Loss: 36.7197, Test Loss: 35.6608
Epoch [33/50], Train Loss: 36.7058, Test Loss: 35.6424
Epoch [34/50], Train Loss: 36.6930, Test Loss: 35.6258
Epoch [35/50], Train Loss: 36.6807, Test Loss: 35.6107
Epoch [36/50], Train Loss: 36.6688, Test Loss: 35.5969
Epoch [37/50], Train Loss: 36.6572, Test Loss: 35.5840
Epoch [38/50], Train Loss: 36.6457, Test Loss: 35.5719
Epoch [39/50], Train Loss: 36.6344, Test Loss: 35.5604
Epoch [40/50], Train Loss: 36.6234, Test Loss: 35.5495
Epoch [41/50], Train Loss: 36.6127, Test Loss: 35.5389
Epoch [42/50], Train Loss: 36.6024, Test Loss: 35.5287
Epoch [43/50], Train Loss: 36.5925, Test Loss: 35.5188
Epoch [44/50], Train Loss: 36.5831, Test Loss: 35.5092
Epoch [45/50], Train Loss: 36.5740, Test Loss: 35.4999
Epoch [46/50], Train Loss: 36.5654, Test Loss: 35.4910
Epoch [47/50], Train Loss: 36.5571, Test Loss: 35.4825
Epoch [48/50], Train Loss: 36.5492, Test Loss: 35.4744
Epoch [49/50], Train Loss: 36.5417, Test Loss: 35.4667
Epoch [50/50], Train Loss: 36.5345, Test Loss: 35.4594
Training LSTM for offset 8
Epoch [1/50], Train Loss: 102.0342, Test Loss: 87.6998
Epoch [2/50], Train Loss: 85.8695, Test Loss: 72.6405
Epoch [3/50], Train Loss: 74.5767, Test Loss: 66.2540
Epoch [4/50], Train Loss: 68.8812, Test Loss: 61.4273
Epoch [5/50], Train Loss: 63.9098, Test Loss: 57.1052
Epoch [6/50], Train Loss: 59.5136, Test Loss: 53.3179
Epoch [7/50], Train Loss: 55.6730, Test Loss: 50.0379
Epoch [8/50], Train Loss: 52.3248, Test Loss: 47.1817
Epoch [9/50], Train Loss: 49.4056, Test Loss: 44.7168
Epoch [10/50], Train Loss: 46.8932, Test Loss: 42.6299
Epoch [11/50], Train Loss: 44.7726, Test Loss: 40.9043
Epoch [12/50], Train Loss: 43.0202, Test Loss: 39.5117
Epoch [13/50], Train Loss: 41.6018, Test Loss: 38.4139
Epoch [14/50], Train Loss: 40.4757, Test Loss: 37.5676
Epoch [15/50], Train Loss: 39.5975, Test Loss: 36.9289
Epoch [16/50], Train Loss: 38.9239, Test Loss: 36.4566
Epoch [17/50], Train Loss: 38.4146, Test Loss: 36.1135
Epoch [18/50], Train Loss: 38.0341, Test Loss: 35.8684
Epoch [19/50], Train Loss: 37.7518, Test Loss: 35.6953
Epoch [20/50], Train Loss: 37.5431, Test Loss: 35.5741
Epoch [21/50], Train Loss: 37.3884, Test Loss: 35.4897
Epoch [22/50], Train Loss: 37.2730, Test Loss: 35.4309
Epoch [23/50], Train Loss: 37.1860, Test Loss: 35.3896
Epoch [24/50], Train Loss: 37.1193, Test Loss: 35.3604
Epoch [25/50], Train Loss: 37.0673, Test Loss: 35.3393
Epoch [26/50], Train Loss: 37.0259, Test Loss: 35.3237
Epoch [27/50], Train Loss: 36.9923, Test Loss: 35.3119
Epoch [28/50], Train Loss: 36.9643, Test Loss: 35.3025
Epoch [29/50], Train Loss: 36.9402, Test Loss: 35.2946
Epoch [30/50], Train Loss: 36.9189, Test Loss: 35.2874
Epoch [31/50], Train Loss: 36.8994, Test Loss: 35.2803
Epoch [32/50], Train Loss: 36.8809, Test Loss: 35.2731
Epoch [33/50], Train Loss: 36.8629, Test Loss: 35.2653
Epoch [34/50], Train Loss: 36.8453, Test Loss: 35.2570
Epoch [35/50], Train Loss: 36.8278, Test Loss: 35.2483
Epoch [36/50], Train Loss: 36.8107, Test Loss: 35.2396
Epoch [37/50], Train Loss: 36.7942, Test Loss: 35.2310
Epoch [38/50], Train Loss: 36.7782, Test Loss: 35.2229
Epoch [39/50], Train Loss: 36.7630, Test Loss: 35.2151
Epoch [40/50], Train Loss: 36.7486, Test Loss: 35.2079
Epoch [41/50], Train Loss: 36.7348, Test Loss: 35.2011
Epoch [42/50], Train Loss: 36.7218, Test Loss: 35.1948
Epoch [43/50], Train Loss: 36.7094, Test Loss: 35.1889
Epoch [44/50], Train Loss: 36.6976, Test Loss: 35.1833
Epoch [45/50], Train Loss: 36.6863, Test Loss: 35.1782
Epoch [46/50], Train Loss: 36.6756, Test Loss: 35.1733
Epoch [47/50], Train Loss: 36.6654, Test Loss: 35.1687
Epoch [48/50], Train Loss: 36.6557, Test Loss: 35.1644
Epoch [49/50], Train Loss: 36.6465, Test Loss: 35.1604
Epoch [50/50], Train Loss: 36.6377, Test Loss: 35.1566
Training LSTM for offset 9
Epoch [1/50], Train Loss: 100.7469, Test Loss: 92.2619
Epoch [2/50], Train Loss: 84.5682, Test Loss: 76.7225
Epoch [3/50], Train Loss: 73.5248, Test Loss: 70.1685
Epoch [4/50], Train Loss: 67.9806, Test Loss: 65.1949
Epoch [5/50], Train Loss: 63.1300, Test Loss: 60.7328
Epoch [6/50], Train Loss: 58.8430, Test Loss: 56.8124
Epoch [7/50], Train Loss: 55.0970, Test Loss: 53.4071
Epoch [8/50], Train Loss: 51.8405, Test Loss: 50.4395
Epoch [9/50], Train Loss: 49.0073, Test Loss: 47.8699
Epoch [10/50], Train Loss: 46.5722, Test Loss: 45.6821
Epoch [11/50], Train Loss: 44.5189, Test Loss: 43.8579
Epoch [12/50], Train Loss: 42.8238, Test Loss: 42.3686
Epoch [13/50], Train Loss: 41.4527, Test Loss: 41.1762
Epoch [14/50], Train Loss: 40.3642, Test Loss: 40.2378
Epoch [15/50], Train Loss: 39.5144, Test Loss: 39.5108
Epoch [16/50], Train Loss: 38.8608, Test Loss: 38.9550
Epoch [17/50], Train Loss: 38.3645, Test Loss: 38.5348
Epoch [18/50], Train Loss: 37.9913, Test Loss: 38.2196
Epoch [19/50], Train Loss: 37.7126, Test Loss: 37.9841
Epoch [20/50], Train Loss: 37.5049, Test Loss: 37.8082
Epoch [21/50], Train Loss: 37.3499, Test Loss: 37.6763
Epoch [22/50], Train Loss: 37.2337, Test Loss: 37.5764
Epoch [23/50], Train Loss: 37.1457, Test Loss: 37.5000
Epoch [24/50], Train Loss: 37.0782, Test Loss: 37.4405
Epoch [25/50], Train Loss: 37.0257, Test Loss: 37.3934
Epoch [26/50], Train Loss: 36.9842, Test Loss: 37.3556
Epoch [27/50], Train Loss: 36.9509, Test Loss: 37.3246
Epoch [28/50], Train Loss: 36.9236, Test Loss: 37.2988
Epoch [29/50], Train Loss: 36.9009, Test Loss: 37.2767
Epoch [30/50], Train Loss: 36.8815, Test Loss: 37.2574
Epoch [31/50], Train Loss: 36.8646, Test Loss: 37.2400
Epoch [32/50], Train Loss: 36.8496, Test Loss: 37.2238
Epoch [33/50], Train Loss: 36.8357, Test Loss: 37.2083
Epoch [34/50], Train Loss: 36.8227, Test Loss: 37.1933
Epoch [35/50], Train Loss: 36.8104, Test Loss: 37.1787
Epoch [36/50], Train Loss: 36.7986, Test Loss: 37.1646
Epoch [37/50], Train Loss: 36.7875, Test Loss: 37.1513
Epoch [38/50], Train Loss: 36.7771, Test Loss: 37.1388
Epoch [39/50], Train Loss: 36.7673, Test Loss: 37.1270
Epoch [40/50], Train Loss: 36.7582, Test Loss: 37.1158
Epoch [41/50], Train Loss: 36.7495, Test Loss: 37.1050
Epoch [42/50], Train Loss: 36.7412, Test Loss: 37.0946
Epoch [43/50], Train Loss: 36.7333, Test Loss: 37.0846
Epoch [44/50], Train Loss: 36.7257, Test Loss: 37.0749
Epoch [45/50], Train Loss: 36.7184, Test Loss: 37.0655
Epoch [46/50], Train Loss: 36.7114, Test Loss: 37.0565
Epoch [47/50], Train Loss: 36.7047, Test Loss: 37.0477
Epoch [48/50], Train Loss: 36.6982, Test Loss: 37.0393
Epoch [49/50], Train Loss: 36.6920, Test Loss: 37.0311
Epoch [50/50], Train Loss: 36.6861, Test Loss: 37.0232
Training LSTM for offset 10
Epoch [1/50], Train Loss: 99.9381, Test Loss: 94.9133
Epoch [2/50], Train Loss: 83.9178, Test Loss: 79.1650
Epoch [3/50], Train Loss: 72.9414, Test Loss: 72.3517
Epoch [4/50], Train Loss: 67.4244, Test Loss: 67.2252
Epoch [5/50], Train Loss: 62.6145, Test Loss: 62.5814
Epoch [6/50], Train Loss: 58.3725, Test Loss: 58.4705
Epoch [7/50], Train Loss: 54.6671, Test Loss: 54.8758
Epoch [8/50], Train Loss: 51.4456, Test Loss: 51.7223
Epoch [9/50], Train Loss: 48.6449, Test Loss: 48.9737
Epoch [10/50], Train Loss: 46.2407, Test Loss: 46.6163
Epoch [11/50], Train Loss: 44.2174, Test Loss: 44.6346
Epoch [12/50], Train Loss: 42.5528, Test Loss: 43.0026
Epoch [13/50], Train Loss: 41.2137, Test Loss: 41.6836
Epoch [14/50], Train Loss: 40.1589, Test Loss: 40.6354
Epoch [15/50], Train Loss: 39.3441, Test Loss: 39.8144
Epoch [16/50], Train Loss: 38.7256, Test Loss: 39.1791
Epoch [17/50], Train Loss: 38.2634, Test Loss: 38.6919
Epoch [18/50], Train Loss: 37.9221, Test Loss: 38.3203
Epoch [19/50], Train Loss: 37.6724, Test Loss: 38.0371
Epoch [20/50], Train Loss: 37.4905, Test Loss: 37.8207
Epoch [21/50], Train Loss: 37.3579, Test Loss: 37.6541
Epoch [22/50], Train Loss: 37.2608, Test Loss: 37.5245
Epoch [23/50], Train Loss: 37.1891, Test Loss: 37.4225
Epoch [24/50], Train Loss: 37.1354, Test Loss: 37.3409
Epoch [25/50], Train Loss: 37.0944, Test Loss: 37.2747
Epoch [26/50], Train Loss: 37.0623, Test Loss: 37.2202
Epoch [27/50], Train Loss: 37.0365, Test Loss: 37.1748
Epoch [28/50], Train Loss: 37.0156, Test Loss: 37.1365
Epoch [29/50], Train Loss: 36.9983, Test Loss: 37.1040
Epoch [30/50], Train Loss: 36.9839, Test Loss: 37.0758
Epoch [31/50], Train Loss: 36.9716, Test Loss: 37.0510
Epoch [32/50], Train Loss: 36.9608, Test Loss: 37.0289
Epoch [33/50], Train Loss: 36.9509, Test Loss: 37.0090
Epoch [34/50], Train Loss: 36.9418, Test Loss: 36.9908
Epoch [35/50], Train Loss: 36.9330, Test Loss: 36.9740
Epoch [36/50], Train Loss: 36.9245, Test Loss: 36.9583
Epoch [37/50], Train Loss: 36.9159, Test Loss: 36.9434
Epoch [38/50], Train Loss: 36.9073, Test Loss: 36.9295
Epoch [39/50], Train Loss: 36.8987, Test Loss: 36.9163
Epoch [40/50], Train Loss: 36.8899, Test Loss: 36.9038
Epoch [41/50], Train Loss: 36.8811, Test Loss: 36.8921
Epoch [42/50], Train Loss: 36.8724, Test Loss: 36.8810
Epoch [43/50], Train Loss: 36.8637, Test Loss: 36.8704
Epoch [44/50], Train Loss: 36.8551, Test Loss: 36.8604
Epoch [45/50], Train Loss: 36.8466, Test Loss: 36.8508
Epoch [46/50], Train Loss: 36.8382, Test Loss: 36.8417
Epoch [47/50], Train Loss: 36.8300, Test Loss: 36.8330
Epoch [48/50], Train Loss: 36.8219, Test Loss: 36.8247
Epoch [49/50], Train Loss: 36.8141, Test Loss: 36.8168
Epoch [50/50], Train Loss: 36.8064, Test Loss: 36.8093
Training LSTM for offset 11
Epoch [1/50], Train Loss: 100.2006, Test Loss: 93.7989
Epoch [2/50], Train Loss: 84.1856, Test Loss: 78.0012
Epoch [3/50], Train Loss: 73.2181, Test Loss: 71.2451
Epoch [4/50], Train Loss: 67.7383, Test Loss: 66.1415
Epoch [5/50], Train Loss: 62.9352, Test Loss: 61.5265
Epoch [6/50], Train Loss: 58.6925, Test Loss: 57.4674
Epoch [7/50], Train Loss: 54.9876, Test Loss: 53.9308
Epoch [8/50], Train Loss: 51.7606, Test Loss: 50.8360
Epoch [9/50], Train Loss: 48.9477, Test Loss: 48.1466
Epoch [10/50], Train Loss: 46.5254, Test Loss: 45.8486
Epoch [11/50], Train Loss: 44.4796, Test Loss: 43.9269
Epoch [12/50], Train Loss: 42.7898, Test Loss: 42.3557
Epoch [13/50], Train Loss: 41.4245, Test Loss: 41.0987
Epoch [14/50], Train Loss: 40.3434, Test Loss: 40.1128
Epoch [15/50], Train Loss: 39.5028, Test Loss: 39.3533
Epoch [16/50], Train Loss: 38.8598, Test Loss: 38.7773
Epoch [17/50], Train Loss: 38.3745, Test Loss: 38.3462
Epoch [18/50], Train Loss: 38.0123, Test Loss: 38.0266
Epoch [19/50], Train Loss: 37.7439, Test Loss: 37.7907
Epoch [20/50], Train Loss: 37.5456, Test Loss: 37.6168
Epoch [21/50], Train Loss: 37.3991, Test Loss: 37.4879
Epoch [22/50], Train Loss: 37.2902, Test Loss: 37.3915
Epoch [23/50], Train Loss: 37.2084, Test Loss: 37.3181
Epoch [24/50], Train Loss: 37.1461, Test Loss: 37.2610
Epoch [25/50], Train Loss: 37.0978, Test Loss: 37.2155
Epoch [26/50], Train Loss: 37.0594, Test Loss: 37.1783
Epoch [27/50], Train Loss: 37.0283, Test Loss: 37.1473
Epoch [28/50], Train Loss: 37.0027, Test Loss: 37.1210
Epoch [29/50], Train Loss: 36.9812, Test Loss: 37.0982
Epoch [30/50], Train Loss: 36.9629, Test Loss: 37.0780
Epoch [31/50], Train Loss: 36.9469, Test Loss: 37.0595
Epoch [32/50], Train Loss: 36.9326, Test Loss: 37.0421
Epoch [33/50], Train Loss: 36.9194, Test Loss: 37.0253
Epoch [34/50], Train Loss: 36.9070, Test Loss: 37.0088
Epoch [35/50], Train Loss: 36.8951, Test Loss: 36.9922
Epoch [36/50], Train Loss: 36.8835, Test Loss: 36.9756
Epoch [37/50], Train Loss: 36.8723, Test Loss: 36.9590
Epoch [38/50], Train Loss: 36.8613, Test Loss: 36.9424
Epoch [39/50], Train Loss: 36.8506, Test Loss: 36.9261
Epoch [40/50], Train Loss: 36.8402, Test Loss: 36.9101
Epoch [41/50], Train Loss: 36.8303, Test Loss: 36.8945
Epoch [42/50], Train Loss: 36.8206, Test Loss: 36.8794
Epoch [43/50], Train Loss: 36.8114, Test Loss: 36.8648
Epoch [44/50], Train Loss: 36.8025, Test Loss: 36.8507
Epoch [45/50], Train Loss: 36.7939, Test Loss: 36.8371
Epoch [46/50], Train Loss: 36.7857, Test Loss: 36.8238
Epoch [47/50], Train Loss: 36.7778, Test Loss: 36.8110
Epoch [48/50], Train Loss: 36.7702, Test Loss: 36.7986
Epoch [49/50], Train Loss: 36.7629, Test Loss: 36.7865
Epoch [50/50], Train Loss: 36.7559, Test Loss: 36.7748
Training LSTM for offset 12
Epoch [1/50], Train Loss: 100.5237, Test Loss: 92.3941
Epoch [2/50], Train Loss: 84.4621, Test Loss: 76.7286
Epoch [3/50], Train Loss: 73.4368, Test Loss: 70.0307
Epoch [4/50], Train Loss: 67.8975, Test Loss: 65.0012
Epoch [5/50], Train Loss: 63.0414, Test Loss: 60.4851
Epoch [6/50], Train Loss: 58.7452, Test Loss: 56.5065
Epoch [7/50], Train Loss: 54.9838, Test Loss: 53.0465
Epoch [8/50], Train Loss: 51.7040, Test Loss: 50.0283
Epoch [9/50], Train Loss: 48.8423, Test Loss: 47.4151
Epoch [10/50], Train Loss: 46.3772, Test Loss: 45.1938
Epoch [11/50], Train Loss: 44.2960, Test Loss: 43.3503
Epoch [12/50], Train Loss: 42.5789, Test Loss: 41.8585
Epoch [13/50], Train Loss: 41.1941, Test Loss: 40.6807
Epoch [14/50], Train Loss: 40.1005, Test Loss: 39.7721
Epoch [15/50], Train Loss: 39.2532, Test Loss: 39.0861
Epoch [16/50], Train Loss: 38.6078, Test Loss: 38.5784
Epoch [17/50], Train Loss: 38.1235, Test Loss: 38.2090
Epoch [18/50], Train Loss: 37.7640, Test Loss: 37.9441
Epoch [19/50], Train Loss: 37.4990, Test Loss: 37.7559
Epoch [20/50], Train Loss: 37.3042, Test Loss: 37.6228
Epoch [21/50], Train Loss: 37.1604, Test Loss: 37.5286
Epoch [22/50], Train Loss: 37.0536, Test Loss: 37.4616
Epoch [23/50], Train Loss: 36.9731, Test Loss: 37.4131
Epoch [24/50], Train Loss: 36.9114, Test Loss: 37.3772
Epoch [25/50], Train Loss: 36.8629, Test Loss: 37.3494
Epoch [26/50], Train Loss: 36.8238, Test Loss: 37.3271
Epoch [27/50], Train Loss: 36.7917, Test Loss: 37.3086
Epoch [28/50], Train Loss: 36.7649, Test Loss: 37.2932
Epoch [29/50], Train Loss: 36.7425, Test Loss: 37.2803
Epoch [30/50], Train Loss: 36.7233, Test Loss: 37.2691
Epoch [31/50], Train Loss: 36.7065, Test Loss: 37.2591
Epoch [32/50], Train Loss: 36.6913, Test Loss: 37.2496
Epoch [33/50], Train Loss: 36.6773, Test Loss: 37.2404
Epoch [34/50], Train Loss: 36.6641, Test Loss: 37.2311
Epoch [35/50], Train Loss: 36.6513, Test Loss: 37.2217
Epoch [36/50], Train Loss: 36.6388, Test Loss: 37.2119
Epoch [37/50], Train Loss: 36.6265, Test Loss: 37.2018
Epoch [38/50], Train Loss: 36.6143, Test Loss: 37.1916
Epoch [39/50], Train Loss: 36.6022, Test Loss: 37.1812
Epoch [40/50], Train Loss: 36.5903, Test Loss: 37.1708
Epoch [41/50], Train Loss: 36.5785, Test Loss: 37.1605
Epoch [42/50], Train Loss: 36.5669, Test Loss: 37.1503
Epoch [43/50], Train Loss: 36.5555, Test Loss: 37.1402
Epoch [44/50], Train Loss: 36.5444, Test Loss: 37.1303
Epoch [45/50], Train Loss: 36.5335, Test Loss: 37.1206
Epoch [46/50], Train Loss: 36.5228, Test Loss: 37.1111
Epoch [47/50], Train Loss: 36.5124, Test Loss: 37.1018
Epoch [48/50], Train Loss: 36.5023, Test Loss: 37.0928
Epoch [49/50], Train Loss: 36.4925, Test Loss: 37.0841
Epoch [50/50], Train Loss: 36.4829, Test Loss: 37.0756
Training LSTM for offset 13
Epoch [1/50], Train Loss: 100.3902, Test Loss: 93.3255
Epoch [2/50], Train Loss: 84.4345, Test Loss: 77.7626
Epoch [3/50], Train Loss: 73.3865, Test Loss: 71.0499
Epoch [4/50], Train Loss: 67.8910, Test Loss: 66.0658
Epoch [5/50], Train Loss: 63.1063, Test Loss: 61.5541
Epoch [6/50], Train Loss: 58.8736, Test Loss: 57.5859
Epoch [7/50], Train Loss: 55.1723, Test Loss: 54.1346
Epoch [8/50], Train Loss: 51.9542, Test Loss: 51.1265
Epoch [9/50], Train Loss: 49.1519, Test Loss: 48.5171
Epoch [10/50], Train Loss: 46.7367, Test Loss: 46.2877
Epoch [11/50], Train Loss: 44.6917, Test Loss: 44.4211
Epoch [12/50], Train Loss: 42.9963, Test Loss: 42.8920
Epoch [13/50], Train Loss: 41.6210, Test Loss: 41.6655
Epoch [14/50], Train Loss: 40.5278, Test Loss: 40.7001
Epoch [15/50], Train Loss: 39.6749, Test Loss: 39.9529
Epoch [16/50], Train Loss: 39.0202, Test Loss: 39.3826
Epoch [17/50], Train Loss: 38.5247, Test Loss: 38.9522
Epoch [18/50], Train Loss: 38.1536, Test Loss: 38.6297
Epoch [19/50], Train Loss: 37.8775, Test Loss: 38.3890
Epoch [20/50], Train Loss: 37.6726, Test Loss: 38.2091
Epoch [21/50], Train Loss: 37.5202, Test Loss: 38.0737
Epoch [22/50], Train Loss: 37.4060, Test Loss: 37.9708
Epoch [23/50], Train Loss: 37.3194, Test Loss: 37.8912
Epoch [24/50], Train Loss: 37.2527, Test Loss: 37.8284
Epoch [25/50], Train Loss: 37.2002, Test Loss: 37.7781
Epoch [26/50], Train Loss: 37.1585, Test Loss: 37.7373
Epoch [27/50], Train Loss: 37.1247, Test Loss: 37.7036
Epoch [28/50], Train Loss: 37.0969, Test Loss: 37.6750
Epoch [29/50], Train Loss: 37.0734, Test Loss: 37.6503
Epoch [30/50], Train Loss: 37.0529, Test Loss: 37.6283
Epoch [31/50], Train Loss: 37.0347, Test Loss: 37.6082
Epoch [32/50], Train Loss: 37.0180, Test Loss: 37.5896
Epoch [33/50], Train Loss: 37.0023, Test Loss: 37.5719
Epoch [34/50], Train Loss: 36.9872, Test Loss: 37.5549
Epoch [35/50], Train Loss: 36.9725, Test Loss: 37.5383
Epoch [36/50], Train Loss: 36.9579, Test Loss: 37.5221
Epoch [37/50], Train Loss: 36.9433, Test Loss: 37.5061
Epoch [38/50], Train Loss: 36.9288, Test Loss: 37.4903
Epoch [39/50], Train Loss: 36.9143, Test Loss: 37.4749
Epoch [40/50], Train Loss: 36.9001, Test Loss: 37.4601
Epoch [41/50], Train Loss: 36.8865, Test Loss: 37.4461
Epoch [42/50], Train Loss: 36.8737, Test Loss: 37.4329
Epoch [43/50], Train Loss: 36.8614, Test Loss: 37.4204
Epoch [44/50], Train Loss: 36.8497, Test Loss: 37.4085
Epoch [45/50], Train Loss: 36.8385, Test Loss: 37.3970
Epoch [46/50], Train Loss: 36.8277, Test Loss: 37.3860
Epoch [47/50], Train Loss: 36.8174, Test Loss: 37.3755
Epoch [48/50], Train Loss: 36.8074, Test Loss: 37.3653
Epoch [49/50], Train Loss: 36.7979, Test Loss: 37.3556
Epoch [50/50], Train Loss: 36.7888, Test Loss: 37.3463
Training LSTM for offset 14
Epoch [1/50], Train Loss: 99.8823, Test Loss: 95.0983
Epoch [2/50], Train Loss: 83.8754, Test Loss: 79.2466
Epoch [3/50], Train Loss: 72.9340, Test Loss: 72.4895
Epoch [4/50], Train Loss: 67.5199, Test Loss: 67.4385
Epoch [5/50], Train Loss: 62.7963, Test Loss: 62.8603
Epoch [6/50], Train Loss: 58.6110, Test Loss: 58.8148
Epoch [7/50], Train Loss: 54.9403, Test Loss: 55.2898
Epoch [8/50], Train Loss: 51.7494, Test Loss: 52.2120
Epoch [9/50], Train Loss: 48.9700, Test Loss: 49.5369
Epoch [10/50], Train Loss: 46.5752, Test Loss: 47.2486
Epoch [11/50], Train Loss: 44.5507, Test Loss: 45.3325
Epoch [12/50], Train Loss: 42.8779, Test Loss: 43.7647
Epoch [13/50], Train Loss: 41.5278, Test Loss: 42.5100
Epoch [14/50], Train Loss: 40.4618, Test Loss: 41.5256
Epoch [15/50], Train Loss: 39.6364, Test Loss: 40.7666
Epoch [16/50], Train Loss: 39.0083, Test Loss: 40.1898
Epoch [17/50], Train Loss: 38.5372, Test Loss: 39.7563
Epoch [18/50], Train Loss: 38.1879, Test Loss: 39.4327
Epoch [19/50], Train Loss: 37.9307, Test Loss: 39.1917
Epoch [20/50], Train Loss: 37.7421, Test Loss: 39.0119
Epoch [21/50], Train Loss: 37.6035, Test Loss: 38.8768
Epoch [22/50], Train Loss: 37.5010, Test Loss: 38.7739
Epoch [23/50], Train Loss: 37.4244, Test Loss: 38.6942
Epoch [24/50], Train Loss: 37.3661, Test Loss: 38.6312
Epoch [25/50], Train Loss: 37.3208, Test Loss: 38.5801
Epoch [26/50], Train Loss: 37.2847, Test Loss: 38.5376
Epoch [27/50], Train Loss: 37.2553, Test Loss: 38.5016
Epoch [28/50], Train Loss: 37.2306, Test Loss: 38.4705
Epoch [29/50], Train Loss: 37.2094, Test Loss: 38.4431
Epoch [30/50], Train Loss: 37.1905, Test Loss: 38.4184
Epoch [31/50], Train Loss: 37.1729, Test Loss: 38.3954
Epoch [32/50], Train Loss: 37.1560, Test Loss: 38.3734
Epoch [33/50], Train Loss: 37.1392, Test Loss: 38.3521
Epoch [34/50], Train Loss: 37.1225, Test Loss: 38.3313
Epoch [35/50], Train Loss: 37.1057, Test Loss: 38.3110
Epoch [36/50], Train Loss: 37.0891, Test Loss: 38.2913
Epoch [37/50], Train Loss: 37.0729, Test Loss: 38.2722
Epoch [38/50], Train Loss: 37.0573, Test Loss: 38.2537
Epoch [39/50], Train Loss: 37.0421, Test Loss: 38.2359
Epoch [40/50], Train Loss: 37.0276, Test Loss: 38.2186
Epoch [41/50], Train Loss: 37.0136, Test Loss: 38.2020
Epoch [42/50], Train Loss: 37.0002, Test Loss: 38.1860
Epoch [43/50], Train Loss: 36.9873, Test Loss: 38.1706
Epoch [44/50], Train Loss: 36.9750, Test Loss: 38.1558
Epoch [45/50], Train Loss: 36.9633, Test Loss: 38.1416
Epoch [46/50], Train Loss: 36.9520, Test Loss: 38.1280
Epoch [47/50], Train Loss: 36.9413, Test Loss: 38.1150
Epoch [48/50], Train Loss: 36.9311, Test Loss: 38.1025
Epoch [49/50], Train Loss: 36.9213, Test Loss: 38.0906
Epoch [50/50], Train Loss: 36.9119, Test Loss: 38.0792
Training LSTM for offset 15
Epoch [1/50], Train Loss: 100.7226, Test Loss: 92.1146
Epoch [2/50], Train Loss: 84.7227, Test Loss: 76.6192
Epoch [3/50], Train Loss: 73.6326, Test Loss: 70.0125
Epoch [4/50], Train Loss: 68.1213, Test Loss: 65.1138
Epoch [5/50], Train Loss: 63.3179, Test Loss: 60.7115
Epoch [6/50], Train Loss: 59.0691, Test Loss: 56.8395
Epoch [7/50], Train Loss: 55.3521, Test Loss: 53.4703
Epoch [8/50], Train Loss: 52.1238, Test Loss: 50.5350
Epoch [9/50], Train Loss: 49.3166, Test Loss: 47.9904
Epoch [10/50], Train Loss: 46.9037, Test Loss: 45.8205
Epoch [11/50], Train Loss: 44.8700, Test Loss: 44.0099
Epoch [12/50], Train Loss: 43.1946, Test Loss: 42.5342
Epoch [13/50], Train Loss: 41.8462, Test Loss: 41.3585
Epoch [14/50], Train Loss: 40.7840, Test Loss: 40.4409
Epoch [15/50], Train Loss: 39.9634, Test Loss: 39.7379
Epoch [16/50], Train Loss: 39.3400, Test Loss: 39.2079
Epoch [17/50], Train Loss: 38.8730, Test Loss: 38.8134
Epoch [18/50], Train Loss: 38.5268, Test Loss: 38.5225
Epoch [19/50], Train Loss: 38.2715, Test Loss: 38.3089
Epoch [20/50], Train Loss: 38.0835, Test Loss: 38.1521
Epoch [21/50], Train Loss: 37.9442, Test Loss: 38.0364
Epoch [22/50], Train Loss: 37.8400, Test Loss: 37.9500
Epoch [23/50], Train Loss: 37.7609, Test Loss: 37.8847
Epoch [24/50], Train Loss: 37.6998, Test Loss: 37.8343
Epoch [25/50], Train Loss: 37.6514, Test Loss: 37.7945
Epoch [26/50], Train Loss: 37.6122, Test Loss: 37.7626
Epoch [27/50], Train Loss: 37.5802, Test Loss: 37.7370
Epoch [28/50], Train Loss: 37.5542, Test Loss: 37.7163
Epoch [29/50], Train Loss: 37.5328, Test Loss: 37.6993
Epoch [30/50], Train Loss: 37.5148, Test Loss: 37.6849
Epoch [31/50], Train Loss: 37.4992, Test Loss: 37.6722
Epoch [32/50], Train Loss: 37.4854, Test Loss: 37.6608
Epoch [33/50], Train Loss: 37.4727, Test Loss: 37.6501
Epoch [34/50], Train Loss: 37.4609, Test Loss: 37.6397
Epoch [35/50], Train Loss: 37.4496, Test Loss: 37.6293
Epoch [36/50], Train Loss: 37.4384, Test Loss: 37.6185
Epoch [37/50], Train Loss: 37.4273, Test Loss: 37.6073
Epoch [38/50], Train Loss: 37.4162, Test Loss: 37.5954
Epoch [39/50], Train Loss: 37.4049, Test Loss: 37.5830
Epoch [40/50], Train Loss: 37.3936, Test Loss: 37.5700
Epoch [41/50], Train Loss: 37.3823, Test Loss: 37.5569
Epoch [42/50], Train Loss: 37.3712, Test Loss: 37.5436
Epoch [43/50], Train Loss: 37.3602, Test Loss: 37.5305
Epoch [44/50], Train Loss: 37.3495, Test Loss: 37.5177
Epoch [45/50], Train Loss: 37.3392, Test Loss: 37.5053
Epoch [46/50], Train Loss: 37.3293, Test Loss: 37.4933
Epoch [47/50], Train Loss: 37.3197, Test Loss: 37.4818
Epoch [48/50], Train Loss: 37.3105, Test Loss: 37.4709
Epoch [49/50], Train Loss: 37.3018, Test Loss: 37.4604
Epoch [50/50], Train Loss: 37.2934, Test Loss: 37.4505
Training LSTM for offset 16
Epoch [1/50], Train Loss: 100.7582, Test Loss: 91.9224
Epoch [2/50], Train Loss: 84.6689, Test Loss: 76.2441
Epoch [3/50], Train Loss: 73.6632, Test Loss: 69.6641
Epoch [4/50], Train Loss: 68.2341, Test Loss: 64.7524
Epoch [5/50], Train Loss: 63.4943, Test Loss: 60.3109
Epoch [6/50], Train Loss: 59.2999, Test Loss: 56.3953
Epoch [7/50], Train Loss: 55.6227, Test Loss: 52.9861
Epoch [8/50], Train Loss: 52.4274, Test Loss: 50.0160
Epoch [9/50], Train Loss: 49.6480, Test Loss: 47.4388
Epoch [10/50], Train Loss: 47.2552, Test Loss: 45.2376
Epoch [11/50], Train Loss: 45.2330, Test Loss: 43.3974
Epoch [12/50], Train Loss: 43.5614, Test Loss: 41.8950
Epoch [13/50], Train Loss: 42.2106, Test Loss: 40.6964
Epoch [14/50], Train Loss: 41.1424, Test Loss: 39.7605
Epoch [15/50], Train Loss: 40.3137, Test Loss: 39.0435
Epoch [16/50], Train Loss: 39.6816, Test Loss: 38.5028
Epoch [17/50], Train Loss: 39.2060, Test Loss: 38.1003
Epoch [18/50], Train Loss: 38.8517, Test Loss: 37.8030
Epoch [19/50], Train Loss: 38.5893, Test Loss: 37.5844
Epoch [20/50], Train Loss: 38.3953, Test Loss: 37.4235
Epoch [21/50], Train Loss: 38.2513, Test Loss: 37.3044
Epoch [22/50], Train Loss: 38.1436, Test Loss: 37.2154
Epoch [23/50], Train Loss: 38.0618, Test Loss: 37.1477
Epoch [24/50], Train Loss: 37.9986, Test Loss: 37.0952
Epoch [25/50], Train Loss: 37.9485, Test Loss: 37.0535
Epoch [26/50], Train Loss: 37.9078, Test Loss: 37.0195
Epoch [27/50], Train Loss: 37.8739, Test Loss: 36.9913
Epoch [28/50], Train Loss: 37.8453, Test Loss: 36.9675
Epoch [29/50], Train Loss: 37.8207, Test Loss: 36.9472
Epoch [30/50], Train Loss: 37.7990, Test Loss: 36.9296
Epoch [31/50], Train Loss: 37.7793, Test Loss: 36.9140
Epoch [32/50], Train Loss: 37.7610, Test Loss: 36.9000
Epoch [33/50], Train Loss: 37.7438, Test Loss: 36.8873
Epoch [34/50], Train Loss: 37.7273, Test Loss: 36.8757
Epoch [35/50], Train Loss: 37.7115, Test Loss: 36.8651
Epoch [36/50], Train Loss: 37.6964, Test Loss: 36.8553
Epoch [37/50], Train Loss: 37.6819, Test Loss: 36.8463
Epoch [38/50], Train Loss: 37.6681, Test Loss: 36.8378
Epoch [39/50], Train Loss: 37.6550, Test Loss: 36.8300
Epoch [40/50], Train Loss: 37.6424, Test Loss: 36.8226
Epoch [41/50], Train Loss: 37.6304, Test Loss: 36.8157
Epoch [42/50], Train Loss: 37.6189, Test Loss: 36.8093
Epoch [43/50], Train Loss: 37.6078, Test Loss: 36.8032
Epoch [44/50], Train Loss: 37.5972, Test Loss: 36.7975
Epoch [45/50], Train Loss: 37.5869, Test Loss: 36.7922
Epoch [46/50], Train Loss: 37.5771, Test Loss: 36.7872
Epoch [47/50], Train Loss: 37.5676, Test Loss: 36.7825
Epoch [48/50], Train Loss: 37.5585, Test Loss: 36.7781
Epoch [49/50], Train Loss: 37.5498, Test Loss: 36.7741
Epoch [50/50], Train Loss: 37.5414, Test Loss: 36.7703
Training LSTM for offset 17
Epoch [1/50], Train Loss: 99.7015, Test Loss: 95.7873
Epoch [2/50], Train Loss: 83.8156, Test Loss: 79.9354
Epoch [3/50], Train Loss: 72.8132, Test Loss: 73.1101
Epoch [4/50], Train Loss: 67.3842, Test Loss: 68.0843
Epoch [5/50], Train Loss: 62.6571, Test Loss: 63.5314
Epoch [6/50], Train Loss: 58.4740, Test Loss: 59.5052
Epoch [7/50], Train Loss: 54.8143, Test Loss: 55.9944
Epoch [8/50], Train Loss: 51.6347, Test Loss: 52.9273
Epoch [9/50], Train Loss: 48.8657, Test Loss: 50.2614
Epoch [10/50], Train Loss: 46.4818, Test Loss: 47.9830
Epoch [11/50], Train Loss: 44.4702, Test Loss: 46.0799
Epoch [12/50], Train Loss: 42.8133, Test Loss: 44.5300
Epoch [13/50], Train Loss: 41.4822, Test Loss: 43.2987
Epoch [14/50], Train Loss: 40.4378, Test Loss: 42.3427
Epoch [15/50], Train Loss: 39.6357, Test Loss: 41.6156
Epoch [16/50], Train Loss: 39.0314, Test Loss: 41.0725
Epoch [17/50], Train Loss: 38.5835, Test Loss: 40.6725
Epoch [18/50], Train Loss: 38.2559, Test Loss: 40.3808
Epoch [19/50], Train Loss: 38.0184, Test Loss: 40.1692
Epoch [20/50], Train Loss: 37.8470, Test Loss: 40.0155
Epoch [21/50], Train Loss: 37.7233, Test Loss: 39.9032
Epoch [22/50], Train Loss: 37.6333, Test Loss: 39.8199
Epoch [23/50], Train Loss: 37.5672, Test Loss: 39.7570
Epoch [24/50], Train Loss: 37.5177, Test Loss: 39.7082
Epoch [25/50], Train Loss: 37.4797, Test Loss: 39.6691
Epoch [26/50], Train Loss: 37.4500, Test Loss: 39.6371
Epoch [27/50], Train Loss: 37.4262, Test Loss: 39.6102
Epoch [28/50], Train Loss: 37.4067, Test Loss: 39.5869
Epoch [29/50], Train Loss: 37.3902, Test Loss: 39.5661
Epoch [30/50], Train Loss: 37.3757, Test Loss: 39.5468
Epoch [31/50], Train Loss: 37.3625, Test Loss: 39.5284
Epoch [32/50], Train Loss: 37.3499, Test Loss: 39.5103
Epoch [33/50], Train Loss: 37.3376, Test Loss: 39.4921
Epoch [34/50], Train Loss: 37.3253, Test Loss: 39.4736
Epoch [35/50], Train Loss: 37.3127, Test Loss: 39.4547
Epoch [36/50], Train Loss: 37.2997, Test Loss: 39.4355
Epoch [37/50], Train Loss: 37.2864, Test Loss: 39.4160
Epoch [38/50], Train Loss: 37.2728, Test Loss: 39.3965
Epoch [39/50], Train Loss: 37.2592, Test Loss: 39.3772
Epoch [40/50], Train Loss: 37.2456, Test Loss: 39.3583
Epoch [41/50], Train Loss: 37.2322, Test Loss: 39.3397
Epoch [42/50], Train Loss: 37.2191, Test Loss: 39.3216
Epoch [43/50], Train Loss: 37.2062, Test Loss: 39.3039
Epoch [44/50], Train Loss: 37.1937, Test Loss: 39.2868
Epoch [45/50], Train Loss: 37.1815, Test Loss: 39.2701
Epoch [46/50], Train Loss: 37.1698, Test Loss: 39.2541
Epoch [47/50], Train Loss: 37.1585, Test Loss: 39.2386
Epoch [48/50], Train Loss: 37.1477, Test Loss: 39.2238
Epoch [49/50], Train Loss: 37.1374, Test Loss: 39.2095
Epoch [50/50], Train Loss: 37.1277, Test Loss: 39.1959
Training LSTM for offset 18
Epoch [1/50], Train Loss: 99.8443, Test Loss: 95.4808
Epoch [2/50], Train Loss: 83.8310, Test Loss: 79.5876
Epoch [3/50], Train Loss: 72.9116, Test Loss: 72.8594
Epoch [4/50], Train Loss: 67.5275, Test Loss: 67.8817
Epoch [5/50], Train Loss: 62.8197, Test Loss: 63.3798
Epoch [6/50], Train Loss: 58.6550, Test Loss: 59.4043
Epoch [7/50], Train Loss: 55.0258, Test Loss: 55.9394
Epoch [8/50], Train Loss: 51.8797, Test Loss: 52.9102
Epoch [9/50], Train Loss: 49.1483, Test Loss: 50.2746
Epoch [10/50], Train Loss: 46.8036, Test Loss: 48.0158
Epoch [11/50], Train Loss: 44.8286, Test Loss: 46.1189
Epoch [12/50], Train Loss: 43.2020, Test Loss: 44.5607
Epoch [13/50], Train Loss: 41.8925, Test Loss: 43.3076
Epoch [14/50], Train Loss: 40.8604, Test Loss: 42.3187
Epoch [15/50], Train Loss: 40.0619, Test Loss: 41.5510
Epoch [16/50], Train Loss: 39.4537, Test Loss: 40.9630
Epoch [17/50], Train Loss: 38.9960, Test Loss: 40.5172
Epoch [18/50], Train Loss: 38.6546, Test Loss: 40.1816
Epoch [19/50], Train Loss: 38.4011, Test Loss: 39.9296
Epoch [20/50], Train Loss: 38.2130, Test Loss: 39.7405
Epoch [21/50], Train Loss: 38.0729, Test Loss: 39.5979
Epoch [22/50], Train Loss: 37.9676, Test Loss: 39.4896
Epoch [23/50], Train Loss: 37.8875, Test Loss: 39.4066
Epoch [24/50], Train Loss: 37.8258, Test Loss: 39.3422
Epoch [25/50], Train Loss: 37.7775, Test Loss: 39.2916
Epoch [26/50], Train Loss: 37.7392, Test Loss: 39.2513
Epoch [27/50], Train Loss: 37.7085, Test Loss: 39.2189
Epoch [28/50], Train Loss: 37.6832, Test Loss: 39.1923
Epoch [29/50], Train Loss: 37.6619, Test Loss: 39.1699
Epoch [30/50], Train Loss: 37.6430, Test Loss: 39.1502
Epoch [31/50], Train Loss: 37.6254, Test Loss: 39.1323
Epoch [32/50], Train Loss: 37.6089, Test Loss: 39.1162
Epoch [33/50], Train Loss: 37.5945, Test Loss: 39.1025
Epoch [34/50], Train Loss: 37.5826, Test Loss: 39.0910
Epoch [35/50], Train Loss: 37.5725, Test Loss: 39.0811
Epoch [36/50], Train Loss: 37.5635, Test Loss: 39.0723
Epoch [37/50], Train Loss: 37.5553, Test Loss: 39.0642
Epoch [38/50], Train Loss: 37.5475, Test Loss: 39.0567
Epoch [39/50], Train Loss: 37.5399, Test Loss: 39.0496
Epoch [40/50], Train Loss: 37.5326, Test Loss: 39.0426
Epoch [41/50], Train Loss: 37.5253, Test Loss: 39.0357
Epoch [42/50], Train Loss: 37.5179, Test Loss: 39.0288
Epoch [43/50], Train Loss: 37.5105, Test Loss: 39.0217
Epoch [44/50], Train Loss: 37.5029, Test Loss: 39.0145
Epoch [45/50], Train Loss: 37.4953, Test Loss: 39.0071
Epoch [46/50], Train Loss: 37.4874, Test Loss: 38.9995
Epoch [47/50], Train Loss: 37.4795, Test Loss: 38.9916
Epoch [48/50], Train Loss: 37.4714, Test Loss: 38.9835
Epoch [49/50], Train Loss: 37.4633, Test Loss: 38.9753
Epoch [50/50], Train Loss: 37.4551, Test Loss: 38.9668
Training LSTM for offset 19
Epoch [1/50], Train Loss: 101.0023, Test Loss: 91.2888
Epoch [2/50], Train Loss: 84.9042, Test Loss: 75.8016
Epoch [3/50], Train Loss: 73.8508, Test Loss: 69.3619
Epoch [4/50], Train Loss: 68.4474, Test Loss: 64.6065
Epoch [5/50], Train Loss: 63.7210, Test Loss: 60.3048
Epoch [6/50], Train Loss: 59.5244, Test Loss: 56.5385
Epoch [7/50], Train Loss: 55.8593, Test Loss: 53.2759
Epoch [8/50], Train Loss: 52.6774, Test Loss: 50.4366
Epoch [9/50], Train Loss: 49.9082, Test Loss: 47.9760
Epoch [10/50], Train Loss: 47.5236, Test Loss: 45.8753
Epoch [11/50], Train Loss: 45.5077, Test Loss: 44.1181
Epoch [12/50], Train Loss: 43.8411, Test Loss: 42.6804
Epoch [13/50], Train Loss: 42.4943, Test Loss: 41.5285
Epoch [14/50], Train Loss: 41.4288, Test Loss: 40.6222
Epoch [15/50], Train Loss: 40.6016, Test Loss: 39.9199
Epoch [16/50], Train Loss: 39.9696, Test Loss: 39.3823
Epoch [17/50], Train Loss: 39.4928, Test Loss: 38.9742
Epoch [18/50], Train Loss: 39.1366, Test Loss: 38.6659
Epoch [19/50], Train Loss: 38.8718, Test Loss: 38.4330
Epoch [20/50], Train Loss: 38.6751, Test Loss: 38.2565
Epoch [21/50], Train Loss: 38.5286, Test Loss: 38.1215
Epoch [22/50], Train Loss: 38.4184, Test Loss: 38.0169
Epoch [23/50], Train Loss: 38.3345, Test Loss: 37.9345
Epoch [24/50], Train Loss: 38.2694, Test Loss: 37.8680
Epoch [25/50], Train Loss: 38.2176, Test Loss: 37.8130
Epoch [26/50], Train Loss: 38.1756, Test Loss: 37.7667
Epoch [27/50], Train Loss: 38.1413, Test Loss: 37.7283
Epoch [28/50], Train Loss: 38.1136, Test Loss: 37.6969
Epoch [29/50], Train Loss: 38.0912, Test Loss: 37.6712
Epoch [30/50], Train Loss: 38.0725, Test Loss: 37.6497
Epoch [31/50], Train Loss: 38.0565, Test Loss: 37.6315
Epoch [32/50], Train Loss: 38.0426, Test Loss: 37.6159
Epoch [33/50], Train Loss: 38.0300, Test Loss: 37.6023
Epoch [34/50], Train Loss: 38.0185, Test Loss: 37.5904
Epoch [35/50], Train Loss: 38.0076, Test Loss: 37.5799
Epoch [36/50], Train Loss: 37.9972, Test Loss: 37.5705
Epoch [37/50], Train Loss: 37.9870, Test Loss: 37.5620
Epoch [38/50], Train Loss: 37.9768, Test Loss: 37.5543
Epoch [39/50], Train Loss: 37.9667, Test Loss: 37.5471
Epoch [40/50], Train Loss: 37.9565, Test Loss: 37.5403
Epoch [41/50], Train Loss: 37.9464, Test Loss: 37.5338
Epoch [42/50], Train Loss: 37.9363, Test Loss: 37.5273
Epoch [43/50], Train Loss: 37.9263, Test Loss: 37.5208
Epoch [44/50], Train Loss: 37.9164, Test Loss: 37.5143
Epoch [45/50], Train Loss: 37.9068, Test Loss: 37.5076
Epoch [46/50], Train Loss: 37.8974, Test Loss: 37.5008
Epoch [47/50], Train Loss: 37.8882, Test Loss: 37.4940
Epoch [48/50], Train Loss: 37.8793, Test Loss: 37.4871
Epoch [49/50], Train Loss: 37.8707, Test Loss: 37.4802
Epoch [50/50], Train Loss: 37.8624, Test Loss: 37.4734
Training LSTM for offset 24
Epoch [1/50], Train Loss: 100.8398, Test Loss: 91.8639
Epoch [2/50], Train Loss: 84.9187, Test Loss: 76.2007
Epoch [3/50], Train Loss: 73.8776, Test Loss: 69.6022
Epoch [4/50], Train Loss: 68.5594, Test Loss: 64.8360
Epoch [5/50], Train Loss: 63.9176, Test Loss: 60.4690
Epoch [6/50], Train Loss: 59.7733, Test Loss: 56.6204
Epoch [7/50], Train Loss: 56.1384, Test Loss: 53.2802
Epoch [8/50], Train Loss: 52.9903, Test Loss: 50.3845
Epoch [9/50], Train Loss: 50.2536, Test Loss: 47.8768
Epoch [10/50], Train Loss: 47.8945, Test Loss: 45.7371
Epoch [11/50], Train Loss: 45.8972, Test Loss: 43.9507
Epoch [12/50], Train Loss: 44.2455, Test Loss: 42.4972
Epoch [13/50], Train Loss: 42.9145, Test Loss: 41.3452
Epoch [14/50], Train Loss: 41.8687, Test Loss: 40.4542
Epoch [15/50], Train Loss: 41.0657, Test Loss: 39.7791
Epoch [16/50], Train Loss: 40.4609, Test Loss: 39.2761
Epoch [17/50], Train Loss: 40.0125, Test Loss: 38.9058
Epoch [18/50], Train Loss: 39.6837, Test Loss: 38.6353
Epoch [19/50], Train Loss: 39.4441, Test Loss: 38.4381
Epoch [20/50], Train Loss: 39.2699, Test Loss: 38.2937
Epoch [21/50], Train Loss: 39.1427, Test Loss: 38.1870
Epoch [22/50], Train Loss: 39.0489, Test Loss: 38.1069
Epoch [23/50], Train Loss: 38.9788, Test Loss: 38.0453
Epoch [24/50], Train Loss: 38.9253, Test Loss: 37.9966
Epoch [25/50], Train Loss: 38.8837, Test Loss: 37.9571
Epoch [26/50], Train Loss: 38.8505, Test Loss: 37.9240
Epoch [27/50], Train Loss: 38.8234, Test Loss: 37.8957
Epoch [28/50], Train Loss: 38.8011, Test Loss: 37.8716
Epoch [29/50], Train Loss: 38.7826, Test Loss: 37.8512
Epoch [30/50], Train Loss: 38.7670, Test Loss: 37.8336
Epoch [31/50], Train Loss: 38.7533, Test Loss: 37.8180
Epoch [32/50], Train Loss: 38.7409, Test Loss: 37.8036
Epoch [33/50], Train Loss: 38.7293, Test Loss: 37.7899
Epoch [34/50], Train Loss: 38.7181, Test Loss: 37.7766
Epoch [35/50], Train Loss: 38.7071, Test Loss: 37.7633
Epoch [36/50], Train Loss: 38.6960, Test Loss: 37.7499
Epoch [37/50], Train Loss: 38.6849, Test Loss: 37.7364
Epoch [38/50], Train Loss: 38.6737, Test Loss: 37.7227
Epoch [39/50], Train Loss: 38.6625, Test Loss: 37.7089
Epoch [40/50], Train Loss: 38.6513, Test Loss: 37.6952
Epoch [41/50], Train Loss: 38.6403, Test Loss: 37.6815
Epoch [42/50], Train Loss: 38.6294, Test Loss: 37.6681
Epoch [43/50], Train Loss: 38.6188, Test Loss: 37.6549
Epoch [44/50], Train Loss: 38.6085, Test Loss: 37.6420
Epoch [45/50], Train Loss: 38.5984, Test Loss: 37.6295
Epoch [46/50], Train Loss: 38.5886, Test Loss: 37.6173
Epoch [47/50], Train Loss: 38.5792, Test Loss: 37.6056
Epoch [48/50], Train Loss: 38.5701, Test Loss: 37.5943
Epoch [49/50], Train Loss: 38.5613, Test Loss: 37.5834
Epoch [50/50], Train Loss: 38.5529, Test Loss: 37.5730
Training LSTM for offset 29
Epoch [1/50], Train Loss: 99.6991, Test Loss: 94.8045
Epoch [2/50], Train Loss: 83.6609, Test Loss: 78.8395
Epoch [3/50], Train Loss: 72.9452, Test Loss: 72.1923
Epoch [4/50], Train Loss: 67.7700, Test Loss: 67.3387
Epoch [5/50], Train Loss: 63.2158, Test Loss: 62.8856
Epoch [6/50], Train Loss: 59.1602, Test Loss: 58.9782
Epoch [7/50], Train Loss: 55.6203, Test Loss: 55.6056
Epoch [8/50], Train Loss: 52.5614, Test Loss: 52.6883
Epoch [9/50], Train Loss: 49.9079, Test Loss: 50.1734
Epoch [10/50], Train Loss: 47.6279, Test Loss: 48.0390
Epoch [11/50], Train Loss: 45.7054, Test Loss: 46.2677
Epoch [12/50], Train Loss: 44.1229, Test Loss: 44.8350
Epoch [13/50], Train Loss: 42.8538, Test Loss: 43.7062
Epoch [14/50], Train Loss: 41.8612, Test Loss: 42.8378
Epoch [15/50], Train Loss: 41.1019, Test Loss: 42.1833
Epoch [16/50], Train Loss: 40.5316, Test Loss: 41.6981
Epoch [17/50], Train Loss: 40.1094, Test Loss: 41.3428
Epoch [18/50], Train Loss: 39.7999, Test Loss: 41.0845
Epoch [19/50], Train Loss: 39.5743, Test Loss: 40.8973
Epoch [20/50], Train Loss: 39.4100, Test Loss: 40.7614
Epoch [21/50], Train Loss: 39.2900, Test Loss: 40.6622
Epoch [22/50], Train Loss: 39.2017, Test Loss: 40.5889
Epoch [23/50], Train Loss: 39.1359, Test Loss: 40.5338
Epoch [24/50], Train Loss: 39.0860, Test Loss: 40.4914
Epoch [25/50], Train Loss: 39.0472, Test Loss: 40.4576
Epoch [26/50], Train Loss: 39.0160, Test Loss: 40.4298
Epoch [27/50], Train Loss: 38.9903, Test Loss: 40.4062
Epoch [28/50], Train Loss: 38.9686, Test Loss: 40.3864
Epoch [29/50], Train Loss: 38.9503, Test Loss: 40.3698
Epoch [30/50], Train Loss: 38.9346, Test Loss: 40.3555
Epoch [31/50], Train Loss: 38.9209, Test Loss: 40.3426
Epoch [32/50], Train Loss: 38.9085, Test Loss: 40.3306
Epoch [33/50], Train Loss: 38.8969, Test Loss: 40.3188
Epoch [34/50], Train Loss: 38.8857, Test Loss: 40.3072
Epoch [35/50], Train Loss: 38.8750, Test Loss: 40.2961
Epoch [36/50], Train Loss: 38.8648, Test Loss: 40.2858
Epoch [37/50], Train Loss: 38.8555, Test Loss: 40.2763
Epoch [38/50], Train Loss: 38.8469, Test Loss: 40.2675
Epoch [39/50], Train Loss: 38.8388, Test Loss: 40.2589
Epoch [40/50], Train Loss: 38.8310, Test Loss: 40.2504
Epoch [41/50], Train Loss: 38.8233, Test Loss: 40.2418
Epoch [42/50], Train Loss: 38.8157, Test Loss: 40.2329
Epoch [43/50], Train Loss: 38.8081, Test Loss: 40.2239
Epoch [44/50], Train Loss: 38.8004, Test Loss: 40.2147
Epoch [45/50], Train Loss: 38.7926, Test Loss: 40.2053
Epoch [46/50], Train Loss: 38.7848, Test Loss: 40.1957
Epoch [47/50], Train Loss: 38.7768, Test Loss: 40.1860
Epoch [48/50], Train Loss: 38.7687, Test Loss: 40.1762
Epoch [49/50], Train Loss: 38.7605, Test Loss: 40.1662
Epoch [50/50], Train Loss: 38.7522, Test Loss: 40.1563
Training LSTM for offset 34
Epoch [1/50], Train Loss: 100.2387, Test Loss: 93.9013
Epoch [2/50], Train Loss: 84.2457, Test Loss: 78.0728
Epoch [3/50], Train Loss: 73.3429, Test Loss: 71.5593
Epoch [4/50], Train Loss: 68.1636, Test Loss: 66.8192
Epoch [5/50], Train Loss: 63.6450, Test Loss: 62.4015
Epoch [6/50], Train Loss: 59.6145, Test Loss: 58.5010
Epoch [7/50], Train Loss: 56.0956, Test Loss: 55.1081
Epoch [8/50], Train Loss: 53.0548, Test Loss: 52.1542
Epoch [9/50], Train Loss: 50.4177, Test Loss: 49.5815
Epoch [10/50], Train Loss: 48.1486, Test Loss: 47.3692
Epoch [11/50], Train Loss: 46.2294, Test Loss: 45.5031
Epoch [12/50], Train Loss: 44.6424, Test Loss: 43.9650
Epoch [13/50], Train Loss: 43.3632, Test Loss: 42.7273
Epoch [14/50], Train Loss: 42.3580, Test Loss: 41.7532
Epoch [15/50], Train Loss: 41.5864, Test Loss: 41.0011
Epoch [16/50], Train Loss: 41.0056, Test Loss: 40.4288
Epoch [17/50], Train Loss: 40.5753, Test Loss: 39.9979
Epoch [18/50], Train Loss: 40.2600, Test Loss: 39.6752
Epoch [19/50], Train Loss: 40.0304, Test Loss: 39.4338
Epoch [20/50], Train Loss: 39.8636, Test Loss: 39.2526
Epoch [21/50], Train Loss: 39.7420, Test Loss: 39.1154
Epoch [22/50], Train Loss: 39.6526, Test Loss: 39.0102
Epoch [23/50], Train Loss: 39.5860, Test Loss: 38.9283
Epoch [24/50], Train Loss: 39.5352, Test Loss: 38.8634
Epoch [25/50], Train Loss: 39.4958, Test Loss: 38.8112
Epoch [26/50], Train Loss: 39.4646, Test Loss: 38.7686
Epoch [27/50], Train Loss: 39.4393, Test Loss: 38.7330
Epoch [28/50], Train Loss: 39.4180, Test Loss: 38.7024
Epoch [29/50], Train Loss: 39.3993, Test Loss: 38.6753
Epoch [30/50], Train Loss: 39.3822, Test Loss: 38.6514
Epoch [31/50], Train Loss: 39.3670, Test Loss: 38.6308
Epoch [32/50], Train Loss: 39.3538, Test Loss: 38.6132
Epoch [33/50], Train Loss: 39.3424, Test Loss: 38.5979
Epoch [34/50], Train Loss: 39.3321, Test Loss: 38.5842
Epoch [35/50], Train Loss: 39.3224, Test Loss: 38.5717
Epoch [36/50], Train Loss: 39.3131, Test Loss: 38.5602
Epoch [37/50], Train Loss: 39.3038, Test Loss: 38.5493
Epoch [38/50], Train Loss: 39.2946, Test Loss: 38.5390
Epoch [39/50], Train Loss: 39.2853, Test Loss: 38.5290
Epoch [40/50], Train Loss: 39.2759, Test Loss: 38.5194
Epoch [41/50], Train Loss: 39.2663, Test Loss: 38.5100
Epoch [42/50], Train Loss: 39.2566, Test Loss: 38.5007
Epoch [43/50], Train Loss: 39.2468, Test Loss: 38.4916
Epoch [44/50], Train Loss: 39.2369, Test Loss: 38.4826
Epoch [45/50], Train Loss: 39.2271, Test Loss: 38.4736
Epoch [46/50], Train Loss: 39.2172, Test Loss: 38.4648
Epoch [47/50], Train Loss: 39.2073, Test Loss: 38.4561
Epoch [48/50], Train Loss: 39.1976, Test Loss: 38.4474
Epoch [49/50], Train Loss: 39.1879, Test Loss: 38.4390
Epoch [50/50], Train Loss: 39.1784, Test Loss: 38.4307
Training LSTM for offset 39
Epoch [1/50], Train Loss: 100.1018, Test Loss: 93.9982
Epoch [2/50], Train Loss: 84.1024, Test Loss: 78.2082
Epoch [3/50], Train Loss: 73.2211, Test Loss: 71.7071
Epoch [4/50], Train Loss: 68.0854, Test Loss: 67.0067
Epoch [5/50], Train Loss: 63.5996, Test Loss: 62.6301
Epoch [6/50], Train Loss: 59.5785, Test Loss: 58.7827
Epoch [7/50], Train Loss: 56.0599, Test Loss: 55.4466
Epoch [8/50], Train Loss: 53.0249, Test Loss: 52.5600
Epoch [9/50], Train Loss: 50.3968, Test Loss: 50.0596
Epoch [10/50], Train Loss: 48.1362, Test Loss: 47.9212
Epoch [11/50], Train Loss: 46.2238, Test Loss: 46.1275
Epoch [12/50], Train Loss: 44.6416, Test Loss: 44.6584
Epoch [13/50], Train Loss: 43.3653, Test Loss: 43.4851
Epoch [14/50], Train Loss: 42.3612, Test Loss: 42.5705
Epoch [15/50], Train Loss: 41.5889, Test Loss: 41.8721
Epoch [16/50], Train Loss: 41.0055, Test Loss: 41.3476
Epoch [17/50], Train Loss: 40.5708, Test Loss: 40.9586
Epoch [18/50], Train Loss: 40.2494, Test Loss: 40.6721
Epoch [19/50], Train Loss: 40.0121, Test Loss: 40.4615
Epoch [20/50], Train Loss: 39.8357, Test Loss: 40.3059
Epoch [21/50], Train Loss: 39.7022, Test Loss: 40.1901
Epoch [22/50], Train Loss: 39.5997, Test Loss: 40.1038
Epoch [23/50], Train Loss: 39.5215, Test Loss: 40.0398
Epoch [24/50], Train Loss: 39.4621, Test Loss: 39.9914
Epoch [25/50], Train Loss: 39.4161, Test Loss: 39.9540
Epoch [26/50], Train Loss: 39.3796, Test Loss: 39.9244
Epoch [27/50], Train Loss: 39.3498, Test Loss: 39.9006
Epoch [28/50], Train Loss: 39.3249, Test Loss: 39.8808
Epoch [29/50], Train Loss: 39.3037, Test Loss: 39.8641
Epoch [30/50], Train Loss: 39.2851, Test Loss: 39.8494
Epoch [31/50], Train Loss: 39.2685, Test Loss: 39.8362
Epoch [32/50], Train Loss: 39.2534, Test Loss: 39.8239
Epoch [33/50], Train Loss: 39.2392, Test Loss: 39.8122
Epoch [34/50], Train Loss: 39.2257, Test Loss: 39.8006
Epoch [35/50], Train Loss: 39.2125, Test Loss: 39.7891
Epoch [36/50], Train Loss: 39.1996, Test Loss: 39.7772
Epoch [37/50], Train Loss: 39.1865, Test Loss: 39.7650
Epoch [38/50], Train Loss: 39.1734, Test Loss: 39.7524
Epoch [39/50], Train Loss: 39.1599, Test Loss: 39.7392
Epoch [40/50], Train Loss: 39.1462, Test Loss: 39.7255
Epoch [41/50], Train Loss: 39.1321, Test Loss: 39.7114
Epoch [42/50], Train Loss: 39.1178, Test Loss: 39.6970
Epoch [43/50], Train Loss: 39.1032, Test Loss: 39.6824
Epoch [44/50], Train Loss: 39.0884, Test Loss: 39.6677
Epoch [45/50], Train Loss: 39.0735, Test Loss: 39.6531
Epoch [46/50], Train Loss: 39.0587, Test Loss: 39.6388
Epoch [47/50], Train Loss: 39.0440, Test Loss: 39.6247
Epoch [48/50], Train Loss: 39.0296, Test Loss: 39.6111
Epoch [49/50], Train Loss: 39.0155, Test Loss: 39.5979
Epoch [50/50], Train Loss: 39.0018, Test Loss: 39.5851
Training LSTM for offset 44
Epoch [1/50], Train Loss: 99.8581, Test Loss: 95.1206
Epoch [2/50], Train Loss: 83.9557, Test Loss: 79.2062
Epoch [3/50], Train Loss: 73.0828, Test Loss: 72.5604
Epoch [4/50], Train Loss: 67.9272, Test Loss: 67.7961
Epoch [5/50], Train Loss: 63.4485, Test Loss: 63.3778
Epoch [6/50], Train Loss: 59.4524, Test Loss: 59.4804
Epoch [7/50], Train Loss: 55.9565, Test Loss: 56.0864
Epoch [8/50], Train Loss: 52.9400, Test Loss: 53.1427
Epoch [9/50], Train Loss: 50.3298, Test Loss: 50.5854
Epoch [10/50], Train Loss: 48.0860, Test Loss: 48.3914
Epoch [11/50], Train Loss: 46.1895, Test Loss: 46.5453
Epoch [12/50], Train Loss: 44.6219, Test Loss: 45.0285
Epoch [13/50], Train Loss: 43.3588, Test Loss: 43.8134
Epoch [14/50], Train Loss: 42.3668, Test Loss: 42.8634
Epoch [15/50], Train Loss: 41.6055, Test Loss: 42.1365
Epoch [16/50], Train Loss: 41.0326, Test Loss: 41.5898
Epoch [17/50], Train Loss: 40.6078, Test Loss: 41.1840
Epoch [18/50], Train Loss: 40.2959, Test Loss: 40.8851
Epoch [19/50], Train Loss: 40.0681, Test Loss: 40.6655
Epoch [20/50], Train Loss: 39.9015, Test Loss: 40.5036
Epoch [21/50], Train Loss: 39.7788, Test Loss: 40.3829
Epoch [22/50], Train Loss: 39.6872, Test Loss: 40.2914
Epoch [23/50], Train Loss: 39.6177, Test Loss: 40.2206
Epoch [24/50], Train Loss: 39.5644, Test Loss: 40.1652
Epoch [25/50], Train Loss: 39.5235, Test Loss: 40.1217
Epoch [26/50], Train Loss: 39.4918, Test Loss: 40.0870
Epoch [27/50], Train Loss: 39.4668, Test Loss: 40.0586
Epoch [28/50], Train Loss: 39.4464, Test Loss: 40.0349
Epoch [29/50], Train Loss: 39.4292, Test Loss: 40.0144
Epoch [30/50], Train Loss: 39.4144, Test Loss: 39.9964
Epoch [31/50], Train Loss: 39.4013, Test Loss: 39.9801
Epoch [32/50], Train Loss: 39.3893, Test Loss: 39.9651
Epoch [33/50], Train Loss: 39.3781, Test Loss: 39.9509
Epoch [34/50], Train Loss: 39.3673, Test Loss: 39.9372
Epoch [35/50], Train Loss: 39.3566, Test Loss: 39.9237
Epoch [36/50], Train Loss: 39.3460, Test Loss: 39.9104
Epoch [37/50], Train Loss: 39.3352, Test Loss: 39.8969
Epoch [38/50], Train Loss: 39.3240, Test Loss: 39.8833
Epoch [39/50], Train Loss: 39.3126, Test Loss: 39.8693
Epoch [40/50], Train Loss: 39.3009, Test Loss: 39.8551
Epoch [41/50], Train Loss: 39.2888, Test Loss: 39.8405
Epoch [42/50], Train Loss: 39.2766, Test Loss: 39.8256
Epoch [43/50], Train Loss: 39.2641, Test Loss: 39.8104
Epoch [44/50], Train Loss: 39.2516, Test Loss: 39.7951
Epoch [45/50], Train Loss: 39.2392, Test Loss: 39.7797
Epoch [46/50], Train Loss: 39.2267, Test Loss: 39.7643
Epoch [47/50], Train Loss: 39.2145, Test Loss: 39.7489
Epoch [48/50], Train Loss: 39.2024, Test Loss: 39.7336
Epoch [49/50], Train Loss: 39.1906, Test Loss: 39.7185
Epoch [50/50], Train Loss: 39.1791, Test Loss: 39.7036
Training LSTM for offset 49
Epoch [1/50], Train Loss: 100.5855, Test Loss: 92.7239
Epoch [2/50], Train Loss: 84.6322, Test Loss: 77.1995
Epoch [3/50], Train Loss: 73.6830, Test Loss: 70.7834
Epoch [4/50], Train Loss: 68.5144, Test Loss: 66.2359
Epoch [5/50], Train Loss: 64.0525, Test Loss: 62.0212
Epoch [6/50], Train Loss: 60.0568, Test Loss: 58.3211
Epoch [7/50], Train Loss: 56.5538, Test Loss: 55.1052
Epoch [8/50], Train Loss: 53.5307, Test Loss: 52.3265
Epoch [9/50], Train Loss: 50.9161, Test Loss: 49.9208
Epoch [10/50], Train Loss: 48.6681, Test Loss: 47.8635
Epoch [11/50], Train Loss: 46.7663, Test Loss: 46.1377
Epoch [12/50], Train Loss: 45.1922, Test Loss: 44.7240
Epoch [13/50], Train Loss: 43.9211, Test Loss: 43.5949
Epoch [14/50], Train Loss: 42.9197, Test Loss: 42.7146
Epoch [15/50], Train Loss: 42.1486, Test Loss: 42.0429
Epoch [16/50], Train Loss: 41.5661, Test Loss: 41.5395
Epoch [17/50], Train Loss: 41.1325, Test Loss: 41.1674
Epoch [18/50], Train Loss: 40.8131, Test Loss: 40.8949
Epoch [19/50], Train Loss: 40.5791, Test Loss: 40.6964
Epoch [20/50], Train Loss: 40.4079, Test Loss: 40.5519
Epoch [21/50], Train Loss: 40.2818, Test Loss: 40.4463
Epoch [22/50], Train Loss: 40.1880, Test Loss: 40.3685
Epoch [23/50], Train Loss: 40.1170, Test Loss: 40.3105
Epoch [24/50], Train Loss: 40.0621, Test Loss: 40.2665
Epoch [25/50], Train Loss: 40.0188, Test Loss: 40.2328
Epoch [26/50], Train Loss: 39.9837, Test Loss: 40.2063
Epoch [27/50], Train Loss: 39.9543, Test Loss: 40.1846
Epoch [28/50], Train Loss: 39.9285, Test Loss: 40.1661
Epoch [29/50], Train Loss: 39.9057, Test Loss: 40.1508
Epoch [30/50], Train Loss: 39.8862, Test Loss: 40.1385
Epoch [31/50], Train Loss: 39.8695, Test Loss: 40.1283
Epoch [32/50], Train Loss: 39.8547, Test Loss: 40.1194
Epoch [33/50], Train Loss: 39.8412, Test Loss: 40.1113
Epoch [34/50], Train Loss: 39.8284, Test Loss: 40.1037
Epoch [35/50], Train Loss: 39.8162, Test Loss: 40.0963
Epoch [36/50], Train Loss: 39.8041, Test Loss: 40.0888
Epoch [37/50], Train Loss: 39.7921, Test Loss: 40.0811
Epoch [38/50], Train Loss: 39.7801, Test Loss: 40.0730
Epoch [39/50], Train Loss: 39.7678, Test Loss: 40.0644
Epoch [40/50], Train Loss: 39.7553, Test Loss: 40.0553
Epoch [41/50], Train Loss: 39.7426, Test Loss: 40.0456
Epoch [42/50], Train Loss: 39.7295, Test Loss: 40.0353
Epoch [43/50], Train Loss: 39.7162, Test Loss: 40.0245
Epoch [44/50], Train Loss: 39.7026, Test Loss: 40.0132
Epoch [45/50], Train Loss: 39.6888, Test Loss: 40.0015
Epoch [46/50], Train Loss: 39.6749, Test Loss: 39.9894
Epoch [47/50], Train Loss: 39.6609, Test Loss: 39.9772
Epoch [48/50], Train Loss: 39.6471, Test Loss: 39.9651
Epoch [49/50], Train Loss: 39.6335, Test Loss: 39.9531
Epoch [50/50], Train Loss: 39.6204, Test Loss: 39.9416
Training LSTM for offset 54
Epoch [1/50], Train Loss: 99.6508, Test Loss: 95.6764
Epoch [2/50], Train Loss: 83.7435, Test Loss: 79.6980
Epoch [3/50], Train Loss: 72.9447, Test Loss: 73.0678
Epoch [4/50], Train Loss: 67.8656, Test Loss: 68.3908
Epoch [5/50], Train Loss: 63.4327, Test Loss: 64.0658
Epoch [6/50], Train Loss: 59.4597, Test Loss: 60.2634
Epoch [7/50], Train Loss: 55.9843, Test Loss: 56.9633
Epoch [8/50], Train Loss: 52.9864, Test Loss: 54.1130
Epoch [9/50], Train Loss: 50.3920, Test Loss: 51.6486
Epoch [10/50], Train Loss: 48.1599, Test Loss: 49.5442
Epoch [11/50], Train Loss: 46.2705, Test Loss: 47.7821
Epoch [12/50], Train Loss: 44.7064, Test Loss: 46.3422
Epoch [13/50], Train Loss: 43.4446, Test Loss: 45.1963
Epoch [14/50], Train Loss: 42.4532, Test Loss: 44.3076
Epoch [15/50], Train Loss: 41.6929, Test Loss: 43.6337
Epoch [16/50], Train Loss: 41.1213, Test Loss: 43.1318
Epoch [17/50], Train Loss: 40.6981, Test Loss: 42.7628
Epoch [18/50], Train Loss: 40.3878, Test Loss: 42.4935
Epoch [19/50], Train Loss: 40.1612, Test Loss: 42.2973
Epoch [20/50], Train Loss: 39.9954, Test Loss: 42.1536
Epoch [21/50], Train Loss: 39.8732, Test Loss: 42.0468
Epoch [22/50], Train Loss: 39.7812, Test Loss: 41.9655
Epoch [23/50], Train Loss: 39.7101, Test Loss: 41.9014
Epoch [24/50], Train Loss: 39.6536, Test Loss: 41.8498
Epoch [25/50], Train Loss: 39.6088, Test Loss: 41.8085
Epoch [26/50], Train Loss: 39.5738, Test Loss: 41.7752
Epoch [27/50], Train Loss: 39.5459, Test Loss: 41.7478
Epoch [28/50], Train Loss: 39.5230, Test Loss: 41.7244
Epoch [29/50], Train Loss: 39.5035, Test Loss: 41.7038
Epoch [30/50], Train Loss: 39.4865, Test Loss: 41.6851
Epoch [31/50], Train Loss: 39.4712, Test Loss: 41.6678
Epoch [32/50], Train Loss: 39.4572, Test Loss: 41.6515
Epoch [33/50], Train Loss: 39.4441, Test Loss: 41.6357
Epoch [34/50], Train Loss: 39.4314, Test Loss: 41.6203
Epoch [35/50], Train Loss: 39.4191, Test Loss: 41.6050
Epoch [36/50], Train Loss: 39.4068, Test Loss: 41.5897
Epoch [37/50], Train Loss: 39.3945, Test Loss: 41.5742
Epoch [38/50], Train Loss: 39.3820, Test Loss: 41.5586
Epoch [39/50], Train Loss: 39.3692, Test Loss: 41.5428
Epoch [40/50], Train Loss: 39.3563, Test Loss: 41.5269
Epoch [41/50], Train Loss: 39.3431, Test Loss: 41.5110
Epoch [42/50], Train Loss: 39.3298, Test Loss: 41.4951
Epoch [43/50], Train Loss: 39.3164, Test Loss: 41.4794
Epoch [44/50], Train Loss: 39.3030, Test Loss: 41.4639
Epoch [45/50], Train Loss: 39.2896, Test Loss: 41.4487
Epoch [46/50], Train Loss: 39.2765, Test Loss: 41.4338
Epoch [47/50], Train Loss: 39.2636, Test Loss: 41.4194
Epoch [48/50], Train Loss: 39.2511, Test Loss: 41.4056
Epoch [49/50], Train Loss: 39.2389, Test Loss: 41.3923
Epoch [50/50], Train Loss: 39.2273, Test Loss: 41.3796
Training LSTM for offset 59
Epoch [1/50], Train Loss: 100.9330, Test Loss: 90.9663
Epoch [2/50], Train Loss: 84.8963, Test Loss: 75.4634
Epoch [3/50], Train Loss: 73.9819, Test Loss: 69.1661
Epoch [4/50], Train Loss: 68.8518, Test Loss: 64.7650
Epoch [5/50], Train Loss: 64.3779, Test Loss: 60.7137
Epoch [6/50], Train Loss: 60.3674, Test Loss: 57.1615
Epoch [7/50], Train Loss: 56.8602, Test Loss: 54.0849
Epoch [8/50], Train Loss: 53.8345, Test Loss: 51.4308
Epoch [9/50], Train Loss: 51.2140, Test Loss: 49.1389
Epoch [10/50], Train Loss: 48.9595, Test Loss: 47.1846
Epoch [11/50], Train Loss: 47.0508, Test Loss: 45.5514
Epoch [12/50], Train Loss: 45.4698, Test Loss: 44.2197
Epoch [13/50], Train Loss: 44.1921, Test Loss: 43.1621
Epoch [14/50], Train Loss: 43.1845, Test Loss: 42.3430
Epoch [15/50], Train Loss: 42.4072, Test Loss: 41.7223
Epoch [16/50], Train Loss: 41.8181, Test Loss: 41.2601
Epoch [17/50], Train Loss: 41.3776, Test Loss: 40.9206
Epoch [18/50], Train Loss: 41.0505, Test Loss: 40.6734
Epoch [19/50], Train Loss: 40.8082, Test Loss: 40.4940
Epoch [20/50], Train Loss: 40.6276, Test Loss: 40.3635
Epoch [21/50], Train Loss: 40.4910, Test Loss: 40.2674
Epoch [22/50], Train Loss: 40.3856, Test Loss: 40.1960
Epoch [23/50], Train Loss: 40.3040, Test Loss: 40.1437
Epoch [24/50], Train Loss: 40.2415, Test Loss: 40.1051
Epoch [25/50], Train Loss: 40.1931, Test Loss: 40.0761
Epoch [26/50], Train Loss: 40.1545, Test Loss: 40.0537
Epoch [27/50], Train Loss: 40.1229, Test Loss: 40.0359
Epoch [28/50], Train Loss: 40.0965, Test Loss: 40.0213
Epoch [29/50], Train Loss: 40.0740, Test Loss: 40.0090
Epoch [30/50], Train Loss: 40.0542, Test Loss: 39.9982
Epoch [31/50], Train Loss: 40.0366, Test Loss: 39.9883
Epoch [32/50], Train Loss: 40.0205, Test Loss: 39.9790
Epoch [33/50], Train Loss: 40.0056, Test Loss: 39.9700
Epoch [34/50], Train Loss: 39.9915, Test Loss: 39.9609
Epoch [35/50], Train Loss: 39.9779, Test Loss: 39.9515
Epoch [36/50], Train Loss: 39.9647, Test Loss: 39.9418
Epoch [37/50], Train Loss: 39.9516, Test Loss: 39.9315
Epoch [38/50], Train Loss: 39.9386, Test Loss: 39.9207
Epoch [39/50], Train Loss: 39.9255, Test Loss: 39.9093
Epoch [40/50], Train Loss: 39.9123, Test Loss: 39.8972
Epoch [41/50], Train Loss: 39.8988, Test Loss: 39.8846
Epoch [42/50], Train Loss: 39.8851, Test Loss: 39.8714
Epoch [43/50], Train Loss: 39.8710, Test Loss: 39.8575
Epoch [44/50], Train Loss: 39.8565, Test Loss: 39.8430
Epoch [45/50], Train Loss: 39.8417, Test Loss: 39.8280
Epoch [46/50], Train Loss: 39.8267, Test Loss: 39.8124
Epoch [47/50], Train Loss: 39.8116, Test Loss: 39.7967
Epoch [48/50], Train Loss: 39.7969, Test Loss: 39.7811
Epoch [49/50], Train Loss: 39.7828, Test Loss: 39.7660
Epoch [50/50], Train Loss: 39.7692, Test Loss: 39.7516
Training LSTM for offset 64
Epoch [1/50], Train Loss: 100.4407, Test Loss: 92.8947
Epoch [2/50], Train Loss: 84.4521, Test Loss: 77.1765
Epoch [3/50], Train Loss: 73.6097, Test Loss: 70.7468
Epoch [4/50], Train Loss: 68.5405, Test Loss: 66.2346
Epoch [5/50], Train Loss: 64.1480, Test Loss: 62.0185
Epoch [6/50], Train Loss: 60.2096, Test Loss: 58.2997
Epoch [7/50], Train Loss: 56.7625, Test Loss: 55.0507
Epoch [8/50], Train Loss: 53.7874, Test Loss: 52.2419
Epoch [9/50], Train Loss: 51.2182, Test Loss: 49.8047
Epoch [10/50], Train Loss: 49.0080, Test Loss: 47.7121
Epoch [11/50], Train Loss: 47.1344, Test Loss: 45.9470
Epoch [12/50], Train Loss: 45.5783, Test Loss: 44.4913
Epoch [13/50], Train Loss: 44.3163, Test Loss: 43.3201
Epoch [14/50], Train Loss: 43.3174, Test Loss: 42.4006
Epoch [15/50], Train Loss: 42.5442, Test Loss: 41.6944
Epoch [16/50], Train Loss: 41.9566, Test Loss: 41.1618
Epoch [17/50], Train Loss: 41.5160, Test Loss: 40.7657
Epoch [18/50], Train Loss: 41.1883, Test Loss: 40.4739
Epoch [19/50], Train Loss: 40.9451, Test Loss: 40.2601
Epoch [20/50], Train Loss: 40.7639, Test Loss: 40.1033
Epoch [21/50], Train Loss: 40.6272, Test Loss: 39.9874
Epoch [22/50], Train Loss: 40.5220, Test Loss: 39.9008
Epoch [23/50], Train Loss: 40.4399, Test Loss: 39.8356
Epoch [24/50], Train Loss: 40.3759, Test Loss: 39.7869
Epoch [25/50], Train Loss: 40.3258, Test Loss: 39.7500
Epoch [26/50], Train Loss: 40.2857, Test Loss: 39.7218
Epoch [27/50], Train Loss: 40.2526, Test Loss: 39.6995
Epoch [28/50], Train Loss: 40.2246, Test Loss: 39.6816
Epoch [29/50], Train Loss: 40.2002, Test Loss: 39.6665
Epoch [30/50], Train Loss: 40.1786, Test Loss: 39.6534
Epoch [31/50], Train Loss: 40.1589, Test Loss: 39.6414
Epoch [32/50], Train Loss: 40.1406, Test Loss: 39.6299
Epoch [33/50], Train Loss: 40.1232, Test Loss: 39.6185
Epoch [34/50], Train Loss: 40.1064, Test Loss: 39.6070
Epoch [35/50], Train Loss: 40.0899, Test Loss: 39.5949
Epoch [36/50], Train Loss: 40.0736, Test Loss: 39.5823
Epoch [37/50], Train Loss: 40.0573, Test Loss: 39.5690
Epoch [38/50], Train Loss: 40.0409, Test Loss: 39.5552
Epoch [39/50], Train Loss: 40.0245, Test Loss: 39.5410
Epoch [40/50], Train Loss: 40.0079, Test Loss: 39.5264
Epoch [41/50], Train Loss: 39.9913, Test Loss: 39.5116
Epoch [42/50], Train Loss: 39.9747, Test Loss: 39.4967
Epoch [43/50], Train Loss: 39.9580, Test Loss: 39.4818
Epoch [44/50], Train Loss: 39.9415, Test Loss: 39.4671
Epoch [45/50], Train Loss: 39.9252, Test Loss: 39.4526
Epoch [46/50], Train Loss: 39.9093, Test Loss: 39.4384
Epoch [47/50], Train Loss: 39.8938, Test Loss: 39.4247
Epoch [48/50], Train Loss: 39.8790, Test Loss: 39.4114
Epoch [49/50], Train Loss: 39.8648, Test Loss: 39.3988
Epoch [50/50], Train Loss: 39.8515, Test Loss: 39.3868
Training LSTM for offset 69
Epoch [1/50], Train Loss: 100.6111, Test Loss: 92.2479
Epoch [2/50], Train Loss: 84.5611, Test Loss: 76.7861
Epoch [3/50], Train Loss: 73.6844, Test Loss: 70.5435
Epoch [4/50], Train Loss: 68.6357, Test Loss: 66.1747
Epoch [5/50], Train Loss: 64.2422, Test Loss: 62.0424
Epoch [6/50], Train Loss: 60.2726, Test Loss: 58.4119
Epoch [7/50], Train Loss: 56.7886, Test Loss: 55.2597
Epoch [8/50], Train Loss: 53.7759, Test Loss: 52.5462
Epoch [9/50], Train Loss: 51.1653, Test Loss: 50.2009
Epoch [10/50], Train Loss: 48.9114, Test Loss: 48.1975
Epoch [11/50], Train Loss: 46.9945, Test Loss: 46.5195
Epoch [12/50], Train Loss: 45.3994, Test Loss: 45.1495
Epoch [13/50], Train Loss: 44.1074, Test Loss: 44.0634
Epoch [14/50], Train Loss: 43.0911, Test Loss: 43.2277
Epoch [15/50], Train Loss: 42.3141, Test Loss: 42.6021
Epoch [16/50], Train Loss: 41.7350, Test Loss: 42.1442
Epoch [17/50], Train Loss: 41.3121, Test Loss: 41.8145
Epoch [18/50], Train Loss: 41.0078, Test Loss: 41.5793
Epoch [19/50], Train Loss: 40.7907, Test Loss: 41.4120
Epoch [20/50], Train Loss: 40.6363, Test Loss: 41.2924
Epoch [21/50], Train Loss: 40.5261, Test Loss: 41.2057
Epoch [22/50], Train Loss: 40.4467, Test Loss: 41.1413
Epoch [23/50], Train Loss: 40.3882, Test Loss: 41.0914
Epoch [24/50], Train Loss: 40.3438, Test Loss: 41.0508
Epoch [25/50], Train Loss: 40.3090, Test Loss: 41.0165
Epoch [26/50], Train Loss: 40.2811, Test Loss: 40.9880
Epoch [27/50], Train Loss: 40.2591, Test Loss: 40.9652
Epoch [28/50], Train Loss: 40.2416, Test Loss: 40.9467
Epoch [29/50], Train Loss: 40.2274, Test Loss: 40.9314
Epoch [30/50], Train Loss: 40.2154, Test Loss: 40.9182
Epoch [31/50], Train Loss: 40.2049, Test Loss: 40.9063
Epoch [32/50], Train Loss: 40.1954, Test Loss: 40.8952
Epoch [33/50], Train Loss: 40.1865, Test Loss: 40.8848
Epoch [34/50], Train Loss: 40.1780, Test Loss: 40.8747
Epoch [35/50], Train Loss: 40.1697, Test Loss: 40.8647
Epoch [36/50], Train Loss: 40.1613, Test Loss: 40.8548
Epoch [37/50], Train Loss: 40.1528, Test Loss: 40.8448
Epoch [38/50], Train Loss: 40.1442, Test Loss: 40.8347
Epoch [39/50], Train Loss: 40.1353, Test Loss: 40.8243
Epoch [40/50], Train Loss: 40.1260, Test Loss: 40.8137
Epoch [41/50], Train Loss: 40.1165, Test Loss: 40.8029
Epoch [42/50], Train Loss: 40.1067, Test Loss: 40.7917
Epoch [43/50], Train Loss: 40.0965, Test Loss: 40.7804
Epoch [44/50], Train Loss: 40.0860, Test Loss: 40.7688
Epoch [45/50], Train Loss: 40.0752, Test Loss: 40.7571
Epoch [46/50], Train Loss: 40.0642, Test Loss: 40.7452
Epoch [47/50], Train Loss: 40.0530, Test Loss: 40.7332
Epoch [48/50], Train Loss: 40.0417, Test Loss: 40.7213
Epoch [49/50], Train Loss: 40.0304, Test Loss: 40.7094
Epoch [50/50], Train Loss: 40.0190, Test Loss: 40.6977
Training LSTM for offset 74
Epoch [1/50], Train Loss: 100.6677, Test Loss: 92.2852
Epoch [2/50], Train Loss: 84.6709, Test Loss: 76.7651
Epoch [3/50], Train Loss: 73.7829, Test Loss: 70.4662
Epoch [4/50], Train Loss: 68.7248, Test Loss: 66.0960
Epoch [5/50], Train Loss: 64.3334, Test Loss: 61.9841
Epoch [6/50], Train Loss: 60.3852, Test Loss: 58.3657
Epoch [7/50], Train Loss: 56.9364, Test Loss: 55.2187
Epoch [8/50], Train Loss: 53.9642, Test Loss: 52.5012
Epoch [9/50], Train Loss: 51.3944, Test Loss: 50.1468
Epoch [10/50], Train Loss: 49.1837, Test Loss: 48.1302
Epoch [11/50], Train Loss: 47.3111, Test Loss: 46.4359
Epoch [12/50], Train Loss: 45.7583, Test Loss: 45.0463
Epoch [13/50], Train Loss: 44.5027, Test Loss: 43.9365
Epoch [14/50], Train Loss: 43.5132, Test Loss: 43.0730
Epoch [15/50], Train Loss: 42.7518, Test Loss: 42.4164
Epoch [16/50], Train Loss: 42.1775, Test Loss: 41.9262
Epoch [17/50], Train Loss: 41.7507, Test Loss: 41.5650
Epoch [18/50], Train Loss: 41.4364, Test Loss: 41.3010
Epoch [19/50], Train Loss: 41.2058, Test Loss: 41.1085
Epoch [20/50], Train Loss: 41.0362, Test Loss: 40.9675
Epoch [21/50], Train Loss: 40.9103, Test Loss: 40.8629
Epoch [22/50], Train Loss: 40.8155, Test Loss: 40.7834
Epoch [23/50], Train Loss: 40.7424, Test Loss: 40.7212
Epoch [24/50], Train Loss: 40.6850, Test Loss: 40.6721
Epoch [25/50], Train Loss: 40.6399, Test Loss: 40.6341
Epoch [26/50], Train Loss: 40.6040, Test Loss: 40.6049
Epoch [27/50], Train Loss: 40.5751, Test Loss: 40.5821
Epoch [28/50], Train Loss: 40.5510, Test Loss: 40.5639
Epoch [29/50], Train Loss: 40.5304, Test Loss: 40.5486
Epoch [30/50], Train Loss: 40.5123, Test Loss: 40.5353
Epoch [31/50], Train Loss: 40.4961, Test Loss: 40.5233
Epoch [32/50], Train Loss: 40.4812, Test Loss: 40.5119
Epoch [33/50], Train Loss: 40.4672, Test Loss: 40.5006
Epoch [34/50], Train Loss: 40.4540, Test Loss: 40.4891
Epoch [35/50], Train Loss: 40.4412, Test Loss: 40.4772
Epoch [36/50], Train Loss: 40.4287, Test Loss: 40.4647
Epoch [37/50], Train Loss: 40.4164, Test Loss: 40.4516
Epoch [38/50], Train Loss: 40.4043, Test Loss: 40.4377
Epoch [39/50], Train Loss: 40.3922, Test Loss: 40.4233
Epoch [40/50], Train Loss: 40.3803, Test Loss: 40.4084
Epoch [41/50], Train Loss: 40.3685, Test Loss: 40.3932
Epoch [42/50], Train Loss: 40.3567, Test Loss: 40.3777
Epoch [43/50], Train Loss: 40.3452, Test Loss: 40.3620
Epoch [44/50], Train Loss: 40.3337, Test Loss: 40.3464
Epoch [45/50], Train Loss: 40.3224, Test Loss: 40.3309
Epoch [46/50], Train Loss: 40.3113, Test Loss: 40.3154
Epoch [47/50], Train Loss: 40.3003, Test Loss: 40.3002
Epoch [48/50], Train Loss: 40.2895, Test Loss: 40.2853
Epoch [49/50], Train Loss: 40.2789, Test Loss: 40.2706
Epoch [50/50], Train Loss: 40.2685, Test Loss: 40.2562
Training LSTM for offset 79
Epoch [1/50], Train Loss: 100.3583, Test Loss: 93.5256
Epoch [2/50], Train Loss: 84.3700, Test Loss: 77.8946
Epoch [3/50], Train Loss: 73.5123, Test Loss: 71.5499
Epoch [4/50], Train Loss: 68.4936, Test Loss: 67.1526
Epoch [5/50], Train Loss: 64.1744, Test Loss: 62.9942
Epoch [6/50], Train Loss: 60.2821, Test Loss: 59.3396
Epoch [7/50], Train Loss: 56.8782, Test Loss: 56.1626
Epoch [8/50], Train Loss: 53.9461, Test Loss: 53.4265
Epoch [9/50], Train Loss: 51.4205, Test Loss: 51.0608
Epoch [10/50], Train Loss: 49.2521, Test Loss: 49.0356
Epoch [11/50], Train Loss: 47.4162, Test Loss: 47.3308
Epoch [12/50], Train Loss: 45.8927, Test Loss: 45.9264
Epoch [13/50], Train Loss: 44.6587, Test Loss: 44.7973
Epoch [14/50], Train Loss: 43.6849, Test Loss: 43.9108
Epoch [15/50], Train Loss: 42.9354, Test Loss: 43.2291
Epoch [16/50], Train Loss: 42.3709, Test Loss: 42.7131
Epoch [17/50], Train Loss: 41.9526, Test Loss: 42.3261
Epoch [18/50], Train Loss: 41.6460, Test Loss: 42.0366
Epoch [19/50], Train Loss: 41.4220, Test Loss: 41.8191
Epoch [20/50], Train Loss: 41.2577, Test Loss: 41.6538
Epoch [21/50], Train Loss: 41.1361, Test Loss: 41.5262
Epoch [22/50], Train Loss: 41.0449, Test Loss: 41.4266
Epoch [23/50], Train Loss: 40.9761, Test Loss: 41.3484
Epoch [24/50], Train Loss: 40.9242, Test Loss: 41.2863
Epoch [25/50], Train Loss: 40.8845, Test Loss: 41.2360
Epoch [26/50], Train Loss: 40.8533, Test Loss: 41.1942
Epoch [27/50], Train Loss: 40.8284, Test Loss: 41.1586
Epoch [28/50], Train Loss: 40.8078, Test Loss: 41.1278
Epoch [29/50], Train Loss: 40.7903, Test Loss: 41.1004
Epoch [30/50], Train Loss: 40.7751, Test Loss: 41.0755
Epoch [31/50], Train Loss: 40.7613, Test Loss: 41.0526
Epoch [32/50], Train Loss: 40.7485, Test Loss: 41.0309
Epoch [33/50], Train Loss: 40.7362, Test Loss: 41.0100
Epoch [34/50], Train Loss: 40.7240, Test Loss: 40.9895
Epoch [35/50], Train Loss: 40.7114, Test Loss: 40.9690
Epoch [36/50], Train Loss: 40.6983, Test Loss: 40.9485
Epoch [37/50], Train Loss: 40.6845, Test Loss: 40.9277
Epoch [38/50], Train Loss: 40.6698, Test Loss: 40.9067
Epoch [39/50], Train Loss: 40.6543, Test Loss: 40.8855
Epoch [40/50], Train Loss: 40.6382, Test Loss: 40.8642
Epoch [41/50], Train Loss: 40.6216, Test Loss: 40.8429
Epoch [42/50], Train Loss: 40.6048, Test Loss: 40.8218
Epoch [43/50], Train Loss: 40.5878, Test Loss: 40.8009
Epoch [44/50], Train Loss: 40.5709, Test Loss: 40.7804
Epoch [45/50], Train Loss: 40.5543, Test Loss: 40.7603
Epoch [46/50], Train Loss: 40.5380, Test Loss: 40.7407
Epoch [47/50], Train Loss: 40.5222, Test Loss: 40.7217
Epoch [48/50], Train Loss: 40.5069, Test Loss: 40.7033
Epoch [49/50], Train Loss: 40.4923, Test Loss: 40.6856
Epoch [50/50], Train Loss: 40.4782, Test Loss: 40.6686
Training LSTM for offset 84
Epoch [1/50], Train Loss: 100.1890, Test Loss: 93.9121
Epoch [2/50], Train Loss: 84.1801, Test Loss: 78.0911
Epoch [3/50], Train Loss: 73.3985, Test Loss: 71.6990
Epoch [4/50], Train Loss: 68.4034, Test Loss: 67.2348
Epoch [5/50], Train Loss: 64.0663, Test Loss: 63.0475
Epoch [6/50], Train Loss: 60.1529, Test Loss: 59.3748
Epoch [7/50], Train Loss: 56.7215, Test Loss: 56.1924
Epoch [8/50], Train Loss: 53.7538, Test Loss: 53.4544
Epoch [9/50], Train Loss: 51.1814, Test Loss: 51.0919
Epoch [10/50], Train Loss: 48.9579, Test Loss: 49.0753
Epoch [11/50], Train Loss: 47.0608, Test Loss: 47.3843
Epoch [12/50], Train Loss: 45.4725, Test Loss: 45.9985
Epoch [13/50], Train Loss: 44.1726, Test Loss: 44.8919
Epoch [14/50], Train Loss: 43.1343, Test Loss: 44.0313
Epoch [15/50], Train Loss: 42.3244, Test Loss: 43.3783
Epoch [16/50], Train Loss: 41.7054, Test Loss: 42.8927
Epoch [17/50], Train Loss: 41.2399, Test Loss: 42.5370
Epoch [18/50], Train Loss: 40.8938, Test Loss: 42.2788
Epoch [19/50], Train Loss: 40.6378, Test Loss: 42.0915
Epoch [20/50], Train Loss: 40.4485, Test Loss: 41.9548
Epoch [21/50], Train Loss: 40.3076, Test Loss: 41.8534
Epoch [22/50], Train Loss: 40.2018, Test Loss: 41.7771
Epoch [23/50], Train Loss: 40.1217, Test Loss: 41.7192
Epoch [24/50], Train Loss: 40.0607, Test Loss: 41.6751
Epoch [25/50], Train Loss: 40.0139, Test Loss: 41.6406
Epoch [26/50], Train Loss: 39.9772, Test Loss: 41.6128
Epoch [27/50], Train Loss: 39.9477, Test Loss: 41.5894
Epoch [28/50], Train Loss: 39.9234, Test Loss: 41.5691
Epoch [29/50], Train Loss: 39.9029, Test Loss: 41.5508
Epoch [30/50], Train Loss: 39.8850, Test Loss: 41.5340
Epoch [31/50], Train Loss: 39.8692, Test Loss: 41.5183
Epoch [32/50], Train Loss: 39.8548, Test Loss: 41.5033
Epoch [33/50], Train Loss: 39.8414, Test Loss: 41.4889
Epoch [34/50], Train Loss: 39.8288, Test Loss: 41.4750
Epoch [35/50], Train Loss: 39.8166, Test Loss: 41.4613
Epoch [36/50], Train Loss: 39.8048, Test Loss: 41.4477
Epoch [37/50], Train Loss: 39.7930, Test Loss: 41.4341
Epoch [38/50], Train Loss: 39.7812, Test Loss: 41.4203
Epoch [39/50], Train Loss: 39.7692, Test Loss: 41.4063
Epoch [40/50], Train Loss: 39.7569, Test Loss: 41.3918
Epoch [41/50], Train Loss: 39.7442, Test Loss: 41.3770
Epoch [42/50], Train Loss: 39.7312, Test Loss: 41.3616
Epoch [43/50], Train Loss: 39.7177, Test Loss: 41.3458
Epoch [44/50], Train Loss: 39.7038, Test Loss: 41.3295
Epoch [45/50], Train Loss: 39.6895, Test Loss: 41.3128
Epoch [46/50], Train Loss: 39.6751, Test Loss: 41.2959
Epoch [47/50], Train Loss: 39.6605, Test Loss: 41.2790
Epoch [48/50], Train Loss: 39.6460, Test Loss: 41.2625
Epoch [49/50], Train Loss: 39.6318, Test Loss: 41.2464
Epoch [50/50], Train Loss: 39.6180, Test Loss: 41.2312
Training LSTM for offset 89
Epoch [1/50], Train Loss: 101.1980, Test Loss: 90.3735
Epoch [2/50], Train Loss: 85.1133, Test Loss: 74.8609
Epoch [3/50], Train Loss: 74.2127, Test Loss: 68.6096
Epoch [4/50], Train Loss: 69.1588, Test Loss: 64.2693
Epoch [5/50], Train Loss: 64.7643, Test Loss: 60.2073
Epoch [6/50], Train Loss: 60.8019, Test Loss: 56.6561
Epoch [7/50], Train Loss: 57.3286, Test Loss: 53.5829
Epoch [8/50], Train Loss: 54.3311, Test Loss: 50.9539
Epoch [9/50], Train Loss: 51.7444, Test Loss: 48.6960
Epoch [10/50], Train Loss: 49.5191, Test Loss: 46.7794
Epoch [11/50], Train Loss: 47.6327, Test Loss: 45.1851
Epoch [12/50], Train Loss: 46.0672, Test Loss: 43.8932
Epoch [13/50], Train Loss: 44.8011, Test Loss: 42.8780
Epoch [14/50], Train Loss: 43.8049, Test Loss: 42.1049
Epoch [15/50], Train Loss: 43.0417, Test Loss: 41.5337
Epoch [16/50], Train Loss: 42.4702, Test Loss: 41.1225
Epoch [17/50], Train Loss: 42.0498, Test Loss: 40.8325
Epoch [18/50], Train Loss: 41.7438, Test Loss: 40.6310
Epoch [19/50], Train Loss: 41.5219, Test Loss: 40.4920
Epoch [20/50], Train Loss: 41.3601, Test Loss: 40.3962
Epoch [21/50], Train Loss: 41.2406, Test Loss: 40.3298
Epoch [22/50], Train Loss: 41.1514, Test Loss: 40.2837
Epoch [23/50], Train Loss: 41.0848, Test Loss: 40.2515
Epoch [24/50], Train Loss: 41.0349, Test Loss: 40.2284
Epoch [25/50], Train Loss: 40.9968, Test Loss: 40.2112
Epoch [26/50], Train Loss: 40.9670, Test Loss: 40.1976
Epoch [27/50], Train Loss: 40.9430, Test Loss: 40.1864
Epoch [28/50], Train Loss: 40.9232, Test Loss: 40.1765
Epoch [29/50], Train Loss: 40.9062, Test Loss: 40.1673
Epoch [30/50], Train Loss: 40.8912, Test Loss: 40.1584
Epoch [31/50], Train Loss: 40.8776, Test Loss: 40.1495
Epoch [32/50], Train Loss: 40.8649, Test Loss: 40.1405
Epoch [33/50], Train Loss: 40.8525, Test Loss: 40.1311
Epoch [34/50], Train Loss: 40.8402, Test Loss: 40.1214
Epoch [35/50], Train Loss: 40.8278, Test Loss: 40.1112
Epoch [36/50], Train Loss: 40.8150, Test Loss: 40.1008
Epoch [37/50], Train Loss: 40.8019, Test Loss: 40.0903
Epoch [38/50], Train Loss: 40.7883, Test Loss: 40.0798
Epoch [39/50], Train Loss: 40.7744, Test Loss: 40.0697
Epoch [40/50], Train Loss: 40.7603, Test Loss: 40.0599
Epoch [41/50], Train Loss: 40.7461, Test Loss: 40.0507
Epoch [42/50], Train Loss: 40.7321, Test Loss: 40.0420
Epoch [43/50], Train Loss: 40.7182, Test Loss: 40.0339
Epoch [44/50], Train Loss: 40.7047, Test Loss: 40.0264
Epoch [45/50], Train Loss: 40.6915, Test Loss: 40.0193
Epoch [46/50], Train Loss: 40.6787, Test Loss: 40.0128
Epoch [47/50], Train Loss: 40.6664, Test Loss: 40.0066
Epoch [48/50], Train Loss: 40.6545, Test Loss: 40.0009
Epoch [49/50], Train Loss: 40.6429, Test Loss: 39.9954
Epoch [50/50], Train Loss: 40.6318, Test Loss: 39.9903
Training LSTM for offset 94
Epoch [1/50], Train Loss: 100.5316, Test Loss: 93.3314
Epoch [2/50], Train Loss: 84.5851, Test Loss: 77.6288
Epoch [3/50], Train Loss: 73.6858, Test Loss: 71.2313
Epoch [4/50], Train Loss: 68.6526, Test Loss: 66.8114
Epoch [5/50], Train Loss: 64.2753, Test Loss: 62.6637
Epoch [6/50], Train Loss: 60.3247, Test Loss: 59.0194
Epoch [7/50], Train Loss: 56.8716, Test Loss: 55.8607
Epoch [8/50], Train Loss: 53.8942, Test Loss: 53.1340
Epoch [9/50], Train Loss: 51.3161, Test Loss: 50.7757
Epoch [10/50], Train Loss: 49.0948, Test Loss: 48.7590
Epoch [11/50], Train Loss: 47.2090, Test Loss: 47.0658
Epoch [12/50], Train Loss: 45.6411, Test Loss: 45.6772
Epoch [13/50], Train Loss: 44.3695, Test Loss: 44.5679
Epoch [14/50], Train Loss: 43.3645, Test Loss: 43.7049
Epoch [15/50], Train Loss: 42.5893, Test Loss: 43.0492
Epoch [16/50], Train Loss: 42.0033, Test Loss: 42.5606
Epoch [17/50], Train Loss: 41.5669, Test Loss: 42.2014
Epoch [18/50], Train Loss: 41.2448, Test Loss: 41.9394
Epoch [19/50], Train Loss: 41.0075, Test Loss: 41.7484
Epoch [20/50], Train Loss: 40.8318, Test Loss: 41.6082
Epoch [21/50], Train Loss: 40.7005, Test Loss: 41.5041
Epoch [22/50], Train Loss: 40.6015, Test Loss: 41.4260
Epoch [23/50], Train Loss: 40.5264, Test Loss: 41.3667
Epoch [24/50], Train Loss: 40.4690, Test Loss: 41.3208
Epoch [25/50], Train Loss: 40.4241, Test Loss: 41.2844
Epoch [26/50], Train Loss: 40.3881, Test Loss: 41.2545
Epoch [27/50], Train Loss: 40.3585, Test Loss: 41.2292
Epoch [28/50], Train Loss: 40.3332, Test Loss: 41.2070
Epoch [29/50], Train Loss: 40.3111, Test Loss: 41.1869
Epoch [30/50], Train Loss: 40.2912, Test Loss: 41.1680
Epoch [31/50], Train Loss: 40.2729, Test Loss: 41.1500
Epoch [32/50], Train Loss: 40.2556, Test Loss: 41.1324
Epoch [33/50], Train Loss: 40.2392, Test Loss: 41.1151
Epoch [34/50], Train Loss: 40.2234, Test Loss: 41.0980
Epoch [35/50], Train Loss: 40.2080, Test Loss: 41.0809
Epoch [36/50], Train Loss: 40.1930, Test Loss: 41.0640
Epoch [37/50], Train Loss: 40.1783, Test Loss: 41.0471
Epoch [38/50], Train Loss: 40.1639, Test Loss: 41.0305
Epoch [39/50], Train Loss: 40.1498, Test Loss: 41.0141
Epoch [40/50], Train Loss: 40.1359, Test Loss: 40.9979
Epoch [41/50], Train Loss: 40.1223, Test Loss: 40.9820
Epoch [42/50], Train Loss: 40.1090, Test Loss: 40.9664
Epoch [43/50], Train Loss: 40.0959, Test Loss: 40.9511
Epoch [44/50], Train Loss: 40.0831, Test Loss: 40.9362
Epoch [45/50], Train Loss: 40.0705, Test Loss: 40.9216
Epoch [46/50], Train Loss: 40.0581, Test Loss: 40.9073
Epoch [47/50], Train Loss: 40.0460, Test Loss: 40.8933
Epoch [48/50], Train Loss: 40.0341, Test Loss: 40.8796
Epoch [49/50], Train Loss: 40.0223, Test Loss: 40.8663
Epoch [50/50], Train Loss: 40.0107, Test Loss: 40.8534
Training LSTM for offset 99
Epoch [1/50], Train Loss: 100.0300, Test Loss: 94.8665
Epoch [2/50], Train Loss: 84.0765, Test Loss: 78.9594
Epoch [3/50], Train Loss: 73.3152, Test Loss: 72.5224
Epoch [4/50], Train Loss: 68.3848, Test Loss: 68.0675
Epoch [5/50], Train Loss: 64.0930, Test Loss: 63.8601
Epoch [6/50], Train Loss: 60.1975, Test Loss: 60.1504
Epoch [7/50], Train Loss: 56.7826, Test Loss: 56.9143
Epoch [8/50], Train Loss: 53.8336, Test Loss: 54.1114
Epoch [9/50], Train Loss: 51.2807, Test Loss: 51.6740
Epoch [10/50], Train Loss: 49.0777, Test Loss: 49.5740
Epoch [11/50], Train Loss: 47.2031, Test Loss: 47.7946
Epoch [12/50], Train Loss: 45.6405, Test Loss: 46.3194
Epoch [13/50], Train Loss: 44.3699, Test Loss: 45.1271
Epoch [14/50], Train Loss: 43.3644, Test Loss: 44.1877
Epoch [15/50], Train Loss: 42.5890, Test Loss: 43.4644
Epoch [16/50], Train Loss: 42.0041, Test Loss: 42.9180
Epoch [17/50], Train Loss: 41.5705, Test Loss: 42.5106
Epoch [18/50], Train Loss: 41.2525, Test Loss: 42.2092
Epoch [19/50], Train Loss: 41.0204, Test Loss: 41.9866
Epoch [20/50], Train Loss: 40.8508, Test Loss: 41.8216
Epoch [21/50], Train Loss: 40.7258, Test Loss: 41.6981
Epoch [22/50], Train Loss: 40.6319, Test Loss: 41.6041
Epoch [23/50], Train Loss: 40.5595, Test Loss: 41.5315
Epoch [24/50], Train Loss: 40.5026, Test Loss: 41.4749
Epoch [25/50], Train Loss: 40.4576, Test Loss: 41.4308
Epoch [26/50], Train Loss: 40.4222, Test Loss: 41.3958
Epoch [27/50], Train Loss: 40.3939, Test Loss: 41.3674
Epoch [28/50], Train Loss: 40.3706, Test Loss: 41.3438
Epoch [29/50], Train Loss: 40.3509, Test Loss: 41.3236
Epoch [30/50], Train Loss: 40.3337, Test Loss: 41.3062
Epoch [31/50], Train Loss: 40.3184, Test Loss: 41.2908
Epoch [32/50], Train Loss: 40.3043, Test Loss: 41.2768
Epoch [33/50], Train Loss: 40.2912, Test Loss: 41.2639
Epoch [34/50], Train Loss: 40.2786, Test Loss: 41.2518
Epoch [35/50], Train Loss: 40.2664, Test Loss: 41.2403
Epoch [36/50], Train Loss: 40.2543, Test Loss: 41.2290
Epoch [37/50], Train Loss: 40.2421, Test Loss: 41.2180
Epoch [38/50], Train Loss: 40.2298, Test Loss: 41.2070
Epoch [39/50], Train Loss: 40.2172, Test Loss: 41.1960
Epoch [40/50], Train Loss: 40.2042, Test Loss: 41.1849
Epoch [41/50], Train Loss: 40.1908, Test Loss: 41.1736
Epoch [42/50], Train Loss: 40.1770, Test Loss: 41.1622
Epoch [43/50], Train Loss: 40.1628, Test Loss: 41.1507
Epoch [44/50], Train Loss: 40.1484, Test Loss: 41.1392
Epoch [45/50], Train Loss: 40.1339, Test Loss: 41.1279
Epoch [46/50], Train Loss: 40.1196, Test Loss: 41.1167
Epoch [47/50], Train Loss: 40.1056, Test Loss: 41.1058
Epoch [48/50], Train Loss: 40.0920, Test Loss: 41.0952
Epoch [49/50], Train Loss: 40.0789, Test Loss: 41.0849
Epoch [50/50], Train Loss: 40.0663, Test Loss: 41.0750
