
The following have been reloaded with a version change:
  1) cuda/11.2.0 => cuda/12.1.1

Training LSTM for offset 0
Epoch [1/50], Train Loss: 100.1803, Test Loss: 87.9556
Epoch [2/50], Train Loss: 83.3679, Test Loss: 74.0182
Epoch [3/50], Train Loss: 73.5360, Test Loss: 66.8601
Epoch [4/50], Train Loss: 66.8003, Test Loss: 60.7748
Epoch [5/50], Train Loss: 60.9194, Test Loss: 55.4445
Epoch [6/50], Train Loss: 55.7832, Test Loss: 50.8150
Epoch [7/50], Train Loss: 51.3101, Test Loss: 46.8075
Epoch [8/50], Train Loss: 47.4397, Test Loss: 43.3694
Epoch [9/50], Train Loss: 44.1271, Test Loss: 40.4558
Epoch [10/50], Train Loss: 41.3315, Test Loss: 38.0241
Epoch [11/50], Train Loss: 39.0114, Test Loss: 36.0307
Epoch [12/50], Train Loss: 37.1223, Test Loss: 34.4285
Epoch [13/50], Train Loss: 35.6145, Test Loss: 33.1663
Epoch [14/50], Train Loss: 34.4339, Test Loss: 32.1908
Epoch [15/50], Train Loss: 33.5242, Test Loss: 31.4490
Epoch [16/50], Train Loss: 32.8303, Test Loss: 30.8907
Epoch [17/50], Train Loss: 32.3003, Test Loss: 30.4714
Epoch [18/50], Train Loss: 31.8903, Test Loss: 30.1553
Epoch [19/50], Train Loss: 31.5695, Test Loss: 29.9140
Epoch [20/50], Train Loss: 31.3177, Test Loss: 29.7248
Epoch [21/50], Train Loss: 31.1182, Test Loss: 29.5725
Epoch [22/50], Train Loss: 30.9580, Test Loss: 29.4481
Epoch [23/50], Train Loss: 30.8275, Test Loss: 29.3454
Epoch [24/50], Train Loss: 30.7196, Test Loss: 29.2601
Epoch [25/50], Train Loss: 30.6293, Test Loss: 29.1889
Epoch [26/50], Train Loss: 30.5529, Test Loss: 29.1288
Epoch [27/50], Train Loss: 30.4875, Test Loss: 29.0776
Epoch [28/50], Train Loss: 30.4306, Test Loss: 29.0337
Epoch [29/50], Train Loss: 30.3803, Test Loss: 28.9958
Epoch [30/50], Train Loss: 30.3352, Test Loss: 28.9628
Epoch [31/50], Train Loss: 30.2945, Test Loss: 28.9339
Epoch [32/50], Train Loss: 30.2576, Test Loss: 28.9083
Epoch [33/50], Train Loss: 30.2243, Test Loss: 28.8854
Epoch [34/50], Train Loss: 30.1944, Test Loss: 28.8648
Epoch [35/50], Train Loss: 30.1675, Test Loss: 28.8462
Epoch [36/50], Train Loss: 30.1434, Test Loss: 28.8295
Epoch [37/50], Train Loss: 30.1218, Test Loss: 28.8144
Epoch [38/50], Train Loss: 30.1024, Test Loss: 28.8008
Epoch [39/50], Train Loss: 30.0849, Test Loss: 28.7885
Epoch [40/50], Train Loss: 30.0691, Test Loss: 28.7774
Epoch [41/50], Train Loss: 30.0547, Test Loss: 28.7673
Epoch [42/50], Train Loss: 30.0416, Test Loss: 28.7582
Epoch [43/50], Train Loss: 30.0296, Test Loss: 28.7499
Epoch [44/50], Train Loss: 30.0187, Test Loss: 28.7423
Epoch [45/50], Train Loss: 30.0086, Test Loss: 28.7355
Epoch [46/50], Train Loss: 29.9993, Test Loss: 28.7292
Epoch [47/50], Train Loss: 29.9907, Test Loss: 28.7234
Epoch [48/50], Train Loss: 29.9828, Test Loss: 28.7182
Epoch [49/50], Train Loss: 29.9755, Test Loss: 28.7134
Epoch [50/50], Train Loss: 29.9686, Test Loss: 28.7090
Training LSTM for offset 1
Epoch [1/50], Train Loss: 100.2797, Test Loss: 87.7844
Epoch [2/50], Train Loss: 83.8566, Test Loss: 74.1266
Epoch [3/50], Train Loss: 73.7842, Test Loss: 67.0835
Epoch [4/50], Train Loss: 67.0199, Test Loss: 61.1046
Epoch [5/50], Train Loss: 61.1706, Test Loss: 55.9081
Epoch [6/50], Train Loss: 56.0741, Test Loss: 51.3943
Epoch [7/50], Train Loss: 51.6390, Test Loss: 47.4901
Epoch [8/50], Train Loss: 47.8064, Test Loss: 44.1430
Epoch [9/50], Train Loss: 44.5309, Test Loss: 41.3116
Epoch [10/50], Train Loss: 41.7717, Test Loss: 38.9579
Epoch [11/50], Train Loss: 39.4871, Test Loss: 37.0411
Epoch [12/50], Train Loss: 37.6321, Test Loss: 35.5146
Epoch [13/50], Train Loss: 36.1575, Test Loss: 34.3269
Epoch [14/50], Train Loss: 35.0097, Test Loss: 33.4241
Epoch [15/50], Train Loss: 34.1338, Test Loss: 32.7525
Epoch [16/50], Train Loss: 33.4768, Test Loss: 32.2590
Epoch [17/50], Train Loss: 32.9890, Test Loss: 31.8950
Epoch [18/50], Train Loss: 32.6265, Test Loss: 31.6213
Epoch [19/50], Train Loss: 32.3539, Test Loss: 31.4108
Epoch [20/50], Train Loss: 32.1446, Test Loss: 31.2454
Epoch [21/50], Train Loss: 31.9796, Test Loss: 31.1128
Epoch [22/50], Train Loss: 31.8452, Test Loss: 31.0048
Epoch [23/50], Train Loss: 31.7323, Test Loss: 30.9156
Epoch [24/50], Train Loss: 31.6352, Test Loss: 30.8413
Epoch [25/50], Train Loss: 31.5506, Test Loss: 30.7792
Epoch [26/50], Train Loss: 31.4763, Test Loss: 30.7276
Epoch [27/50], Train Loss: 31.4115, Test Loss: 30.6853
Epoch [28/50], Train Loss: 31.3558, Test Loss: 30.6508
Epoch [29/50], Train Loss: 31.3079, Test Loss: 30.6226
Epoch [30/50], Train Loss: 31.2663, Test Loss: 30.5993
Epoch [31/50], Train Loss: 31.2300, Test Loss: 30.5799
Epoch [32/50], Train Loss: 31.1981, Test Loss: 30.5638
Epoch [33/50], Train Loss: 31.1699, Test Loss: 30.5502
Epoch [34/50], Train Loss: 31.1448, Test Loss: 30.5388
Epoch [35/50], Train Loss: 31.1223, Test Loss: 30.5291
Epoch [36/50], Train Loss: 31.1021, Test Loss: 30.5208
Epoch [37/50], Train Loss: 31.0838, Test Loss: 30.5138
Epoch [38/50], Train Loss: 31.0671, Test Loss: 30.5077
Epoch [39/50], Train Loss: 31.0519, Test Loss: 30.5023
Epoch [40/50], Train Loss: 31.0379, Test Loss: 30.4977
Epoch [41/50], Train Loss: 31.0250, Test Loss: 30.4936
Epoch [42/50], Train Loss: 31.0131, Test Loss: 30.4900
Epoch [43/50], Train Loss: 31.0019, Test Loss: 30.4867
Epoch [44/50], Train Loss: 30.9915, Test Loss: 30.4838
Epoch [45/50], Train Loss: 30.9817, Test Loss: 30.4811
Epoch [46/50], Train Loss: 30.9725, Test Loss: 30.4787
Epoch [47/50], Train Loss: 30.9638, Test Loss: 30.4764
Epoch [48/50], Train Loss: 30.9556, Test Loss: 30.4743
Epoch [49/50], Train Loss: 30.9478, Test Loss: 30.4724
Epoch [50/50], Train Loss: 30.9403, Test Loss: 30.4706
Training LSTM for offset 2
Epoch [1/50], Train Loss: 99.0673, Test Loss: 92.3645
Epoch [2/50], Train Loss: 82.6426, Test Loss: 78.1661
Epoch [3/50], Train Loss: 72.8796, Test Loss: 70.9193
Epoch [4/50], Train Loss: 66.2697, Test Loss: 64.7322
Epoch [5/50], Train Loss: 60.5304, Test Loss: 59.3265
Epoch [6/50], Train Loss: 55.5450, Test Loss: 54.6256
Epoch [7/50], Train Loss: 51.2208, Test Loss: 50.5556
Epoch [8/50], Train Loss: 47.4946, Test Loss: 47.0640
Epoch [9/50], Train Loss: 44.3180, Test Loss: 44.1063
Epoch [10/50], Train Loss: 41.6470, Test Loss: 41.6412
Epoch [11/50], Train Loss: 39.4378, Test Loss: 39.6254
Epoch [12/50], Train Loss: 37.6445, Test Loss: 38.0117
Epoch [13/50], Train Loss: 36.2187, Test Loss: 36.7485
Epoch [14/50], Train Loss: 35.1093, Test Loss: 35.7813
Epoch [15/50], Train Loss: 34.2642, Test Loss: 35.0544
Epoch [16/50], Train Loss: 33.6323, Test Loss: 34.5140
Epoch [17/50], Train Loss: 33.1658, Test Loss: 34.1124
Epoch [18/50], Train Loss: 32.8229, Test Loss: 33.8101
Epoch [19/50], Train Loss: 32.5689, Test Loss: 33.5770
Epoch [20/50], Train Loss: 32.3778, Test Loss: 33.3916
Epoch [21/50], Train Loss: 32.2306, Test Loss: 33.2398
Epoch [22/50], Train Loss: 32.1145, Test Loss: 33.1119
Epoch [23/50], Train Loss: 32.0204, Test Loss: 33.0014
Epoch [24/50], Train Loss: 31.9419, Test Loss: 32.9039
Epoch [25/50], Train Loss: 31.8749, Test Loss: 32.8174
Epoch [26/50], Train Loss: 31.8168, Test Loss: 32.7406
Epoch [27/50], Train Loss: 31.7658, Test Loss: 32.6731
Epoch [28/50], Train Loss: 31.7206, Test Loss: 32.6144
Epoch [29/50], Train Loss: 31.6807, Test Loss: 32.5639
Epoch [30/50], Train Loss: 31.6453, Test Loss: 32.5205
Epoch [31/50], Train Loss: 31.6141, Test Loss: 32.4833
Epoch [32/50], Train Loss: 31.5865, Test Loss: 32.4513
Epoch [33/50], Train Loss: 31.5621, Test Loss: 32.4235
Epoch [34/50], Train Loss: 31.5405, Test Loss: 32.3993
Epoch [35/50], Train Loss: 31.5213, Test Loss: 32.3780
Epoch [36/50], Train Loss: 31.5042, Test Loss: 32.3591
Epoch [37/50], Train Loss: 31.4889, Test Loss: 32.3423
Epoch [38/50], Train Loss: 31.4751, Test Loss: 32.3271
Epoch [39/50], Train Loss: 31.4627, Test Loss: 32.3132
Epoch [40/50], Train Loss: 31.4514, Test Loss: 32.3006
Epoch [41/50], Train Loss: 31.4411, Test Loss: 32.2890
Epoch [42/50], Train Loss: 31.4317, Test Loss: 32.2782
Epoch [43/50], Train Loss: 31.4231, Test Loss: 32.2681
Epoch [44/50], Train Loss: 31.4151, Test Loss: 32.2587
Epoch [45/50], Train Loss: 31.4077, Test Loss: 32.2498
Epoch [46/50], Train Loss: 31.4008, Test Loss: 32.2415
Epoch [47/50], Train Loss: 31.3944, Test Loss: 32.2335
Epoch [48/50], Train Loss: 31.3883, Test Loss: 32.2260
Epoch [49/50], Train Loss: 31.3827, Test Loss: 32.2188
Epoch [50/50], Train Loss: 31.3773, Test Loss: 32.2119
Training LSTM for offset 3
Epoch [1/50], Train Loss: 99.2729, Test Loss: 91.5342
Epoch [2/50], Train Loss: 83.1163, Test Loss: 77.3755
Epoch [3/50], Train Loss: 72.9418, Test Loss: 70.0856
Epoch [4/50], Train Loss: 66.3996, Test Loss: 64.0573
Epoch [5/50], Train Loss: 60.7722, Test Loss: 58.7300
Epoch [6/50], Train Loss: 55.8182, Test Loss: 54.0627
Epoch [7/50], Train Loss: 51.5112, Test Loss: 50.0188
Epoch [8/50], Train Loss: 47.8075, Test Loss: 46.5481
Epoch [9/50], Train Loss: 44.6587, Test Loss: 43.6051
Epoch [10/50], Train Loss: 42.0185, Test Loss: 41.1494
Epoch [11/50], Train Loss: 39.8419, Test Loss: 39.1391
Epoch [12/50], Train Loss: 38.0814, Test Loss: 37.5270
Epoch [13/50], Train Loss: 36.6865, Test Loss: 36.2609
Epoch [14/50], Train Loss: 35.6038, Test Loss: 35.2854
Epoch [15/50], Train Loss: 34.7787, Test Loss: 34.5455
Epoch [16/50], Train Loss: 34.1588, Test Loss: 33.9896
Epoch [17/50], Train Loss: 33.6972, Test Loss: 33.5733
Epoch [18/50], Train Loss: 33.3541, Test Loss: 33.2601
Epoch [19/50], Train Loss: 33.0973, Test Loss: 33.0215
Epoch [20/50], Train Loss: 32.9016, Test Loss: 32.8358
Epoch [21/50], Train Loss: 32.7488, Test Loss: 32.6874
Epoch [22/50], Train Loss: 32.6268, Test Loss: 32.5668
Epoch [23/50], Train Loss: 32.5282, Test Loss: 32.4681
Epoch [24/50], Train Loss: 32.4483, Test Loss: 32.3871
Epoch [25/50], Train Loss: 32.3831, Test Loss: 32.3198
Epoch [26/50], Train Loss: 32.3293, Test Loss: 32.2630
Epoch [27/50], Train Loss: 32.2842, Test Loss: 32.2144
Epoch [28/50], Train Loss: 32.2460, Test Loss: 32.1722
Epoch [29/50], Train Loss: 32.2133, Test Loss: 32.1353
Epoch [30/50], Train Loss: 32.1850, Test Loss: 32.1026
Epoch [31/50], Train Loss: 32.1602, Test Loss: 32.0734
Epoch [32/50], Train Loss: 32.1383, Test Loss: 32.0470
Epoch [33/50], Train Loss: 32.1188, Test Loss: 32.0230
Epoch [34/50], Train Loss: 32.1011, Test Loss: 32.0010
Epoch [35/50], Train Loss: 32.0851, Test Loss: 31.9806
Epoch [36/50], Train Loss: 32.0703, Test Loss: 31.9615
Epoch [37/50], Train Loss: 32.0566, Test Loss: 31.9436
Epoch [38/50], Train Loss: 32.0439, Test Loss: 31.9269
Epoch [39/50], Train Loss: 32.0322, Test Loss: 31.9114
Epoch [40/50], Train Loss: 32.0213, Test Loss: 31.8971
Epoch [41/50], Train Loss: 32.0115, Test Loss: 31.8842
Epoch [42/50], Train Loss: 32.0025, Test Loss: 31.8724
Epoch [43/50], Train Loss: 31.9943, Test Loss: 31.8618
Epoch [44/50], Train Loss: 31.9869, Test Loss: 31.8520
Epoch [45/50], Train Loss: 31.9801, Test Loss: 31.8431
Epoch [46/50], Train Loss: 31.9738, Test Loss: 31.8348
Epoch [47/50], Train Loss: 31.9681, Test Loss: 31.8270
Epoch [48/50], Train Loss: 31.9627, Test Loss: 31.8198
Epoch [49/50], Train Loss: 31.9577, Test Loss: 31.8131
Epoch [50/50], Train Loss: 31.9531, Test Loss: 31.8067
Training LSTM for offset 4
Epoch [1/50], Train Loss: 99.0985, Test Loss: 92.4234
Epoch [2/50], Train Loss: 83.6788, Test Loss: 78.9825
Epoch [3/50], Train Loss: 73.2769, Test Loss: 71.1468
Epoch [4/50], Train Loss: 66.6191, Test Loss: 65.0314
Epoch [5/50], Train Loss: 60.9880, Test Loss: 59.6472
Epoch [6/50], Train Loss: 56.0297, Test Loss: 54.9034
Epoch [7/50], Train Loss: 51.7062, Test Loss: 50.7964
Epoch [8/50], Train Loss: 47.9894, Test Loss: 47.2824
Epoch [9/50], Train Loss: 44.8320, Test Loss: 44.3106
Epoch [10/50], Train Loss: 42.1892, Test Loss: 41.8353
Epoch [11/50], Train Loss: 40.0175, Test Loss: 39.8108
Epoch [12/50], Train Loss: 38.2700, Test Loss: 38.1883
Epoch [13/50], Train Loss: 36.8947, Test Loss: 36.9146
Epoch [14/50], Train Loss: 35.8356, Test Loss: 35.9341
Epoch [15/50], Train Loss: 35.0349, Test Loss: 35.1908
Epoch [16/50], Train Loss: 34.4367, Test Loss: 34.6322
Epoch [17/50], Train Loss: 33.9915, Test Loss: 34.2126
Epoch [18/50], Train Loss: 33.6588, Test Loss: 33.8949
Epoch [19/50], Train Loss: 33.4085, Test Loss: 33.6509
Epoch [20/50], Train Loss: 33.2183, Test Loss: 33.4605
Epoch [21/50], Train Loss: 33.0720, Test Loss: 33.3101
Epoch [22/50], Train Loss: 32.9581, Test Loss: 33.1901
Epoch [23/50], Train Loss: 32.8684, Test Loss: 33.0932
Epoch [24/50], Train Loss: 32.7968, Test Loss: 33.0141
Epoch [25/50], Train Loss: 32.7387, Test Loss: 32.9485
Epoch [26/50], Train Loss: 32.6909, Test Loss: 32.8934
Epoch [27/50], Train Loss: 32.6511, Test Loss: 32.8466
Epoch [28/50], Train Loss: 32.6175, Test Loss: 32.8064
Epoch [29/50], Train Loss: 32.5888, Test Loss: 32.7714
Epoch [30/50], Train Loss: 32.5641, Test Loss: 32.7407
Epoch [31/50], Train Loss: 32.5425, Test Loss: 32.7135
Epoch [32/50], Train Loss: 32.5236, Test Loss: 32.6892
Epoch [33/50], Train Loss: 32.5068, Test Loss: 32.6674
Epoch [34/50], Train Loss: 32.4918, Test Loss: 32.6476
Epoch [35/50], Train Loss: 32.4784, Test Loss: 32.6296
Epoch [36/50], Train Loss: 32.4662, Test Loss: 32.6131
Epoch [37/50], Train Loss: 32.4552, Test Loss: 32.5979
Epoch [38/50], Train Loss: 32.4452, Test Loss: 32.5839
Epoch [39/50], Train Loss: 32.4359, Test Loss: 32.5709
Epoch [40/50], Train Loss: 32.4275, Test Loss: 32.5587
Epoch [41/50], Train Loss: 32.4197, Test Loss: 32.5474
Epoch [42/50], Train Loss: 32.4124, Test Loss: 32.5368
Epoch [43/50], Train Loss: 32.4057, Test Loss: 32.5269
Epoch [44/50], Train Loss: 32.3994, Test Loss: 32.5175
Epoch [45/50], Train Loss: 32.3935, Test Loss: 32.5087
Epoch [46/50], Train Loss: 32.3880, Test Loss: 32.5004
Epoch [47/50], Train Loss: 32.3828, Test Loss: 32.4926
Epoch [48/50], Train Loss: 32.3779, Test Loss: 32.4852
Epoch [49/50], Train Loss: 32.3733, Test Loss: 32.4781
Epoch [50/50], Train Loss: 32.3689, Test Loss: 32.4715
Training LSTM for offset 5
Epoch [1/50], Train Loss: 99.5250, Test Loss: 91.1038
Epoch [2/50], Train Loss: 83.3141, Test Loss: 76.8827
Epoch [3/50], Train Loss: 73.2903, Test Loss: 69.6490
Epoch [4/50], Train Loss: 66.8282, Test Loss: 63.6521
Epoch [5/50], Train Loss: 61.2635, Test Loss: 58.3786
Epoch [6/50], Train Loss: 56.3487, Test Loss: 53.7561
Epoch [7/50], Train Loss: 52.0685, Test Loss: 49.7660
Epoch [8/50], Train Loss: 48.3906, Test Loss: 46.3564
Epoch [9/50], Train Loss: 45.2655, Test Loss: 43.4769
Epoch [10/50], Train Loss: 42.6461, Test Loss: 41.0822
Epoch [11/50], Train Loss: 40.4867, Test Loss: 39.1275
Epoch [12/50], Train Loss: 38.7406, Test Loss: 37.5642
Epoch [13/50], Train Loss: 37.3575, Test Loss: 36.3395
Epoch [14/50], Train Loss: 36.2844, Test Loss: 35.3981
Epoch [15/50], Train Loss: 35.4672, Test Loss: 34.6848
Epoch [16/50], Train Loss: 34.8530, Test Loss: 34.1480
Epoch [17/50], Train Loss: 34.3942, Test Loss: 33.7434
Epoch [18/50], Train Loss: 34.0509, Test Loss: 33.4361
Epoch [19/50], Train Loss: 33.7924, Test Loss: 33.2002
Epoch [20/50], Train Loss: 33.5963, Test Loss: 33.0171
Epoch [21/50], Train Loss: 33.4464, Test Loss: 32.8730
Epoch [22/50], Train Loss: 33.3307, Test Loss: 32.7580
Epoch [23/50], Train Loss: 33.2402, Test Loss: 32.6648
Epoch [24/50], Train Loss: 33.1683, Test Loss: 32.5882
Epoch [25/50], Train Loss: 33.1101, Test Loss: 32.5245
Epoch [26/50], Train Loss: 33.0624, Test Loss: 32.4709
Epoch [27/50], Train Loss: 33.0227, Test Loss: 32.4255
Epoch [28/50], Train Loss: 32.9892, Test Loss: 32.3867
Epoch [29/50], Train Loss: 32.9606, Test Loss: 32.3533
Epoch [30/50], Train Loss: 32.9360, Test Loss: 32.3244
Epoch [31/50], Train Loss: 32.9145, Test Loss: 32.2991
Epoch [32/50], Train Loss: 32.8956, Test Loss: 32.2770
Epoch [33/50], Train Loss: 32.8789, Test Loss: 32.2574
Epoch [34/50], Train Loss: 32.8640, Test Loss: 32.2402
Epoch [35/50], Train Loss: 32.8506, Test Loss: 32.2248
Epoch [36/50], Train Loss: 32.8387, Test Loss: 32.2111
Epoch [37/50], Train Loss: 32.8279, Test Loss: 32.1989
Epoch [38/50], Train Loss: 32.8181, Test Loss: 32.1880
Epoch [39/50], Train Loss: 32.8093, Test Loss: 32.1782
Epoch [40/50], Train Loss: 32.8012, Test Loss: 32.1694
Epoch [41/50], Train Loss: 32.7938, Test Loss: 32.1615
Epoch [42/50], Train Loss: 32.7870, Test Loss: 32.1544
Epoch [43/50], Train Loss: 32.7807, Test Loss: 32.1479
Epoch [44/50], Train Loss: 32.7749, Test Loss: 32.1421
Epoch [45/50], Train Loss: 32.7695, Test Loss: 32.1368
Epoch [46/50], Train Loss: 32.7645, Test Loss: 32.1319
Epoch [47/50], Train Loss: 32.7597, Test Loss: 32.1275
Epoch [48/50], Train Loss: 32.7553, Test Loss: 32.1235
Epoch [49/50], Train Loss: 32.7512, Test Loss: 32.1198
Epoch [50/50], Train Loss: 32.7473, Test Loss: 32.1164
Training LSTM for offset 6
Epoch [1/50], Train Loss: 100.9707, Test Loss: 85.8258
Epoch [2/50], Train Loss: 84.3925, Test Loss: 72.2936
Epoch [3/50], Train Loss: 74.3220, Test Loss: 65.5253
Epoch [4/50], Train Loss: 67.7486, Test Loss: 59.8973
Epoch [5/50], Train Loss: 62.0679, Test Loss: 54.9513
Epoch [6/50], Train Loss: 57.0477, Test Loss: 50.6264
Epoch [7/50], Train Loss: 52.6760, Test Loss: 46.9146
Epoch [8/50], Train Loss: 48.9177, Test Loss: 43.7652
Epoch [9/50], Train Loss: 45.7203, Test Loss: 41.1279
Epoch [10/50], Train Loss: 43.0355, Test Loss: 38.9568
Epoch [11/50], Train Loss: 40.8182, Test Loss: 37.2066
Epoch [12/50], Train Loss: 39.0220, Test Loss: 35.8290
Epoch [13/50], Train Loss: 37.5978, Test Loss: 34.7724
Epoch [14/50], Train Loss: 36.4932, Test Loss: 33.9837
Epoch [15/50], Train Loss: 35.6543, Test Loss: 33.4095
Epoch [16/50], Train Loss: 35.0281, Test Loss: 32.9993
Epoch [17/50], Train Loss: 34.5652, Test Loss: 32.7084
Epoch [18/50], Train Loss: 34.2234, Test Loss: 32.5006
Epoch [19/50], Train Loss: 33.9695, Test Loss: 32.3496
Epoch [20/50], Train Loss: 33.7786, Test Loss: 32.2386
Epoch [21/50], Train Loss: 33.6327, Test Loss: 32.1569
Epoch [22/50], Train Loss: 33.5191, Test Loss: 32.0968
Epoch [23/50], Train Loss: 33.4291, Test Loss: 32.0527
Epoch [24/50], Train Loss: 33.3564, Test Loss: 32.0200
Epoch [25/50], Train Loss: 33.2969, Test Loss: 31.9958
Epoch [26/50], Train Loss: 33.2474, Test Loss: 31.9779
Epoch [27/50], Train Loss: 33.2058, Test Loss: 31.9645
Epoch [28/50], Train Loss: 33.1705, Test Loss: 31.9547
Epoch [29/50], Train Loss: 33.1403, Test Loss: 31.9475
Epoch [30/50], Train Loss: 33.1144, Test Loss: 31.9424
Epoch [31/50], Train Loss: 33.0919, Test Loss: 31.9389
Epoch [32/50], Train Loss: 33.0723, Test Loss: 31.9366
Epoch [33/50], Train Loss: 33.0552, Test Loss: 31.9352
Epoch [34/50], Train Loss: 33.0401, Test Loss: 31.9345
Epoch [35/50], Train Loss: 33.0267, Test Loss: 31.9343
Epoch [36/50], Train Loss: 33.0148, Test Loss: 31.9344
Epoch [37/50], Train Loss: 33.0042, Test Loss: 31.9348
Epoch [38/50], Train Loss: 32.9946, Test Loss: 31.9353
Epoch [39/50], Train Loss: 32.9860, Test Loss: 31.9360
Epoch [40/50], Train Loss: 32.9781, Test Loss: 31.9366
Epoch [41/50], Train Loss: 32.9709, Test Loss: 31.9373
Epoch [42/50], Train Loss: 32.9644, Test Loss: 31.9380
Epoch [43/50], Train Loss: 32.9583, Test Loss: 31.9386
Epoch [44/50], Train Loss: 32.9528, Test Loss: 31.9392
Epoch [45/50], Train Loss: 32.9476, Test Loss: 31.9398
Epoch [46/50], Train Loss: 32.9428, Test Loss: 31.9403
Epoch [47/50], Train Loss: 32.9384, Test Loss: 31.9407
Epoch [48/50], Train Loss: 32.9342, Test Loss: 31.9410
Epoch [49/50], Train Loss: 32.9303, Test Loss: 31.9413
Epoch [50/50], Train Loss: 32.9266, Test Loss: 31.9415
Training LSTM for offset 7
Epoch [1/50], Train Loss: 99.6789, Test Loss: 90.3940
Epoch [2/50], Train Loss: 83.1129, Test Loss: 76.4355
Epoch [3/50], Train Loss: 73.3023, Test Loss: 69.5082
Epoch [4/50], Train Loss: 66.8636, Test Loss: 63.6929
Epoch [5/50], Train Loss: 61.2966, Test Loss: 58.5540
Epoch [6/50], Train Loss: 56.3901, Test Loss: 54.0465
Epoch [7/50], Train Loss: 52.1326, Test Loss: 50.1604
Epoch [8/50], Train Loss: 48.4835, Test Loss: 46.8431
Epoch [9/50], Train Loss: 45.3870, Test Loss: 44.0463
Epoch [10/50], Train Loss: 42.7928, Test Loss: 41.7258
Epoch [11/50], Train Loss: 40.6549, Test Loss: 39.8368
Epoch [12/50], Train Loss: 38.9262, Test Loss: 38.3306
Epoch [13/50], Train Loss: 37.5567, Test Loss: 37.1551
Epoch [14/50], Train Loss: 36.4941, Test Loss: 36.2562
Epoch [15/50], Train Loss: 35.6853, Test Loss: 35.5805
Epoch [16/50], Train Loss: 35.0791, Test Loss: 35.0773
Epoch [17/50], Train Loss: 34.6291, Test Loss: 34.7021
Epoch [18/50], Train Loss: 34.2956, Test Loss: 34.4182
Epoch [19/50], Train Loss: 34.0466, Test Loss: 34.1979
Epoch [20/50], Train Loss: 33.8584, Test Loss: 34.0229
Epoch [21/50], Train Loss: 33.7145, Test Loss: 33.8825
Epoch [22/50], Train Loss: 33.6030, Test Loss: 33.7701
Epoch [23/50], Train Loss: 33.5154, Test Loss: 33.6805
Epoch [24/50], Train Loss: 33.4457, Test Loss: 33.6090
Epoch [25/50], Train Loss: 33.3893, Test Loss: 33.5518
Epoch [26/50], Train Loss: 33.3429, Test Loss: 33.5055
Epoch [27/50], Train Loss: 33.3043, Test Loss: 33.4676
Epoch [28/50], Train Loss: 33.2718, Test Loss: 33.4362
Epoch [29/50], Train Loss: 33.2440, Test Loss: 33.4098
Epoch [30/50], Train Loss: 33.2202, Test Loss: 33.3872
Epoch [31/50], Train Loss: 33.1996, Test Loss: 33.3677
Epoch [32/50], Train Loss: 33.1816, Test Loss: 33.3507
Epoch [33/50], Train Loss: 33.1658, Test Loss: 33.3356
Epoch [34/50], Train Loss: 33.1520, Test Loss: 33.3221
Epoch [35/50], Train Loss: 33.1397, Test Loss: 33.3100
Epoch [36/50], Train Loss: 33.1289, Test Loss: 33.2990
Epoch [37/50], Train Loss: 33.1193, Test Loss: 33.2890
Epoch [38/50], Train Loss: 33.1107, Test Loss: 33.2798
Epoch [39/50], Train Loss: 33.1029, Test Loss: 33.2713
Epoch [40/50], Train Loss: 33.0960, Test Loss: 33.2635
Epoch [41/50], Train Loss: 33.0897, Test Loss: 33.2563
Epoch [42/50], Train Loss: 33.0840, Test Loss: 33.2496
Epoch [43/50], Train Loss: 33.0788, Test Loss: 33.2434
Epoch [44/50], Train Loss: 33.0740, Test Loss: 33.2375
Epoch [45/50], Train Loss: 33.0697, Test Loss: 33.2321
Epoch [46/50], Train Loss: 33.0656, Test Loss: 33.2270
Epoch [47/50], Train Loss: 33.0619, Test Loss: 33.2222
Epoch [48/50], Train Loss: 33.0585, Test Loss: 33.2177
Epoch [49/50], Train Loss: 33.0553, Test Loss: 33.2135
Epoch [50/50], Train Loss: 33.0523, Test Loss: 33.2095
Training LSTM for offset 8
Epoch [1/50], Train Loss: 98.8757, Test Loss: 93.0495
Epoch [2/50], Train Loss: 82.2983, Test Loss: 78.7410
Epoch [3/50], Train Loss: 72.6435, Test Loss: 71.6229
Epoch [4/50], Train Loss: 66.2584, Test Loss: 65.6214
Epoch [5/50], Train Loss: 60.7380, Test Loss: 60.3040
Epoch [6/50], Train Loss: 55.8704, Test Loss: 55.6195
Epoch [7/50], Train Loss: 51.6428, Test Loss: 51.5613
Epoch [8/50], Train Loss: 48.0187, Test Loss: 48.0820
Epoch [9/50], Train Loss: 44.9463, Test Loss: 45.1317
Epoch [10/50], Train Loss: 42.3784, Test Loss: 42.6658
Epoch [11/50], Train Loss: 40.2713, Test Loss: 40.6408
Epoch [12/50], Train Loss: 38.5793, Test Loss: 39.0105
Epoch [13/50], Train Loss: 37.2528, Test Loss: 37.7247
Epoch [14/50], Train Loss: 36.2380, Test Loss: 36.7301
Epoch [15/50], Train Loss: 35.4794, Test Loss: 35.9732
Epoch [16/50], Train Loss: 34.9228, Test Loss: 35.4028
Epoch [17/50], Train Loss: 34.5185, Test Loss: 34.9735
Epoch [18/50], Train Loss: 34.2245, Test Loss: 34.6475
Epoch [19/50], Train Loss: 34.0083, Test Loss: 34.3962
Epoch [20/50], Train Loss: 33.8463, Test Loss: 34.1997
Epoch [21/50], Train Loss: 33.7229, Test Loss: 34.0448
Epoch [22/50], Train Loss: 33.6274, Test Loss: 33.9221
Epoch [23/50], Train Loss: 33.5522, Test Loss: 33.8241
Epoch [24/50], Train Loss: 33.4919, Test Loss: 33.7453
Epoch [25/50], Train Loss: 33.4427, Test Loss: 33.6812
Epoch [26/50], Train Loss: 33.4019, Test Loss: 33.6285
Epoch [27/50], Train Loss: 33.3675, Test Loss: 33.5846
Epoch [28/50], Train Loss: 33.3381, Test Loss: 33.5477
Epoch [29/50], Train Loss: 33.3127, Test Loss: 33.5162
Epoch [30/50], Train Loss: 33.2907, Test Loss: 33.4892
Epoch [31/50], Train Loss: 33.2713, Test Loss: 33.4658
Epoch [32/50], Train Loss: 33.2544, Test Loss: 33.4454
Epoch [33/50], Train Loss: 33.2393, Test Loss: 33.4276
Epoch [34/50], Train Loss: 33.2260, Test Loss: 33.4120
Epoch [35/50], Train Loss: 33.2142, Test Loss: 33.3982
Epoch [36/50], Train Loss: 33.2037, Test Loss: 33.3860
Epoch [37/50], Train Loss: 33.1942, Test Loss: 33.3751
Epoch [38/50], Train Loss: 33.1857, Test Loss: 33.3653
Epoch [39/50], Train Loss: 33.1780, Test Loss: 33.3565
Epoch [40/50], Train Loss: 33.1710, Test Loss: 33.3485
Epoch [41/50], Train Loss: 33.1646, Test Loss: 33.3412
Epoch [42/50], Train Loss: 33.1588, Test Loss: 33.3345
Epoch [43/50], Train Loss: 33.1534, Test Loss: 33.3283
Epoch [44/50], Train Loss: 33.1485, Test Loss: 33.3226
Epoch [45/50], Train Loss: 33.1439, Test Loss: 33.3173
Epoch [46/50], Train Loss: 33.1396, Test Loss: 33.3123
Epoch [47/50], Train Loss: 33.1356, Test Loss: 33.3077
Epoch [48/50], Train Loss: 33.1319, Test Loss: 33.3033
Epoch [49/50], Train Loss: 33.1284, Test Loss: 33.2992
Epoch [50/50], Train Loss: 33.1251, Test Loss: 33.2953
Training LSTM for offset 9
Epoch [1/50], Train Loss: 99.1191, Test Loss: 91.8392
Epoch [2/50], Train Loss: 82.5726, Test Loss: 77.6270
Epoch [3/50], Train Loss: 72.9411, Test Loss: 70.6002
Epoch [4/50], Train Loss: 66.5798, Test Loss: 64.6753
Epoch [5/50], Train Loss: 61.0779, Test Loss: 59.4229
Epoch [6/50], Train Loss: 56.2186, Test Loss: 54.7836
Epoch [7/50], Train Loss: 51.9880, Test Loss: 50.7594
Epoch [8/50], Train Loss: 48.3551, Test Loss: 47.3108
Epoch [9/50], Train Loss: 45.2702, Test Loss: 44.3939
Epoch [10/50], Train Loss: 42.6876, Test Loss: 41.9669
Epoch [11/50], Train Loss: 40.5641, Test Loss: 39.9863
Epoch [12/50], Train Loss: 38.8541, Test Loss: 38.4043
Epoch [13/50], Train Loss: 37.5077, Test Loss: 37.1686
Epoch [14/50], Train Loss: 36.4714, Test Loss: 36.2244
Epoch [15/50], Train Loss: 35.6907, Test Loss: 35.5174
Epoch [16/50], Train Loss: 35.1125, Test Loss: 34.9962
Epoch [17/50], Train Loss: 34.6882, Test Loss: 34.6153
Epoch [18/50], Train Loss: 34.3769, Test Loss: 34.3370
Epoch [19/50], Train Loss: 34.1464, Test Loss: 34.1313
Epoch [20/50], Train Loss: 33.9732, Test Loss: 33.9759
Epoch [21/50], Train Loss: 33.8408, Test Loss: 33.8555
Epoch [22/50], Train Loss: 33.7380, Test Loss: 33.7599
Epoch [23/50], Train Loss: 33.6569, Test Loss: 33.6827
Epoch [24/50], Train Loss: 33.5919, Test Loss: 33.6192
Epoch [25/50], Train Loss: 33.5391, Test Loss: 33.5664
Epoch [26/50], Train Loss: 33.4954, Test Loss: 33.5219
Epoch [27/50], Train Loss: 33.4590, Test Loss: 33.4840
Epoch [28/50], Train Loss: 33.4282, Test Loss: 33.4515
Epoch [29/50], Train Loss: 33.4021, Test Loss: 33.4233
Epoch [30/50], Train Loss: 33.3796, Test Loss: 33.3989
Epoch [31/50], Train Loss: 33.3603, Test Loss: 33.3775
Epoch [32/50], Train Loss: 33.3435, Test Loss: 33.3587
Epoch [33/50], Train Loss: 33.3289, Test Loss: 33.3420
Epoch [34/50], Train Loss: 33.3161, Test Loss: 33.3273
Epoch [35/50], Train Loss: 33.3048, Test Loss: 33.3141
Epoch [36/50], Train Loss: 33.2947, Test Loss: 33.3022
Epoch [37/50], Train Loss: 33.2858, Test Loss: 33.2916
Epoch [38/50], Train Loss: 33.2777, Test Loss: 33.2819
Epoch [39/50], Train Loss: 33.2705, Test Loss: 33.2732
Epoch [40/50], Train Loss: 33.2638, Test Loss: 33.2652
Epoch [41/50], Train Loss: 33.2578, Test Loss: 33.2578
Epoch [42/50], Train Loss: 33.2522, Test Loss: 33.2511
Epoch [43/50], Train Loss: 33.2470, Test Loss: 33.2449
Epoch [44/50], Train Loss: 33.2421, Test Loss: 33.2392
Epoch [45/50], Train Loss: 33.2374, Test Loss: 33.2339
Epoch [46/50], Train Loss: 33.2330, Test Loss: 33.2291
Epoch [47/50], Train Loss: 33.2287, Test Loss: 33.2246
Epoch [48/50], Train Loss: 33.2244, Test Loss: 33.2205
Epoch [49/50], Train Loss: 33.2203, Test Loss: 33.2168
Epoch [50/50], Train Loss: 33.2162, Test Loss: 33.2133
Training LSTM for offset 10
Epoch [1/50], Train Loss: 99.4773, Test Loss: 90.5582
Epoch [2/50], Train Loss: 83.0027, Test Loss: 76.3953
Epoch [3/50], Train Loss: 73.2216, Test Loss: 69.3909
Epoch [4/50], Train Loss: 66.7896, Test Loss: 63.5142
Epoch [5/50], Train Loss: 61.2118, Test Loss: 58.3278
Epoch [6/50], Train Loss: 56.2695, Test Loss: 53.7689
Epoch [7/50], Train Loss: 51.9572, Test Loss: 49.8477
Epoch [8/50], Train Loss: 48.2565, Test Loss: 46.5219
Epoch [9/50], Train Loss: 45.1184, Test Loss: 43.7393
Epoch [10/50], Train Loss: 42.4962, Test Loss: 41.4516
Epoch [11/50], Train Loss: 40.3458, Test Loss: 39.6101
Epoch [12/50], Train Loss: 38.6206, Test Loss: 38.1628
Epoch [13/50], Train Loss: 37.2692, Test Loss: 37.0536
Epoch [14/50], Train Loss: 36.2358, Test Loss: 36.2240
Epoch [15/50], Train Loss: 35.4621, Test Loss: 35.6162
Epoch [16/50], Train Loss: 34.8907, Test Loss: 35.1771
Epoch [17/50], Train Loss: 34.4708, Test Loss: 34.8619
Epoch [18/50], Train Loss: 34.1615, Test Loss: 34.6358
Epoch [19/50], Train Loss: 33.9319, Test Loss: 34.4724
Epoch [20/50], Train Loss: 33.7595, Test Loss: 34.3525
Epoch [21/50], Train Loss: 33.6278, Test Loss: 34.2628
Epoch [22/50], Train Loss: 33.5254, Test Loss: 34.1942
Epoch [23/50], Train Loss: 33.4445, Test Loss: 34.1407
Epoch [24/50], Train Loss: 33.3796, Test Loss: 34.0979
Epoch [25/50], Train Loss: 33.3267, Test Loss: 34.0630
Epoch [26/50], Train Loss: 33.2831, Test Loss: 34.0340
Epoch [27/50], Train Loss: 33.2466, Test Loss: 34.0094
Epoch [28/50], Train Loss: 33.2158, Test Loss: 33.9883
Epoch [29/50], Train Loss: 33.1893, Test Loss: 33.9698
Epoch [30/50], Train Loss: 33.1664, Test Loss: 33.9535
Epoch [31/50], Train Loss: 33.1464, Test Loss: 33.9390
Epoch [32/50], Train Loss: 33.1287, Test Loss: 33.9259
Epoch [33/50], Train Loss: 33.1129, Test Loss: 33.9141
Epoch [34/50], Train Loss: 33.0987, Test Loss: 33.9035
Epoch [35/50], Train Loss: 33.0860, Test Loss: 33.8938
Epoch [36/50], Train Loss: 33.0744, Test Loss: 33.8851
Epoch [37/50], Train Loss: 33.0639, Test Loss: 33.8772
Epoch [38/50], Train Loss: 33.0544, Test Loss: 33.8700
Epoch [39/50], Train Loss: 33.0456, Test Loss: 33.8634
Epoch [40/50], Train Loss: 33.0376, Test Loss: 33.8575
Epoch [41/50], Train Loss: 33.0302, Test Loss: 33.8519
Epoch [42/50], Train Loss: 33.0234, Test Loss: 33.8468
Epoch [43/50], Train Loss: 33.0170, Test Loss: 33.8421
Epoch [44/50], Train Loss: 33.0111, Test Loss: 33.8376
Epoch [45/50], Train Loss: 33.0055, Test Loss: 33.8335
Epoch [46/50], Train Loss: 33.0003, Test Loss: 33.8296
Epoch [47/50], Train Loss: 32.9954, Test Loss: 33.8259
Epoch [48/50], Train Loss: 32.9908, Test Loss: 33.8224
Epoch [49/50], Train Loss: 32.9865, Test Loss: 33.8191
Epoch [50/50], Train Loss: 32.9824, Test Loss: 33.8159
Training LSTM for offset 11
Epoch [1/50], Train Loss: 99.3453, Test Loss: 91.4806
Epoch [2/50], Train Loss: 82.8426, Test Loss: 77.3673
Epoch [3/50], Train Loss: 73.1119, Test Loss: 70.3846
Epoch [4/50], Train Loss: 66.7317, Test Loss: 64.5128
Epoch [5/50], Train Loss: 61.2086, Test Loss: 59.3365
Epoch [6/50], Train Loss: 56.3263, Test Loss: 54.7839
Epoch [7/50], Train Loss: 52.0708, Test Loss: 50.8572
Epoch [8/50], Train Loss: 48.4217, Test Loss: 47.5089
Epoch [9/50], Train Loss: 45.3262, Test Loss: 44.6849
Epoch [10/50], Train Loss: 42.7344, Test Loss: 42.3393
Epoch [11/50], Train Loss: 40.6012, Test Loss: 40.4274
Epoch [12/50], Train Loss: 38.8807, Test Loss: 38.9012
Epoch [13/50], Train Loss: 37.5237, Test Loss: 37.7094
Epoch [14/50], Train Loss: 36.4777, Test Loss: 36.7987
Epoch [15/50], Train Loss: 35.6884, Test Loss: 36.1161
Epoch [16/50], Train Loss: 35.1029, Test Loss: 35.6118
Epoch [17/50], Train Loss: 34.6726, Test Loss: 35.2416
Epoch [18/50], Train Loss: 34.3570, Test Loss: 34.9691
Epoch [19/50], Train Loss: 34.1242, Test Loss: 34.7657
Epoch [20/50], Train Loss: 33.9504, Test Loss: 34.6102
Epoch [21/50], Train Loss: 33.8182, Test Loss: 34.4883
Epoch [22/50], Train Loss: 33.7156, Test Loss: 34.3905
Epoch [23/50], Train Loss: 33.6344, Test Loss: 34.3107
Epoch [24/50], Train Loss: 33.5691, Test Loss: 34.2445
Epoch [25/50], Train Loss: 33.5158, Test Loss: 34.1889
Epoch [26/50], Train Loss: 33.4717, Test Loss: 34.1418
Epoch [27/50], Train Loss: 33.4349, Test Loss: 34.1013
Epoch [28/50], Train Loss: 33.4037, Test Loss: 34.0664
Epoch [29/50], Train Loss: 33.3772, Test Loss: 34.0360
Epoch [30/50], Train Loss: 33.3543, Test Loss: 34.0093
Epoch [31/50], Train Loss: 33.3345, Test Loss: 33.9858
Epoch [32/50], Train Loss: 33.3172, Test Loss: 33.9649
Epoch [33/50], Train Loss: 33.3019, Test Loss: 33.9462
Epoch [34/50], Train Loss: 33.2884, Test Loss: 33.9296
Epoch [35/50], Train Loss: 33.2764, Test Loss: 33.9145
Epoch [36/50], Train Loss: 33.2656, Test Loss: 33.9009
Epoch [37/50], Train Loss: 33.2558, Test Loss: 33.8885
Epoch [38/50], Train Loss: 33.2470, Test Loss: 33.8772
Epoch [39/50], Train Loss: 33.2390, Test Loss: 33.8669
Epoch [40/50], Train Loss: 33.2316, Test Loss: 33.8573
Epoch [41/50], Train Loss: 33.2248, Test Loss: 33.8485
Epoch [42/50], Train Loss: 33.2186, Test Loss: 33.8403
Epoch [43/50], Train Loss: 33.2127, Test Loss: 33.8327
Epoch [44/50], Train Loss: 33.2073, Test Loss: 33.8256
Epoch [45/50], Train Loss: 33.2022, Test Loss: 33.8189
Epoch [46/50], Train Loss: 33.1975, Test Loss: 33.8126
Epoch [47/50], Train Loss: 33.1930, Test Loss: 33.8067
Epoch [48/50], Train Loss: 33.1888, Test Loss: 33.8010
Epoch [49/50], Train Loss: 33.1848, Test Loss: 33.7957
Epoch [50/50], Train Loss: 33.1809, Test Loss: 33.7906
Training LSTM for offset 12
Epoch [1/50], Train Loss: 98.8173, Test Loss: 93.1650
Epoch [2/50], Train Loss: 82.3588, Test Loss: 78.9270
Epoch [3/50], Train Loss: 72.7452, Test Loss: 71.8603
Epoch [4/50], Train Loss: 66.4103, Test Loss: 65.8938
Epoch [5/50], Train Loss: 60.9215, Test Loss: 60.6290
Epoch [6/50], Train Loss: 56.0679, Test Loss: 55.9839
Epoch [7/50], Train Loss: 51.8349, Test Loss: 51.9652
Epoch [8/50], Train Loss: 48.2101, Test Loss: 48.5334
Epoch [9/50], Train Loss: 45.1410, Test Loss: 45.6363
Epoch [10/50], Train Loss: 42.5763, Test Loss: 43.2278
Epoch [11/50], Train Loss: 40.4700, Test Loss: 41.2629
Epoch [12/50], Train Loss: 38.7752, Test Loss: 39.6936
Epoch [13/50], Train Loss: 37.4414, Test Loss: 38.4679
Epoch [14/50], Train Loss: 36.4146, Test Loss: 37.5314
Epoch [15/50], Train Loss: 35.6400, Test Loss: 36.8295
Epoch [16/50], Train Loss: 35.0648, Test Loss: 36.3112
Epoch [17/50], Train Loss: 34.6413, Test Loss: 35.9310
Epoch [18/50], Train Loss: 34.3294, Test Loss: 35.6514
Epoch [19/50], Train Loss: 34.0973, Test Loss: 35.4428
Epoch [20/50], Train Loss: 33.9214, Test Loss: 35.2831
Epoch [21/50], Train Loss: 33.7853, Test Loss: 35.1571
Epoch [22/50], Train Loss: 33.6783, Test Loss: 35.0553
Epoch [23/50], Train Loss: 33.5929, Test Loss: 34.9715
Epoch [24/50], Train Loss: 33.5238, Test Loss: 34.9014
Epoch [25/50], Train Loss: 33.4670, Test Loss: 34.8421
Epoch [26/50], Train Loss: 33.4199, Test Loss: 34.7913
Epoch [27/50], Train Loss: 33.3802, Test Loss: 34.7474
Epoch [28/50], Train Loss: 33.3465, Test Loss: 34.7093
Epoch [29/50], Train Loss: 33.3178, Test Loss: 34.6760
Epoch [30/50], Train Loss: 33.2931, Test Loss: 34.6467
Epoch [31/50], Train Loss: 33.2718, Test Loss: 34.6207
Epoch [32/50], Train Loss: 33.2532, Test Loss: 34.5976
Epoch [33/50], Train Loss: 33.2368, Test Loss: 34.5769
Epoch [34/50], Train Loss: 33.2224, Test Loss: 34.5582
Epoch [35/50], Train Loss: 33.2094, Test Loss: 34.5412
Epoch [36/50], Train Loss: 33.1978, Test Loss: 34.5258
Epoch [37/50], Train Loss: 33.1873, Test Loss: 34.5117
Epoch [38/50], Train Loss: 33.1777, Test Loss: 34.4987
Epoch [39/50], Train Loss: 33.1690, Test Loss: 34.4867
Epoch [40/50], Train Loss: 33.1609, Test Loss: 34.4757
Epoch [41/50], Train Loss: 33.1535, Test Loss: 34.4654
Epoch [42/50], Train Loss: 33.1466, Test Loss: 34.4558
Epoch [43/50], Train Loss: 33.1402, Test Loss: 34.4468
Epoch [44/50], Train Loss: 33.1342, Test Loss: 34.4384
Epoch [45/50], Train Loss: 33.1286, Test Loss: 34.4305
Epoch [46/50], Train Loss: 33.1233, Test Loss: 34.4230
Epoch [47/50], Train Loss: 33.1183, Test Loss: 34.4159
Epoch [48/50], Train Loss: 33.1136, Test Loss: 34.4091
Epoch [49/50], Train Loss: 33.1092, Test Loss: 34.4027
Epoch [50/50], Train Loss: 33.1050, Test Loss: 34.3965
Training LSTM for offset 13
Epoch [1/50], Train Loss: 99.6560, Test Loss: 90.1908
Epoch [2/50], Train Loss: 83.1095, Test Loss: 76.2220
Epoch [3/50], Train Loss: 73.3867, Test Loss: 69.3422
Epoch [4/50], Train Loss: 66.9971, Test Loss: 63.5495
Epoch [5/50], Train Loss: 61.4536, Test Loss: 58.4529
Epoch [6/50], Train Loss: 56.5454, Test Loss: 53.9784
Epoch [7/50], Train Loss: 52.2646, Test Loss: 50.1315
Epoch [8/50], Train Loss: 48.6006, Test Loss: 46.8673
Epoch [9/50], Train Loss: 45.5027, Test Loss: 44.1299
Epoch [10/50], Train Loss: 42.9211, Test Loss: 41.8697
Epoch [11/50], Train Loss: 40.8092, Test Loss: 40.0389
Epoch [12/50], Train Loss: 39.1180, Test Loss: 38.5872
Epoch [13/50], Train Loss: 37.7946, Test Loss: 37.4611
Epoch [14/50], Train Loss: 36.7825, Test Loss: 36.6047
Epoch [15/50], Train Loss: 36.0237, Test Loss: 35.9628
Epoch [16/50], Train Loss: 35.4621, Test Loss: 35.4846
Epoch [17/50], Train Loss: 35.0472, Test Loss: 35.1282
Epoch [18/50], Train Loss: 34.7389, Test Loss: 34.8623
Epoch [19/50], Train Loss: 34.5076, Test Loss: 34.6630
Epoch [20/50], Train Loss: 34.3313, Test Loss: 34.5113
Epoch [21/50], Train Loss: 34.1945, Test Loss: 34.3934
Epoch [22/50], Train Loss: 34.0861, Test Loss: 34.2999
Epoch [23/50], Train Loss: 33.9986, Test Loss: 34.2243
Epoch [24/50], Train Loss: 33.9268, Test Loss: 34.1620
Epoch [25/50], Train Loss: 33.8671, Test Loss: 34.1100
Epoch [26/50], Train Loss: 33.8167, Test Loss: 34.0660
Epoch [27/50], Train Loss: 33.7737, Test Loss: 34.0283
Epoch [28/50], Train Loss: 33.7368, Test Loss: 33.9956
Epoch [29/50], Train Loss: 33.7047, Test Loss: 33.9672
Epoch [30/50], Train Loss: 33.6765, Test Loss: 33.9422
Epoch [31/50], Train Loss: 33.6517, Test Loss: 33.9201
Epoch [32/50], Train Loss: 33.6297, Test Loss: 33.9005
Epoch [33/50], Train Loss: 33.6099, Test Loss: 33.8830
Epoch [34/50], Train Loss: 33.5922, Test Loss: 33.8674
Epoch [35/50], Train Loss: 33.5761, Test Loss: 33.8534
Epoch [36/50], Train Loss: 33.5614, Test Loss: 33.8408
Epoch [37/50], Train Loss: 33.5480, Test Loss: 33.8295
Epoch [38/50], Train Loss: 33.5357, Test Loss: 33.8192
Epoch [39/50], Train Loss: 33.5243, Test Loss: 33.8099
Epoch [40/50], Train Loss: 33.5138, Test Loss: 33.8015
Epoch [41/50], Train Loss: 33.5039, Test Loss: 33.7938
Epoch [42/50], Train Loss: 33.4948, Test Loss: 33.7869
Epoch [43/50], Train Loss: 33.4862, Test Loss: 33.7805
Epoch [44/50], Train Loss: 33.4782, Test Loss: 33.7747
Epoch [45/50], Train Loss: 33.4707, Test Loss: 33.7693
Epoch [46/50], Train Loss: 33.4636, Test Loss: 33.7644
Epoch [47/50], Train Loss: 33.4570, Test Loss: 33.7599
Epoch [48/50], Train Loss: 33.4507, Test Loss: 33.7557
Epoch [49/50], Train Loss: 33.4448, Test Loss: 33.7519
Epoch [50/50], Train Loss: 33.4392, Test Loss: 33.7484
Training LSTM for offset 14
Epoch [1/50], Train Loss: 99.6989, Test Loss: 90.0136
Epoch [2/50], Train Loss: 83.1564, Test Loss: 75.9337
Epoch [3/50], Train Loss: 73.4776, Test Loss: 69.0214
Epoch [4/50], Train Loss: 67.1282, Test Loss: 63.2088
Epoch [5/50], Train Loss: 61.6258, Test Loss: 58.0905
Epoch [6/50], Train Loss: 56.7641, Test Loss: 53.5778
Epoch [7/50], Train Loss: 52.5279, Test Loss: 49.6766
Epoch [8/50], Train Loss: 48.9035, Test Loss: 46.3543
Epoch [9/50], Train Loss: 45.8381, Test Loss: 43.5615
Epoch [10/50], Train Loss: 43.2799, Test Loss: 41.2517
Epoch [11/50], Train Loss: 41.1824, Test Loss: 39.3788
Epoch [12/50], Train Loss: 39.4980, Test Loss: 37.8943
Epoch [13/50], Train Loss: 38.1752, Test Loss: 36.7455
Epoch [14/50], Train Loss: 37.1592, Test Loss: 35.8772
Epoch [15/50], Train Loss: 36.3941, Test Loss: 35.2336
Epoch [16/50], Train Loss: 35.8267, Test Loss: 34.7626
Epoch [17/50], Train Loss: 35.4095, Test Loss: 34.4188
Epoch [18/50], Train Loss: 35.1031, Test Loss: 34.1652
Epoch [19/50], Train Loss: 34.8759, Test Loss: 33.9737
Epoch [20/50], Train Loss: 34.7039, Test Loss: 33.8247
Epoch [21/50], Train Loss: 34.5705, Test Loss: 33.7059
Epoch [22/50], Train Loss: 34.4647, Test Loss: 33.6100
Epoch [23/50], Train Loss: 34.3793, Test Loss: 33.5318
Epoch [24/50], Train Loss: 34.3094, Test Loss: 33.4675
Epoch [25/50], Train Loss: 34.2514, Test Loss: 33.4141
Epoch [26/50], Train Loss: 34.2028, Test Loss: 33.3692
Epoch [27/50], Train Loss: 34.1619, Test Loss: 33.3313
Epoch [28/50], Train Loss: 34.1271, Test Loss: 33.2989
Epoch [29/50], Train Loss: 34.0973, Test Loss: 33.2710
Epoch [30/50], Train Loss: 34.0717, Test Loss: 33.2468
Epoch [31/50], Train Loss: 34.0494, Test Loss: 33.2256
Epoch [32/50], Train Loss: 34.0299, Test Loss: 33.2070
Epoch [33/50], Train Loss: 34.0128, Test Loss: 33.1905
Epoch [34/50], Train Loss: 33.9976, Test Loss: 33.1757
Epoch [35/50], Train Loss: 33.9841, Test Loss: 33.1625
Epoch [36/50], Train Loss: 33.9719, Test Loss: 33.1504
Epoch [37/50], Train Loss: 33.9609, Test Loss: 33.1395
Epoch [38/50], Train Loss: 33.9509, Test Loss: 33.1295
Epoch [39/50], Train Loss: 33.9417, Test Loss: 33.1202
Epoch [40/50], Train Loss: 33.9332, Test Loss: 33.1117
Epoch [41/50], Train Loss: 33.9254, Test Loss: 33.1037
Epoch [42/50], Train Loss: 33.9181, Test Loss: 33.0963
Epoch [43/50], Train Loss: 33.9114, Test Loss: 33.0893
Epoch [44/50], Train Loss: 33.9050, Test Loss: 33.0828
Epoch [45/50], Train Loss: 33.8990, Test Loss: 33.0767
Epoch [46/50], Train Loss: 33.8934, Test Loss: 33.0709
Epoch [47/50], Train Loss: 33.8880, Test Loss: 33.0655
Epoch [48/50], Train Loss: 33.8830, Test Loss: 33.0603
Epoch [49/50], Train Loss: 33.8782, Test Loss: 33.0555
Epoch [50/50], Train Loss: 33.8736, Test Loss: 33.0509
Training LSTM for offset 15
Epoch [1/50], Train Loss: 98.6192, Test Loss: 93.7937
Epoch [2/50], Train Loss: 82.1689, Test Loss: 79.4816
Epoch [3/50], Train Loss: 72.5337, Test Loss: 72.4304
Epoch [4/50], Train Loss: 66.2310, Test Loss: 66.4821
Epoch [5/50], Train Loss: 60.7685, Test Loss: 61.2299
Epoch [6/50], Train Loss: 55.9368, Test Loss: 56.5983
Epoch [7/50], Train Loss: 51.7230, Test Loss: 52.5958
Epoch [8/50], Train Loss: 48.1200, Test Loss: 49.1842
Epoch [9/50], Train Loss: 45.0780, Test Loss: 46.3091
Epoch [10/50], Train Loss: 42.5465, Test Loss: 43.9242
Epoch [11/50], Train Loss: 40.4792, Test Loss: 41.9859
Epoch [12/50], Train Loss: 38.8286, Test Loss: 40.4474
Epoch [13/50], Train Loss: 37.5432, Test Loss: 39.2563
Epoch [14/50], Train Loss: 36.5676, Test Loss: 38.3561
Epoch [15/50], Train Loss: 35.8443, Test Loss: 37.6890
Epoch [16/50], Train Loss: 35.3178, Test Loss: 37.2012
Epoch [17/50], Train Loss: 34.9382, Test Loss: 36.8458
Epoch [18/50], Train Loss: 34.6645, Test Loss: 36.5853
Epoch [19/50], Train Loss: 34.4648, Test Loss: 36.3911
Epoch [20/50], Train Loss: 34.3157, Test Loss: 36.2424
Epoch [21/50], Train Loss: 34.2008, Test Loss: 36.1255
Epoch [22/50], Train Loss: 34.1103, Test Loss: 36.0320
Epoch [23/50], Train Loss: 34.0377, Test Loss: 35.9559
Epoch [24/50], Train Loss: 33.9787, Test Loss: 35.8932
Epoch [25/50], Train Loss: 33.9302, Test Loss: 35.8408
Epoch [26/50], Train Loss: 33.8897, Test Loss: 35.7964
Epoch [27/50], Train Loss: 33.8553, Test Loss: 35.7584
Epoch [28/50], Train Loss: 33.8259, Test Loss: 35.7255
Epoch [29/50], Train Loss: 33.8005, Test Loss: 35.6968
Epoch [30/50], Train Loss: 33.7782, Test Loss: 35.6716
Epoch [31/50], Train Loss: 33.7586, Test Loss: 35.6493
Epoch [32/50], Train Loss: 33.7413, Test Loss: 35.6295
Epoch [33/50], Train Loss: 33.7258, Test Loss: 35.6119
Epoch [34/50], Train Loss: 33.7120, Test Loss: 35.5961
Epoch [35/50], Train Loss: 33.6995, Test Loss: 35.5818
Epoch [36/50], Train Loss: 33.6884, Test Loss: 35.5689
Epoch [37/50], Train Loss: 33.6782, Test Loss: 35.5571
Epoch [38/50], Train Loss: 33.6690, Test Loss: 35.5463
Epoch [39/50], Train Loss: 33.6606, Test Loss: 35.5363
Epoch [40/50], Train Loss: 33.6530, Test Loss: 35.5271
Epoch [41/50], Train Loss: 33.6459, Test Loss: 35.5185
Epoch [42/50], Train Loss: 33.6394, Test Loss: 35.5105
Epoch [43/50], Train Loss: 33.6333, Test Loss: 35.5031
Epoch [44/50], Train Loss: 33.6277, Test Loss: 35.4961
Epoch [45/50], Train Loss: 33.6225, Test Loss: 35.4895
Epoch [46/50], Train Loss: 33.6176, Test Loss: 35.4833
Epoch [47/50], Train Loss: 33.6130, Test Loss: 35.4775
Epoch [48/50], Train Loss: 33.6087, Test Loss: 35.4720
Epoch [49/50], Train Loss: 33.6046, Test Loss: 35.4668
Epoch [50/50], Train Loss: 33.6008, Test Loss: 35.4618
Training LSTM for offset 16
Epoch [1/50], Train Loss: 98.7649, Test Loss: 93.4699
Epoch [2/50], Train Loss: 82.2611, Test Loss: 79.2170
Epoch [3/50], Train Loss: 72.7181, Test Loss: 72.2390
Epoch [4/50], Train Loss: 66.4404, Test Loss: 66.3487
Epoch [5/50], Train Loss: 60.9989, Test Loss: 61.1328
Epoch [6/50], Train Loss: 56.1873, Test Loss: 56.5183
Epoch [7/50], Train Loss: 51.9957, Test Loss: 52.5159
Epoch [8/50], Train Loss: 48.4135, Test Loss: 49.0932
Epoch [9/50], Train Loss: 45.3913, Test Loss: 46.2007
Epoch [10/50], Train Loss: 42.8773, Test Loss: 43.7928
Epoch [11/50], Train Loss: 40.8225, Test Loss: 41.8251
Epoch [12/50], Train Loss: 39.1780, Test Loss: 40.2499
Epoch [13/50], Train Loss: 37.8917, Test Loss: 39.0163
Epoch [14/50], Train Loss: 36.9091, Test Loss: 38.0707
Epoch [15/50], Train Loss: 36.1749, Test Loss: 37.3591
Epoch [16/50], Train Loss: 35.6358, Test Loss: 36.8302
Epoch [17/50], Train Loss: 35.2434, Test Loss: 36.4385
Epoch [18/50], Train Loss: 34.9561, Test Loss: 36.1466
Epoch [19/50], Train Loss: 34.7412, Test Loss: 35.9257
Epoch [20/50], Train Loss: 34.5754, Test Loss: 35.7555
Epoch [21/50], Train Loss: 34.4446, Test Loss: 35.6210
Epoch [22/50], Train Loss: 34.3406, Test Loss: 35.5117
Epoch [23/50], Train Loss: 34.2574, Test Loss: 35.4214
Epoch [24/50], Train Loss: 34.1901, Test Loss: 35.3459
Epoch [25/50], Train Loss: 34.1352, Test Loss: 35.2824
Epoch [26/50], Train Loss: 34.0899, Test Loss: 35.2285
Epoch [27/50], Train Loss: 34.0523, Test Loss: 35.1825
Epoch [28/50], Train Loss: 34.0208, Test Loss: 35.1428
Epoch [29/50], Train Loss: 33.9942, Test Loss: 35.1084
Epoch [30/50], Train Loss: 33.9715, Test Loss: 35.0782
Epoch [31/50], Train Loss: 33.9521, Test Loss: 35.0517
Epoch [32/50], Train Loss: 33.9353, Test Loss: 35.0281
Epoch [33/50], Train Loss: 33.9207, Test Loss: 35.0071
Epoch [34/50], Train Loss: 33.9078, Test Loss: 34.9882
Epoch [35/50], Train Loss: 33.8964, Test Loss: 34.9711
Epoch [36/50], Train Loss: 33.8862, Test Loss: 34.9557
Epoch [37/50], Train Loss: 33.8771, Test Loss: 34.9415
Epoch [38/50], Train Loss: 33.8689, Test Loss: 34.9286
Epoch [39/50], Train Loss: 33.8613, Test Loss: 34.9166
Epoch [40/50], Train Loss: 33.8544, Test Loss: 34.9056
Epoch [41/50], Train Loss: 33.8481, Test Loss: 34.8953
Epoch [42/50], Train Loss: 33.8422, Test Loss: 34.8858
Epoch [43/50], Train Loss: 33.8367, Test Loss: 34.8768
Epoch [44/50], Train Loss: 33.8315, Test Loss: 34.8684
Epoch [45/50], Train Loss: 33.8266, Test Loss: 34.8605
Epoch [46/50], Train Loss: 33.8220, Test Loss: 34.8530
Epoch [47/50], Train Loss: 33.8176, Test Loss: 34.8459
Epoch [48/50], Train Loss: 33.8134, Test Loss: 34.8392
Epoch [49/50], Train Loss: 33.8093, Test Loss: 34.8327
Epoch [50/50], Train Loss: 33.8055, Test Loss: 34.8266
Training LSTM for offset 17
Epoch [1/50], Train Loss: 99.9284, Test Loss: 89.3136
Epoch [2/50], Train Loss: 83.2914, Test Loss: 75.4781
Epoch [3/50], Train Loss: 73.6755, Test Loss: 68.7539
Epoch [4/50], Train Loss: 67.3539, Test Loss: 63.0786
Epoch [5/50], Train Loss: 61.8682, Test Loss: 58.0890
Epoch [6/50], Train Loss: 57.0225, Test Loss: 53.7064
Epoch [7/50], Train Loss: 52.7975, Test Loss: 49.9334
Epoch [8/50], Train Loss: 49.1836, Test Loss: 46.7341
Epoch [9/50], Train Loss: 46.1321, Test Loss: 44.0495
Epoch [10/50], Train Loss: 43.5887, Test Loss: 41.8275
Epoch [11/50], Train Loss: 41.5044, Test Loss: 40.0206
Epoch [12/50], Train Loss: 39.8301, Test Loss: 38.5812
Epoch [13/50], Train Loss: 38.5144, Test Loss: 37.4595
Epoch [14/50], Train Loss: 37.5032, Test Loss: 36.6050
Epoch [15/50], Train Loss: 36.7422, Test Loss: 35.9670
Epoch [16/50], Train Loss: 36.1788, Test Loss: 35.4981
Epoch [17/50], Train Loss: 35.7650, Test Loss: 35.1566
Epoch [18/50], Train Loss: 35.4604, Test Loss: 34.9077
Epoch [19/50], Train Loss: 35.2331, Test Loss: 34.7246
Epoch [20/50], Train Loss: 35.0598, Test Loss: 34.5875
Epoch [21/50], Train Loss: 34.9246, Test Loss: 34.4820
Epoch [22/50], Train Loss: 34.8168, Test Loss: 34.3984
Epoch [23/50], Train Loss: 34.7296, Test Loss: 34.3309
Epoch [24/50], Train Loss: 34.6581, Test Loss: 34.2756
Epoch [25/50], Train Loss: 34.5991, Test Loss: 34.2299
Epoch [26/50], Train Loss: 34.5498, Test Loss: 34.1917
Epoch [27/50], Train Loss: 34.5083, Test Loss: 34.1597
Epoch [28/50], Train Loss: 34.4730, Test Loss: 34.1327
Epoch [29/50], Train Loss: 34.4426, Test Loss: 34.1096
Epoch [30/50], Train Loss: 34.4163, Test Loss: 34.0898
Epoch [31/50], Train Loss: 34.3933, Test Loss: 34.0726
Epoch [32/50], Train Loss: 34.3730, Test Loss: 34.0577
Epoch [33/50], Train Loss: 34.3549, Test Loss: 34.0445
Epoch [34/50], Train Loss: 34.3388, Test Loss: 34.0328
Epoch [35/50], Train Loss: 34.3242, Test Loss: 34.0224
Epoch [36/50], Train Loss: 34.3109, Test Loss: 34.0130
Epoch [37/50], Train Loss: 34.2988, Test Loss: 34.0045
Epoch [38/50], Train Loss: 34.2876, Test Loss: 33.9967
Epoch [39/50], Train Loss: 34.2773, Test Loss: 33.9896
Epoch [40/50], Train Loss: 34.2678, Test Loss: 33.9830
Epoch [41/50], Train Loss: 34.2589, Test Loss: 33.9769
Epoch [42/50], Train Loss: 34.2505, Test Loss: 33.9712
Epoch [43/50], Train Loss: 34.2427, Test Loss: 33.9659
Epoch [44/50], Train Loss: 34.2354, Test Loss: 33.9609
Epoch [45/50], Train Loss: 34.2284, Test Loss: 33.9562
Epoch [46/50], Train Loss: 34.2219, Test Loss: 33.9518
Epoch [47/50], Train Loss: 34.2157, Test Loss: 33.9476
Epoch [48/50], Train Loss: 34.2098, Test Loss: 33.9436
Epoch [49/50], Train Loss: 34.2042, Test Loss: 33.9399
Epoch [50/50], Train Loss: 34.1989, Test Loss: 33.9363
Training LSTM for offset 18
Epoch [1/50], Train Loss: 99.2911, Test Loss: 91.1530
Epoch [2/50], Train Loss: 82.8393, Test Loss: 77.0328
Epoch [3/50], Train Loss: 73.2520, Test Loss: 70.1247
Epoch [4/50], Train Loss: 66.9671, Test Loss: 64.2900
Epoch [5/50], Train Loss: 61.5162, Test Loss: 59.1559
Epoch [6/50], Train Loss: 56.7046, Test Loss: 54.6445
Epoch [7/50], Train Loss: 52.5146, Test Loss: 50.7622
Epoch [8/50], Train Loss: 48.9303, Test Loss: 47.4717
Epoch [9/50], Train Loss: 45.8978, Test Loss: 44.7183
Epoch [10/50], Train Loss: 43.3654, Test Loss: 42.4523
Epoch [11/50], Train Loss: 41.2875, Test Loss: 40.6263
Epoch [12/50], Train Loss: 39.6181, Test Loss: 39.1903
Epoch [13/50], Train Loss: 38.3077, Test Loss: 38.0905
Epoch [14/50], Train Loss: 37.3033, Test Loss: 37.2707
Epoch [15/50], Train Loss: 36.5504, Test Loss: 36.6746
Epoch [16/50], Train Loss: 35.9961, Test Loss: 36.2494
Epoch [17/50], Train Loss: 35.5922, Test Loss: 35.9492
Epoch [18/50], Train Loss: 35.2979, Test Loss: 35.7368
Epoch [19/50], Train Loss: 35.0809, Test Loss: 35.5845
Epoch [20/50], Train Loss: 34.9179, Test Loss: 35.4729
Epoch [21/50], Train Loss: 34.7927, Test Loss: 35.3889
Epoch [22/50], Train Loss: 34.6943, Test Loss: 35.3240
Epoch [23/50], Train Loss: 34.6155, Test Loss: 35.2725
Epoch [24/50], Train Loss: 34.5511, Test Loss: 35.2307
Epoch [25/50], Train Loss: 34.4976, Test Loss: 35.1961
Epoch [26/50], Train Loss: 34.4526, Test Loss: 35.1670
Epoch [27/50], Train Loss: 34.4142, Test Loss: 35.1419
Epoch [28/50], Train Loss: 34.3811, Test Loss: 35.1201
Epoch [29/50], Train Loss: 34.3522, Test Loss: 35.1009
Epoch [30/50], Train Loss: 34.3269, Test Loss: 35.0837
Epoch [31/50], Train Loss: 34.3044, Test Loss: 35.0682
Epoch [32/50], Train Loss: 34.2843, Test Loss: 35.0542
Epoch [33/50], Train Loss: 34.2663, Test Loss: 35.0413
Epoch [34/50], Train Loss: 34.2501, Test Loss: 35.0294
Epoch [35/50], Train Loss: 34.2354, Test Loss: 35.0184
Epoch [36/50], Train Loss: 34.2219, Test Loss: 35.0081
Epoch [37/50], Train Loss: 34.2097, Test Loss: 34.9984
Epoch [38/50], Train Loss: 34.1984, Test Loss: 34.9893
Epoch [39/50], Train Loss: 34.1879, Test Loss: 34.9807
Epoch [40/50], Train Loss: 34.1783, Test Loss: 34.9725
Epoch [41/50], Train Loss: 34.1693, Test Loss: 34.9647
Epoch [42/50], Train Loss: 34.1610, Test Loss: 34.9573
Epoch [43/50], Train Loss: 34.1532, Test Loss: 34.9501
Epoch [44/50], Train Loss: 34.1460, Test Loss: 34.9433
Epoch [45/50], Train Loss: 34.1392, Test Loss: 34.9367
Epoch [46/50], Train Loss: 34.1328, Test Loss: 34.9304
Epoch [47/50], Train Loss: 34.1268, Test Loss: 34.9242
Epoch [48/50], Train Loss: 34.1212, Test Loss: 34.9183
Epoch [49/50], Train Loss: 34.1159, Test Loss: 34.9126
Epoch [50/50], Train Loss: 34.1108, Test Loss: 34.9071
Training LSTM for offset 19
Epoch [1/50], Train Loss: 99.4228, Test Loss: 90.7712
Epoch [2/50], Train Loss: 82.9560, Test Loss: 76.6896
Epoch [3/50], Train Loss: 73.3794, Test Loss: 69.8735
Epoch [4/50], Train Loss: 67.1144, Test Loss: 64.0923
Epoch [5/50], Train Loss: 61.6810, Test Loss: 58.9910
Epoch [6/50], Train Loss: 56.8771, Test Loss: 54.5003
Epoch [7/50], Train Loss: 52.6810, Test Loss: 50.6331
Epoch [8/50], Train Loss: 49.0862, Test Loss: 47.3598
Epoch [9/50], Train Loss: 46.0478, Test Loss: 44.6236
Epoch [10/50], Train Loss: 43.5128, Test Loss: 42.3722
Epoch [11/50], Train Loss: 41.4328, Test Loss: 40.5564
Epoch [12/50], Train Loss: 39.7602, Test Loss: 39.1257
Epoch [13/50], Train Loss: 38.4451, Test Loss: 38.0270
Epoch [14/50], Train Loss: 37.4350, Test Loss: 37.2047
Epoch [15/50], Train Loss: 36.6766, Test Loss: 36.6040
Epoch [16/50], Train Loss: 36.1180, Test Loss: 36.1735
Epoch [17/50], Train Loss: 35.7118, Test Loss: 35.8678
Epoch [18/50], Train Loss: 35.4177, Test Loss: 35.6502
Epoch [19/50], Train Loss: 35.2032, Test Loss: 35.4922
Epoch [20/50], Train Loss: 35.0441, Test Loss: 35.3735
Epoch [21/50], Train Loss: 34.9231, Test Loss: 35.2812
Epoch [22/50], Train Loss: 34.8290, Test Loss: 35.2074
Epoch [23/50], Train Loss: 34.7543, Test Loss: 35.1468
Epoch [24/50], Train Loss: 34.6938, Test Loss: 35.0959
Epoch [25/50], Train Loss: 34.6436, Test Loss: 35.0522
Epoch [26/50], Train Loss: 34.6012, Test Loss: 35.0139
Epoch [27/50], Train Loss: 34.5646, Test Loss: 34.9802
Epoch [28/50], Train Loss: 34.5326, Test Loss: 34.9500
Epoch [29/50], Train Loss: 34.5044, Test Loss: 34.9230
Epoch [30/50], Train Loss: 34.4793, Test Loss: 34.8987
Epoch [31/50], Train Loss: 34.4568, Test Loss: 34.8767
Epoch [32/50], Train Loss: 34.4365, Test Loss: 34.8568
Epoch [33/50], Train Loss: 34.4181, Test Loss: 34.8387
Epoch [34/50], Train Loss: 34.4014, Test Loss: 34.8222
Epoch [35/50], Train Loss: 34.3862, Test Loss: 34.8071
Epoch [36/50], Train Loss: 34.3723, Test Loss: 34.7933
Epoch [37/50], Train Loss: 34.3595, Test Loss: 34.7806
Epoch [38/50], Train Loss: 34.3478, Test Loss: 34.7690
Epoch [39/50], Train Loss: 34.3370, Test Loss: 34.7583
Epoch [40/50], Train Loss: 34.3270, Test Loss: 34.7483
Epoch [41/50], Train Loss: 34.3178, Test Loss: 34.7392
Epoch [42/50], Train Loss: 34.3092, Test Loss: 34.7306
Epoch [43/50], Train Loss: 34.3012, Test Loss: 34.7226
Epoch [44/50], Train Loss: 34.2937, Test Loss: 34.7152
Epoch [45/50], Train Loss: 34.2868, Test Loss: 34.7083
Epoch [46/50], Train Loss: 34.2802, Test Loss: 34.7017
Epoch [47/50], Train Loss: 34.2741, Test Loss: 34.6956
Epoch [48/50], Train Loss: 34.2683, Test Loss: 34.6898
Epoch [49/50], Train Loss: 34.2628, Test Loss: 34.6844
Epoch [50/50], Train Loss: 34.2577, Test Loss: 34.6793
Training LSTM for offset 24
Epoch [1/50], Train Loss: 99.7816, Test Loss: 89.9813
Epoch [2/50], Train Loss: 83.1723, Test Loss: 76.0038
Epoch [3/50], Train Loss: 73.7385, Test Loss: 69.3143
Epoch [4/50], Train Loss: 67.5440, Test Loss: 63.6041
Epoch [5/50], Train Loss: 62.1512, Test Loss: 58.5835
Epoch [6/50], Train Loss: 57.3873, Test Loss: 54.1753
Epoch [7/50], Train Loss: 53.2333, Test Loss: 50.3823
Epoch [8/50], Train Loss: 49.6847, Test Loss: 47.1762
Epoch [9/50], Train Loss: 46.6981, Test Loss: 44.5034
Epoch [10/50], Train Loss: 44.2174, Test Loss: 42.3115
Epoch [11/50], Train Loss: 42.1909, Test Loss: 40.5501
Epoch [12/50], Train Loss: 40.5692, Test Loss: 39.1664
Epoch [13/50], Train Loss: 39.3011, Test Loss: 38.1045
Epoch [14/50], Train Loss: 38.3328, Test Loss: 37.3075
Epoch [15/50], Train Loss: 37.6099, Test Loss: 36.7198
Epoch [16/50], Train Loss: 37.0797, Test Loss: 36.2910
Epoch [17/50], Train Loss: 36.6946, Test Loss: 35.9775
Epoch [18/50], Train Loss: 36.4140, Test Loss: 35.7447
Epoch [19/50], Train Loss: 36.2058, Test Loss: 35.5670
Epoch [20/50], Train Loss: 36.0468, Test Loss: 35.4277
Epoch [21/50], Train Loss: 35.9220, Test Loss: 35.3169
Epoch [22/50], Train Loss: 35.8220, Test Loss: 35.2274
Epoch [23/50], Train Loss: 35.7394, Test Loss: 35.1534
Epoch [24/50], Train Loss: 35.6690, Test Loss: 35.0912
Epoch [25/50], Train Loss: 35.6081, Test Loss: 35.0387
Epoch [26/50], Train Loss: 35.5556, Test Loss: 34.9941
Epoch [27/50], Train Loss: 35.5103, Test Loss: 34.9558
Epoch [28/50], Train Loss: 35.4710, Test Loss: 34.9226
Epoch [29/50], Train Loss: 35.4368, Test Loss: 34.8937
Epoch [30/50], Train Loss: 35.4069, Test Loss: 34.8682
Epoch [31/50], Train Loss: 35.3804, Test Loss: 34.8456
Epoch [32/50], Train Loss: 35.3570, Test Loss: 34.8254
Epoch [33/50], Train Loss: 35.3361, Test Loss: 34.8072
Epoch [34/50], Train Loss: 35.3173, Test Loss: 34.7907
Epoch [35/50], Train Loss: 35.3004, Test Loss: 34.7758
Epoch [36/50], Train Loss: 35.2850, Test Loss: 34.7621
Epoch [37/50], Train Loss: 35.2710, Test Loss: 34.7494
Epoch [38/50], Train Loss: 35.2581, Test Loss: 34.7378
Epoch [39/50], Train Loss: 35.2463, Test Loss: 34.7270
Epoch [40/50], Train Loss: 35.2354, Test Loss: 34.7169
Epoch [41/50], Train Loss: 35.2253, Test Loss: 34.7075
Epoch [42/50], Train Loss: 35.2160, Test Loss: 34.6987
Epoch [43/50], Train Loss: 35.2073, Test Loss: 34.6903
Epoch [44/50], Train Loss: 35.1992, Test Loss: 34.6825
Epoch [45/50], Train Loss: 35.1916, Test Loss: 34.6752
Epoch [46/50], Train Loss: 35.1845, Test Loss: 34.6682
Epoch [47/50], Train Loss: 35.1778, Test Loss: 34.6616
Epoch [48/50], Train Loss: 35.1716, Test Loss: 34.6553
Epoch [49/50], Train Loss: 35.1657, Test Loss: 34.6494
Epoch [50/50], Train Loss: 35.1601, Test Loss: 34.6437
Training LSTM for offset 29
Epoch [1/50], Train Loss: 98.9653, Test Loss: 92.3870
Epoch [2/50], Train Loss: 82.4572, Test Loss: 78.2995
Epoch [3/50], Train Loss: 73.0702, Test Loss: 71.5473
Epoch [4/50], Train Loss: 66.9165, Test Loss: 65.7542
Epoch [5/50], Train Loss: 61.5603, Test Loss: 60.6482
Epoch [6/50], Train Loss: 56.8327, Test Loss: 56.1532
Epoch [7/50], Train Loss: 52.7165, Test Loss: 52.2752
Epoch [8/50], Train Loss: 49.2055, Test Loss: 48.9873
Epoch [9/50], Train Loss: 46.2550, Test Loss: 46.2349
Epoch [10/50], Train Loss: 43.8080, Test Loss: 43.9666
Epoch [11/50], Train Loss: 41.8124, Test Loss: 42.1345
Epoch [12/50], Train Loss: 40.2181, Test Loss: 40.6888
Epoch [13/50], Train Loss: 38.9727, Test Loss: 39.5762
Epoch [14/50], Train Loss: 38.0219, Test Loss: 38.7410
Epoch [15/50], Train Loss: 37.3107, Test Loss: 38.1280
Epoch [16/50], Train Loss: 36.7871, Test Loss: 37.6853
Epoch [17/50], Train Loss: 36.4049, Test Loss: 37.3679
Epoch [18/50], Train Loss: 36.1256, Test Loss: 37.1392
Epoch [19/50], Train Loss: 35.9195, Test Loss: 36.9718
Epoch [20/50], Train Loss: 35.7653, Test Loss: 36.8470
Epoch [21/50], Train Loss: 35.6489, Test Loss: 36.7525
Epoch [22/50], Train Loss: 35.5604, Test Loss: 36.6795
Epoch [23/50], Train Loss: 35.4922, Test Loss: 36.6217
Epoch [24/50], Train Loss: 35.4382, Test Loss: 36.5743
Epoch [25/50], Train Loss: 35.3944, Test Loss: 36.5344
Epoch [26/50], Train Loss: 35.3578, Test Loss: 36.4997
Epoch [27/50], Train Loss: 35.3262, Test Loss: 36.4687
Epoch [28/50], Train Loss: 35.2983, Test Loss: 36.4402
Epoch [29/50], Train Loss: 35.2727, Test Loss: 36.4133
Epoch [30/50], Train Loss: 35.2486, Test Loss: 36.3873
Epoch [31/50], Train Loss: 35.2251, Test Loss: 36.3614
Epoch [32/50], Train Loss: 35.2016, Test Loss: 36.3350
Epoch [33/50], Train Loss: 35.1778, Test Loss: 36.3080
Epoch [34/50], Train Loss: 35.1539, Test Loss: 36.2812
Epoch [35/50], Train Loss: 35.1306, Test Loss: 36.2557
Epoch [36/50], Train Loss: 35.1085, Test Loss: 36.2323
Epoch [37/50], Train Loss: 35.0880, Test Loss: 36.2113
Epoch [38/50], Train Loss: 35.0690, Test Loss: 36.1926
Epoch [39/50], Train Loss: 35.0516, Test Loss: 36.1759
Epoch [40/50], Train Loss: 35.0355, Test Loss: 36.1610
Epoch [41/50], Train Loss: 35.0207, Test Loss: 36.1476
Epoch [42/50], Train Loss: 35.0070, Test Loss: 36.1356
Epoch [43/50], Train Loss: 34.9944, Test Loss: 36.1248
Epoch [44/50], Train Loss: 34.9827, Test Loss: 36.1150
Epoch [45/50], Train Loss: 34.9718, Test Loss: 36.1061
Epoch [46/50], Train Loss: 34.9616, Test Loss: 36.0979
Epoch [47/50], Train Loss: 34.9521, Test Loss: 36.0905
Epoch [48/50], Train Loss: 34.9433, Test Loss: 36.0837
Epoch [49/50], Train Loss: 34.9349, Test Loss: 36.0774
Epoch [50/50], Train Loss: 34.9271, Test Loss: 36.0717
Training LSTM for offset 34
Epoch [1/50], Train Loss: 99.1300, Test Loss: 91.5282
Epoch [2/50], Train Loss: 82.6130, Test Loss: 77.5081
Epoch [3/50], Train Loss: 73.2351, Test Loss: 70.8133
Epoch [4/50], Train Loss: 67.0996, Test Loss: 65.0435
Epoch [5/50], Train Loss: 61.7531, Test Loss: 59.9418
Epoch [6/50], Train Loss: 57.0369, Test Loss: 55.4502
Epoch [7/50], Train Loss: 52.9350, Test Loss: 51.5744
Epoch [8/50], Train Loss: 49.4418, Test Loss: 48.2896
Epoch [9/50], Train Loss: 46.5163, Test Loss: 45.5430
Epoch [10/50], Train Loss: 44.1025, Test Loss: 43.2795
Epoch [11/50], Train Loss: 42.1466, Test Loss: 41.4496
Epoch [12/50], Train Loss: 40.5961, Test Loss: 40.0035
Epoch [13/50], Train Loss: 39.3963, Test Loss: 38.8883
Epoch [14/50], Train Loss: 38.4911, Test Loss: 38.0486
Epoch [15/50], Train Loss: 37.8241, Test Loss: 37.4292
Epoch [16/50], Train Loss: 37.3422, Test Loss: 36.9788
Epoch [17/50], Train Loss: 36.9983, Test Loss: 36.6530
Epoch [18/50], Train Loss: 36.7535, Test Loss: 36.4160
Epoch [19/50], Train Loss: 36.5775, Test Loss: 36.2401
Epoch [20/50], Train Loss: 36.4479, Test Loss: 36.1057
Epoch [21/50], Train Loss: 36.3494, Test Loss: 35.9996
Epoch [22/50], Train Loss: 36.2721, Test Loss: 35.9134
Epoch [23/50], Train Loss: 36.2096, Test Loss: 35.8411
Epoch [24/50], Train Loss: 36.1568, Test Loss: 35.7773
Epoch [25/50], Train Loss: 36.1101, Test Loss: 35.7190
Epoch [26/50], Train Loss: 36.0682, Test Loss: 35.6654
Epoch [27/50], Train Loss: 36.0309, Test Loss: 35.6166
Epoch [28/50], Train Loss: 35.9979, Test Loss: 35.5726
Epoch [29/50], Train Loss: 35.9686, Test Loss: 35.5330
Epoch [30/50], Train Loss: 35.9425, Test Loss: 35.4972
Epoch [31/50], Train Loss: 35.9189, Test Loss: 35.4649
Epoch [32/50], Train Loss: 35.8975, Test Loss: 35.4357
Epoch [33/50], Train Loss: 35.8780, Test Loss: 35.4091
Epoch [34/50], Train Loss: 35.8601, Test Loss: 35.3850
Epoch [35/50], Train Loss: 35.8436, Test Loss: 35.3630
Epoch [36/50], Train Loss: 35.8282, Test Loss: 35.3429
Epoch [37/50], Train Loss: 35.8139, Test Loss: 35.3245
Epoch [38/50], Train Loss: 35.8005, Test Loss: 35.3075
Epoch [39/50], Train Loss: 35.7879, Test Loss: 35.2919
Epoch [40/50], Train Loss: 35.7760, Test Loss: 35.2775
Epoch [41/50], Train Loss: 35.7648, Test Loss: 35.2642
Epoch [42/50], Train Loss: 35.7541, Test Loss: 35.2519
Epoch [43/50], Train Loss: 35.7439, Test Loss: 35.2404
Epoch [44/50], Train Loss: 35.7342, Test Loss: 35.2297
Epoch [45/50], Train Loss: 35.7250, Test Loss: 35.2197
Epoch [46/50], Train Loss: 35.7161, Test Loss: 35.2104
Epoch [47/50], Train Loss: 35.7076, Test Loss: 35.2017
Epoch [48/50], Train Loss: 35.6994, Test Loss: 35.1935
Epoch [49/50], Train Loss: 35.6916, Test Loss: 35.1858
Epoch [50/50], Train Loss: 35.6840, Test Loss: 35.1786
Training LSTM for offset 39
Epoch [1/50], Train Loss: 99.5982, Test Loss: 90.0151
Epoch [2/50], Train Loss: 83.0769, Test Loss: 75.9661
Epoch [3/50], Train Loss: 73.7537, Test Loss: 69.3652
Epoch [4/50], Train Loss: 67.6553, Test Loss: 63.7197
Epoch [5/50], Train Loss: 62.3393, Test Loss: 58.7505
Epoch [6/50], Train Loss: 57.6456, Test Loss: 54.3846
Epoch [7/50], Train Loss: 53.5475, Test Loss: 50.6268
Epoch [8/50], Train Loss: 50.0390, Test Loss: 47.4591
Epoch [9/50], Train Loss: 47.0848, Test Loss: 44.8315
Epoch [10/50], Train Loss: 44.6326, Test Loss: 42.6867
Epoch [11/50], Train Loss: 42.6309, Test Loss: 40.9704
Epoch [12/50], Train Loss: 41.0292, Test Loss: 39.6285
Epoch [13/50], Train Loss: 39.7754, Test Loss: 38.6053
Epoch [14/50], Train Loss: 38.8155, Test Loss: 37.8446
Epoch [15/50], Train Loss: 38.0961, Test Loss: 37.2921
Epoch [16/50], Train Loss: 37.5662, Test Loss: 36.8982
Epoch [17/50], Train Loss: 37.1802, Test Loss: 36.6204
Epoch [18/50], Train Loss: 36.8999, Test Loss: 36.4241
Epoch [19/50], Train Loss: 36.6949, Test Loss: 36.2833
Epoch [20/50], Train Loss: 36.5426, Test Loss: 36.1800
Epoch [21/50], Train Loss: 36.4281, Test Loss: 36.1025
Epoch [22/50], Train Loss: 36.3414, Test Loss: 36.0433
Epoch [23/50], Train Loss: 36.2748, Test Loss: 35.9969
Epoch [24/50], Train Loss: 36.2228, Test Loss: 35.9593
Epoch [25/50], Train Loss: 36.1813, Test Loss: 35.9277
Epoch [26/50], Train Loss: 36.1472, Test Loss: 35.9003
Epoch [27/50], Train Loss: 36.1187, Test Loss: 35.8756
Epoch [28/50], Train Loss: 36.0941, Test Loss: 35.8528
Epoch [29/50], Train Loss: 36.0724, Test Loss: 35.8313
Epoch [30/50], Train Loss: 36.0530, Test Loss: 35.8109
Epoch [31/50], Train Loss: 36.0352, Test Loss: 35.7911
Epoch [32/50], Train Loss: 36.0187, Test Loss: 35.7721
Epoch [33/50], Train Loss: 36.0032, Test Loss: 35.7535
Epoch [34/50], Train Loss: 35.9885, Test Loss: 35.7354
Epoch [35/50], Train Loss: 35.9743, Test Loss: 35.7178
Epoch [36/50], Train Loss: 35.9607, Test Loss: 35.7006
Epoch [37/50], Train Loss: 35.9475, Test Loss: 35.6839
Epoch [38/50], Train Loss: 35.9347, Test Loss: 35.6675
Epoch [39/50], Train Loss: 35.9222, Test Loss: 35.6515
Epoch [40/50], Train Loss: 35.9100, Test Loss: 35.6358
Epoch [41/50], Train Loss: 35.8980, Test Loss: 35.6204
Epoch [42/50], Train Loss: 35.8863, Test Loss: 35.6054
Epoch [43/50], Train Loss: 35.8749, Test Loss: 35.5907
Epoch [44/50], Train Loss: 35.8637, Test Loss: 35.5763
Epoch [45/50], Train Loss: 35.8527, Test Loss: 35.5621
Epoch [46/50], Train Loss: 35.8420, Test Loss: 35.5483
Epoch [47/50], Train Loss: 35.8316, Test Loss: 35.5348
Epoch [48/50], Train Loss: 35.8214, Test Loss: 35.5216
Epoch [49/50], Train Loss: 35.8115, Test Loss: 35.5089
Epoch [50/50], Train Loss: 35.8020, Test Loss: 35.4965
Training LSTM for offset 44
Epoch [1/50], Train Loss: 99.4103, Test Loss: 90.5603
Epoch [2/50], Train Loss: 82.8786, Test Loss: 76.6668
Epoch [3/50], Train Loss: 73.5528, Test Loss: 70.0624
Epoch [4/50], Train Loss: 67.4830, Test Loss: 64.4035
Epoch [5/50], Train Loss: 62.2003, Test Loss: 59.4141
Epoch [6/50], Train Loss: 57.5357, Test Loss: 55.0174
Epoch [7/50], Train Loss: 53.4647, Test Loss: 51.2212
Epoch [8/50], Train Loss: 49.9841, Test Loss: 48.0095
Epoch [9/50], Train Loss: 47.0598, Test Loss: 45.3374
Epoch [10/50], Train Loss: 44.6407, Test Loss: 43.1526
Epoch [11/50], Train Loss: 42.6749, Test Loss: 41.4032
Epoch [12/50], Train Loss: 41.1110, Test Loss: 40.0357
Epoch [13/50], Train Loss: 39.8957, Test Loss: 38.9936
Epoch [14/50], Train Loss: 38.9737, Test Loss: 38.2189
Epoch [15/50], Train Loss: 38.2897, Test Loss: 37.6551
Epoch [16/50], Train Loss: 37.7915, Test Loss: 37.2510
Epoch [17/50], Train Loss: 37.4326, Test Loss: 36.9626
Epoch [18/50], Train Loss: 37.1746, Test Loss: 36.7555
Epoch [19/50], Train Loss: 36.9873, Test Loss: 36.6036
Epoch [20/50], Train Loss: 36.8479, Test Loss: 36.4880
Epoch [21/50], Train Loss: 36.7404, Test Loss: 36.3963
Epoch [22/50], Train Loss: 36.6550, Test Loss: 36.3217
Epoch [23/50], Train Loss: 36.5867, Test Loss: 36.2604
Epoch [24/50], Train Loss: 36.5321, Test Loss: 36.2093
Epoch [25/50], Train Loss: 36.4876, Test Loss: 36.1651
Epoch [26/50], Train Loss: 36.4499, Test Loss: 36.1255
Epoch [27/50], Train Loss: 36.4168, Test Loss: 36.0890
Epoch [28/50], Train Loss: 36.3870, Test Loss: 36.0545
Epoch [29/50], Train Loss: 36.3594, Test Loss: 36.0217
Epoch [30/50], Train Loss: 36.3333, Test Loss: 35.9903
Epoch [31/50], Train Loss: 36.3085, Test Loss: 35.9604
Epoch [32/50], Train Loss: 36.2846, Test Loss: 35.9319
Epoch [33/50], Train Loss: 36.2616, Test Loss: 35.9050
Epoch [34/50], Train Loss: 36.2393, Test Loss: 35.8796
Epoch [35/50], Train Loss: 36.2178, Test Loss: 35.8557
Epoch [36/50], Train Loss: 36.1970, Test Loss: 35.8332
Epoch [37/50], Train Loss: 36.1769, Test Loss: 35.8121
Epoch [38/50], Train Loss: 36.1575, Test Loss: 35.7923
Epoch [39/50], Train Loss: 36.1387, Test Loss: 35.7738
Epoch [40/50], Train Loss: 36.1206, Test Loss: 35.7564
Epoch [41/50], Train Loss: 36.1031, Test Loss: 35.7402
Epoch [42/50], Train Loss: 36.0862, Test Loss: 35.7251
Epoch [43/50], Train Loss: 36.0700, Test Loss: 35.7111
Epoch [44/50], Train Loss: 36.0544, Test Loss: 35.6981
Epoch [45/50], Train Loss: 36.0394, Test Loss: 35.6861
Epoch [46/50], Train Loss: 36.0252, Test Loss: 35.6751
Epoch [47/50], Train Loss: 36.0117, Test Loss: 35.6649
Epoch [48/50], Train Loss: 35.9989, Test Loss: 35.6556
Epoch [49/50], Train Loss: 35.9868, Test Loss: 35.6470
Epoch [50/50], Train Loss: 35.9754, Test Loss: 35.6391
Training LSTM for offset 49
Epoch [1/50], Train Loss: 100.1268, Test Loss: 88.0124
Epoch [2/50], Train Loss: 83.5386, Test Loss: 74.4140
Epoch [3/50], Train Loss: 74.1441, Test Loss: 68.0191
Epoch [4/50], Train Loss: 68.0450, Test Loss: 62.5732
Epoch [5/50], Train Loss: 62.7489, Test Loss: 57.7809
Epoch [6/50], Train Loss: 58.0789, Test Loss: 53.5629
Epoch [7/50], Train Loss: 54.0040, Test Loss: 49.9186
Epoch [8/50], Train Loss: 50.5189, Test Loss: 46.8292
Epoch [9/50], Train Loss: 47.5897, Test Loss: 44.2485
Epoch [10/50], Train Loss: 45.1645, Test Loss: 42.1258
Epoch [11/50], Train Loss: 43.1913, Test Loss: 40.4143
Epoch [12/50], Train Loss: 41.6190, Test Loss: 39.0665
Epoch [13/50], Train Loss: 40.3945, Test Loss: 38.0320
Epoch [14/50], Train Loss: 39.4625, Test Loss: 37.2585
Epoch [15/50], Train Loss: 38.7680, Test Loss: 36.6938
Epoch [16/50], Train Loss: 38.2591, Test Loss: 36.2893
Epoch [17/50], Train Loss: 37.8899, Test Loss: 36.0026
Epoch [18/50], Train Loss: 37.6228, Test Loss: 35.7994
Epoch [19/50], Train Loss: 37.4281, Test Loss: 35.6534
Epoch [20/50], Train Loss: 37.2842, Test Loss: 35.5454
Epoch [21/50], Train Loss: 37.1754, Test Loss: 35.4623
Epoch [22/50], Train Loss: 37.0908, Test Loss: 35.3952
Epoch [23/50], Train Loss: 37.0233, Test Loss: 35.3385
Epoch [24/50], Train Loss: 36.9680, Test Loss: 35.2887
Epoch [25/50], Train Loss: 36.9214, Test Loss: 35.2432
Epoch [26/50], Train Loss: 36.8814, Test Loss: 35.2006
Epoch [27/50], Train Loss: 36.8463, Test Loss: 35.1605
Epoch [28/50], Train Loss: 36.8153, Test Loss: 35.1226
Epoch [29/50], Train Loss: 36.7874, Test Loss: 35.0870
Epoch [30/50], Train Loss: 36.7620, Test Loss: 35.0537
Epoch [31/50], Train Loss: 36.7388, Test Loss: 35.0225
Epoch [32/50], Train Loss: 36.7173, Test Loss: 34.9932
Epoch [33/50], Train Loss: 36.6973, Test Loss: 34.9656
Epoch [34/50], Train Loss: 36.6785, Test Loss: 34.9397
Epoch [35/50], Train Loss: 36.6609, Test Loss: 34.9153
Epoch [36/50], Train Loss: 36.6442, Test Loss: 34.8923
Epoch [37/50], Train Loss: 36.6285, Test Loss: 34.8706
Epoch [38/50], Train Loss: 36.6136, Test Loss: 34.8501
Epoch [39/50], Train Loss: 36.5994, Test Loss: 34.8308
Epoch [40/50], Train Loss: 36.5860, Test Loss: 34.8127
Epoch [41/50], Train Loss: 36.5733, Test Loss: 34.7955
Epoch [42/50], Train Loss: 36.5611, Test Loss: 34.7794
Epoch [43/50], Train Loss: 36.5496, Test Loss: 34.7642
Epoch [44/50], Train Loss: 36.5387, Test Loss: 34.7499
Epoch [45/50], Train Loss: 36.5283, Test Loss: 34.7364
Epoch [46/50], Train Loss: 36.5183, Test Loss: 34.7236
Epoch [47/50], Train Loss: 36.5089, Test Loss: 34.7116
Epoch [48/50], Train Loss: 36.4999, Test Loss: 34.7002
Epoch [49/50], Train Loss: 36.4913, Test Loss: 34.6894
Epoch [50/50], Train Loss: 36.4831, Test Loss: 34.6792
Training LSTM for offset 54
Epoch [1/50], Train Loss: 98.6925, Test Loss: 93.2440
Epoch [2/50], Train Loss: 82.2397, Test Loss: 79.0378
Epoch [3/50], Train Loss: 73.0102, Test Loss: 72.4179
Epoch [4/50], Train Loss: 67.0160, Test Loss: 66.6961
Epoch [5/50], Train Loss: 61.7910, Test Loss: 61.6215
Epoch [6/50], Train Loss: 57.1843, Test Loss: 57.1336
Epoch [7/50], Train Loss: 53.1771, Test Loss: 53.2466
Epoch [8/50], Train Loss: 49.7635, Test Loss: 49.9443
Epoch [9/50], Train Loss: 46.9034, Test Loss: 47.1808
Epoch [10/50], Train Loss: 44.5428, Test Loss: 44.9019
Epoch [11/50], Train Loss: 42.6278, Test Loss: 43.0547
Epoch [12/50], Train Loss: 41.1056, Test Loss: 41.5860
Epoch [13/50], Train Loss: 39.9220, Test Loss: 40.4417
Epoch [14/50], Train Loss: 39.0214, Test Loss: 39.5676
Epoch [15/50], Train Loss: 38.3489, Test Loss: 38.9110
Epoch [16/50], Train Loss: 37.8536, Test Loss: 38.4238
Epoch [17/50], Train Loss: 37.4913, Test Loss: 38.0643
Epoch [18/50], Train Loss: 37.2261, Test Loss: 37.7980
Epoch [19/50], Train Loss: 37.0298, Test Loss: 37.5974
Epoch [20/50], Train Loss: 36.8806, Test Loss: 37.4413
Epoch [21/50], Train Loss: 36.7637, Test Loss: 37.3179
Epoch [22/50], Train Loss: 36.6723, Test Loss: 37.2208
Epoch [23/50], Train Loss: 36.6016, Test Loss: 37.1443
Epoch [24/50], Train Loss: 36.5458, Test Loss: 37.0823
Epoch [25/50], Train Loss: 36.5002, Test Loss: 37.0307
Epoch [26/50], Train Loss: 36.4617, Test Loss: 36.9865
Epoch [27/50], Train Loss: 36.4282, Test Loss: 36.9477
Epoch [28/50], Train Loss: 36.3985, Test Loss: 36.9130
Epoch [29/50], Train Loss: 36.3717, Test Loss: 36.8816
Epoch [30/50], Train Loss: 36.3473, Test Loss: 36.8528
Epoch [31/50], Train Loss: 36.3249, Test Loss: 36.8261
Epoch [32/50], Train Loss: 36.3040, Test Loss: 36.8011
Epoch [33/50], Train Loss: 36.2845, Test Loss: 36.7775
Epoch [34/50], Train Loss: 36.2661, Test Loss: 36.7550
Epoch [35/50], Train Loss: 36.2485, Test Loss: 36.7334
Epoch [36/50], Train Loss: 36.2318, Test Loss: 36.7127
Epoch [37/50], Train Loss: 36.2156, Test Loss: 36.6927
Epoch [38/50], Train Loss: 36.2001, Test Loss: 36.6733
Epoch [39/50], Train Loss: 36.1852, Test Loss: 36.6545
Epoch [40/50], Train Loss: 36.1708, Test Loss: 36.6362
Epoch [41/50], Train Loss: 36.1568, Test Loss: 36.6185
Epoch [42/50], Train Loss: 36.1434, Test Loss: 36.6012
Epoch [43/50], Train Loss: 36.1304, Test Loss: 36.5845
Epoch [44/50], Train Loss: 36.1179, Test Loss: 36.5683
Epoch [45/50], Train Loss: 36.1059, Test Loss: 36.5525
Epoch [46/50], Train Loss: 36.0944, Test Loss: 36.5373
Epoch [47/50], Train Loss: 36.0833, Test Loss: 36.5226
Epoch [48/50], Train Loss: 36.0727, Test Loss: 36.5084
Epoch [49/50], Train Loss: 36.0625, Test Loss: 36.4946
Epoch [50/50], Train Loss: 36.0528, Test Loss: 36.4815
Training LSTM for offset 59
Epoch [1/50], Train Loss: 99.1388, Test Loss: 91.3708
Epoch [2/50], Train Loss: 82.7328, Test Loss: 77.1742
Epoch [3/50], Train Loss: 73.5031, Test Loss: 70.5918
Epoch [4/50], Train Loss: 67.4992, Test Loss: 64.9347
Epoch [5/50], Train Loss: 62.2585, Test Loss: 59.9347
Epoch [6/50], Train Loss: 57.6357, Test Loss: 55.5299
Epoch [7/50], Train Loss: 53.6090, Test Loss: 51.7287
Epoch [8/50], Train Loss: 50.1733, Test Loss: 48.5120
Epoch [9/50], Train Loss: 47.2918, Test Loss: 45.8338
Epoch [10/50], Train Loss: 44.9123, Test Loss: 43.6416
Epoch [11/50], Train Loss: 42.9807, Test Loss: 41.8826
Epoch [12/50], Train Loss: 41.4438, Test Loss: 40.5029
Epoch [13/50], Train Loss: 40.2475, Test Loss: 39.4462
Epoch [14/50], Train Loss: 39.3369, Test Loss: 38.6548
Epoch [15/50], Train Loss: 38.6577, Test Loss: 38.0736
Epoch [16/50], Train Loss: 38.1595, Test Loss: 37.6524
Epoch [17/50], Train Loss: 37.7978, Test Loss: 37.3490
Epoch [18/50], Train Loss: 37.5358, Test Loss: 37.1295
Epoch [19/50], Train Loss: 37.3443, Test Loss: 36.9673
Epoch [20/50], Train Loss: 37.2009, Test Loss: 36.8427
Epoch [21/50], Train Loss: 37.0893, Test Loss: 36.7430
Epoch [22/50], Train Loss: 37.0002, Test Loss: 36.6637
Epoch [23/50], Train Loss: 36.9289, Test Loss: 36.6010
Epoch [24/50], Train Loss: 36.8716, Test Loss: 36.5507
Epoch [25/50], Train Loss: 36.8245, Test Loss: 36.5091
Epoch [26/50], Train Loss: 36.7845, Test Loss: 36.4734
Epoch [27/50], Train Loss: 36.7494, Test Loss: 36.4418
Epoch [28/50], Train Loss: 36.7177, Test Loss: 36.4130
Epoch [29/50], Train Loss: 36.6885, Test Loss: 36.3861
Epoch [30/50], Train Loss: 36.6610, Test Loss: 36.3605
Epoch [31/50], Train Loss: 36.6348, Test Loss: 36.3357
Epoch [32/50], Train Loss: 36.6095, Test Loss: 36.3115
Epoch [33/50], Train Loss: 36.5850, Test Loss: 36.2877
Epoch [34/50], Train Loss: 36.5611, Test Loss: 36.2643
Epoch [35/50], Train Loss: 36.5379, Test Loss: 36.2411
Epoch [36/50], Train Loss: 36.5154, Test Loss: 36.2182
Epoch [37/50], Train Loss: 36.4934, Test Loss: 36.1957
Epoch [38/50], Train Loss: 36.4720, Test Loss: 36.1735
Epoch [39/50], Train Loss: 36.4513, Test Loss: 36.1518
Epoch [40/50], Train Loss: 36.4311, Test Loss: 36.1304
Epoch [41/50], Train Loss: 36.4116, Test Loss: 36.1094
Epoch [42/50], Train Loss: 36.3926, Test Loss: 36.0888
Epoch [43/50], Train Loss: 36.3741, Test Loss: 36.0686
Epoch [44/50], Train Loss: 36.3562, Test Loss: 36.0487
Epoch [45/50], Train Loss: 36.3388, Test Loss: 36.0291
Epoch [46/50], Train Loss: 36.3219, Test Loss: 36.0098
Epoch [47/50], Train Loss: 36.3054, Test Loss: 35.9908
Epoch [48/50], Train Loss: 36.2893, Test Loss: 35.9722
Epoch [49/50], Train Loss: 36.2737, Test Loss: 35.9538
Epoch [50/50], Train Loss: 36.2584, Test Loss: 35.9358
Training LSTM for offset 64
Epoch [1/50], Train Loss: 99.8928, Test Loss: 88.9541
Epoch [2/50], Train Loss: 83.3134, Test Loss: 75.2433
Epoch [3/50], Train Loss: 74.0361, Test Loss: 68.9043
Epoch [4/50], Train Loss: 68.0018, Test Loss: 63.4482
Epoch [5/50], Train Loss: 62.7245, Test Loss: 58.6540
Epoch [6/50], Train Loss: 58.0750, Test Loss: 54.4491
Epoch [7/50], Train Loss: 54.0271, Test Loss: 50.8326
Epoch [8/50], Train Loss: 50.5709, Test Loss: 47.7818
Epoch [9/50], Train Loss: 47.6689, Test Loss: 45.2505
Epoch [10/50], Train Loss: 45.2698, Test Loss: 43.1880
Epoch [11/50], Train Loss: 43.3203, Test Loss: 41.5443
Epoch [12/50], Train Loss: 41.7674, Test Loss: 40.2685
Epoch [13/50], Train Loss: 40.5570, Test Loss: 39.3059
Epoch [14/50], Train Loss: 39.6345, Test Loss: 38.5997
Epoch [15/50], Train Loss: 38.9456, Test Loss: 38.0942
Epoch [16/50], Train Loss: 38.4395, Test Loss: 37.7393
Epoch [17/50], Train Loss: 38.0714, Test Loss: 37.4926
Epoch [18/50], Train Loss: 37.8038, Test Loss: 37.3208
Epoch [19/50], Train Loss: 37.6074, Test Loss: 37.1992
Epoch [20/50], Train Loss: 37.4597, Test Loss: 37.1099
Epoch [21/50], Train Loss: 37.3448, Test Loss: 37.0407
Epoch [22/50], Train Loss: 37.2519, Test Loss: 36.9846
Epoch [23/50], Train Loss: 37.1749, Test Loss: 36.9385
Epoch [24/50], Train Loss: 37.1106, Test Loss: 36.8999
Epoch [25/50], Train Loss: 37.0564, Test Loss: 36.8670
Epoch [26/50], Train Loss: 37.0095, Test Loss: 36.8383
Epoch [27/50], Train Loss: 36.9680, Test Loss: 36.8126
Epoch [28/50], Train Loss: 36.9306, Test Loss: 36.7890
Epoch [29/50], Train Loss: 36.8963, Test Loss: 36.7671
Epoch [30/50], Train Loss: 36.8645, Test Loss: 36.7464
Epoch [31/50], Train Loss: 36.8348, Test Loss: 36.7268
Epoch [32/50], Train Loss: 36.8068, Test Loss: 36.7082
Epoch [33/50], Train Loss: 36.7804, Test Loss: 36.6905
Epoch [34/50], Train Loss: 36.7554, Test Loss: 36.6736
Epoch [35/50], Train Loss: 36.7316, Test Loss: 36.6576
Epoch [36/50], Train Loss: 36.7090, Test Loss: 36.6424
Epoch [37/50], Train Loss: 36.6874, Test Loss: 36.6279
Epoch [38/50], Train Loss: 36.6669, Test Loss: 36.6141
Epoch [39/50], Train Loss: 36.6473, Test Loss: 36.6010
Epoch [40/50], Train Loss: 36.6287, Test Loss: 36.5886
Epoch [41/50], Train Loss: 36.6109, Test Loss: 36.5768
Epoch [42/50], Train Loss: 36.5940, Test Loss: 36.5656
Epoch [43/50], Train Loss: 36.5779, Test Loss: 36.5551
Epoch [44/50], Train Loss: 36.5626, Test Loss: 36.5452
Epoch [45/50], Train Loss: 36.5481, Test Loss: 36.5359
Epoch [46/50], Train Loss: 36.5343, Test Loss: 36.5272
Epoch [47/50], Train Loss: 36.5213, Test Loss: 36.5192
Epoch [48/50], Train Loss: 36.5090, Test Loss: 36.5117
Epoch [49/50], Train Loss: 36.4973, Test Loss: 36.5049
Epoch [50/50], Train Loss: 36.4864, Test Loss: 36.4986
Training LSTM for offset 69
Epoch [1/50], Train Loss: 100.2610, Test Loss: 87.6233
Epoch [2/50], Train Loss: 83.6327, Test Loss: 74.0296
Epoch [3/50], Train Loss: 74.4000, Test Loss: 67.7973
Epoch [4/50], Train Loss: 68.3944, Test Loss: 62.3743
Epoch [5/50], Train Loss: 63.1246, Test Loss: 57.5790
Epoch [6/50], Train Loss: 58.4607, Test Loss: 53.3558
Epoch [7/50], Train Loss: 54.3840, Test Loss: 49.7223
Epoch [8/50], Train Loss: 50.8959, Test Loss: 46.6641
Epoch [9/50], Train Loss: 47.9640, Test Loss: 44.1350
Epoch [10/50], Train Loss: 45.5390, Test Loss: 42.0799
Epoch [11/50], Train Loss: 43.5691, Test Loss: 40.4441
Epoch [12/50], Train Loss: 42.0023, Test Loss: 39.1722
Epoch [13/50], Train Loss: 40.7848, Test Loss: 38.2073
Epoch [14/50], Train Loss: 39.8608, Test Loss: 37.4923
Epoch [15/50], Train Loss: 39.1744, Test Loss: 36.9725
Epoch [16/50], Train Loss: 38.6726, Test Loss: 36.5987
Epoch [17/50], Train Loss: 38.3081, Test Loss: 36.3296
Epoch [18/50], Train Loss: 38.0419, Test Loss: 36.1321
Epoch [19/50], Train Loss: 37.8439, Test Loss: 35.9824
Epoch [20/50], Train Loss: 37.6931, Test Loss: 35.8663
Epoch [21/50], Train Loss: 37.5765, Test Loss: 35.7748
Epoch [22/50], Train Loss: 37.4849, Test Loss: 35.7018
Epoch [23/50], Train Loss: 37.4115, Test Loss: 35.6421
Epoch [24/50], Train Loss: 37.3508, Test Loss: 35.5918
Epoch [25/50], Train Loss: 37.2992, Test Loss: 35.5486
Epoch [26/50], Train Loss: 37.2544, Test Loss: 35.5105
Epoch [27/50], Train Loss: 37.2148, Test Loss: 35.4767
Epoch [28/50], Train Loss: 37.1793, Test Loss: 35.4463
Epoch [29/50], Train Loss: 37.1474, Test Loss: 35.4189
Epoch [30/50], Train Loss: 37.1183, Test Loss: 35.3938
Epoch [31/50], Train Loss: 37.0917, Test Loss: 35.3708
Epoch [32/50], Train Loss: 37.0671, Test Loss: 35.3494
Epoch [33/50], Train Loss: 37.0443, Test Loss: 35.3294
Epoch [34/50], Train Loss: 37.0228, Test Loss: 35.3103
Epoch [35/50], Train Loss: 37.0025, Test Loss: 35.2921
Epoch [36/50], Train Loss: 36.9832, Test Loss: 35.2746
Epoch [37/50], Train Loss: 36.9647, Test Loss: 35.2576
Epoch [38/50], Train Loss: 36.9470, Test Loss: 35.2411
Epoch [39/50], Train Loss: 36.9299, Test Loss: 35.2251
Epoch [40/50], Train Loss: 36.9134, Test Loss: 35.2094
Epoch [41/50], Train Loss: 36.8975, Test Loss: 35.1941
Epoch [42/50], Train Loss: 36.8820, Test Loss: 35.1792
Epoch [43/50], Train Loss: 36.8671, Test Loss: 35.1647
Epoch [44/50], Train Loss: 36.8526, Test Loss: 35.1506
Epoch [45/50], Train Loss: 36.8387, Test Loss: 35.1371
Epoch [46/50], Train Loss: 36.8253, Test Loss: 35.1240
Epoch [47/50], Train Loss: 36.8124, Test Loss: 35.1114
Epoch [48/50], Train Loss: 36.8000, Test Loss: 35.0994
Epoch [49/50], Train Loss: 36.7882, Test Loss: 35.0879
Epoch [50/50], Train Loss: 36.7769, Test Loss: 35.0769
Training LSTM for offset 74
Epoch [1/50], Train Loss: 99.9841, Test Loss: 87.7052
Epoch [2/50], Train Loss: 83.3513, Test Loss: 74.0659
Epoch [3/50], Train Loss: 74.1880, Test Loss: 67.8170
Epoch [4/50], Train Loss: 68.1770, Test Loss: 62.3918
Epoch [5/50], Train Loss: 62.8931, Test Loss: 57.6103
Epoch [6/50], Train Loss: 58.2213, Test Loss: 53.4164
Epoch [7/50], Train Loss: 54.1482, Test Loss: 49.8228
Epoch [8/50], Train Loss: 50.6717, Test Loss: 46.8082
Epoch [9/50], Train Loss: 47.7548, Test Loss: 44.3234
Epoch [10/50], Train Loss: 45.3466, Test Loss: 42.3139
Epoch [11/50], Train Loss: 43.3953, Test Loss: 40.7251
Epoch [12/50], Train Loss: 41.8489, Test Loss: 39.5003
Epoch [13/50], Train Loss: 40.6532, Test Loss: 38.5810
Epoch [14/50], Train Loss: 39.7515, Test Loss: 37.9095
Epoch [15/50], Train Loss: 39.0869, Test Loss: 37.4315
Epoch [16/50], Train Loss: 38.6058, Test Loss: 37.0986
Epoch [17/50], Train Loss: 38.2610, Test Loss: 36.8702
Epoch [18/50], Train Loss: 38.0138, Test Loss: 36.7141
Epoch [19/50], Train Loss: 37.8345, Test Loss: 36.6058
Epoch [20/50], Train Loss: 37.7009, Test Loss: 36.5269
Epoch [21/50], Train Loss: 37.5975, Test Loss: 36.4652
Epoch [22/50], Train Loss: 37.5147, Test Loss: 36.4156
Epoch [23/50], Train Loss: 37.4481, Test Loss: 36.3757
Epoch [24/50], Train Loss: 37.3940, Test Loss: 36.3431
Epoch [25/50], Train Loss: 37.3492, Test Loss: 36.3152
Epoch [26/50], Train Loss: 37.3103, Test Loss: 36.2900
Epoch [27/50], Train Loss: 37.2750, Test Loss: 36.2660
Epoch [28/50], Train Loss: 37.2417, Test Loss: 36.2431
Epoch [29/50], Train Loss: 37.2098, Test Loss: 36.2213
Epoch [30/50], Train Loss: 37.1792, Test Loss: 36.2011
Epoch [31/50], Train Loss: 37.1500, Test Loss: 36.1827
Epoch [32/50], Train Loss: 37.1226, Test Loss: 36.1661
Epoch [33/50], Train Loss: 37.0970, Test Loss: 36.1509
Epoch [34/50], Train Loss: 37.0731, Test Loss: 36.1368
Epoch [35/50], Train Loss: 37.0510, Test Loss: 36.1237
Epoch [36/50], Train Loss: 37.0303, Test Loss: 36.1112
Epoch [37/50], Train Loss: 37.0109, Test Loss: 36.0993
Epoch [38/50], Train Loss: 36.9928, Test Loss: 36.0878
Epoch [39/50], Train Loss: 36.9757, Test Loss: 36.0765
Epoch [40/50], Train Loss: 36.9595, Test Loss: 36.0655
Epoch [41/50], Train Loss: 36.9442, Test Loss: 36.0548
Epoch [42/50], Train Loss: 36.9297, Test Loss: 36.0441
Epoch [43/50], Train Loss: 36.9158, Test Loss: 36.0337
Epoch [44/50], Train Loss: 36.9024, Test Loss: 36.0234
Epoch [45/50], Train Loss: 36.8896, Test Loss: 36.0132
Epoch [46/50], Train Loss: 36.8773, Test Loss: 36.0031
Epoch [47/50], Train Loss: 36.8654, Test Loss: 35.9933
Epoch [48/50], Train Loss: 36.8540, Test Loss: 35.9836
Epoch [49/50], Train Loss: 36.8429, Test Loss: 35.9742
Epoch [50/50], Train Loss: 36.8323, Test Loss: 35.9650
Training LSTM for offset 79
Epoch [1/50], Train Loss: 98.6226, Test Loss: 94.2940
Epoch [2/50], Train Loss: 82.2232, Test Loss: 80.1813
Epoch [3/50], Train Loss: 73.0857, Test Loss: 73.6404
Epoch [4/50], Train Loss: 67.2063, Test Loss: 67.9146
Epoch [5/50], Train Loss: 62.0416, Test Loss: 62.8500
Epoch [6/50], Train Loss: 57.4924, Test Loss: 58.3780
Epoch [7/50], Train Loss: 53.5344, Test Loss: 54.5035
Epoch [8/50], Train Loss: 50.1607, Test Loss: 51.2062
Epoch [9/50], Train Loss: 47.3345, Test Loss: 48.4399
Epoch [10/50], Train Loss: 45.0039, Test Loss: 46.1533
Epoch [11/50], Train Loss: 43.1158, Test Loss: 44.2964
Epoch [12/50], Train Loss: 41.6170, Test Loss: 42.8183
Epoch [13/50], Train Loss: 40.4534, Test Loss: 41.6659
Epoch [14/50], Train Loss: 39.5697, Test Loss: 40.7850
Epoch [15/50], Train Loss: 38.9122, Test Loss: 40.1228
Epoch [16/50], Train Loss: 38.4307, Test Loss: 39.6303
Epoch [17/50], Train Loss: 38.0813, Test Loss: 39.2652
Epoch [18/50], Train Loss: 37.8278, Test Loss: 38.9926
Epoch [19/50], Train Loss: 37.6415, Test Loss: 38.7857
Epoch [20/50], Train Loss: 37.5014, Test Loss: 38.6255
Epoch [21/50], Train Loss: 37.3934, Test Loss: 38.5001
Epoch [22/50], Train Loss: 37.3093, Test Loss: 38.4016
Epoch [23/50], Train Loss: 37.2433, Test Loss: 38.3229
Epoch [24/50], Train Loss: 37.1903, Test Loss: 38.2581
Epoch [25/50], Train Loss: 37.1462, Test Loss: 38.2033
Epoch [26/50], Train Loss: 37.1082, Test Loss: 38.1561
Epoch [27/50], Train Loss: 37.0746, Test Loss: 38.1147
Epoch [28/50], Train Loss: 37.0445, Test Loss: 38.0777
Epoch [29/50], Train Loss: 37.0168, Test Loss: 38.0440
Epoch [30/50], Train Loss: 36.9909, Test Loss: 38.0125
Epoch [31/50], Train Loss: 36.9665, Test Loss: 37.9826
Epoch [32/50], Train Loss: 36.9431, Test Loss: 37.9538
Epoch [33/50], Train Loss: 36.9204, Test Loss: 37.9257
Epoch [34/50], Train Loss: 36.8985, Test Loss: 37.8982
Epoch [35/50], Train Loss: 36.8771, Test Loss: 37.8710
Epoch [36/50], Train Loss: 36.8564, Test Loss: 37.8442
Epoch [37/50], Train Loss: 36.8363, Test Loss: 37.8178
Epoch [38/50], Train Loss: 36.8168, Test Loss: 37.7918
Epoch [39/50], Train Loss: 36.7979, Test Loss: 37.7663
Epoch [40/50], Train Loss: 36.7796, Test Loss: 37.7413
Epoch [41/50], Train Loss: 36.7620, Test Loss: 37.7168
Epoch [42/50], Train Loss: 36.7449, Test Loss: 37.6928
Epoch [43/50], Train Loss: 36.7283, Test Loss: 37.6694
Epoch [44/50], Train Loss: 36.7123, Test Loss: 37.6466
Epoch [45/50], Train Loss: 36.6968, Test Loss: 37.6243
Epoch [46/50], Train Loss: 36.6819, Test Loss: 37.6026
Epoch [47/50], Train Loss: 36.6674, Test Loss: 37.5813
Epoch [48/50], Train Loss: 36.6535, Test Loss: 37.5606
Epoch [49/50], Train Loss: 36.6400, Test Loss: 37.5405
Epoch [50/50], Train Loss: 36.6271, Test Loss: 37.5209
Training LSTM for offset 84
Epoch [1/50], Train Loss: 99.6595, Test Loss: 89.9001
Epoch [2/50], Train Loss: 83.0822, Test Loss: 76.1412
Epoch [3/50], Train Loss: 73.9055, Test Loss: 69.8857
Epoch [4/50], Train Loss: 67.9471, Test Loss: 64.4433
Epoch [5/50], Train Loss: 62.7196, Test Loss: 59.6400
Epoch [6/50], Train Loss: 58.1040, Test Loss: 55.4116
Epoch [7/50], Train Loss: 54.0770, Test Loss: 51.7657
Epoch [8/50], Train Loss: 50.6378, Test Loss: 48.6834
Epoch [9/50], Train Loss: 47.7522, Test Loss: 46.1178
Epoch [10/50], Train Loss: 45.3673, Test Loss: 44.0153
Epoch [11/50], Train Loss: 43.4279, Test Loss: 42.3239
Epoch [12/50], Train Loss: 41.8804, Test Loss: 40.9914
Epoch [13/50], Train Loss: 40.6712, Test Loss: 39.9643
Epoch [14/50], Train Loss: 39.7463, Test Loss: 39.1887
Epoch [15/50], Train Loss: 39.0528, Test Loss: 38.6130
Epoch [16/50], Train Loss: 38.5411, Test Loss: 38.1903
Epoch [17/50], Train Loss: 38.1674, Test Loss: 37.8810
Epoch [18/50], Train Loss: 37.8948, Test Loss: 37.6532
Epoch [19/50], Train Loss: 37.6942, Test Loss: 37.4821
Epoch [20/50], Train Loss: 37.5432, Test Loss: 37.3491
Epoch [21/50], Train Loss: 37.4253, Test Loss: 37.2416
Epoch [22/50], Train Loss: 37.3304, Test Loss: 37.1536
Epoch [23/50], Train Loss: 37.2533, Test Loss: 37.0828
Epoch [24/50], Train Loss: 37.1908, Test Loss: 37.0262
Epoch [25/50], Train Loss: 37.1392, Test Loss: 36.9794
Epoch [26/50], Train Loss: 37.0950, Test Loss: 36.9389
Epoch [27/50], Train Loss: 37.0560, Test Loss: 36.9028
Epoch [28/50], Train Loss: 37.0207, Test Loss: 36.8698
Epoch [29/50], Train Loss: 36.9883, Test Loss: 36.8391
Epoch [30/50], Train Loss: 36.9583, Test Loss: 36.8102
Epoch [31/50], Train Loss: 36.9302, Test Loss: 36.7826
Epoch [32/50], Train Loss: 36.9037, Test Loss: 36.7561
Epoch [33/50], Train Loss: 36.8786, Test Loss: 36.7305
Epoch [34/50], Train Loss: 36.8548, Test Loss: 36.7058
Epoch [35/50], Train Loss: 36.8321, Test Loss: 36.6818
Epoch [36/50], Train Loss: 36.8105, Test Loss: 36.6586
Epoch [37/50], Train Loss: 36.7898, Test Loss: 36.6362
Epoch [38/50], Train Loss: 36.7701, Test Loss: 36.6146
Epoch [39/50], Train Loss: 36.7512, Test Loss: 36.5938
Epoch [40/50], Train Loss: 36.7332, Test Loss: 36.5739
Epoch [41/50], Train Loss: 36.7160, Test Loss: 36.5547
Epoch [42/50], Train Loss: 36.6995, Test Loss: 36.5362
Epoch [43/50], Train Loss: 36.6837, Test Loss: 36.5186
Epoch [44/50], Train Loss: 36.6687, Test Loss: 36.5016
Epoch [45/50], Train Loss: 36.6542, Test Loss: 36.4854
Epoch [46/50], Train Loss: 36.6405, Test Loss: 36.4699
Epoch [47/50], Train Loss: 36.6273, Test Loss: 36.4551
Epoch [48/50], Train Loss: 36.6148, Test Loss: 36.4410
Epoch [49/50], Train Loss: 36.6029, Test Loss: 36.4275
Epoch [50/50], Train Loss: 36.5916, Test Loss: 36.4147
Training LSTM for offset 89
Epoch [1/50], Train Loss: 99.9368, Test Loss: 88.9827
Epoch [2/50], Train Loss: 83.5520, Test Loss: 75.1474
Epoch [3/50], Train Loss: 74.3766, Test Loss: 68.7748
Epoch [4/50], Train Loss: 68.4822, Test Loss: 63.2220
Epoch [5/50], Train Loss: 63.2919, Test Loss: 58.3214
Epoch [6/50], Train Loss: 58.7075, Test Loss: 54.0033
Epoch [7/50], Train Loss: 54.7099, Test Loss: 50.2735
Epoch [8/50], Train Loss: 51.2961, Test Loss: 47.1123
Epoch [9/50], Train Loss: 48.4288, Test Loss: 44.4733
Epoch [10/50], Train Loss: 46.0556, Test Loss: 42.3037
Epoch [11/50], Train Loss: 44.1234, Test Loss: 40.5510
Epoch [12/50], Train Loss: 42.5801, Test Loss: 39.1625
Epoch [13/50], Train Loss: 41.3730, Test Loss: 38.0856
Epoch [14/50], Train Loss: 40.4483, Test Loss: 37.2685
Epoch [15/50], Train Loss: 39.7529, Test Loss: 36.6620
Epoch [16/50], Train Loss: 39.2375, Test Loss: 36.2201
Epoch [17/50], Train Loss: 38.8585, Test Loss: 35.9023
Epoch [18/50], Train Loss: 38.5796, Test Loss: 35.6745
Epoch [19/50], Train Loss: 38.3716, Test Loss: 35.5099
Epoch [20/50], Train Loss: 38.2119, Test Loss: 35.3890
Epoch [21/50], Train Loss: 38.0864, Test Loss: 35.2990
Epoch [22/50], Train Loss: 37.9883, Test Loss: 35.2311
Epoch [23/50], Train Loss: 37.9115, Test Loss: 35.1784
Epoch [24/50], Train Loss: 37.8497, Test Loss: 35.1363
Epoch [25/50], Train Loss: 37.7979, Test Loss: 35.1015
Epoch [26/50], Train Loss: 37.7533, Test Loss: 35.0718
Epoch [27/50], Train Loss: 37.7141, Test Loss: 35.0456
Epoch [28/50], Train Loss: 37.6790, Test Loss: 35.0217
Epoch [29/50], Train Loss: 37.6470, Test Loss: 34.9993
Epoch [30/50], Train Loss: 37.6171, Test Loss: 34.9778
Epoch [31/50], Train Loss: 37.5889, Test Loss: 34.9568
Epoch [32/50], Train Loss: 37.5619, Test Loss: 34.9362
Epoch [33/50], Train Loss: 37.5358, Test Loss: 34.9159
Epoch [34/50], Train Loss: 37.5106, Test Loss: 34.8958
Epoch [35/50], Train Loss: 37.4863, Test Loss: 34.8761
Epoch [36/50], Train Loss: 37.4628, Test Loss: 34.8567
Epoch [37/50], Train Loss: 37.4401, Test Loss: 34.8378
Epoch [38/50], Train Loss: 37.4183, Test Loss: 34.8195
Epoch [39/50], Train Loss: 37.3974, Test Loss: 34.8017
Epoch [40/50], Train Loss: 37.3775, Test Loss: 34.7847
Epoch [41/50], Train Loss: 37.3585, Test Loss: 34.7683
Epoch [42/50], Train Loss: 37.3405, Test Loss: 34.7526
Epoch [43/50], Train Loss: 37.3233, Test Loss: 34.7377
Epoch [44/50], Train Loss: 37.3071, Test Loss: 34.7234
Epoch [45/50], Train Loss: 37.2917, Test Loss: 34.7098
Epoch [46/50], Train Loss: 37.2771, Test Loss: 34.6969
Epoch [47/50], Train Loss: 37.2633, Test Loss: 34.6846
Epoch [48/50], Train Loss: 37.2503, Test Loss: 34.6730
Epoch [49/50], Train Loss: 37.2380, Test Loss: 34.6620
Epoch [50/50], Train Loss: 37.2264, Test Loss: 34.6517
Training LSTM for offset 94
Epoch [1/50], Train Loss: 98.9037, Test Loss: 93.0319
Epoch [2/50], Train Loss: 82.3985, Test Loss: 79.0109
Epoch [3/50], Train Loss: 73.3398, Test Loss: 72.5590
Epoch [4/50], Train Loss: 67.4470, Test Loss: 66.8777
Epoch [5/50], Train Loss: 62.2400, Test Loss: 61.8623
Epoch [6/50], Train Loss: 57.6413, Test Loss: 57.4475
Epoch [7/50], Train Loss: 53.6367, Test Loss: 53.6352
Epoch [8/50], Train Loss: 50.2205, Test Loss: 50.3997
Epoch [9/50], Train Loss: 47.3536, Test Loss: 47.6903
Epoch [10/50], Train Loss: 44.9838, Test Loss: 45.4528
Epoch [11/50], Train Loss: 43.0580, Test Loss: 43.6361
Epoch [12/50], Train Loss: 41.5239, Test Loss: 42.1896
Epoch [13/50], Train Loss: 40.3279, Test Loss: 41.0606
Epoch [14/50], Train Loss: 39.4153, Test Loss: 40.1960
Epoch [15/50], Train Loss: 38.7326, Test Loss: 39.5441
Epoch [16/50], Train Loss: 38.2296, Test Loss: 39.0575
Epoch [17/50], Train Loss: 37.8623, Test Loss: 38.6954
Epoch [18/50], Train Loss: 37.5936, Test Loss: 38.4242
Epoch [19/50], Train Loss: 37.3937, Test Loss: 38.2176
Epoch [20/50], Train Loss: 37.2412, Test Loss: 38.0575
Epoch [21/50], Train Loss: 37.1233, Test Loss: 37.9339
Epoch [22/50], Train Loss: 37.0312, Test Loss: 37.8392
Epoch [23/50], Train Loss: 36.9573, Test Loss: 37.7659
Epoch [24/50], Train Loss: 36.8956, Test Loss: 37.7080
Epoch [25/50], Train Loss: 36.8421, Test Loss: 37.6613
Epoch [26/50], Train Loss: 36.7945, Test Loss: 37.6227
Epoch [27/50], Train Loss: 36.7513, Test Loss: 37.5898
Epoch [28/50], Train Loss: 36.7119, Test Loss: 37.5607
Epoch [29/50], Train Loss: 36.6757, Test Loss: 37.5340
Epoch [30/50], Train Loss: 36.6424, Test Loss: 37.5089
Epoch [31/50], Train Loss: 36.6116, Test Loss: 37.4852
Epoch [32/50], Train Loss: 36.5830, Test Loss: 37.4627
Epoch [33/50], Train Loss: 36.5562, Test Loss: 37.4414
Epoch [34/50], Train Loss: 36.5309, Test Loss: 37.4213
Epoch [35/50], Train Loss: 36.5070, Test Loss: 37.4024
Epoch [36/50], Train Loss: 36.4842, Test Loss: 37.3847
Epoch [37/50], Train Loss: 36.4623, Test Loss: 37.3680
Epoch [38/50], Train Loss: 36.4412, Test Loss: 37.3523
Epoch [39/50], Train Loss: 36.4208, Test Loss: 37.3374
Epoch [40/50], Train Loss: 36.4011, Test Loss: 37.3231
Epoch [41/50], Train Loss: 36.3821, Test Loss: 37.3092
Epoch [42/50], Train Loss: 36.3638, Test Loss: 37.2956
Epoch [43/50], Train Loss: 36.3463, Test Loss: 37.2823
Epoch [44/50], Train Loss: 36.3295, Test Loss: 37.2692
Epoch [45/50], Train Loss: 36.3136, Test Loss: 37.2564
Epoch [46/50], Train Loss: 36.2986, Test Loss: 37.2438
Epoch [47/50], Train Loss: 36.2843, Test Loss: 37.2317
Epoch [48/50], Train Loss: 36.2709, Test Loss: 37.2199
Epoch [49/50], Train Loss: 36.2582, Test Loss: 37.2086
Epoch [50/50], Train Loss: 36.2464, Test Loss: 37.1978
Training LSTM for offset 99
Epoch [1/50], Train Loss: 99.8400, Test Loss: 89.1948
Epoch [2/50], Train Loss: 83.2189, Test Loss: 75.3902
Epoch [3/50], Train Loss: 74.1079, Test Loss: 69.1296
Epoch [4/50], Train Loss: 68.1529, Test Loss: 63.6740
Epoch [5/50], Train Loss: 62.9003, Test Loss: 58.8626
Epoch [6/50], Train Loss: 58.2619, Test Loss: 54.6403
Epoch [7/50], Train Loss: 54.2285, Test Loss: 51.0164
Epoch [8/50], Train Loss: 50.7970, Test Loss: 47.9663
Epoch [9/50], Train Loss: 47.9269, Test Loss: 45.4372
Epoch [10/50], Train Loss: 45.5623, Test Loss: 43.3734
Epoch [11/50], Train Loss: 43.6474, Test Loss: 41.7220
Epoch [12/50], Train Loss: 42.1273, Test Loss: 40.4307
Epoch [13/50], Train Loss: 40.9460, Test Loss: 39.4457
Epoch [14/50], Train Loss: 40.0468, Test Loss: 38.7125
Epoch [15/50], Train Loss: 39.3745, Test Loss: 38.1778
Epoch [16/50], Train Loss: 38.8785, Test Loss: 37.7931
Epoch [17/50], Train Loss: 38.5149, Test Loss: 37.5173
Epoch [18/50], Train Loss: 38.2476, Test Loss: 37.3175
Epoch [19/50], Train Loss: 38.0480, Test Loss: 37.1687
Epoch [20/50], Train Loss: 37.8945, Test Loss: 37.0535
Epoch [21/50], Train Loss: 37.7727, Test Loss: 36.9627
Epoch [22/50], Train Loss: 37.6757, Test Loss: 36.8910
Epoch [23/50], Train Loss: 37.5984, Test Loss: 36.8329
Epoch [24/50], Train Loss: 37.5352, Test Loss: 36.7839
Epoch [25/50], Train Loss: 37.4816, Test Loss: 36.7412
Epoch [26/50], Train Loss: 37.4347, Test Loss: 36.7030
Epoch [27/50], Train Loss: 37.3926, Test Loss: 36.6681
Epoch [28/50], Train Loss: 37.3540, Test Loss: 36.6361
Epoch [29/50], Train Loss: 37.3184, Test Loss: 36.6066
Epoch [30/50], Train Loss: 37.2852, Test Loss: 36.5793
Epoch [31/50], Train Loss: 37.2542, Test Loss: 36.5542
Epoch [32/50], Train Loss: 37.2252, Test Loss: 36.5310
Epoch [33/50], Train Loss: 37.1980, Test Loss: 36.5094
Epoch [34/50], Train Loss: 37.1723, Test Loss: 36.4894
Epoch [35/50], Train Loss: 37.1479, Test Loss: 36.4706
Epoch [36/50], Train Loss: 37.1248, Test Loss: 36.4531
Epoch [37/50], Train Loss: 37.1028, Test Loss: 36.4368
Epoch [38/50], Train Loss: 37.0818, Test Loss: 36.4214
Epoch [39/50], Train Loss: 37.0618, Test Loss: 36.4071
Epoch [40/50], Train Loss: 37.0427, Test Loss: 36.3937
Epoch [41/50], Train Loss: 37.0246, Test Loss: 36.3811
Epoch [42/50], Train Loss: 37.0073, Test Loss: 36.3695
Epoch [43/50], Train Loss: 36.9909, Test Loss: 36.3586
Epoch [44/50], Train Loss: 36.9753, Test Loss: 36.3485
Epoch [45/50], Train Loss: 36.9604, Test Loss: 36.3392
Epoch [46/50], Train Loss: 36.9464, Test Loss: 36.3306
Epoch [47/50], Train Loss: 36.9330, Test Loss: 36.3226
Epoch [48/50], Train Loss: 36.9204, Test Loss: 36.3154
Epoch [49/50], Train Loss: 36.9085, Test Loss: 36.3087
Epoch [50/50], Train Loss: 36.8972, Test Loss: 36.3027
